<?xml version="1.0" encoding="UTF-8"?>
<coverage generated="1762199784962" clover="3.2.0">
  <project timestamp="1762199784962" name="All files">
    <metrics statements="2842" coveredstatements="1172" conditionals="1812" coveredconditionals="623" methods="720" coveredmethods="251" elements="5374" coveredelements="2046" complexity="0" loc="2842" ncloc="2842" packages="19" files="115" classes="115"/>
    <package name="components">
      <metrics statements="41" coveredstatements="40" conditionals="51" coveredconditionals="49" methods="13" coveredmethods="12"/>
      <file name="ErrorBoundary.tsx" path="C:\Users\jeffrey\Desktop\Githubmains\DKLTracker\dkl-steps-app\src\components\ErrorBoundary.tsx">
        <metrics statements="13" coveredstatements="12" conditionals="9" coveredconditionals="9" methods="5" coveredmethods="4"/>
        <line num="25" count="32" type="stmt"/>
        <line num="26" count="32" type="stmt"/>
        <line num="34" count="26" type="stmt"/>
        <line num="42" count="13" type="stmt"/>
        <line num="43" count="13" type="stmt"/>
        <line num="53" count="32" type="stmt"/>
        <line num="54" count="0" type="stmt"/>
        <line num="61" count="58" type="cond" truecount="2" falsecount="0"/>
        <line num="63" count="26" type="cond" truecount="2" falsecount="0"/>
        <line num="64" count="4" type="stmt"/>
        <line num="68" count="22" type="stmt"/>
        <line num="116" count="32" type="stmt"/>
        <line num="120" count="1" type="stmt"/>
      </file>
      <file name="NetworkStatusBanner.tsx" path="C:\Users\jeffrey\Desktop\Githubmains\DKLTracker\dkl-steps-app\src\components\NetworkStatusBanner.tsx">
        <metrics statements="11" coveredstatements="11" conditionals="6" coveredconditionals="6" methods="2" coveredmethods="2"/>
        <line num="20" count="14" type="stmt"/>
        <line num="21" count="14" type="stmt"/>
        <line num="24" count="14" type="cond" truecount="2" falsecount="0"/>
        <line num="26" count="14" type="stmt"/>
        <line num="27" count="14" type="cond" truecount="2" falsecount="0"/>
        <line num="29" count="10" type="stmt"/>
        <line num="37" count="4" type="stmt"/>
        <line num="46" count="14" type="cond" truecount="2" falsecount="0"/>
        <line num="47" count="4" type="stmt"/>
        <line num="50" count="10" type="stmt"/>
        <line num="75" count="1" type="stmt"/>
      </file>
      <file name="StepCounter.tsx" path="C:\Users\jeffrey\Desktop\Githubmains\DKLTracker\dkl-steps-app\src\components\StepCounter.tsx">
        <metrics statements="3" coveredstatements="3" conditionals="0" coveredconditionals="0" methods="1" coveredmethods="1"/>
        <line num="43" count="1" type="stmt"/>
        <line num="45" count="1" type="stmt"/>
        <line num="78" count="1" type="stmt"/>
      </file>
      <file name="StepCounterControls.tsx" path="C:\Users\jeffrey\Desktop\Githubmains\DKLTracker\dkl-steps-app\src\components\StepCounterControls.tsx">
        <metrics statements="3" coveredstatements="3" conditionals="9" coveredconditionals="9" methods="2" coveredmethods="2"/>
        <line num="43" count="30" type="stmt"/>
        <line num="70" count="1" type="stmt"/>
        <line num="100" count="2" type="stmt"/>
      </file>
      <file name="StepCounterDisplay.tsx" path="C:\Users\jeffrey\Desktop\Githubmains\DKLTracker\dkl-steps-app\src\components\StepCounterDisplay.tsx">
        <metrics statements="11" coveredstatements="11" conditionals="27" coveredconditionals="25" methods="3" coveredmethods="3"/>
        <line num="41" count="27" type="stmt"/>
        <line num="42" count="4" type="cond" truecount="1" falsecount="1"/>
        <line num="43" count="4" type="stmt"/>
        <line num="44" count="4" type="cond" truecount="2" falsecount="0"/>
        <line num="45" count="2" type="stmt"/>
        <line num="46" count="2" type="cond" truecount="2" falsecount="0"/>
        <line num="47" count="1" type="stmt"/>
        <line num="48" count="1" type="stmt"/>
        <line num="51" count="27" type="stmt"/>
        <line num="53" count="27" type="stmt"/>
        <line num="129" count="2" type="stmt"/>
      </file>
    </package>
    <package name="components.admin">
      <metrics statements="106" coveredstatements="13" conditionals="117" coveredconditionals="25" methods="29" coveredmethods="7"/>
      <file name="AddRouteForm.tsx" path="C:\Users\jeffrey\Desktop\Githubmains\DKLTracker\dkl-steps-app\src\components\admin\AddRouteForm.tsx">
        <metrics statements="2" coveredstatements="2" conditionals="6" coveredconditionals="5" methods="1" coveredmethods="1"/>
        <line num="21" count="29" type="stmt"/>
        <line num="49" count="1" type="stmt"/>
      </file>
      <file name="AuditLogViewer.tsx" path="C:\Users\jeffrey\Desktop\Githubmains\DKLTracker\dkl-steps-app\src\components\admin\AuditLogViewer.tsx">
        <metrics statements="26" coveredstatements="1" conditionals="25" coveredconditionals="0" methods="5" coveredmethods="0"/>
        <line num="25" count="0" type="stmt"/>
        <line num="27" count="0" type="stmt"/>
        <line num="28" count="0" type="cond" truecount="0" falsecount="6"/>
        <line num="29" count="0" type="stmt"/>
        <line num="30" count="0" type="stmt"/>
        <line num="31" count="0" type="stmt"/>
        <line num="32" count="0" type="stmt"/>
        <line num="33" count="0" type="stmt"/>
        <line num="34" count="0" type="stmt"/>
        <line num="38" count="0" type="stmt"/>
        <line num="39" count="0" type="cond" truecount="0" falsecount="7"/>
        <line num="40" count="0" type="stmt"/>
        <line num="41" count="0" type="stmt"/>
        <line num="42" count="0" type="stmt"/>
        <line num="43" count="0" type="stmt"/>
        <line num="44" count="0" type="stmt"/>
        <line num="45" count="0" type="stmt"/>
        <line num="46" count="0" type="stmt"/>
        <line num="50" count="0" type="stmt"/>
        <line num="51" count="0" type="stmt"/>
        <line num="52" count="0" type="stmt"/>
        <line num="61" count="0" type="cond" truecount="0" falsecount="2"/>
        <line num="62" count="0" type="stmt"/>
        <line num="70" count="0" type="stmt"/>
        <line num="92" count="0" type="stmt"/>
        <line num="127" count="1" type="stmt"/>
      </file>
      <file name="BatchActions.tsx" path="C:\Users\jeffrey\Desktop\Githubmains\DKLTracker\dkl-steps-app\src\components\admin\BatchActions.tsx">
        <metrics statements="8" coveredstatements="1" conditionals="13" coveredconditionals="0" methods="3" coveredmethods="0"/>
        <line num="32" count="0" type="stmt"/>
        <line num="33" count="0" type="cond" truecount="0" falsecount="2"/>
        <line num="35" count="0" type="cond" truecount="0" falsecount="2"/>
        <line num="36" count="0" type="stmt"/>
        <line num="39" count="0" type="stmt"/>
        <line num="60" count="0" type="stmt"/>
        <line num="68" count="0" type="stmt"/>
        <line num="93" count="1" type="stmt"/>
      </file>
      <file name="BulkImport.tsx" path="C:\Users\jeffrey\Desktop\Githubmains\DKLTracker\dkl-steps-app\src\components\admin\BulkImport.tsx">
        <metrics statements="61" coveredstatements="1" conditionals="36" coveredconditionals="0" methods="13" coveredmethods="0"/>
        <line num="28" count="0" type="stmt"/>
        <line num="29" count="0" type="stmt"/>
        <line num="34" count="0" type="stmt"/>
        <line num="35" count="0" type="stmt"/>
        <line num="36" count="0" type="stmt"/>
        <line num="39" count="0" type="cond" truecount="0" falsecount="2"/>
        <line num="41" count="0" type="stmt"/>
        <line num="42" count="0" type="stmt"/>
        <line num="43" count="0" type="cond" truecount="0" falsecount="2"/>
        <line num="45" count="0" type="stmt"/>
        <line num="47" count="0" type="cond" truecount="0" falsecount="2"/>
        <line num="48" count="0" type="stmt"/>
        <line num="54" count="0" type="stmt"/>
        <line num="57" count="0" type="stmt"/>
        <line num="58" count="0" type="stmt"/>
        <line num="60" count="0" type="cond" truecount="0" falsecount="2"/>
        <line num="61" count="0" type="stmt"/>
        <line num="67" count="0" type="stmt"/>
        <line num="70" count="0" type="cond" truecount="0" falsecount="4"/>
        <line num="71" count="0" type="stmt"/>
        <line num="77" count="0" type="stmt"/>
        <line num="80" count="0" type="stmt"/>
        <line num="87" count="0" type="stmt"/>
        <line num="93" count="0" type="stmt"/>
        <line num="94" count="0" type="stmt"/>
        <line num="95" count="0" type="stmt"/>
        <line num="100" count="0" type="cond" truecount="0" falsecount="2"/>
        <line num="101" count="0" type="stmt"/>
        <line num="104" count="0" type="cond" truecount="0" falsecount="4"/>
        <line num="105" count="0" type="stmt"/>
        <line num="106" count="0" type="stmt"/>
        <line num="109" count="0" type="stmt"/>
        <line num="112" count="0" type="stmt"/>
        <line num="113" count="0" type="stmt"/>
        <line num="116" count="0" type="stmt"/>
        <line num="117" count="0" type="stmt"/>
        <line num="118" count="0" type="stmt"/>
        <line num="120" count="0" type="stmt"/>
        <line num="121" count="0" type="stmt"/>
        <line num="123" count="0" type="stmt"/>
        <line num="128" count="0" type="stmt"/>
        <line num="135" count="0" type="stmt"/>
        <line num="136" count="0" type="stmt"/>
        <line num="138" count="0" type="cond" truecount="0" falsecount="2"/>
        <line num="139" count="0" type="stmt"/>
        <line num="140" count="0" type="stmt"/>
        <line num="143" count="0" type="stmt"/>
        <line num="151" count="0" type="stmt"/>
        <line num="152" count="0" type="stmt"/>
        <line num="153" count="0" type="stmt"/>
        <line num="154" count="0" type="stmt"/>
        <line num="155" count="0" type="stmt"/>
        <line num="157" count="0" type="stmt"/>
        <line num="168" count="0" type="stmt"/>
        <line num="169" count="0" type="stmt"/>
        <line num="170" count="0" type="stmt"/>
        <line num="177" count="0" type="stmt"/>
        <line num="204" count="0" type="stmt"/>
        <line num="226" count="0" type="stmt"/>
        <line num="230" count="0" type="cond" truecount="0" falsecount="2"/>
        <line num="239" count="1" type="stmt"/>
      </file>
      <file name="RouteListItem.tsx" path="C:\Users\jeffrey\Desktop\Githubmains\DKLTracker\dkl-steps-app\src\components\admin\RouteListItem.tsx">
        <metrics statements="6" coveredstatements="5" conditionals="19" coveredconditionals="8" methods="5" coveredmethods="4"/>
        <line num="26" count="12" type="stmt"/>
        <line num="31" count="0" type="stmt"/>
        <line num="50" count="2" type="stmt"/>
        <line num="58" count="1" type="stmt"/>
        <line num="66" count="3" type="stmt"/>
        <line num="76" count="1" type="stmt"/>
      </file>
      <file name="RoutesList.tsx" path="C:\Users\jeffrey\Desktop\Githubmains\DKLTracker\dkl-steps-app\src\components\admin\RoutesList.tsx">
        <metrics statements="3" coveredstatements="3" conditionals="18" coveredconditionals="12" methods="2" coveredmethods="2"/>
        <line num="29" count="29" type="stmt"/>
        <line num="46" count="12" type="stmt"/>
        <line num="66" count="1" type="stmt"/>
      </file>
      <file name="index.ts" path="C:\Users\jeffrey\Desktop\Githubmains\DKLTracker\dkl-steps-app\src\components\admin\index.ts">
        <metrics statements="0" coveredstatements="0" conditionals="0" coveredconditionals="0" methods="0" coveredmethods="0"/>
      </file>
    </package>
    <package name="components.dashboard">
      <metrics statements="91" coveredstatements="59" conditionals="124" coveredconditionals="39" methods="23" coveredmethods="14"/>
      <file name="AchievementBadge.tsx" path="C:\Users\jeffrey\Desktop\Githubmains\DKLTracker\dkl-steps-app\src\components\dashboard\AchievementBadge.tsx">
        <metrics statements="25" coveredstatements="20" conditionals="23" coveredconditionals="12" methods="4" coveredmethods="3"/>
        <line num="32" count="15" type="stmt"/>
        <line num="33" count="15" type="cond" truecount="2" falsecount="0"/>
        <line num="35" count="15" type="stmt"/>
        <line num="41" count="15" type="stmt"/>
        <line num="42" count="15" type="cond" truecount="1" falsecount="1"/>
        <line num="45" count="15" type="stmt"/>
        <line num="46" count="15" type="stmt"/>
        <line num="47" count="15" type="stmt"/>
        <line num="49" count="15" type="stmt"/>
        <line num="51" count="5" type="stmt"/>
        <line num="59" count="5" type="cond" truecount="2" falsecount="2"/>
        <line num="60" count="0" type="stmt"/>
        <line num="64" count="5" type="stmt"/>
        <line num="71" count="15" type="stmt"/>
        <line num="73" count="5" type="cond" truecount="1" falsecount="1"/>
        <line num="74" count="0" type="stmt"/>
        <line num="91" count="15" type="stmt"/>
        <line num="96" count="15" type="stmt"/>
        <line num="97" count="0" type="cond" truecount="0" falsecount="2"/>
        <line num="98" count="0" type="stmt"/>
        <line num="99" count="0" type="stmt"/>
        <line num="103" count="15" type="cond" truecount="1" falsecount="1"/>
        <line num="104" count="15" type="cond" truecount="1" falsecount="1"/>
        <line num="106" count="15" type="stmt"/>
        <line num="166" count="1" type="stmt"/>
      </file>
      <file name="DashboardHeader.tsx" path="C:\Users\jeffrey\Desktop\Githubmains\DKLTracker\dkl-steps-app\src\components\dashboard\DashboardHeader.tsx">
        <metrics statements="10" coveredstatements="9" conditionals="26" coveredconditionals="12" methods="1" coveredmethods="1"/>
        <line num="30" count="3" type="stmt"/>
        <line num="31" count="3" type="stmt"/>
        <line num="32" count="3" type="stmt"/>
        <line num="33" count="0" type="stmt"/>
        <line num="38" count="3" type="stmt"/>
        <line num="41" count="3" type="cond" truecount="1" falsecount="1"/>
        <line num="49" count="3" type="cond" truecount="1" falsecount="1"/>
        <line num="53" count="3" type="cond" truecount="1" falsecount="1"/>
        <line num="57" count="3" type="stmt"/>
        <line num="104" count="1" type="stmt"/>
      </file>
      <file name="MilestoneTracker.tsx" path="C:\Users\jeffrey\Desktop\Githubmains\DKLTracker\dkl-steps-app\src\components\dashboard\MilestoneTracker.tsx">
        <metrics statements="5" coveredstatements="1" conditionals="9" coveredconditionals="0" methods="2" coveredmethods="0"/>
        <line num="13" count="0" type="cond" truecount="0" falsecount="2"/>
        <line num="14" count="0" type="stmt"/>
        <line num="17" count="0" type="stmt"/>
        <line num="22" count="0" type="stmt"/>
        <line num="46" count="1" type="stmt"/>
      </file>
      <file name="NavigationList.tsx" path="C:\Users\jeffrey\Desktop\Githubmains\DKLTracker\dkl-steps-app\src\components\dashboard\NavigationList.tsx">
        <metrics statements="3" coveredstatements="1" conditionals="0" coveredconditionals="0" methods="2" coveredmethods="0"/>
        <line num="17" count="0" type="stmt"/>
        <line num="22" count="0" type="stmt"/>
        <line num="42" count="1" type="stmt"/>
      </file>
      <file name="ProgressCard.tsx" path="C:\Users\jeffrey\Desktop\Githubmains\DKLTracker\dkl-steps-app\src\components\dashboard\ProgressCard.tsx">
        <metrics statements="13" coveredstatements="11" conditionals="10" coveredconditionals="5" methods="4" coveredmethods="4"/>
        <line num="19" count="3" type="stmt"/>
        <line num="20" count="1" type="stmt"/>
        <line num="25" count="3" type="stmt"/>
        <line num="26" count="3" type="stmt"/>
        <line num="28" count="3" type="stmt"/>
        <line num="29" count="1" type="stmt"/>
        <line num="37" count="3" type="stmt"/>
        <line num="38" count="1" type="cond" truecount="2" falsecount="2"/>
        <line num="39" count="0" type="stmt"/>
        <line num="40" count="0" type="stmt"/>
        <line num="57" count="3" type="stmt"/>
        <line num="62" count="3" type="stmt"/>
        <line num="121" count="1" type="stmt"/>
      </file>
      <file name="QuickActionCard.tsx" path="C:\Users\jeffrey\Desktop\Githubmains\DKLTracker\dkl-steps-app\src\components\dashboard\QuickActionCard.tsx">
        <metrics statements="4" coveredstatements="1" conditionals="11" coveredconditionals="0" methods="1" coveredmethods="0"/>
        <line num="19" count="0" type="stmt"/>
        <line num="20" count="0" type="stmt"/>
        <line num="22" count="0" type="stmt"/>
        <line num="57" count="1" type="stmt"/>
      </file>
      <file name="RoleBadge.tsx" path="C:\Users\jeffrey\Desktop\Githubmains\DKLTracker\dkl-steps-app\src\components\dashboard\RoleBadge.tsx">
        <metrics statements="5" coveredstatements="1" conditionals="2" coveredconditionals="0" methods="1" coveredmethods="0"/>
        <line num="9" count="0" type="stmt"/>
        <line num="10" count="0" type="stmt"/>
        <line num="12" count="0" type="cond" truecount="0" falsecount="2"/>
        <line num="14" count="0" type="stmt"/>
        <line num="21" count="1" type="stmt"/>
      </file>
      <file name="SimpleStepDisplay.tsx" path="C:\Users\jeffrey\Desktop\Githubmains\DKLTracker\dkl-steps-app\src\components\dashboard\SimpleStepDisplay.tsx">
        <metrics statements="16" coveredstatements="6" conditionals="27" coveredconditionals="5" methods="3" coveredmethods="2"/>
        <line num="31" count="2" type="stmt"/>
        <line num="40" count="2" type="stmt"/>
        <line num="41" count="0" type="stmt"/>
        <line num="45" count="2" type="stmt"/>
        <line num="46" count="2" type="cond" truecount="1" falsecount="1"/>
        <line num="48" count="0" type="stmt"/>
        <line num="49" count="0" type="stmt"/>
        <line num="50" count="0" type="stmt"/>
        <line num="52" count="0" type="cond" truecount="0" falsecount="2"/>
        <line num="53" count="0" type="cond" truecount="0" falsecount="2"/>
        <line num="54" count="0" type="cond" truecount="0" falsecount="2"/>
        <line num="56" count="0" type="stmt"/>
        <line num="57" count="0" type="cond" truecount="0" falsecount="2"/>
        <line num="58" count="0" type="stmt"/>
        <line num="61" count="2" type="stmt"/>
        <line num="126" count="1" type="stmt"/>
      </file>
      <file name="StatCard.tsx" path="C:\Users\jeffrey\Desktop\Githubmains\DKLTracker\dkl-steps-app\src\components\dashboard\StatCard.tsx">
        <metrics statements="2" coveredstatements="1" conditionals="3" coveredconditionals="0" methods="1" coveredmethods="0"/>
        <line num="12" count="0" type="stmt"/>
        <line num="23" count="1" type="stmt"/>
      </file>
      <file name="StatsOverview.tsx" path="C:\Users\jeffrey\Desktop\Githubmains\DKLTracker\dkl-steps-app\src\components\dashboard\StatsOverview.tsx">
        <metrics statements="8" coveredstatements="8" conditionals="13" coveredconditionals="5" methods="4" coveredmethods="4"/>
        <line num="26" count="3" type="stmt"/>
        <line num="29" count="9" type="stmt"/>
        <line num="49" count="9" type="stmt"/>
        <line num="50" count="9" type="stmt"/>
        <line num="52" count="9" type="stmt"/>
        <line num="53" count="3" type="stmt"/>
        <line num="70" count="9" type="stmt"/>
        <line num="111" count="1" type="stmt"/>
      </file>
      <file name="index.ts" path="C:\Users\jeffrey\Desktop\Githubmains\DKLTracker\dkl-steps-app\src\components\dashboard\index.ts">
        <metrics statements="0" coveredstatements="0" conditionals="0" coveredconditionals="0" methods="0" coveredmethods="0"/>
      </file>
    </package>
    <package name="components.digitalboard">
      <metrics statements="14" coveredstatements="3" conditionals="6" coveredconditionals="0" methods="4" coveredmethods="0"/>
      <file name="BoardBranding.tsx" path="C:\Users\jeffrey\Desktop\Githubmains\DKLTracker\dkl-steps-app\src\components\digitalboard\BoardBranding.tsx">
        <metrics statements="2" coveredstatements="1" conditionals="0" coveredconditionals="0" methods="1" coveredmethods="0"/>
        <line num="6" count="0" type="stmt"/>
        <line num="16" count="1" type="stmt"/>
      </file>
      <file name="LiveCounter.tsx" path="C:\Users\jeffrey\Desktop\Githubmains\DKLTracker\dkl-steps-app\src\components\digitalboard\LiveCounter.tsx">
        <metrics statements="9" coveredstatements="1" conditionals="5" coveredconditionals="0" methods="2" coveredmethods="0"/>
        <line num="14" count="0" type="stmt"/>
        <line num="15" count="0" type="stmt"/>
        <line num="16" count="0" type="stmt"/>
        <line num="19" count="0" type="stmt"/>
        <line num="20" count="0" type="cond" truecount="0" falsecount="4"/>
        <line num="21" count="0" type="stmt"/>
        <line num="23" count="0" type="stmt"/>
        <line num="26" count="0" type="stmt"/>
        <line num="58" count="1" type="stmt"/>
      </file>
      <file name="LiveIndicator.tsx" path="C:\Users\jeffrey\Desktop\Githubmains\DKLTracker\dkl-steps-app\src\components\digitalboard\LiveIndicator.tsx">
        <metrics statements="3" coveredstatements="1" conditionals="1" coveredconditionals="0" methods="1" coveredmethods="0"/>
        <line num="10" count="0" type="stmt"/>
        <line num="12" count="0" type="stmt"/>
        <line num="31" count="1" type="stmt"/>
      </file>
      <file name="index.ts" path="C:\Users\jeffrey\Desktop\Githubmains\DKLTracker\dkl-steps-app\src\components\digitalboard\index.ts">
        <metrics statements="0" coveredstatements="0" conditionals="0" coveredconditionals="0" methods="0" coveredmethods="0"/>
      </file>
    </package>
    <package name="components.geofencing">
      <metrics statements="29" coveredstatements="1" conditionals="60" coveredconditionals="0" methods="7" coveredmethods="0"/>
      <file name="GeofenceManager.tsx" path="C:\Users\jeffrey\Desktop\Githubmains\DKLTracker\dkl-steps-app\src\components\geofencing\GeofenceManager.tsx">
        <metrics statements="29" coveredstatements="1" conditionals="60" coveredconditionals="0" methods="7" coveredmethods="0"/>
        <line num="53" count="0" type="stmt"/>
        <line num="56" count="0" type="cond" truecount="0" falsecount="2"/>
        <line num="68" count="0" type="stmt"/>
        <line num="71" count="0" type="stmt"/>
        <line num="78" count="0" type="stmt"/>
        <line num="87" count="0" type="stmt"/>
        <line num="88" count="0" type="cond" truecount="0" falsecount="2"/>
        <line num="89" count="0" type="stmt"/>
        <line num="94" count="0" type="stmt"/>
        <line num="95" count="0" type="cond" truecount="0" falsecount="2"/>
        <line num="96" count="0" type="stmt"/>
        <line num="97" count="0" type="cond" truecount="0" falsecount="2"/>
        <line num="98" count="0" type="stmt"/>
        <line num="103" count="0" type="stmt"/>
        <line num="107" count="0" type="stmt"/>
        <line num="108" count="0" type="cond" truecount="0" falsecount="2"/>
        <line num="109" count="0" type="stmt"/>
        <line num="118" count="0" type="stmt"/>
        <line num="119" count="0" type="stmt"/>
        <line num="134" count="0" type="cond" truecount="0" falsecount="2"/>
        <line num="135" count="0" type="stmt"/>
        <line num="139" count="0" type="cond" truecount="0" falsecount="2"/>
        <line num="140" count="0" type="stmt"/>
        <line num="152" count="0" type="cond" truecount="0" falsecount="4"/>
        <line num="153" count="0" type="stmt"/>
        <line num="164" count="0" type="stmt"/>
        <line num="166" count="0" type="stmt"/>
        <line num="188" count="0" type="stmt"/>
        <line num="288" count="1" type="stmt"/>
      </file>
      <file name="index.ts" path="C:\Users\jeffrey\Desktop\Githubmains\DKLTracker\dkl-steps-app\src\components\geofencing\index.ts">
        <metrics statements="0" coveredstatements="0" conditionals="0" coveredconditionals="0" methods="0" coveredmethods="0"/>
      </file>
    </package>
    <package name="components.globaldashboard">
      <metrics statements="48" coveredstatements="11" conditionals="38" coveredconditionals="0" methods="21" coveredmethods="0"/>
      <file name="DashboardFilters.tsx" path="C:\Users\jeffrey\Desktop\Githubmains\DKLTracker\dkl-steps-app\src\components\globaldashboard\DashboardFilters.tsx">
        <metrics statements="6" coveredstatements="2" conditionals="10" coveredconditionals="0" methods="4" coveredmethods="0"/>
        <line num="15" count="1" type="stmt"/>
        <line num="21" count="0" type="stmt"/>
        <line num="37" count="0" type="stmt"/>
        <line num="51" count="0" type="stmt"/>
        <line num="60" count="0" type="stmt"/>
        <line num="72" count="1" type="stmt"/>
      </file>
      <file name="PrintView.tsx" path="C:\Users\jeffrey\Desktop\Githubmains\DKLTracker\dkl-steps-app\src\components\globaldashboard\PrintView.tsx">
        <metrics statements="8" coveredstatements="2" conditionals="12" coveredconditionals="0" methods="4" coveredmethods="0"/>
        <line num="21" count="1" type="stmt"/>
        <line num="27" count="0" type="stmt"/>
        <line num="33" count="0" type="stmt"/>
        <line num="78" count="0" type="cond" truecount="0" falsecount="2"/>
        <line num="82" count="0" type="stmt"/>
        <line num="109" count="0" type="cond" truecount="0" falsecount="2"/>
        <line num="125" count="0" type="cond" truecount="0" falsecount="2"/>
        <line num="145" count="1" type="stmt"/>
      </file>
      <file name="QuickStats.tsx" path="C:\Users\jeffrey\Desktop\Githubmains\DKLTracker\dkl-steps-app\src\components\globaldashboard\QuickStats.tsx">
        <metrics statements="7" coveredstatements="1" conditionals="2" coveredconditionals="0" methods="3" coveredmethods="0"/>
        <line num="15" count="0" type="cond" truecount="0" falsecount="2"/>
        <line num="16" count="0" type="stmt"/>
        <line num="19" count="0" type="stmt"/>
        <line num="20" count="0" type="stmt"/>
        <line num="21" count="0" type="stmt"/>
        <line num="23" count="0" type="stmt"/>
        <line num="42" count="1" type="stmt"/>
      </file>
      <file name="RouteDetailModal.tsx" path="C:\Users\jeffrey\Desktop\Githubmains\DKLTracker\dkl-steps-app\src\components\globaldashboard\RouteDetailModal.tsx">
        <metrics statements="7" coveredstatements="2" conditionals="8" coveredconditionals="0" methods="2" coveredmethods="0"/>
        <line num="15" count="1" type="stmt"/>
        <line num="21" count="0" type="cond" truecount="0" falsecount="2"/>
        <line num="23" count="0" type="cond" truecount="0" falsecount="2"/>
        <line num="24" count="0" type="stmt"/>
        <line num="26" count="0" type="stmt"/>
        <line num="39" count="0" type="stmt"/>
        <line num="124" count="1" type="stmt"/>
      </file>
      <file name="RouteDistribution.tsx" path="C:\Users\jeffrey\Desktop\Githubmains\DKLTracker\dkl-steps-app\src\components\globaldashboard\RouteDistribution.tsx">
        <metrics statements="6" coveredstatements="1" conditionals="2" coveredconditionals="0" methods="3" coveredmethods="0"/>
        <line num="15" count="0" type="cond" truecount="0" falsecount="2"/>
        <line num="16" count="0" type="stmt"/>
        <line num="32" count="0" type="stmt"/>
        <line num="41" count="0" type="stmt"/>
        <line num="44" count="0" type="stmt"/>
        <line num="62" count="1" type="stmt"/>
      </file>
      <file name="RouteStepsChart.tsx" path="C:\Users\jeffrey\Desktop\Githubmains\DKLTracker\dkl-steps-app\src\components\globaldashboard\RouteStepsChart.tsx">
        <metrics statements="12" coveredstatements="2" conditionals="4" coveredconditionals="0" methods="4" coveredmethods="0"/>
        <line num="12" count="1" type="stmt"/>
        <line num="13" count="0" type="cond" truecount="0" falsecount="2"/>
        <line num="14" count="0" type="stmt"/>
        <line num="25" count="0" type="stmt"/>
        <line num="26" count="0" type="stmt"/>
        <line num="27" count="0" type="stmt"/>
        <line num="29" count="0" type="stmt"/>
        <line num="34" count="0" type="stmt"/>
        <line num="35" count="0" type="stmt"/>
        <line num="37" count="0" type="stmt"/>
        <line num="61" count="0" type="stmt"/>
        <line num="68" count="1" type="stmt"/>
      </file>
      <file name="SummaryStats.tsx" path="C:\Users\jeffrey\Desktop\Githubmains\DKLTracker\dkl-steps-app\src\components\globaldashboard\SummaryStats.tsx">
        <metrics statements="2" coveredstatements="1" conditionals="0" coveredconditionals="0" methods="1" coveredmethods="0"/>
        <line num="11" count="0" type="stmt"/>
        <line num="38" count="1" type="stmt"/>
      </file>
      <file name="index.ts" path="C:\Users\jeffrey\Desktop\Githubmains\DKLTracker\dkl-steps-app\src\components\globaldashboard\index.ts">
        <metrics statements="0" coveredstatements="0" conditionals="0" coveredconditionals="0" methods="0" coveredmethods="0"/>
      </file>
    </package>
    <package name="components.login">
      <metrics statements="13" coveredstatements="11" conditionals="18" coveredconditionals="17" methods="7" coveredmethods="5"/>
      <file name="DevTools.tsx" path="C:\Users\jeffrey\Desktop\Githubmains\DKLTracker\dkl-steps-app\src\components\login\DevTools.tsx">
        <metrics statements="4" coveredstatements="3" conditionals="2" coveredconditionals="1" methods="1" coveredmethods="1"/>
        <line num="11" count="56" type="cond" truecount="1" falsecount="1"/>
        <line num="12" count="0" type="stmt"/>
        <line num="15" count="56" type="stmt"/>
        <line num="34" count="1" type="stmt"/>
      </file>
      <file name="LoginForm.tsx" path="C:\Users\jeffrey\Desktop\Githubmains\DKLTracker\dkl-steps-app\src\components\login\LoginForm.tsx">
        <metrics statements="5" coveredstatements="4" conditionals="16" coveredconditionals="16" methods="3" coveredmethods="2"/>
        <line num="36" count="56" type="stmt"/>
        <line num="38" count="56" type="stmt"/>
        <line num="52" count="0" type="stmt"/>
        <line num="111" count="1" type="stmt"/>
        <line num="120" count="1" type="stmt"/>
      </file>
      <file name="LoginHeader.tsx" path="C:\Users\jeffrey\Desktop\Githubmains\DKLTracker\dkl-steps-app\src\components\login\LoginHeader.tsx">
        <metrics statements="2" coveredstatements="2" conditionals="0" coveredconditionals="0" methods="1" coveredmethods="1"/>
        <line num="6" count="56" type="stmt"/>
        <line num="15" count="1" type="stmt"/>
      </file>
      <file name="SuccessModal.tsx" path="C:\Users\jeffrey\Desktop\Githubmains\DKLTracker\dkl-steps-app\src\components\login\SuccessModal.tsx">
        <metrics statements="2" coveredstatements="2" conditionals="0" coveredconditionals="0" methods="2" coveredmethods="1"/>
        <line num="13" count="56" type="stmt"/>
        <line num="62" count="1" type="stmt"/>
      </file>
      <file name="index.ts" path="C:\Users\jeffrey\Desktop\Githubmains\DKLTracker\dkl-steps-app\src\components\login\index.ts">
        <metrics statements="0" coveredstatements="0" conditionals="0" coveredconditionals="0" methods="0" coveredmethods="0"/>
      </file>
    </package>
    <package name="components.password">
      <metrics statements="4" coveredstatements="4" conditionals="4" coveredconditionals="4" methods="2" coveredmethods="2"/>
      <file name="PasswordForm.tsx" path="C:\Users\jeffrey\Desktop\Githubmains\DKLTracker\dkl-steps-app\src\components\password\PasswordForm.tsx">
        <metrics statements="2" coveredstatements="2" conditionals="4" coveredconditionals="4" methods="1" coveredmethods="1"/>
        <line num="27" count="40" type="stmt"/>
        <line num="76" count="1" type="stmt"/>
      </file>
      <file name="PasswordRequirements.tsx" path="C:\Users\jeffrey\Desktop\Githubmains\DKLTracker\dkl-steps-app\src\components\password\PasswordRequirements.tsx">
        <metrics statements="2" coveredstatements="2" conditionals="0" coveredconditionals="0" methods="1" coveredmethods="1"/>
        <line num="5" count="40" type="stmt"/>
        <line num="15" count="1" type="stmt"/>
      </file>
      <file name="index.ts" path="C:\Users\jeffrey\Desktop\Githubmains\DKLTracker\dkl-steps-app\src\components\password\index.ts">
        <metrics statements="0" coveredstatements="0" conditionals="0" coveredconditionals="0" methods="0" coveredmethods="0"/>
      </file>
    </package>
    <package name="components.profile">
      <metrics statements="35" coveredstatements="0" conditionals="38" coveredconditionals="0" methods="13" coveredmethods="0"/>
      <file name="AccountInfo.tsx" path="C:\Users\jeffrey\Desktop\Githubmains\DKLTracker\dkl-steps-app\src\components\profile\AccountInfo.tsx">
        <metrics statements="9" coveredstatements="0" conditionals="10" coveredconditionals="0" methods="3" coveredmethods="0"/>
        <line num="24" count="0" type="stmt"/>
        <line num="41" count="0" type="stmt"/>
        <line num="42" count="0" type="cond" truecount="0" falsecount="2"/>
        <line num="43" count="0" type="stmt"/>
        <line num="44" count="0" type="stmt"/>
        <line num="45" count="0" type="stmt"/>
        <line num="53" count="0" type="stmt"/>
        <line num="57" count="0" type="stmt"/>
        <line num="94" count="0" type="stmt"/>
      </file>
      <file name="PermissionsList.tsx" path="C:\Users\jeffrey\Desktop\Githubmains\DKLTracker\dkl-steps-app\src\components\profile\PermissionsList.tsx">
        <metrics statements="19" coveredstatements="0" conditionals="10" coveredconditionals="0" methods="7" coveredmethods="0"/>
        <line num="22" count="0" type="stmt"/>
        <line num="23" count="0" type="stmt"/>
        <line num="25" count="0" type="stmt"/>
        <line num="26" count="0" type="cond" truecount="0" falsecount="2"/>
        <line num="27" count="0" type="stmt"/>
        <line num="29" count="0" type="stmt"/>
        <line num="32" count="0" type="stmt"/>
        <line num="35" count="0" type="stmt"/>
        <line num="44" count="0" type="stmt"/>
        <line num="45" count="0" type="cond" truecount="0" falsecount="2"/>
        <line num="48" count="0" type="stmt"/>
        <line num="55" count="0" type="stmt"/>
        <line num="56" count="0" type="cond" truecount="0" falsecount="2"/>
        <line num="59" count="0" type="cond" truecount="0" falsecount="4"/>
        <line num="60" count="0" type="stmt"/>
        <line num="71" count="0" type="stmt"/>
        <line num="79" count="0" type="stmt"/>
        <line num="94" count="0" type="stmt"/>
        <line num="110" count="0" type="stmt"/>
      </file>
      <file name="ProfileHeader.tsx" path="C:\Users\jeffrey\Desktop\Githubmains\DKLTracker\dkl-steps-app\src\components\profile\ProfileHeader.tsx">
        <metrics statements="2" coveredstatements="0" conditionals="4" coveredconditionals="0" methods="1" coveredmethods="0"/>
        <line num="24" count="0" type="stmt"/>
        <line num="51" count="0" type="stmt"/>
      </file>
      <file name="RolesList.tsx" path="C:\Users\jeffrey\Desktop\Githubmains\DKLTracker\dkl-steps-app\src\components\profile\RolesList.tsx">
        <metrics statements="5" coveredstatements="0" conditionals="14" coveredconditionals="0" methods="2" coveredmethods="0"/>
        <line num="17" count="0" type="cond" truecount="0" falsecount="4"/>
        <line num="18" count="0" type="stmt"/>
        <line num="29" count="0" type="stmt"/>
        <line num="35" count="0" type="cond" truecount="0" falsecount="2"/>
        <line num="69" count="0" type="stmt"/>
      </file>
      <file name="index.ts" path="C:\Users\jeffrey\Desktop\Githubmains\DKLTracker\dkl-steps-app\src\components\profile\index.ts">
        <metrics statements="0" coveredstatements="0" conditionals="0" coveredconditionals="0" methods="0" coveredmethods="0"/>
      </file>
    </package>
    <package name="components.ui">
      <metrics statements="150" coveredstatements="44" conditionals="162" coveredconditionals="68" methods="45" coveredmethods="12"/>
      <file name="AnimatedCard.tsx" path="C:\Users\jeffrey\Desktop\Githubmains\DKLTracker\dkl-steps-app\src\components\ui\AnimatedCard.tsx">
        <metrics statements="14" coveredstatements="1" conditionals="20" coveredconditionals="0" methods="3" coveredmethods="0"/>
        <line num="37" count="0" type="stmt"/>
        <line num="39" count="0" type="stmt"/>
        <line num="40" count="0" type="cond" truecount="0" falsecount="2"/>
        <line num="42" count="0" type="cond" truecount="0" falsecount="2"/>
        <line num="43" count="0" type="stmt"/>
        <line num="46" count="0" type="cond" truecount="0" falsecount="2"/>
        <line num="47" count="0" type="stmt"/>
        <line num="50" count="0" type="stmt"/>
        <line num="53" count="0" type="stmt"/>
        <line num="68" count="0" type="cond" truecount="0" falsecount="2"/>
        <line num="70" count="0" type="cond" truecount="0" falsecount="2"/>
        <line num="74" count="0" type="stmt"/>
        <line num="78" count="0" type="stmt"/>
        <line num="95" count="6" type="stmt"/>
      </file>
      <file name="Avatar.tsx" path="C:\Users\jeffrey\Desktop\Githubmains\DKLTracker\dkl-steps-app\src\components\ui\Avatar.tsx">
        <metrics statements="18" coveredstatements="9" conditionals="11" coveredconditionals="5" methods="4" coveredmethods="1"/>
        <line num="27" count="3" type="stmt"/>
        <line num="34" count="3" type="stmt"/>
        <line num="37" count="3" type="stmt"/>
        <line num="38" count="0" type="stmt"/>
        <line num="39" count="0" type="cond" truecount="0" falsecount="2"/>
        <line num="40" count="0" type="stmt"/>
        <line num="42" count="0" type="stmt"/>
        <line num="46" count="3" type="stmt"/>
        <line num="47" count="0" type="stmt"/>
        <line num="51" count="0" type="stmt"/>
        <line num="52" count="0" type="stmt"/>
        <line num="55" count="3" type="stmt"/>
        <line num="65" count="3" type="cond" truecount="1" falsecount="1"/>
        <line num="66" count="0" type="stmt"/>
        <line num="77" count="3" type="cond" truecount="1" falsecount="1"/>
        <line num="78" count="0" type="stmt"/>
        <line num="93" count="3" type="stmt"/>
        <line num="102" count="6" type="stmt"/>
      </file>
      <file name="Badge.tsx" path="C:\Users\jeffrey\Desktop\Githubmains\DKLTracker\dkl-steps-app\src\components\ui\Badge.tsx">
        <metrics statements="6" coveredstatements="1" conditionals="5" coveredconditionals="0" methods="1" coveredmethods="0"/>
        <line num="30" count="0" type="stmt"/>
        <line num="63" count="0" type="stmt"/>
        <line num="84" count="0" type="stmt"/>
        <line num="85" count="0" type="stmt"/>
        <line num="87" count="0" type="stmt"/>
        <line num="127" count="6" type="stmt"/>
      </file>
      <file name="Card.tsx" path="C:\Users\jeffrey\Desktop\Githubmains\DKLTracker\dkl-steps-app\src\components\ui\Card.tsx">
        <metrics statements="1" coveredstatements="1" conditionals="1" coveredconditionals="1" methods="1" coveredmethods="1"/>
        <line num="17" count="21" type="stmt"/>
      </file>
      <file name="CustomButton.tsx" path="C:\Users\jeffrey\Desktop\Githubmains\DKLTracker\dkl-steps-app\src\components\ui\CustomButton.tsx">
        <metrics statements="15" coveredstatements="14" conditionals="37" coveredconditionals="30" methods="4" coveredmethods="4"/>
        <line num="51" count="25" type="cond" truecount="2" falsecount="0"/>
        <line num="55" count="25" type="cond" truecount="2" falsecount="0"/>
        <line num="60" count="25" type="stmt"/>
        <line num="75" count="25" type="stmt"/>
        <line num="82" count="25" type="stmt"/>
        <line num="83" count="6" type="cond" truecount="4" falsecount="1"/>
        <line num="84" count="6" type="stmt"/>
        <line num="86" count="6" type="stmt"/>
        <line num="90" count="25" type="stmt"/>
        <line num="91" count="3" type="cond" truecount="3" falsecount="1"/>
        <line num="92" count="0" type="stmt"/>
        <line num="94" count="3" type="stmt"/>
        <line num="97" count="25" type="stmt"/>
        <line num="101" count="25" type="stmt"/>
        <line num="137" count="7" type="stmt"/>
      </file>
      <file name="CustomInput.tsx" path="C:\Users\jeffrey\Desktop\Githubmains\DKLTracker\dkl-steps-app\src\components\ui\CustomInput.tsx">
        <metrics statements="2" coveredstatements="2" conditionals="6" coveredconditionals="6" methods="1" coveredmethods="1"/>
        <line num="23" count="29" type="stmt"/>
        <line num="48" count="7" type="stmt"/>
      </file>
      <file name="DKLLogo.tsx" path="C:\Users\jeffrey\Desktop\Githubmains\DKLTracker\dkl-steps-app\src\components\ui\DKLLogo.tsx">
        <metrics statements="3" coveredstatements="3" conditionals="1" coveredconditionals="1" methods="1" coveredmethods="1"/>
        <line num="22" count="12" type="stmt"/>
        <line num="42" count="12" type="stmt"/>
        <line num="49" count="149" type="stmt"/>
      </file>
      <file name="EmptyState.tsx" path="C:\Users\jeffrey\Desktop\Githubmains\DKLTracker\dkl-steps-app\src\components\ui\EmptyState.tsx">
        <metrics statements="2" coveredstatements="1" conditionals="6" coveredconditionals="0" methods="1" coveredmethods="0"/>
        <line num="28" count="0" type="stmt"/>
        <line num="45" count="6" type="stmt"/>
      </file>
      <file name="ErrorScreen.tsx" path="C:\Users\jeffrey\Desktop\Githubmains\DKLTracker\dkl-steps-app\src\components\ui\ErrorScreen.tsx">
        <metrics statements="2" coveredstatements="2" conditionals="10" coveredconditionals="10" methods="1" coveredmethods="1"/>
        <line num="29" count="22" type="stmt"/>
        <line num="61" count="7" type="stmt"/>
      </file>
      <file name="FeedbackAnimation.tsx" path="C:\Users\jeffrey\Desktop\Githubmains\DKLTracker\dkl-steps-app\src\components\ui\FeedbackAnimation.tsx">
        <metrics statements="27" coveredstatements="1" conditionals="18" coveredconditionals="0" methods="7" coveredmethods="0"/>
        <line num="31" count="0" type="stmt"/>
        <line num="32" count="0" type="stmt"/>
        <line num="34" count="0" type="stmt"/>
        <line num="35" count="0" type="cond" truecount="0" falsecount="2"/>
        <line num="37" count="0" type="cond" truecount="0" falsecount="2"/>
        <line num="38" count="0" type="stmt"/>
        <line num="39" count="0" type="cond" truecount="0" falsecount="2"/>
        <line num="40" count="0" type="stmt"/>
        <line num="42" count="0" type="stmt"/>
        <line num="46" count="0" type="stmt"/>
        <line num="61" count="0" type="cond" truecount="0" falsecount="2"/>
        <line num="62" count="0" type="stmt"/>
        <line num="63" count="0" type="stmt"/>
        <line num="65" count="0" type="stmt"/>
        <line num="70" count="0" type="stmt"/>
        <line num="71" count="0" type="stmt"/>
        <line num="83" count="0" type="stmt"/>
        <line num="87" count="0" type="stmt"/>
        <line num="88" count="0" type="cond" truecount="0" falsecount="5"/>
        <line num="90" count="0" type="stmt"/>
        <line num="92" count="0" type="stmt"/>
        <line num="94" count="0" type="stmt"/>
        <line num="97" count="0" type="stmt"/>
        <line num="101" count="0" type="stmt"/>
        <line num="103" count="0" type="cond" truecount="0" falsecount="2"/>
        <line num="105" count="0" type="stmt"/>
        <line num="128" count="6" type="stmt"/>
      </file>
      <file name="LazyLoadScreen.tsx" path="C:\Users\jeffrey\Desktop\Githubmains\DKLTracker\dkl-steps-app\src\components\ui\LazyLoadScreen.tsx">
        <metrics statements="2" coveredstatements="2" conditionals="0" coveredconditionals="0" methods="1" coveredmethods="1"/>
        <line num="16" count="1" type="stmt"/>
        <line num="28" count="7" type="stmt"/>
      </file>
      <file name="LoadingScreen.tsx" path="C:\Users\jeffrey\Desktop\Githubmains\DKLTracker\dkl-steps-app\src\components\ui\LoadingScreen.tsx">
        <metrics statements="2" coveredstatements="2" conditionals="5" coveredconditionals="5" methods="1" coveredmethods="1"/>
        <line num="23" count="27" type="stmt"/>
        <line num="41" count="7" type="stmt"/>
      </file>
      <file name="ProgressBar.tsx" path="C:\Users\jeffrey\Desktop\Githubmains\DKLTracker\dkl-steps-app\src\components\ui\ProgressBar.tsx">
        <metrics statements="11" coveredstatements="1" conditionals="9" coveredconditionals="0" methods="2" coveredmethods="0"/>
        <line num="31" count="0" type="stmt"/>
        <line num="32" count="0" type="stmt"/>
        <line num="34" count="0" type="stmt"/>
        <line num="35" count="0" type="cond" truecount="0" falsecount="2"/>
        <line num="36" count="0" type="stmt"/>
        <line num="43" count="0" type="stmt"/>
        <line num="47" count="0" type="stmt"/>
        <line num="54" count="0" type="stmt"/>
        <line num="56" count="0" type="stmt"/>
        <line num="61" count="0" type="stmt"/>
        <line num="91" count="6" type="stmt"/>
      </file>
      <file name="ScreenHeader.tsx" path="C:\Users\jeffrey\Desktop\Githubmains\DKLTracker\dkl-steps-app\src\components\ui\ScreenHeader.tsx">
        <metrics statements="2" coveredstatements="2" conditionals="10" coveredconditionals="9" methods="1" coveredmethods="1"/>
        <line num="28" count="102" type="stmt"/>
        <line num="55" count="7" type="stmt"/>
      </file>
      <file name="Skeleton.tsx" path="C:\Users\jeffrey\Desktop\Githubmains\DKLTracker\dkl-steps-app\src\components\ui\Skeleton.tsx">
        <metrics statements="13" coveredstatements="1" conditionals="3" coveredconditionals="0" methods="8" coveredmethods="0"/>
        <line num="23" count="0" type="stmt"/>
        <line num="25" count="0" type="stmt"/>
        <line num="26" count="0" type="stmt"/>
        <line num="40" count="0" type="stmt"/>
        <line num="41" count="0" type="stmt"/>
        <line num="44" count="0" type="stmt"/>
        <line num="49" count="0" type="stmt"/>
        <line num="67" count="0" type="stmt"/>
        <line num="84" count="0" type="stmt"/>
        <line num="99" count="0" type="stmt"/>
        <line num="112" count="0" type="stmt"/>
        <line num="128" count="0" type="stmt"/>
        <line num="140" count="6" type="stmt"/>
      </file>
      <file name="Toast.tsx" path="C:\Users\jeffrey\Desktop\Githubmains\DKLTracker\dkl-steps-app\src\components\ui\Toast.tsx">
        <metrics statements="30" coveredstatements="1" conditionals="20" coveredconditionals="1" methods="8" coveredmethods="0"/>
        <line num="34" count="0" type="stmt"/>
        <line num="35" count="0" type="stmt"/>
        <line num="37" count="0" type="stmt"/>
        <line num="38" count="0" type="cond" truecount="0" falsecount="2"/>
        <line num="40" count="0" type="stmt"/>
        <line num="54" count="0" type="cond" truecount="0" falsecount="2"/>
        <line num="55" count="0" type="stmt"/>
        <line num="56" count="0" type="stmt"/>
        <line num="58" count="0" type="stmt"/>
        <line num="61" count="0" type="stmt"/>
        <line num="65" count="0" type="stmt"/>
        <line num="66" count="0" type="stmt"/>
        <line num="78" count="0" type="stmt"/>
        <line num="83" count="0" type="cond" truecount="0" falsecount="2"/>
        <line num="84" count="0" type="stmt"/>
        <line num="87" count="0" type="stmt"/>
        <line num="88" count="0" type="cond" truecount="0" falsecount="5"/>
        <line num="90" count="0" type="stmt"/>
        <line num="92" count="0" type="stmt"/>
        <line num="94" count="0" type="stmt"/>
        <line num="97" count="0" type="stmt"/>
        <line num="101" count="0" type="stmt"/>
        <line num="102" count="0" type="cond" truecount="0" falsecount="5"/>
        <line num="104" count="0" type="stmt"/>
        <line num="109" count="0" type="stmt"/>
        <line num="114" count="0" type="stmt"/>
        <line num="120" count="0" type="stmt"/>
        <line num="127" count="0" type="stmt"/>
        <line num="129" count="0" type="stmt"/>
        <line num="156" count="6" type="stmt"/>
      </file>
      <file name="index.ts" path="C:\Users\jeffrey\Desktop\Githubmains\DKLTracker\dkl-steps-app\src\components\ui\index.ts">
        <metrics statements="0" coveredstatements="0" conditionals="0" coveredconditionals="0" methods="0" coveredmethods="0"/>
      </file>
    </package>
    <package name="config">
      <metrics statements="12" coveredstatements="5" conditionals="4" coveredconditionals="1" methods="5" coveredmethods="1"/>
      <file name="environment.ts" path="C:\Users\jeffrey\Desktop\Githubmains\DKLTracker\dkl-steps-app\src\config\environment.ts">
        <metrics statements="12" coveredstatements="5" conditionals="4" coveredconditionals="1" methods="5" coveredmethods="1"/>
        <line num="27" count="9" type="stmt"/>
        <line num="53" count="9" type="stmt"/>
        <line num="59" count="9" type="stmt"/>
        <line num="62" count="9" type="cond" truecount="1" falsecount="1"/>
        <line num="63" count="9" type="stmt"/>
        <line num="64" count="0" type="cond" truecount="0" falsecount="2"/>
        <line num="65" count="0" type="stmt"/>
        <line num="68" count="0" type="stmt"/>
        <line num="75" count="0" type="stmt"/>
        <line num="82" count="0" type="stmt"/>
        <line num="89" count="0" type="stmt"/>
        <line num="101" count="0" type="stmt"/>
      </file>
    </package>
    <package name="contexts">
      <metrics statements="28" coveredstatements="5" conditionals="14" coveredconditionals="1" methods="5" coveredmethods="1"/>
      <file name="ThemeContext.tsx" path="C:\Users\jeffrey\Desktop\Githubmains\DKLTracker\dkl-steps-app\src\contexts\ThemeContext.tsx">
        <metrics statements="28" coveredstatements="5" conditionals="14" coveredconditionals="1" methods="5" coveredmethods="1"/>
        <line num="19" count="1" type="stmt"/>
        <line num="21" count="1" type="stmt"/>
        <line num="28" count="0" type="stmt"/>
        <line num="29" count="0" type="stmt"/>
        <line num="30" count="0" type="stmt"/>
        <line num="33" count="0" type="stmt"/>
        <line num="34" count="0" type="stmt"/>
        <line num="39" count="0" type="cond" truecount="0" falsecount="2"/>
        <line num="43" count="0" type="stmt"/>
        <line num="45" count="0" type="stmt"/>
        <line num="46" count="0" type="stmt"/>
        <line num="47" count="0" type="stmt"/>
        <line num="48" count="0" type="cond" truecount="0" falsecount="6"/>
        <line num="49" count="0" type="stmt"/>
        <line num="52" count="0" type="stmt"/>
        <line num="54" count="0" type="stmt"/>
        <line num="58" count="0" type="stmt"/>
        <line num="59" count="0" type="stmt"/>
        <line num="60" count="0" type="stmt"/>
        <line num="61" count="0" type="stmt"/>
        <line num="63" count="0" type="stmt"/>
        <line num="67" count="0" type="cond" truecount="0" falsecount="2"/>
        <line num="68" count="0" type="stmt"/>
        <line num="71" count="0" type="stmt"/>
        <line num="79" count="3" type="stmt"/>
        <line num="80" count="3" type="cond" truecount="1" falsecount="1"/>
        <line num="81" count="3" type="stmt"/>
        <line num="83" count="0" type="stmt"/>
      </file>
    </package>
    <package name="hooks">
      <metrics statements="1313" coveredstatements="529" conditionals="636" coveredconditionals="206" methods="257" coveredmethods="85"/>
      <file name="index.ts" path="C:\Users\jeffrey\Desktop\Githubmains\DKLTracker\dkl-steps-app\src\hooks\index.ts">
        <metrics statements="0" coveredstatements="0" conditionals="0" coveredconditionals="0" methods="0" coveredmethods="0"/>
      </file>
      <file name="useAccessControl.ts" path="C:\Users\jeffrey\Desktop\Githubmains\DKLTracker\dkl-steps-app\src\hooks\useAccessControl.ts">
        <metrics statements="74" coveredstatements="60" conditionals="46" coveredconditionals="30" methods="15" coveredmethods="11"/>
        <line num="121" count="46" type="stmt"/>
        <line num="122" count="46" type="stmt"/>
        <line num="123" count="46" type="stmt"/>
        <line num="124" count="46" type="stmt"/>
        <line num="127" count="46" type="cond" truecount="2" falsecount="0"/>
        <line num="139" count="46" type="stmt"/>
        <line num="141" count="46" type="stmt"/>
        <line num="142" count="46" type="stmt"/>
        <line num="144" count="46" type="stmt"/>
        <line num="145" count="23" type="stmt"/>
        <line num="147" count="23" type="stmt"/>
        <line num="148" count="23" type="stmt"/>
        <line num="150" count="23" type="stmt"/>
        <line num="156" count="22" type="cond" truecount="1" falsecount="1"/>
        <line num="158" count="22" type="stmt"/>
        <line num="159" count="22" type="stmt"/>
        <line num="160" count="22" type="stmt"/>
        <line num="161" count="22" type="stmt"/>
        <line num="163" count="22" type="stmt"/>
        <line num="164" count="22" type="stmt"/>
        <line num="167" count="22" type="cond" truecount="4" falsecount="0"/>
        <line num="168" count="2" type="stmt"/>
        <line num="169" count="2" type="stmt"/>
        <line num="171" count="2" type="cond" truecount="1" falsecount="1"/>
        <line num="172" count="2" type="stmt"/>
        <line num="179" count="20" type="cond" truecount="2" falsecount="2"/>
        <line num="180" count="0" type="stmt"/>
        <line num="181" count="0" type="stmt"/>
        <line num="183" count="0" type="cond" truecount="0" falsecount="2"/>
        <line num="184" count="0" type="stmt"/>
        <line num="191" count="20" type="cond" truecount="4" falsecount="0"/>
        <line num="192" count="28" type="stmt"/>
        <line num="193" count="19" type="stmt"/>
        <line num="194" count="18" type="stmt"/>
        <line num="196" count="19" type="stmt"/>
        <line num="198" count="19" type="cond" truecount="2" falsecount="0"/>
        <line num="199" count="9" type="stmt"/>
        <line num="207" count="1" type="stmt"/>
        <line num="208" count="1" type="stmt"/>
        <line num="209" count="1" type="stmt"/>
        <line num="212" count="22" type="cond" truecount="1" falsecount="1"/>
        <line num="213" count="22" type="stmt"/>
        <line num="215" count="22" type="cond" truecount="2" falsecount="0"/>
        <line num="217" count="12" type="stmt"/>
        <line num="218" count="12" type="cond" truecount="2" falsecount="0"/>
        <line num="219" count="11" type="cond" truecount="4" falsecount="0"/>
        <line num="220" count="2" type="stmt"/>
        <line num="221" count="9" type="cond" truecount="1" falsecount="1"/>
        <line num="222" count="9" type="stmt"/>
        <line num="224" count="0" type="stmt"/>
        <line num="229" count="12" type="stmt"/>
        <line num="230" count="12" type="stmt"/>
        <line num="238" count="0" type="cond" truecount="0" falsecount="2"/>
        <line num="239" count="0" type="stmt"/>
        <line num="243" count="0" type="cond" truecount="0" falsecount="2"/>
        <line num="244" count="0" type="cond" truecount="0" falsecount="2"/>
        <line num="245" count="0" type="stmt"/>
        <line num="247" count="0" type="stmt"/>
        <line num="256" count="10" type="stmt"/>
        <line num="263" count="1" type="stmt"/>
        <line num="264" count="1" type="cond" truecount="1" falsecount="1"/>
        <line num="265" count="1" type="stmt"/>
        <line num="268" count="23" type="cond" truecount="1" falsecount="1"/>
        <line num="269" count="23" type="stmt"/>
        <line num="274" count="23" type="stmt"/>
        <line num="276" count="23" type="stmt"/>
        <line num="277" count="23" type="stmt"/>
        <line num="292" count="46" type="stmt"/>
        <line num="309" count="0" type="stmt"/>
        <line num="321" count="0" type="stmt"/>
        <line num="330" count="4" type="stmt"/>
        <line num="339" count="0" type="stmt"/>
        <line num="352" count="2" type="stmt"/>
        <line num="360" count="2" type="stmt"/>
      </file>
      <file name="useAnimations.ts" path="C:\Users\jeffrey\Desktop\Githubmains\DKLTracker\dkl-steps-app\src\hooks\useAnimations.ts">
        <metrics statements="93" coveredstatements="11" conditionals="21" coveredconditionals="0" methods="34" coveredmethods="0"/>
        <line num="13" count="6" type="cond" truecount="0" falsecount="1"/>
        <line num="14" count="0" type="stmt"/>
        <line num="16" count="0" type="stmt"/>
        <line num="17" count="0" type="stmt"/>
        <line num="20" count="0" type="stmt"/>
        <line num="21" count="0" type="stmt"/>
        <line num="24" count="0" type="stmt"/>
        <line num="30" count="6" type="cond" truecount="0" falsecount="1"/>
        <line num="31" count="0" type="stmt"/>
        <line num="33" count="0" type="stmt"/>
        <line num="34" count="0" type="stmt"/>
        <line num="37" count="0" type="stmt"/>
        <line num="38" count="0" type="stmt"/>
        <line num="41" count="0" type="stmt"/>
        <line num="42" count="0" type="stmt"/>
        <line num="45" count="0" type="stmt"/>
        <line num="51" count="6" type="cond" truecount="0" falsecount="1"/>
        <line num="52" count="0" type="stmt"/>
        <line num="53" count="0" type="stmt"/>
        <line num="55" count="0" type="stmt"/>
        <line num="56" count="0" type="cond" truecount="0" falsecount="2"/>
        <line num="57" count="0" type="stmt"/>
        <line num="59" count="0" type="stmt"/>
        <line num="60" count="0" type="stmt"/>
        <line num="63" count="0" type="stmt"/>
        <line num="64" count="0" type="cond" truecount="0" falsecount="2"/>
        <line num="65" count="0" type="stmt"/>
        <line num="67" count="0" type="stmt"/>
        <line num="75" count="0" type="stmt"/>
        <line num="76" count="0" type="cond" truecount="0" falsecount="2"/>
        <line num="77" count="0" type="stmt"/>
        <line num="79" count="0" type="stmt"/>
        <line num="80" count="0" type="stmt"/>
        <line num="84" count="0" type="stmt"/>
        <line num="90" count="6" type="cond" truecount="0" falsecount="1"/>
        <line num="91" count="0" type="stmt"/>
        <line num="93" count="0" type="stmt"/>
        <line num="94" count="0" type="stmt"/>
        <line num="97" count="0" type="cond" truecount="0" falsecount="1"/>
        <line num="98" count="0" type="stmt"/>
        <line num="101" count="0" type="stmt"/>
        <line num="107" count="6" type="stmt"/>
        <line num="108" count="0" type="stmt"/>
        <line num="110" count="0" type="stmt"/>
        <line num="111" count="0" type="stmt"/>
        <line num="114" count="0" type="stmt"/>
        <line num="120" count="6" type="cond" truecount="0" falsecount="1"/>
        <line num="121" count="0" type="stmt"/>
        <line num="122" count="0" type="stmt"/>
        <line num="124" count="0" type="stmt"/>
        <line num="126" count="0" type="stmt"/>
        <line num="139" count="0" type="stmt"/>
        <line num="146" count="0" type="stmt"/>
        <line num="152" count="6" type="stmt"/>
        <line num="156" count="0" type="stmt"/>
        <line num="158" count="0" type="stmt"/>
        <line num="159" count="0" type="stmt"/>
        <line num="165" count="0" type="stmt"/>
        <line num="171" count="6" type="cond" truecount="0" falsecount="1"/>
        <line num="172" count="0" type="stmt"/>
        <line num="173" count="0" type="stmt"/>
        <line num="175" count="0" type="stmt"/>
        <line num="176" count="0" type="stmt"/>
        <line num="177" count="0" type="stmt"/>
        <line num="184" count="0" type="stmt"/>
        <line num="187" count="0" type="stmt"/>
        <line num="188" count="0" type="cond" truecount="0" falsecount="2"/>
        <line num="189" count="0" type="stmt"/>
        <line num="193" count="0" type="stmt"/>
        <line num="198" count="0" type="stmt"/>
        <line num="205" count="6" type="cond" truecount="0" falsecount="1"/>
        <line num="206" count="0" type="stmt"/>
        <line num="207" count="0" type="stmt"/>
        <line num="209" count="0" type="stmt"/>
        <line num="210" count="0" type="stmt"/>
        <line num="224" count="0" type="stmt"/>
        <line num="225" count="0" type="stmt"/>
        <line num="228" count="0" type="stmt"/>
        <line num="234" count="6" type="cond" truecount="0" falsecount="1"/>
        <line num="235" count="0" type="stmt"/>
        <line num="237" count="0" type="cond" truecount="0" falsecount="1"/>
        <line num="238" count="0" type="stmt"/>
        <line num="245" count="0" type="stmt"/>
        <line num="251" count="6" type="cond" truecount="0" falsecount="1"/>
        <line num="252" count="0" type="stmt"/>
        <line num="253" count="0" type="stmt"/>
        <line num="256" count="0" type="stmt"/>
        <line num="257" count="0" type="stmt"/>
        <line num="258" count="0" type="stmt"/>
        <line num="265" count="0" type="stmt"/>
        <line num="268" count="0" type="stmt"/>
        <line num="269" count="0" type="stmt"/>
        <line num="272" count="0" type="stmt"/>
      </file>
      <file name="useAuditLog.ts" path="C:\Users\jeffrey\Desktop\Githubmains\DKLTracker\dkl-steps-app\src\hooks\useAuditLog.ts">
        <metrics statements="55" coveredstatements="1" conditionals="41" coveredconditionals="0" methods="9" coveredmethods="0"/>
        <line num="69" count="3" type="stmt"/>
        <line num="77" count="0" type="stmt"/>
        <line num="79" count="0" type="stmt"/>
        <line num="80" count="0" type="stmt"/>
        <line num="85" count="0" type="stmt"/>
        <line num="86" count="0" type="stmt"/>
        <line num="87" count="0" type="cond" truecount="0" falsecount="2"/>
        <line num="88" count="0" type="stmt"/>
        <line num="89" count="0" type="stmt"/>
        <line num="90" count="0" type="cond" truecount="0" falsecount="2"/>
        <line num="91" count="0" type="stmt"/>
        <line num="92" count="0" type="stmt"/>
        <line num="93" count="0" type="stmt"/>
        <line num="96" count="0" type="stmt"/>
        <line num="101" count="0" type="stmt"/>
        <line num="107" count="0" type="stmt"/>
        <line num="110" count="0" type="stmt"/>
        <line num="112" count="0" type="stmt"/>
        <line num="113" count="0" type="stmt"/>
        <line num="120" count="0" type="stmt"/>
        <line num="121" count="0" type="stmt"/>
        <line num="124" count="0" type="cond" truecount="0" falsecount="2"/>
        <line num="125" count="0" type="stmt"/>
        <line num="128" count="0" type="cond" truecount="0" falsecount="2"/>
        <line num="129" count="0" type="stmt"/>
        <line num="132" count="0" type="stmt"/>
        <line num="136" count="0" type="cond" truecount="0" falsecount="2"/>
        <line num="137" count="0" type="stmt"/>
        <line num="140" count="0" type="stmt"/>
        <line num="144" count="0" type="cond" truecount="0" falsecount="2"/>
        <line num="145" count="0" type="stmt"/>
        <line num="146" count="0" type="stmt"/>
        <line num="151" count="0" type="stmt"/>
        <line num="156" count="0" type="stmt"/>
        <line num="162" count="0" type="stmt"/>
        <line num="163" count="0" type="stmt"/>
        <line num="165" count="0" type="stmt"/>
        <line num="172" count="0" type="stmt"/>
        <line num="173" count="0" type="cond" truecount="0" falsecount="2"/>
        <line num="174" count="0" type="stmt"/>
        <line num="177" count="0" type="stmt"/>
        <line num="178" count="0" type="cond" truecount="0" falsecount="4"/>
        <line num="179" count="0" type="cond" truecount="0" falsecount="4"/>
        <line num="180" count="0" type="cond" truecount="0" falsecount="4"/>
        <line num="181" count="0" type="cond" truecount="0" falsecount="4"/>
        <line num="182" count="0" type="cond" truecount="0" falsecount="4"/>
        <line num="183" count="0" type="stmt"/>
        <line num="190" count="0" type="stmt"/>
        <line num="191" count="0" type="stmt"/>
        <line num="193" count="0" type="cond" truecount="0" falsecount="2"/>
        <line num="194" count="0" type="stmt"/>
        <line num="197" count="0" type="stmt"/>
        <line num="203" count="0" type="stmt"/>
        <line num="204" count="0" type="stmt"/>
        <line num="207" count="0" type="stmt"/>
      </file>
      <file name="useAuth.ts" path="C:\Users\jeffrey\Desktop\Githubmains\DKLTracker\dkl-steps-app\src\hooks\useAuth.ts">
        <metrics statements="55" coveredstatements="45" conditionals="4" coveredconditionals="3" methods="17" coveredmethods="9"/>
        <line num="42" count="66" type="stmt"/>
        <line num="48" count="66" type="stmt"/>
        <line num="49" count="4" type="stmt"/>
        <line num="58" count="2" type="stmt"/>
        <line num="59" count="2" type="stmt"/>
        <line num="60" count="2" type="stmt"/>
        <line num="61" count="1" type="stmt"/>
        <line num="63" count="1" type="stmt"/>
        <line num="64" count="1" type="stmt"/>
        <line num="76" count="65" type="stmt"/>
        <line num="77" count="2" type="stmt"/>
        <line num="78" count="2" type="stmt"/>
        <line num="79" count="2" type="stmt"/>
        <line num="80" count="1" type="stmt"/>
        <line num="82" count="1" type="stmt"/>
        <line num="89" count="65" type="stmt"/>
        <line num="90" count="1" type="stmt"/>
        <line num="91" count="1" type="stmt"/>
        <line num="93" count="0" type="stmt"/>
        <line num="94" count="0" type="stmt"/>
        <line num="102" count="65" type="stmt"/>
        <line num="103" count="3" type="stmt"/>
        <line num="104" count="3" type="stmt"/>
        <line num="105" count="2" type="stmt"/>
        <line num="107" count="2" type="cond" truecount="2" falsecount="0"/>
        <line num="108" count="1" type="stmt"/>
        <line num="116" count="1" type="cond" truecount="1" falsecount="1"/>
        <line num="118" count="1" type="stmt"/>
        <line num="125" count="1" type="stmt"/>
        <line num="131" count="1" type="stmt"/>
        <line num="133" count="1" type="stmt"/>
        <line num="134" count="1" type="stmt"/>
        <line num="146" count="65" type="stmt"/>
        <line num="147" count="2" type="stmt"/>
        <line num="157" count="65" type="stmt"/>
        <line num="158" count="0" type="stmt"/>
        <line num="164" count="65" type="stmt"/>
        <line num="165" count="0" type="stmt"/>
        <line num="171" count="65" type="stmt"/>
        <line num="172" count="4" type="stmt"/>
        <line num="178" count="65" type="stmt"/>
        <line num="179" count="4" type="stmt"/>
        <line num="189" count="65" type="stmt"/>
        <line num="190" count="0" type="stmt"/>
        <line num="196" count="65" type="stmt"/>
        <line num="198" count="0" type="stmt"/>
        <line num="206" count="65" type="stmt"/>
        <line num="208" count="0" type="stmt"/>
        <line num="216" count="65" type="stmt"/>
        <line num="218" count="0" type="stmt"/>
        <line num="230" count="65" type="stmt"/>
        <line num="231" count="0" type="stmt"/>
        <line num="237" count="65" type="stmt"/>
        <line num="238" count="0" type="stmt"/>
        <line num="241" count="65" type="stmt"/>
      </file>
      <file name="useChangePassword.ts" path="C:\Users\jeffrey\Desktop\Githubmains\DKLTracker\dkl-steps-app\src\hooks\useChangePassword.ts">
        <metrics statements="35" coveredstatements="35" conditionals="13" coveredconditionals="12" methods="6" coveredmethods="6"/>
        <line num="24" count="40" type="stmt"/>
        <line num="25" count="40" type="stmt"/>
        <line num="26" count="40" type="stmt"/>
        <line num="27" count="40" type="stmt"/>
        <line num="28" count="40" type="stmt"/>
        <line num="30" count="40" type="stmt"/>
        <line num="31" count="7" type="stmt"/>
        <line num="34" count="7" type="cond" truecount="5" falsecount="0"/>
        <line num="35" count="1" type="stmt"/>
        <line num="36" count="1" type="stmt"/>
        <line num="39" count="6" type="cond" truecount="2" falsecount="0"/>
        <line num="40" count="1" type="stmt"/>
        <line num="41" count="1" type="stmt"/>
        <line num="44" count="5" type="cond" truecount="2" falsecount="0"/>
        <line num="45" count="1" type="stmt"/>
        <line num="46" count="1" type="stmt"/>
        <line num="49" count="4" type="cond" truecount="2" falsecount="0"/>
        <line num="50" count="1" type="stmt"/>
        <line num="51" count="1" type="stmt"/>
        <line num="54" count="3" type="stmt"/>
        <line num="56" count="3" type="stmt"/>
        <line num="57" count="3" type="stmt"/>
        <line num="62" count="3" type="stmt"/>
        <line num="67" count="2" type="stmt"/>
        <line num="73" count="2" type="stmt"/>
        <line num="78" count="1" type="stmt"/>
        <line num="79" count="1" type="cond" truecount="1" falsecount="1"/>
        <line num="81" count="3" type="stmt"/>
        <line num="85" count="40" type="stmt"/>
        <line num="92" count="6" type="stmt"/>
        <line num="93" count="6" type="stmt"/>
        <line num="96" count="6" type="stmt"/>
        <line num="97" count="6" type="stmt"/>
        <line num="100" count="6" type="stmt"/>
        <line num="101" count="6" type="stmt"/>
      </file>
      <file name="useEventData.ts" path="C:\Users\jeffrey\Desktop\Githubmains\DKLTracker\dkl-steps-app\src\hooks\useEventData.ts">
        <metrics statements="41" coveredstatements="6" conditionals="31" coveredconditionals="5" methods="9" coveredmethods="1"/>
        <line num="36" count="0" type="stmt"/>
        <line num="38" count="0" type="stmt"/>
        <line num="44" count="0" type="cond" truecount="0" falsecount="2"/>
        <line num="45" count="0" type="stmt"/>
        <line num="48" count="0" type="stmt"/>
        <line num="51" count="0" type="stmt"/>
        <line num="52" count="0" type="stmt"/>
        <line num="53" count="0" type="stmt"/>
        <line num="63" count="0" type="stmt"/>
        <line num="65" count="0" type="stmt"/>
        <line num="66" count="0" type="stmt"/>
        <line num="76" count="0" type="stmt"/>
        <line num="77" count="0" type="stmt"/>
        <line num="83" count="0" type="stmt"/>
        <line num="84" count="0" type="stmt"/>
        <line num="87" count="0" type="cond" truecount="0" falsecount="2"/>
        <line num="88" count="0" type="stmt"/>
        <line num="89" count="0" type="stmt"/>
        <line num="93" count="0" type="cond" truecount="0" falsecount="4"/>
        <line num="94" count="0" type="stmt"/>
        <line num="95" count="0" type="stmt"/>
        <line num="99" count="0" type="stmt"/>
        <line num="100" count="0" type="stmt"/>
        <line num="172" count="3" type="stmt"/>
        <line num="180" count="3" type="stmt"/>
        <line num="192" count="3" type="stmt"/>
        <line num="193" count="0" type="stmt"/>
        <line num="194" count="0" type="cond" truecount="0" falsecount="2"/>
        <line num="196" count="0" type="cond" truecount="0" falsecount="2"/>
        <line num="197" count="0" type="stmt"/>
        <line num="204" count="0" type="stmt"/>
        <line num="208" count="3" type="cond" truecount="1" falsecount="1"/>
        <line num="210" count="3" type="stmt"/>
        <line num="214" count="3" type="stmt"/>
        <line num="221" count="0" type="stmt"/>
        <line num="235" count="0" type="stmt"/>
        <line num="237" count="0" type="cond" truecount="0" falsecount="2"/>
        <line num="238" count="0" type="cond" truecount="0" falsecount="2"/>
        <line num="241" count="0" type="stmt"/>
        <line num="248" count="0" type="stmt"/>
        <line num="249" count="0" type="cond" truecount="0" falsecount="2"/>
      </file>
      <file name="useEventMutations.ts" path="C:\Users\jeffrey\Desktop\Githubmains\DKLTracker\dkl-steps-app\src\hooks\useEventMutations.ts">
        <metrics statements="51" coveredstatements="0" conditionals="19" coveredconditionals="0" methods="19" coveredmethods="0"/>
        <line num="67" count="0" type="stmt"/>
        <line num="72" count="0" type="stmt"/>
        <line num="74" count="0" type="stmt"/>
        <line num="76" count="0" type="stmt"/>
        <line num="81" count="0" type="stmt"/>
        <line num="82" count="0" type="stmt"/>
        <line num="83" count="0" type="stmt"/>
        <line num="87" count="0" type="stmt"/>
        <line num="90" count="0" type="stmt"/>
        <line num="91" count="0" type="stmt"/>
        <line num="98" count="0" type="stmt"/>
        <line num="100" count="0" type="stmt"/>
        <line num="102" count="0" type="stmt"/>
        <line num="107" count="0" type="stmt"/>
        <line num="108" count="0" type="stmt"/>
        <line num="109" count="0" type="stmt"/>
        <line num="112" count="0" type="stmt"/>
        <line num="115" count="0" type="stmt"/>
        <line num="116" count="0" type="stmt"/>
        <line num="123" count="0" type="stmt"/>
        <line num="125" count="0" type="stmt"/>
        <line num="127" count="0" type="stmt"/>
        <line num="131" count="0" type="stmt"/>
        <line num="132" count="0" type="stmt"/>
        <line num="137" count="0" type="stmt"/>
        <line num="140" count="0" type="stmt"/>
        <line num="143" count="0" type="stmt"/>
        <line num="144" count="0" type="cond" truecount="0" falsecount="2"/>
        <line num="147" count="0" type="stmt"/>
        <line num="151" count="0" type="cond" truecount="0" falsecount="2"/>
        <line num="152" count="0" type="stmt"/>
        <line num="154" count="0" type="stmt"/>
        <line num="155" count="0" type="stmt"/>
        <line num="158" count="0" type="stmt"/>
        <line num="165" count="0" type="stmt"/>
        <line num="167" count="0" type="cond" truecount="0" falsecount="2"/>
        <line num="169" count="0" type="stmt"/>
        <line num="177" count="0" type="stmt"/>
        <line num="178" count="0" type="stmt"/>
        <line num="182" count="0" type="stmt"/>
        <line num="184" count="0" type="stmt"/>
        <line num="187" count="0" type="stmt"/>
        <line num="188" count="0" type="cond" truecount="0" falsecount="2"/>
        <line num="189" count="0" type="cond" truecount="0" falsecount="2"/>
        <line num="195" count="0" type="stmt"/>
        <line num="198" count="0" type="cond" truecount="0" falsecount="2"/>
        <line num="199" count="0" type="stmt"/>
        <line num="201" count="0" type="stmt"/>
        <line num="202" count="0" type="stmt"/>
        <line num="205" count="0" type="stmt"/>
        <line num="209" count="0" type="stmt"/>
      </file>
      <file name="useGeofencing.ts" path="C:\Users\jeffrey\Desktop\Githubmains\DKLTracker\dkl-steps-app\src\hooks\useGeofencing.ts">
        <metrics statements="132" coveredstatements="18" conditionals="79" coveredconditionals="2" methods="19" coveredmethods="5"/>
        <line num="47" count="3" type="stmt"/>
        <line num="50" count="3" type="stmt"/>
        <line num="81" count="0" type="stmt"/>
        <line num="83" count="0" type="cond" truecount="0" falsecount="2"/>
        <line num="85" count="0" type="stmt"/>
        <line num="89" count="0" type="stmt"/>
        <line num="90" count="0" type="stmt"/>
        <line num="94" count="0" type="cond" truecount="0" falsecount="2"/>
        <line num="95" count="0" type="stmt"/>
        <line num="96" count="0" type="stmt"/>
        <line num="97" count="0" type="stmt"/>
        <line num="98" count="0" type="stmt"/>
        <line num="100" count="0" type="stmt"/>
        <line num="112" count="0" type="cond" truecount="0" falsecount="2"/>
        <line num="114" count="0" type="stmt"/>
        <line num="115" count="0" type="stmt"/>
        <line num="118" count="0" type="stmt"/>
        <line num="119" count="0" type="stmt"/>
        <line num="120" count="0" type="stmt"/>
        <line num="130" count="3" type="stmt"/>
        <line num="138" count="3" type="stmt"/>
        <line num="139" count="3" type="stmt"/>
        <line num="140" count="3" type="stmt"/>
        <line num="141" count="3" type="stmt"/>
        <line num="146" count="3" type="stmt"/>
        <line num="147" count="0" type="stmt"/>
        <line num="149" count="0" type="stmt"/>
        <line num="151" count="0" type="cond" truecount="0" falsecount="2"/>
        <line num="152" count="0" type="stmt"/>
        <line num="153" count="0" type="stmt"/>
        <line num="157" count="0" type="cond" truecount="0" falsecount="2"/>
        <line num="158" count="0" type="stmt"/>
        <line num="160" count="0" type="cond" truecount="0" falsecount="2"/>
        <line num="161" count="0" type="stmt"/>
        <line num="166" count="0" type="stmt"/>
        <line num="167" count="0" type="stmt"/>
        <line num="169" count="0" type="stmt"/>
        <line num="170" count="0" type="stmt"/>
        <line num="177" count="3" type="stmt"/>
        <line num="178" count="0" type="cond" truecount="0" falsecount="2"/>
        <line num="180" count="0" type="stmt"/>
        <line num="181" count="0" type="stmt"/>
        <line num="185" count="0" type="stmt"/>
        <line num="186" count="0" type="stmt"/>
        <line num="187" count="0" type="stmt"/>
        <line num="189" count="0" type="cond" truecount="0" falsecount="2"/>
        <line num="191" count="0" type="stmt"/>
        <line num="199" count="0" type="cond" truecount="0" falsecount="2"/>
        <line num="200" count="0" type="cond" truecount="0" falsecount="2"/>
        <line num="201" count="0" type="stmt"/>
        <line num="204" count="0" type="cond" truecount="0" falsecount="4"/>
        <line num="205" count="0" type="stmt"/>
        <line num="206" count="0" type="stmt"/>
        <line num="212" count="0" type="cond" truecount="0" falsecount="4"/>
        <line num="213" count="0" type="stmt"/>
        <line num="214" count="0" type="stmt"/>
        <line num="222" count="0" type="stmt"/>
        <line num="225" count="0" type="stmt"/>
        <line num="227" count="0" type="stmt"/>
        <line num="228" count="0" type="stmt"/>
        <line num="235" count="3" type="stmt"/>
        <line num="236" count="0" type="cond" truecount="0" falsecount="2"/>
        <line num="237" count="0" type="stmt"/>
        <line num="238" count="0" type="stmt"/>
        <line num="239" count="0" type="stmt"/>
        <line num="243" count="0" type="cond" truecount="0" falsecount="2"/>
        <line num="244" count="0" type="stmt"/>
        <line num="245" count="0" type="cond" truecount="0" falsecount="2"/>
        <line num="246" count="0" type="stmt"/>
        <line num="247" count="0" type="stmt"/>
        <line num="251" count="0" type="stmt"/>
        <line num="253" count="0" type="stmt"/>
        <line num="256" count="0" type="stmt"/>
[...]
        <line num="354" count="9" type="stmt"/>
        <line num="356" count="0" type="stmt"/>
        <line num="364" count="4" type="stmt"/>
        <line num="378" count="2" type="stmt"/>
        <line num="385" count="0" type="stmt"/>
        <line num="399" count="4" type="cond" truecount="1" falsecount="1"/>
        <line num="400" count="0" type="stmt"/>
        <line num="401" count="0" type="stmt"/>
        <line num="404" count="4" type="stmt"/>
        <line num="405" count="4" type="cond" truecount="2" falsecount="0"/>
        <line num="406" count="1" type="stmt"/>
        <line num="409" count="3" type="stmt"/>
        <line num="410" count="3" type="stmt"/>
        <line num="413" count="3" type="stmt"/>
        <line num="416" count="3" type="cond" truecount="1" falsecount="1"/>
        <line num="417" count="0" type="stmt"/>
        <line num="421" count="0" type="stmt"/>
        <line num="422" count="0" type="stmt"/>
        <line num="424" count="0" type="cond" truecount="0" falsecount="2"/>
        <line num="425" count="0" type="stmt"/>
        <line num="429" count="3" type="stmt"/>
        <line num="431" count="3" type="stmt"/>
        <line num="441" count="2" type="stmt"/>
        <line num="444" count="2" type="cond" truecount="3" falsecount="1"/>
        <line num="445" count="0" type="stmt"/>
        <line num="447" count="0" type="cond" truecount="0" falsecount="2"/>
        <line num="448" count="0" type="stmt"/>
        <line num="449" count="0" type="stmt"/>
        <line num="450" count="0" type="stmt"/>
        <line num="452" count="0" type="stmt"/>
        <line num="455" count="0" type="stmt"/>
        <line num="456" count="0" type="cond" truecount="0" falsecount="2"/>
        <line num="457" count="0" type="stmt"/>
        <line num="462" count="2" type="stmt"/>
        <line num="465" count="2" type="stmt"/>
        <line num="468" count="2" type="stmt"/>
        <line num="469" count="0" type="stmt"/>
        <line num="480" count="4" type="stmt"/>
        <line num="482" count="4" type="cond" truecount="2" falsecount="0"/>
        <line num="483" count="1" type="stmt"/>
        <line num="486" count="3" type="cond" truecount="1" falsecount="1"/>
        <line num="487" count="0" type="stmt"/>
        <line num="492" count="3" type="stmt"/>
        <line num="493" count="6" type="stmt"/>
        <line num="494" count="6" type="stmt"/>
        <line num="497" count="6" type="stmt"/>
        <line num="498" count="6" type="stmt"/>
        <line num="499" count="6" type="stmt"/>
        <line num="503" count="6" type="stmt"/>
        <line num="506" count="2" type="stmt"/>
        <line num="508" count="2" type="stmt"/>
        <line num="509" count="2" type="stmt"/>
        <line num="512" count="4" type="cond" truecount="1" falsecount="1"/>
        <line num="513" count="4" type="stmt"/>
        <line num="515" count="4" type="cond" truecount="2" falsecount="0"/>
        <line num="516" count="3" type="stmt"/>
        <line num="517" count="3" type="stmt"/>
        <line num="518" count="3" type="stmt"/>
        <line num="523" count="1" type="stmt"/>
        <line num="524" count="1" type="stmt"/>
        <line num="525" count="1" type="stmt"/>
        <line num="532" count="0" type="stmt"/>
      </file>
    </package>
    <package name="theme">
      <metrics statements="13" coveredstatements="12" conditionals="6" coveredconditionals="1" methods="2" coveredmethods="1"/>
      <file name="colors.ts" path="C:\Users\jeffrey\Desktop\Githubmains\DKLTracker\dkl-steps-app\src\theme\colors.ts">
        <metrics statements="4" coveredstatements="4" conditionals="2" coveredconditionals="0" methods="1" coveredmethods="0"/>
        <line num="7" count="18" type="stmt"/>
        <line num="73" count="18" type="stmt"/>
        <line num="139" count="18" type="stmt"/>
        <line num="142" count="18" type="cond" truecount="0" falsecount="2"/>
      </file>
      <file name="components.ts" path="C:\Users\jeffrey\Desktop\Githubmains\DKLTracker\dkl-steps-app\src\theme\components.ts">
        <metrics statements="1" coveredstatements="1" conditionals="0" coveredconditionals="0" methods="0" coveredmethods="0"/>
        <line num="12" count="18" type="stmt"/>
      </file>
      <file name="index.ts" path="C:\Users\jeffrey\Desktop\Githubmains\DKLTracker\dkl-steps-app\src\theme\index.ts">
        <metrics statements="1" coveredstatements="1" conditionals="0" coveredconditionals="0" methods="0" coveredmethods="0"/>
        <line num="29" count="18" type="stmt"/>
      </file>
      <file name="shadows.ts" path="C:\Users\jeffrey\Desktop\Githubmains\DKLTracker\dkl-steps-app\src\theme\shadows.ts">
        <metrics statements="5" coveredstatements="4" conditionals="4" coveredconditionals="1" methods="1" coveredmethods="1"/>
        <line num="11" count="18" type="stmt"/>
        <line num="16" count="90" type="cond" truecount="1" falsecount="1"/>
        <line num="17" count="0" type="stmt"/>
        <line num="21" count="90" type="stmt"/>
        <line num="32" count="18" type="stmt"/>
      </file>
      <file name="spacing.ts" path="C:\Users\jeffrey\Desktop\Githubmains\DKLTracker\dkl-steps-app\src\theme\spacing.ts">
        <metrics statements="1" coveredstatements="1" conditionals="0" coveredconditionals="0" methods="0" coveredmethods="0"/>
        <line num="6" count="18" type="stmt"/>
      </file>
      <file name="typography.ts" path="C:\Users\jeffrey\Desktop\Githubmains\DKLTracker\dkl-steps-app\src\theme\typography.ts">
        <metrics statements="1" coveredstatements="1" conditionals="0" coveredconditionals="0" methods="0" coveredmethods="0"/>
        <line num="6" count="18" type="stmt"/>
      </file>
    </package>
    <package name="utils">
      <metrics statements="231" coveredstatements="116" conditionals="132" coveredconditionals="54" methods="91" coveredmethods="39"/>
      <file name="animations.ts" path="C:\Users\jeffrey\Desktop\Githubmains\DKLTracker\dkl-steps-app\src\utils\animations.ts">
        <metrics statements="31" coveredstatements="10" conditionals="3" coveredconditionals="0" methods="18" coveredmethods="0"/>
        <line num="11" count="6" type="stmt"/>
        <line num="22" count="6" type="stmt"/>
        <line num="58" count="6" type="stmt"/>
        <line num="94" count="6" type="stmt"/>
        <line num="109" count="6" type="stmt"/>
        <line num="112" count="0" type="stmt"/>
        <line num="119" count="0" type="stmt"/>
        <line num="127" count="0" type="stmt"/>
        <line num="134" count="0" type="stmt"/>
        <line num="142" count="0" type="stmt"/>
        <line num="149" count="0" type="stmt"/>
        <line num="157" count="0" type="stmt"/>
        <line num="173" count="0" type="stmt"/>
        <line num="188" count="0" type="stmt"/>
        <line num="201" count="6" type="stmt"/>
        <line num="206" count="0" type="stmt"/>
        <line num="207" count="0" type="stmt"/>
        <line num="214" count="0" type="stmt"/>
        <line num="220" count="6" type="stmt"/>
        <line num="225" count="0" type="stmt"/>
        <line num="243" count="6" type="stmt"/>
        <line num="248" count="0" type="stmt"/>
        <line num="250" count="0" type="stmt"/>
        <line num="257" count="0" type="stmt"/>
        <line num="263" count="6" type="stmt"/>
        <line num="265" count="0" type="stmt"/>
        <line num="279" count="0" type="stmt"/>
        <line num="293" count="0" type="stmt"/>
        <line num="300" count="0" type="stmt"/>
        <line num="319" count="6" type="stmt"/>
        <line num="324" count="0" type="stmt"/>
      </file>
      <file name="apiHelpers.ts" path="C:\Users\jeffrey\Desktop\Githubmains\DKLTracker\dkl-steps-app\src\utils\apiHelpers.ts">
        <metrics statements="23" coveredstatements="0" conditionals="34" coveredconditionals="0" methods="4" coveredmethods="0"/>
        <line num="19" count="0" type="cond" truecount="0" falsecount="2"/>
        <line num="20" count="0" type="stmt"/>
        <line num="21" count="0" type="stmt"/>
        <line num="25" count="0" type="cond" truecount="0" falsecount="2"/>
        <line num="26" count="0" type="stmt"/>
        <line num="27" count="0" type="stmt"/>
        <line num="31" count="0" type="stmt"/>
        <line num="33" count="0" type="cond" truecount="0" falsecount="5"/>
        <line num="36" count="0" type="cond" truecount="0" falsecount="3"/>
        <line num="39" count="0" type="cond" truecount="0" falsecount="2"/>
        <line num="44" count="0" type="cond" truecount="0" falsecount="4"/>
        <line num="45" count="0" type="stmt"/>
        <line num="48" count="0" type="stmt"/>
        <line num="55" count="0" type="stmt"/>
        <line num="56" count="0" type="stmt"/>
        <line num="65" count="0" type="stmt"/>
        <line num="84" count="0" type="cond" truecount="0" falsecount="2"/>
        <line num="85" count="0" type="cond" truecount="0" falsecount="2"/>
        <line num="87" count="0" type="cond" truecount="0" falsecount="2"/>
        <line num="88" count="0" type="stmt"/>
        <line num="91" count="0" type="cond" truecount="0" falsecount="2"/>
        <line num="92" count="0" type="stmt"/>
        <line num="95" count="0" type="stmt"/>
      </file>
      <file name="authStorage.ts" path="C:\Users\jeffrey\Desktop\Githubmains\DKLTracker\dkl-steps-app\src\utils\authStorage.ts">
        <metrics statements="46" coveredstatements="3" conditionals="16" coveredconditionals="0" methods="30" coveredmethods="1"/>
        <line num="23" count="6" type="stmt"/>
        <line num="36" count="6" type="stmt"/>
        <line num="45" count="0" type="stmt"/>
        <line num="46" count="0" type="stmt"/>
        <line num="53" count="0" type="stmt"/>
        <line num="60" count="0" type="stmt"/>
        <line num="61" count="0" type="stmt"/>
        <line num="68" count="0" type="stmt"/>
        <line num="79" count="0" type="stmt"/>
        <line num="82" count="0" type="cond" truecount="0" falsecount="2"/>
        <line num="83" count="0" type="stmt"/>
        <line num="84" count="0" type="stmt"/>
        <line num="85" count="0" type="stmt"/>
        <line num="87" count="0" type="stmt"/>
        <line num="98" count="1" type="stmt"/>
        <line num="109" count="0" type="stmt"/>
        <line num="110" count="0" type="cond" truecount="0" falsecount="2"/>
        <line num="117" count="0" type="stmt"/>
        <line num="118" count="0" type="cond" truecount="0" falsecount="2"/>
        <line num="125" count="0" type="stmt"/>
        <line num="126" count="0" type="cond" truecount="0" falsecount="2"/>
        <line num="133" count="0" type="stmt"/>
        <line num="134" count="0" type="cond" truecount="0" falsecount="2"/>
        <line num="147" count="0" type="stmt"/>
        <line num="148" count="0" type="stmt"/>
        <line num="149" count="0" type="cond" truecount="0" falsecount="2"/>
        <line num="159" count="0" type="stmt"/>
        <line num="160" count="0" type="stmt"/>
        <line num="161" count="0" type="cond" truecount="0" falsecount="2"/>
        <line num="171" count="0" type="stmt"/>
        <line num="172" count="0" type="stmt"/>
        <line num="173" count="0" type="cond" truecount="0" falsecount="2"/>
        <line num="182" count="0" type="stmt"/>
        <line num="183" count="0" type="stmt"/>
        <line num="190" count="0" type="stmt"/>
        <line num="191" count="0" type="stmt"/>
        <line num="192" count="0" type="stmt"/>
        <line num="203" count="0" type="stmt"/>
        <line num="210" count="0" type="stmt"/>
        <line num="217" count="0" type="stmt"/>
        <line num="218" count="0" type="stmt"/>
        <line num="230" count="0" type="stmt"/>
        <line num="238" count="0" type="stmt"/>
        <line num="246" count="0" type="stmt"/>
        <line num="257" count="0" type="stmt"/>
        <line num="265" count="0" type="stmt"/>
      </file>
      <file name="haptics.ts" path="C:\Users\jeffrey\Desktop\Githubmains\DKLTracker\dkl-steps-app\src\utils\haptics.ts">
        <metrics statements="26" coveredstatements="26" conditionals="16" coveredconditionals="8" methods="10" coveredmethods="10"/>
        <line num="28" count="10" type="cond" truecount="1" falsecount="1"/>
        <line num="33" count="10" type="stmt"/>
        <line num="38" count="12" type="cond" truecount="1" falsecount="1"/>
        <line num="39" count="12" type="stmt"/>
        <line num="40" count="12" type="stmt"/>
        <line num="51" count="4" type="cond" truecount="1" falsecount="1"/>
        <line num="52" count="4" type="stmt"/>
        <line num="53" count="4" type="stmt"/>
        <line num="64" count="3" type="cond" truecount="1" falsecount="1"/>
        <line num="65" count="3" type="stmt"/>
        <line num="66" count="3" type="stmt"/>
        <line num="77" count="4" type="cond" truecount="1" falsecount="1"/>
        <line num="78" count="4" type="stmt"/>
        <line num="79" count="4" type="stmt"/>
        <line num="92" count="2" type="cond" truecount="1" falsecount="1"/>
        <line num="93" count="2" type="stmt"/>
        <line num="94" count="2" type="stmt"/>
        <line num="107" count="3" type="cond" truecount="1" falsecount="1"/>
        <line num="108" count="3" type="stmt"/>
        <line num="109" count="3" type="stmt"/>
        <line num="122" count="3" type="cond" truecount="1" falsecount="1"/>
        <line num="123" count="3" type="stmt"/>
        <line num="124" count="3" type="stmt"/>
        <line num="136" count="10" type="stmt"/>
        <line num="141" count="10" type="stmt"/>
        <line num="146" count="10" type="stmt"/>
      </file>
      <file name="logger.ts" path="C:\Users\jeffrey\Desktop\Githubmains\DKLTracker\dkl-steps-app\src\utils\logger.ts">
        <metrics statements="32" coveredstatements="30" conditionals="23" coveredconditionals="15" methods="13" coveredmethods="13"/>
        <line num="19" count="30" type="stmt"/>
        <line num="22" count="30" type="stmt"/>
        <line num="23" count="30" type="stmt"/>
        <line num="28" count="30" type="stmt"/>
        <line num="29" count="218" type="stmt"/>
        <line num="30" count="218" type="stmt"/>
        <line num="41" count="30" type="stmt"/>
        <line num="47" count="110" type="cond" truecount="3" falsecount="1"/>
        <line num="48" count="0" type="stmt"/>
        <line num="57" count="136" type="cond" truecount="1" falsecount="1"/>
        <line num="58" count="136" type="stmt"/>
        <line num="67" count="17" type="stmt"/>
        <line num="75" count="46" type="stmt"/>
        <line num="88" count="79" type="cond" truecount="3" falsecount="1"/>
        <line num="89" count="0" type="stmt"/>
        <line num="98" count="13" type="cond" truecount="1" falsecount="1"/>
        <line num="99" count="13" type="stmt"/>
        <line num="108" count="4" type="cond" truecount="1" falsecount="1"/>
        <line num="109" count="4" type="stmt"/>
        <line num="118" count="2" type="cond" truecount="1" falsecount="1"/>
        <line num="119" count="2" type="cond" truecount="2" falsecount="0"/>
        <line num="120" count="1" type="stmt"/>
        <line num="122" count="1" type="stmt"/>
        <line num="128" count="1" type="cond" truecount="1" falsecount="1"/>
        <line num="129" count="1" type="stmt"/>
        <line num="138" count="1" type="cond" truecount="1" falsecount="1"/>
        <line num="139" count="1" type="stmt"/>
        <line num="155" count="2" type="stmt"/>
        <line num="157" count="2" type="stmt"/>
        <line num="159" count="2" type="stmt"/>
        <line num="160" count="2" type="stmt"/>
        <line num="161" count="2" type="stmt"/>
      </file>
      <file name="storage.ts" path="C:\Users\jeffrey\Desktop\Githubmains\DKLTracker\dkl-steps-app\src\utils\storage.ts">
        <metrics statements="73" coveredstatements="47" conditionals="40" coveredconditionals="31" methods="16" coveredmethods="15"/>
        <line num="27" count="13" type="stmt"/>
        <line num="28" count="13" type="stmt"/>
        <line num="29" count="13" type="stmt"/>
        <line num="31" count="13" type="stmt"/>
        <line num="33" count="13" type="stmt"/>
        <line num="34" count="13" type="stmt"/>
        <line num="35" count="13" type="stmt"/>
        <line num="36" count="13" type="stmt"/>
        <line num="38" count="0" type="stmt"/>
        <line num="39" count="0" type="stmt"/>
        <line num="45" count="13" type="stmt"/>
        <line num="50" count="37" type="stmt"/>
        <line num="51" count="37" type="cond" truecount="3" falsecount="1"/>
        <line num="52" count="37" type="cond" truecount="2" falsecount="0"/>
        <line num="54" count="0" type="stmt"/>
        <line num="57" count="0" type="stmt"/>
        <line num="58" count="0" type="stmt"/>
        <line num="66" count="31" type="stmt"/>
        <line num="67" count="31" type="cond" truecount="3" falsecount="1"/>
        <line num="68" count="31" type="stmt"/>
        <line num="70" count="0" type="stmt"/>
        <line num="73" count="0" type="stmt"/>
        <line num="74" count="0" type="stmt"/>
        <line num="82" count="4" type="stmt"/>
        <line num="83" count="4" type="cond" truecount="3" falsecount="1"/>
        <line num="84" count="4" type="stmt"/>
        <line num="86" count="0" type="stmt"/>
        <line num="89" count="0" type="stmt"/>
        <line num="90" count="0" type="stmt"/>
        <line num="98" count="40" type="stmt"/>
        <line num="99" count="40" type="cond" truecount="3" falsecount="1"/>
        <line num="100" count="40" type="stmt"/>
        <line num="102" count="0" type="stmt"/>
        <line num="104" count="40" type="stmt"/>
        <line num="106" count="0" type="stmt"/>
        <line num="107" count="0" type="stmt"/>
        <line num="115" count="3" type="stmt"/>
        <line num="116" count="3" type="cond" truecount="3" falsecount="1"/>
        <line num="117" count="3" type="stmt"/>
        <line num="119" count="0" type="stmt"/>
        <line num="122" count="0" type="stmt"/>
        <line num="123" count="0" type="stmt"/>
        <line num="131" count="2" type="stmt"/>
        <line num="132" count="2" type="cond" truecount="3" falsecount="1"/>
        <line num="134" count="2" type="stmt"/>
        <line num="135" count="2" type="stmt"/>
        <line num="138" count="0" type="stmt"/>
        <line num="141" count="0" type="stmt"/>
        <line num="142" count="0" type="stmt"/>
        <line num="150" count="2" type="stmt"/>
        <line num="151" count="2" type="cond" truecount="3" falsecount="1"/>
        <line num="153" count="4" type="cond" truecount="2" falsecount="0"/>
        <line num="155" count="0" type="stmt"/>
        <line num="158" count="0" type="stmt"/>
        <line num="159" count="0" type="stmt"/>
        <line num="167" count="2" type="stmt"/>
        <line num="168" count="2" type="cond" truecount="3" falsecount="1"/>
        <line num="169" count="4" type="stmt"/>
        <line num="171" count="0" type="stmt"/>
        <line num="174" count="0" type="stmt"/>
        <line num="175" count="0" type="stmt"/>
        <line num="183" count="14" type="stmt"/>
        <line num="184" count="14" type="stmt"/>
        <line num="185" count="14" type="cond" truecount="2" falsecount="0"/>
        <line num="187" count="3" type="stmt"/>
        <line num="188" count="3" type="stmt"/>
        <line num="196" count="9" type="stmt"/>
        <line num="197" count="9" type="stmt"/>
        <line num="198" count="8" type="stmt"/>
        <line num="200" count="1" type="stmt"/>
        <line num="201" count="1" type="stmt"/>
        <line num="209" count="1" type="cond" truecount="1" falsecount="1"/>
        <line num="216" count="1" type="stmt"/>
      </file>
    </package>
  </project>
</coverage>
