<?xml version="1.0" encoding="UTF-8"?>
<coverage generated="1761491585015" clover="3.2.0">
  <project timestamp="1761491585015" name="All files">
    <metrics statements="827" coveredstatements="634" conditionals="593" coveredconditionals="400" methods="189" coveredmethods="134" elements="1609" coveredelements="1168" complexity="0" loc="827" ncloc="827" packages="7" files="36" classes="36"/>
    <package name="components">
      <metrics statements="41" coveredstatements="40" conditionals="51" coveredconditionals="49" methods="13" coveredmethods="12"/>
      <file name="ErrorBoundary.tsx" path="C:\Users\jeffrey\Desktop\Githubmains\DKLTracker\dkl-steps-app\src\components\ErrorBoundary.tsx">
        <metrics statements="13" coveredstatements="12" conditionals="9" coveredconditionals="9" methods="5" coveredmethods="4"/>
        <line num="25" count="32" type="stmt"/>
        <line num="26" count="32" type="stmt"/>
        <line num="34" count="26" type="stmt"/>
        <line num="42" count="13" type="stmt"/>
        <line num="43" count="13" type="stmt"/>
        <line num="53" count="32" type="stmt"/>
        <line num="54" count="0" type="stmt"/>
        <line num="61" count="58" type="cond" truecount="2" falsecount="0"/>
        <line num="63" count="26" type="cond" truecount="2" falsecount="0"/>
        <line num="64" count="4" type="stmt"/>
        <line num="68" count="22" type="stmt"/>
        <line num="116" count="32" type="stmt"/>
        <line num="120" count="1" type="stmt"/>
      </file>
      <file name="NetworkStatusBanner.tsx" path="C:\Users\jeffrey\Desktop\Githubmains\DKLTracker\dkl-steps-app\src\components\NetworkStatusBanner.tsx">
        <metrics statements="11" coveredstatements="11" conditionals="6" coveredconditionals="6" methods="2" coveredmethods="2"/>
        <line num="20" count="14" type="stmt"/>
        <line num="21" count="14" type="stmt"/>
        <line num="24" count="14" type="cond" truecount="2" falsecount="0"/>
        <line num="26" count="14" type="stmt"/>
        <line num="27" count="14" type="cond" truecount="2" falsecount="0"/>
        <line num="29" count="10" type="stmt"/>
        <line num="37" count="4" type="stmt"/>
        <line num="46" count="14" type="cond" truecount="2" falsecount="0"/>
        <line num="47" count="4" type="stmt"/>
        <line num="50" count="10" type="stmt"/>
        <line num="75" count="1" type="stmt"/>
      </file>
      <file name="StepCounter.tsx" path="C:\Users\jeffrey\Desktop\Githubmains\DKLTracker\dkl-steps-app\src\components\StepCounter.tsx">
        <metrics statements="3" coveredstatements="3" conditionals="0" coveredconditionals="0" methods="1" coveredmethods="1"/>
        <line num="43" count="3" type="stmt"/>
        <line num="45" count="3" type="stmt"/>
        <line num="78" count="2" type="stmt"/>
      </file>
      <file name="StepCounterControls.tsx" path="C:\Users\jeffrey\Desktop\Githubmains\DKLTracker\dkl-steps-app\src\components\StepCounterControls.tsx">
        <metrics statements="3" coveredstatements="3" conditionals="9" coveredconditionals="9" methods="2" coveredmethods="2"/>
        <line num="43" count="32" type="stmt"/>
        <line num="70" count="1" type="stmt"/>
        <line num="100" count="3" type="stmt"/>
      </file>
      <file name="StepCounterDisplay.tsx" path="C:\Users\jeffrey\Desktop\Githubmains\DKLTracker\dkl-steps-app\src\components\StepCounterDisplay.tsx">
        <metrics statements="11" coveredstatements="11" conditionals="27" coveredconditionals="25" methods="3" coveredmethods="3"/>
        <line num="41" count="29" type="stmt"/>
        <line num="42" count="4" type="cond" truecount="1" falsecount="1"/>
        <line num="43" count="4" type="stmt"/>
        <line num="44" count="4" type="cond" truecount="2" falsecount="0"/>
        <line num="45" count="2" type="stmt"/>
        <line num="46" count="2" type="cond" truecount="2" falsecount="0"/>
        <line num="47" count="1" type="stmt"/>
        <line num="48" count="1" type="stmt"/>
        <line num="51" count="29" type="stmt"/>
        <line num="53" count="29" type="stmt"/>
        <line num="129" count="3" type="stmt"/>
      </file>
    </package>
    <package name="components.ui">
      <metrics statements="18" coveredstatements="18" conditionals="44" coveredconditionals="43" methods="8" coveredmethods="8"/>
      <file name="Card.tsx" path="C:\Users\jeffrey\Desktop\Githubmains\DKLTracker\dkl-steps-app\src\components\ui\Card.tsx">
        <metrics statements="1" coveredstatements="1" conditionals="1" coveredconditionals="1" methods="1" coveredmethods="1"/>
        <line num="17" count="21" type="stmt"/>
      </file>
      <file name="CustomButton.tsx" path="C:\Users\jeffrey\Desktop\Githubmains\DKLTracker\dkl-steps-app\src\components\ui\CustomButton.tsx">
        <metrics statements="4" coveredstatements="4" conditionals="11" coveredconditionals="11" methods="1" coveredmethods="1"/>
        <line num="29" count="19" type="cond" truecount="2" falsecount="0"/>
        <line num="33" count="19" type="cond" truecount="2" falsecount="0"/>
        <line num="37" count="19" type="stmt"/>
        <line num="62" count="7" type="stmt"/>
      </file>
      <file name="CustomInput.tsx" path="C:\Users\jeffrey\Desktop\Githubmains\DKLTracker\dkl-steps-app\src\components\ui\CustomInput.tsx">
        <metrics statements="2" coveredstatements="2" conditionals="6" coveredconditionals="6" methods="1" coveredmethods="1"/>
        <line num="23" count="29" type="stmt"/>
        <line num="48" count="7" type="stmt"/>
      </file>
      <file name="DKLLogo.tsx" path="C:\Users\jeffrey\Desktop\Githubmains\DKLTracker\dkl-steps-app\src\components\ui\DKLLogo.tsx">
        <metrics statements="3" coveredstatements="3" conditionals="1" coveredconditionals="1" methods="1" coveredmethods="1"/>
        <line num="22" count="12" type="stmt"/>
        <line num="42" count="12" type="stmt"/>
        <line num="49" count="130" type="stmt"/>
      </file>
      <file name="ErrorScreen.tsx" path="C:\Users\jeffrey\Desktop\Githubmains\DKLTracker\dkl-steps-app\src\components\ui\ErrorScreen.tsx">
        <metrics statements="2" coveredstatements="2" conditionals="10" coveredconditionals="10" methods="1" coveredmethods="1"/>
        <line num="29" count="22" type="stmt"/>
        <line num="61" count="7" type="stmt"/>
      </file>
      <file name="LazyLoadScreen.tsx" path="C:\Users\jeffrey\Desktop\Githubmains\DKLTracker\dkl-steps-app\src\components\ui\LazyLoadScreen.tsx">
        <metrics statements="2" coveredstatements="2" conditionals="0" coveredconditionals="0" methods="1" coveredmethods="1"/>
        <line num="16" count="1" type="stmt"/>
        <line num="28" count="7" type="stmt"/>
      </file>
      <file name="LoadingScreen.tsx" path="C:\Users\jeffrey\Desktop\Githubmains\DKLTracker\dkl-steps-app\src\components\ui\LoadingScreen.tsx">
        <metrics statements="2" coveredstatements="2" conditionals="5" coveredconditionals="5" methods="1" coveredmethods="1"/>
        <line num="23" count="27" type="stmt"/>
        <line num="41" count="7" type="stmt"/>
      </file>
      <file name="ScreenHeader.tsx" path="C:\Users\jeffrey\Desktop\Githubmains\DKLTracker\dkl-steps-app\src\components\ui\ScreenHeader.tsx">
        <metrics statements="2" coveredstatements="2" conditionals="10" coveredconditionals="9" methods="1" coveredmethods="1"/>
        <line num="28" count="70" type="stmt"/>
        <line num="55" count="7" type="stmt"/>
      </file>
      <file name="index.ts" path="C:\Users\jeffrey\Desktop\Githubmains\DKLTracker\dkl-steps-app\src\components\ui\index.ts">
        <metrics statements="0" coveredstatements="0" conditionals="0" coveredconditionals="0" methods="0" coveredmethods="0"/>
      </file>
    </package>
    <package name="hooks">
      <metrics statements="271" coveredstatements="223" conditionals="150" coveredconditionals="110" methods="52" coveredmethods="42"/>
      <file name="index.ts" path="C:\Users\jeffrey\Desktop\Githubmains\DKLTracker\dkl-steps-app\src\hooks\index.ts">
        <metrics statements="0" coveredstatements="0" conditionals="0" coveredconditionals="0" methods="0" coveredmethods="0"/>
      </file>
      <file name="useAccessControl.ts" path="C:\Users\jeffrey\Desktop\Githubmains\DKLTracker\dkl-steps-app\src\hooks\useAccessControl.ts">
        <metrics statements="33" coveredstatements="27" conditionals="16" coveredconditionals="10" methods="8" coveredmethods="7"/>
        <line num="77" count="62" type="stmt"/>
        <line num="78" count="62" type="stmt"/>
        <line num="79" count="62" type="stmt"/>
        <line num="80" count="62" type="stmt"/>
        <line num="89" count="62" type="cond" truecount="2" falsecount="0"/>
        <line num="93" count="62" type="stmt"/>
        <line num="94" count="50" type="stmt"/>
        <line num="95" count="50" type="stmt"/>
        <line num="96" count="50" type="stmt"/>
        <line num="97" count="48" type="cond" truecount="2" falsecount="0"/>
        <line num="99" count="48" type="stmt"/>
        <line num="102" count="66" type="stmt"/>
        <line num="103" count="48" type="stmt"/>
        <line num="105" count="48" type="stmt"/>
        <line num="107" count="48" type="cond" truecount="2" falsecount="0"/>
        <line num="108" count="26" type="stmt"/>
        <line num="114" count="26" type="cond" truecount="2" falsecount="0"/>
        <line num="118" count="26" type="stmt"/>
        <line num="126" count="0" type="cond" truecount="0" falsecount="2"/>
        <line num="127" count="0" type="stmt"/>
        <line num="131" count="0" type="cond" truecount="0" falsecount="2"/>
        <line num="133" count="0" type="cond" truecount="0" falsecount="2"/>
        <line num="134" count="0" type="stmt"/>
        <line num="137" count="0" type="stmt"/>
        <line num="145" count="22" type="stmt"/>
        <line num="151" count="2" type="stmt"/>
        <line num="152" count="2" type="stmt"/>
        <line num="154" count="50" type="stmt"/>
        <line num="158" count="50" type="stmt"/>
        <line num="161" count="62" type="stmt"/>
        <line num="172" count="3" type="stmt"/>
        <line num="179" count="3" type="stmt"/>
        <line num="186" count="7" type="stmt"/>
      </file>
      <file name="useAuth.ts" path="C:\Users\jeffrey\Desktop\Githubmains\DKLTracker\dkl-steps-app\src\hooks\useAuth.ts">
        <metrics statements="35" coveredstatements="35" conditionals="10" coveredconditionals="9" methods="9" coveredmethods="9"/>
        <line num="36" count="22" type="stmt"/>
        <line num="42" count="22" type="stmt"/>
        <line num="43" count="4" type="stmt"/>
        <line num="52" count="2" type="stmt"/>
        <line num="53" count="2" type="stmt"/>
        <line num="54" count="2" type="stmt"/>
        <line num="55" count="1" type="stmt"/>
        <line num="57" count="1" type="stmt"/>
        <line num="58" count="1" type="stmt"/>
        <line num="70" count="22" type="stmt"/>
        <line num="71" count="2" type="stmt"/>
        <line num="72" count="2" type="stmt"/>
        <line num="73" count="2" type="stmt"/>
        <line num="74" count="1" type="stmt"/>
        <line num="76" count="1" type="stmt"/>
        <line num="84" count="22" type="stmt"/>
        <line num="85" count="4" type="stmt"/>
        <line num="86" count="4" type="stmt"/>
        <line num="93" count="3" type="stmt"/>
        <line num="100" count="3" type="stmt"/>
        <line num="105" count="3" type="stmt"/>
        <line num="107" count="1" type="stmt"/>
        <line num="108" count="1" type="stmt"/>
        <line num="120" count="22" type="stmt"/>
        <line num="121" count="2" type="stmt"/>
        <line num="122" count="2" type="stmt"/>
        <line num="128" count="22" type="stmt"/>
        <line num="129" count="4" type="stmt"/>
        <line num="130" count="4" type="cond" truecount="2" falsecount="0"/>
        <line num="131" count="4" type="stmt"/>
        <line num="137" count="22" type="stmt"/>
        <line num="138" count="4" type="stmt"/>
        <line num="139" count="4" type="cond" truecount="1" falsecount="1"/>
        <line num="140" count="5" type="stmt"/>
        <line num="143" count="22" type="stmt"/>
      </file>
      <file name="useNetworkStatus.ts" path="C:\Users\jeffrey\Desktop\Githubmains\DKLTracker\dkl-steps-app\src\hooks\useNetworkStatus.ts">
        <metrics statements="30" coveredstatements="30" conditionals="35" coveredconditionals="35" methods="7" coveredmethods="7"/>
        <line num="82" count="64" type="stmt"/>
        <line num="99" count="64" type="cond" truecount="2" falsecount="0"/>
        <line num="101" count="64" type="stmt"/>
        <line num="102" count="57" type="cond" truecount="2" falsecount="0"/>
        <line num="103" count="57" type="cond" truecount="2" falsecount="0"/>
        <line num="104" count="57" type="cond" truecount="2" falsecount="0"/>
        <line num="106" count="57" type="stmt"/>
        <line num="119" count="57" type="cond" truecount="2" falsecount="0"/>
        <line num="120" count="48" type="stmt"/>
        <line num="128" count="57" type="stmt"/>
        <line num="129" count="57" type="cond" truecount="2" falsecount="0"/>
        <line num="130" count="22" type="cond" truecount="2" falsecount="0"/>
        <line num="131" count="18" type="cond" truecount="2" falsecount="0"/>
        <line num="135" count="22" type="cond" truecount="4" falsecount="0"/>
        <line num="136" count="3" type="stmt"/>
        <line num="137" count="19" type="cond" truecount="4" falsecount="0"/>
        <line num="138" count="3" type="stmt"/>
        <line num="141" count="22" type="cond" truecount="2" falsecount="0"/>
        <line num="142" count="2" type="stmt"/>
        <line num="146" count="57" type="stmt"/>
        <line num="149" count="64" type="stmt"/>
        <line num="151" count="42" type="stmt"/>
        <line num="154" count="42" type="stmt"/>
        <line num="155" count="42" type="stmt"/>
        <line num="158" count="42" type="stmt"/>
        <line num="159" count="42" type="stmt"/>
        <line num="163" count="64" type="stmt"/>
        <line num="170" count="6" type="stmt"/>
        <line num="171" count="6" type="stmt"/>
        <line num="181" count="4" type="stmt"/>
      </file>
      <file name="useRefreshOnFocus.ts" path="C:\Users\jeffrey\Desktop\Githubmains\DKLTracker\dkl-steps-app\src\hooks\useRefreshOnFocus.ts">
        <metrics statements="36" coveredstatements="26" conditionals="26" coveredconditionals="18" methods="7" coveredmethods="5"/>
        <line num="34" count="13" type="stmt"/>
        <line num="36" count="13" type="stmt"/>
        <line num="39" count="12" type="cond" truecount="2" falsecount="0"/>
        <line num="40" count="7" type="stmt"/>
        <line num="41" count="7" type="stmt"/>
        <line num="44" count="5" type="cond" truecount="2" falsecount="0"/>
        <line num="45" count="4" type="stmt"/>
        <line num="46" count="4" type="stmt"/>
        <line num="64" count="10" type="stmt"/>
        <line num="65" count="10" type="stmt"/>
        <line num="66" count="10" type="stmt"/>
        <line num="72" count="10" type="cond" truecount="2" falsecount="0"/>
        <line num="74" count="10" type="stmt"/>
        <line num="76" count="7" type="cond" truecount="1" falsecount="1"/>
        <line num="77" count="0" type="stmt"/>
        <line num="78" count="0" type="cond" truecount="0" falsecount="2"/>
        <line num="79" count="0" type="stmt"/>
        <line num="80" count="0" type="stmt"/>
        <line num="82" count="0" type="stmt"/>
        <line num="85" count="7" type="stmt"/>
        <line num="86" count="7" type="stmt"/>
        <line num="89" count="10" type="stmt"/>
        <line num="92" count="4" type="cond" truecount="4" falsecount="0"/>
        <line num="93" count="2" type="stmt"/>
        <line num="94" count="2" type="stmt"/>
        <line num="97" count="2" type="cond" truecount="1" falsecount="1"/>
        <line num="99" count="2" type="cond" truecount="1" falsecount="1"/>
        <line num="100" count="0" type="stmt"/>
        <line num="104" count="2" type="cond" truecount="1" falsecount="1"/>
        <line num="105" count="0" type="stmt"/>
        <line num="106" count="0" type="stmt"/>
        <line num="109" count="2" type="stmt"/>
        <line num="113" count="2" type="stmt"/>
        <line num="114" count="0" type="cond" truecount="0" falsecount="2"/>
        <line num="115" count="0" type="stmt"/>
        <line num="121" count="10" type="stmt"/>
      </file>
      <file name="useStepTracking.ts" path="C:\Users\jeffrey\Desktop\Githubmains\DKLTracker\dkl-steps-app\src\hooks\useStepTracking.ts">
        <metrics statements="137" coveredstatements="105" conditionals="63" coveredconditionals="38" methods="21" coveredmethods="14"/>
        <line num="39" count="5" type="stmt"/>
        <line num="40" count="5" type="stmt"/>
        <line num="70" count="55" type="stmt"/>
        <line num="71" count="55" type="stmt"/>
        <line num="72" count="55" type="stmt"/>
        <line num="73" count="55" type="stmt"/>
        <line num="74" count="55" type="stmt"/>
        <line num="75" count="55" type="stmt"/>
        <line num="76" count="55" type="stmt"/>
        <line num="77" count="55" type="stmt"/>
        <line num="78" count="55" type="stmt"/>
        <line num="83" count="55" type="stmt"/>
        <line num="84" count="11" type="cond" truecount="1" falsecount="1"/>
        <line num="85" count="0" type="stmt"/>
        <line num="86" count="0" type="stmt"/>
        <line num="89" count="11" type="cond" truecount="2" falsecount="0"/>
        <line num="90" count="1" type="stmt"/>
        <line num="94" count="10" type="cond" truecount="2" falsecount="0"/>
        <line num="95" count="1" type="stmt"/>
        <line num="96" count="1" type="stmt"/>
        <line num="99" count="9" type="stmt"/>
        <line num="102" count="9" type="stmt"/>
        <line num="103" count="9" type="cond" truecount="2" falsecount="0"/>
        <line num="104" count="2" type="stmt"/>
        <line num="105" count="2" type="stmt"/>
        <line num="106" count="2" type="stmt"/>
        <line num="107" count="2" type="stmt"/>
        <line num="112" count="2" type="stmt"/>
        <line num="113" count="2" type="stmt"/>
        <line num="114" count="2" type="stmt"/>
        <line num="117" count="7" type="stmt"/>
        <line num="119" count="7" type="stmt"/>
        <line num="120" count="7" type="stmt"/>
        <line num="121" count="7" type="stmt"/>
        <line num="125" count="6" type="stmt"/>
        <line num="126" count="6" type="stmt"/>
        <line num="127" count="6" type="stmt"/>
        <line num="128" count="6" type="stmt"/>
        <line num="130" count="6" type="stmt"/>
        <line num="131" count="6" type="stmt"/>
        <line num="133" count="1" type="stmt"/>
        <line num="135" count="1" type="cond" truecount="1" falsecount="1"/>
        <line num="136" count="0" type="cond" truecount="0" falsecount="2"/>
        <line num="137" count="0" type="stmt"/>
        <line num="138" count="0" type="stmt"/>
        <line num="139" count="0" type="stmt"/>
        <line num="144" count="0" type="stmt"/>
        <line num="145" count="0" type="stmt"/>
        <line num="146" count="0" type="stmt"/>
        <line num="148" count="0" type="stmt"/>
        <line num="149" count="0" type="stmt"/>
        <line num="150" count="0" type="cond" truecount="0" falsecount="2"/>
        <line num="151" count="0" type="stmt"/>
        <line num="152" count="0" type="stmt"/>
        <line num="156" count="1" type="stmt"/>
        <line num="157" count="1" type="stmt"/>
        <line num="158" count="1" type="cond" truecount="1" falsecount="1"/>
        <line num="159" count="1" type="stmt"/>
        <line num="160" count="1" type="stmt"/>
        <line num="164" count="7" type="stmt"/>
        <line num="171" count="55" type="stmt"/>
        <line num="172" count="39" type="stmt"/>
        <line num="173" count="39" type="stmt"/>
        <line num="174" count="39" type="stmt"/>
        <line num="175" count="37" type="stmt"/>
        <line num="177" count="37" type="cond" truecount="2" falsecount="0"/>
        <line num="178" count="2" type="stmt"/>
        <line num="179" count="2" type="stmt"/>
        <line num="180" count="2" type="stmt"/>
        <line num="183" count="35" type="stmt"/>
        <line num="184" count="35" type="stmt"/>
        <line num="186" count="35" type="cond" truecount="2" falsecount="0"/>
        <line num="187" count="2" type="stmt"/>
        <line num="188" count="2" type="stmt"/>
        <line num="190" count="2" type="stmt"/>
        <line num="197" count="0" type="stmt"/>
        <line num="200" count="2" type="stmt"/>
        <line num="203" count="33" type="stmt"/>
        <line num="204" count="33" type="stmt"/>
        <line num="207" count="2" type="stmt"/>
        <line num="208" count="2" type="stmt"/>
        <line num="209" count="2" type="stmt"/>
        <line num="213" count="39" type="stmt"/>
        <line num="215" count="39" type="stmt"/>
        <line num="217" count="39" type="cond" truecount="2" falsecount="0"/>
        <line num="218" count="16" type="stmt"/>
        <line num="219" count="0" type="stmt"/>
        <line num="220" count="0" type="stmt"/>
        <line num="221" count="0" type="stmt"/>
        <line num="222" count="0" type="stmt"/>
        <line num="223" count="0" type="stmt"/>
        <line num="228" count="39" type="stmt"/>
        <line num="229" count="0" type="cond" truecount="0" falsecount="5"/>
        <line num="230" count="0" type="stmt"/>
        <line num="231" count="0" type="stmt"/>
        <line num="235" count="39" type="stmt"/>
        <line num="236" count="39" type="cond" truecount="2" falsecount="0"/>
        <line num="237" count="16" type="stmt"/>
        <line num="239" count="39" type="stmt"/>
        <line num="240" count="39" type="cond" truecount="1" falsecount="1"/>
        <line num="241" count="0" type="stmt"/>
        <line num="249" count="55" type="stmt"/>
        <line num="251" count="29" type="cond" truecount="5" falsecount="0"/>
        <line num="252" count="2" type="stmt"/>
        <line num="253" count="2" type="stmt"/>
        <line num="254" count="2" type="stmt"/>
        <line num="255" count="2" type="stmt"/>
        <line num="259" count="27" type="cond" truecount="1" falsecount="1"/>
        <line num="260" count="0" type="stmt"/>
        <line num="261" count="0" type="stmt"/>
        <line num="265" count="27" type="cond" truecount="4" falsecount="1"/>
        <line num="266" count="0" type="stmt"/>
        <line num="267" count="0" type="stmt"/>
        <line num="268" count="0" type="stmt"/>
        <line num="269" count="0" type="stmt"/>
        <line num="273" count="27" type="stmt"/>
        <line num="274" count="27" type="cond" truecount="1" falsecount="1"/>
        <line num="275" count="0" type="stmt"/>
        <line num="276" count="0" type="stmt"/>
        <line num="284" count="55" type="stmt"/>
        <line num="285" count="1" type="stmt"/>
        <line num="286" count="1" type="stmt"/>
        <line num="292" count="55" type="stmt"/>
        <line num="293" count="1" type="stmt"/>
        <line num="299" count="55" type="stmt"/>
        <line num="300" count="1" type="stmt"/>
        <line num="301" count="1" type="stmt"/>
        <line num="302" count="1" type="stmt"/>
        <line num="303" count="1" type="stmt"/>
        <line num="305" count="1" type="cond" truecount="1" falsecount="1"/>
        <line num="309" count="1" type="stmt"/>
        <line num="328" count="55" type="stmt"/>
        <line num="329" count="2" type="stmt"/>
        <line num="330" count="2" type="stmt"/>
        <line num="336" count="55" type="stmt"/>
        <line num="337" count="1" type="stmt"/>
        <line num="346" count="55" type="stmt"/>
      </file>
    </package>
    <package name="screens">
      <metrics statements="299" coveredstatements="190" conditionals="209" coveredconditionals="95" methods="70" coveredmethods="27"/>
      <file name="AdminFundsScreen.tsx" path="C:\Users\jeffrey\Desktop\Githubmains\DKLTracker\dkl-steps-app\src\screens\AdminFundsScreen.tsx">
        <metrics statements="67" coveredstatements="17" conditionals="32" coveredconditionals="3" methods="20" coveredmethods="1"/>
        <line num="14" count="2" type="stmt"/>
        <line num="15" count="2" type="stmt"/>
        <line num="16" count="2" type="stmt"/>
        <line num="17" count="2" type="stmt"/>
        <line num="20" count="2" type="stmt"/>
        <line num="22" count="2" type="stmt"/>
        <line num="25" count="0" type="stmt"/>
        <line num="26" count="0" type="stmt"/>
        <line num="27" count="0" type="stmt"/>
        <line num="28" count="0" type="stmt"/>
        <line num="34" count="2" type="stmt"/>
        <line num="36" count="0" type="stmt"/>
        <line num="41" count="0" type="stmt"/>
        <line num="42" count="0" type="stmt"/>
        <line num="43" count="0" type="stmt"/>
        <line num="44" count="0" type="stmt"/>
        <line num="45" count="0" type="stmt"/>
        <line num="48" count="0" type="stmt"/>
        <line num="49" count="0" type="stmt"/>
        <line num="53" count="2" type="stmt"/>
        <line num="55" count="0" type="stmt"/>
        <line num="60" count="0" type="stmt"/>
        <line num="61" count="0" type="stmt"/>
        <line num="62" count="0" type="stmt"/>
        <line num="65" count="0" type="stmt"/>
        <line num="66" count="0" type="stmt"/>
        <line num="70" count="2" type="stmt"/>
        <line num="72" count="0" type="stmt"/>
        <line num="76" count="0" type="stmt"/>
        <line num="77" count="0" type="stmt"/>
        <line num="78" count="0" type="stmt"/>
        <line num="81" count="0" type="stmt"/>
        <line num="82" count="0" type="stmt"/>
        <line num="86" count="2" type="stmt"/>
        <line num="87" count="0" type="stmt"/>
        <line num="88" count="0" type="cond" truecount="0" falsecount="2"/>
        <line num="89" count="0" type="stmt"/>
        <line num="90" count="0" type="stmt"/>
        <line num="92" count="0" type="cond" truecount="0" falsecount="4"/>
        <line num="93" count="0" type="stmt"/>
        <line num="94" count="0" type="stmt"/>
        <line num="96" count="0" type="stmt"/>
        <line num="99" count="2" type="stmt"/>
        <line num="100" count="0" type="stmt"/>
        <line num="101" count="0" type="cond" truecount="0" falsecount="2"/>
        <line num="102" count="0" type="stmt"/>
        <line num="103" count="0" type="stmt"/>
        <line num="105" count="0" type="stmt"/>
        <line num="108" count="2" type="stmt"/>
        <line num="109" count="0" type="stmt"/>
        <line num="117" count="0" type="stmt"/>
        <line num="123" count="2" type="cond" truecount="2" falsecount="0"/>
        <line num="124" count="1" type="stmt"/>
        <line num="127" count="1" type="cond" truecount="1" falsecount="1"/>
        <line num="128" count="1" type="stmt"/>
        <line num="136" count="0" type="cond" truecount="0" falsecount="2"/>
        <line num="137" count="0" type="stmt"/>
        <line num="141" count="0" type="cond" truecount="0" falsecount="2"/>
        <line num="142" count="0" type="stmt"/>
        <line num="156" count="0" type="stmt"/>
        <line num="168" count="0" type="stmt"/>
        <line num="170" count="0" type="stmt"/>
        <line num="193" count="0" type="stmt"/>
        <line num="202" count="0" type="stmt"/>
        <line num="210" count="0" type="stmt"/>
        <line num="218" count="0" type="stmt"/>
        <line num="263" count="1" type="stmt"/>
      </file>
      <file name="ChangePasswordScreen.tsx" path="C:\Users\jeffrey\Desktop\Githubmains\DKLTracker\dkl-steps-app\src\screens\ChangePasswordScreen.tsx">
        <metrics statements="31" coveredstatements="31" conditionals="17" coveredconditionals="16" methods="3" coveredmethods="3"/>
        <line num="11" count="40" type="stmt"/>
        <line num="12" count="40" type="stmt"/>
        <line num="13" count="40" type="stmt"/>
        <line num="14" count="40" type="stmt"/>
        <line num="15" count="40" type="stmt"/>
        <line num="16" count="40" type="stmt"/>
        <line num="18" count="40" type="stmt"/>
        <line num="19" count="7" type="stmt"/>
        <line num="22" count="7" type="cond" truecount="5" falsecount="0"/>
        <line num="23" count="1" type="stmt"/>
        <line num="24" count="1" type="stmt"/>
        <line num="27" count="6" type="cond" truecount="2" falsecount="0"/>
        <line num="28" count="1" type="stmt"/>
        <line num="29" count="1" type="stmt"/>
        <line num="32" count="5" type="cond" truecount="2" falsecount="0"/>
        <line num="33" count="1" type="stmt"/>
        <line num="34" count="1" type="stmt"/>
        <line num="37" count="4" type="cond" truecount="2" falsecount="0"/>
        <line num="38" count="1" type="stmt"/>
        <line num="39" count="1" type="stmt"/>
        <line num="42" count="3" type="stmt"/>
        <line num="44" count="3" type="stmt"/>
        <line num="45" count="3" type="stmt"/>
        <line num="50" count="3" type="stmt"/>
        <line num="55" count="2" type="stmt"/>
        <line num="61" count="2" type="stmt"/>
        <line num="66" count="1" type="stmt"/>
        <line num="67" count="1" type="cond" truecount="1" falsecount="1"/>
        <line num="69" count="3" type="stmt"/>
        <line num="73" count="40" type="stmt"/>
        <line num="141" count="1" type="stmt"/>
      </file>
      <file name="DashboardScreen.tsx" path="C:\Users\jeffrey\Desktop\Githubmains\DKLTracker\dkl-steps-app\src\screens\DashboardScreen.tsx">
        <metrics statements="41" coveredstatements="26" conditionals="58" coveredconditionals="24" methods="15" coveredmethods="5"/>
        <line num="23" count="2" type="stmt"/>
        <line num="24" count="2" type="stmt"/>
        <line num="25" count="2" type="stmt"/>
        <line num="26" count="2" type="stmt"/>
        <line num="27" count="2" type="stmt"/>
        <line num="30" count="2" type="stmt"/>
        <line num="33" count="2" type="stmt"/>
        <line num="34" count="1" type="stmt"/>
        <line num="35" count="1" type="stmt"/>
        <line num="36" count="1" type="stmt"/>
        <line num="37" count="1" type="cond" truecount="2" falsecount="0"/>
        <line num="39" count="1" type="stmt"/>
        <line num="43" count="2" type="stmt"/>
        <line num="44" count="0" type="stmt"/>
        <line num="48" count="2" type="cond" truecount="2" falsecount="0"/>
        <line num="49" count="2" type="cond" truecount="2" falsecount="0"/>
        <line num="52" count="2" type="stmt"/>
        <line num="55" count="0" type="stmt"/>
        <line num="62" count="2" type="stmt"/>
        <line num="63" count="1" type="cond" truecount="2" falsecount="0"/>
        <line num="67" count="2" type="stmt"/>
        <line num="68" count="1" type="cond" truecount="1" falsecount="1"/>
        <line num="74" count="2" type="stmt"/>
        <line num="75" count="0" type="stmt"/>
        <line num="76" count="0" type="stmt"/>
        <line num="77" count="0" type="stmt"/>
        <line num="80" count="2" type="cond" truecount="2" falsecount="2"/>
        <line num="81" count="0" type="stmt"/>
        <line num="90" count="2" type="cond" truecount="1" falsecount="1"/>
        <line num="91" count="0" type="stmt"/>
        <line num="158" count="0" type="stmt"/>
        <line num="171" count="0" type="stmt"/>
        <line num="185" count="0" type="stmt"/>
        <line num="199" count="0" type="stmt"/>
        <line num="231" count="2" type="cond" truecount="1" falsecount="1"/>
        <line num="232" count="0" type="stmt"/>
        <line num="245" count="2" type="stmt"/>
        <line num="369" count="0" type="stmt"/>
        <line num="384" count="0" type="stmt"/>
        <line num="399" count="0" type="stmt"/>
        <line num="435" count="1" type="stmt"/>
      </file>
      <file name="DigitalBoardScreen.tsx" path="C:\Users\jeffrey\Desktop\Githubmains\DKLTracker\dkl-steps-app\src\screens\DigitalBoardScreen.tsx">
        <metrics statements="45" coveredstatements="33" conditionals="16" coveredconditionals="4" methods="7" coveredmethods="6"/>
        <line num="12" count="4" type="stmt"/>
        <line num="13" count="3" type="stmt"/>
        <line num="14" count="3" type="stmt"/>
        <line num="15" count="3" type="stmt"/>
        <line num="16" count="3" type="stmt"/>
        <line num="18" count="3" type="stmt"/>
        <line num="19" count="1" type="stmt"/>
        <line num="20" count="1" type="stmt"/>
        <line num="21" count="1" type="stmt"/>
        <line num="22" count="1" type="stmt"/>
        <line num="23" count="1" type="stmt"/>
        <line num="24" count="1" type="stmt"/>
        <line num="25" count="1" type="stmt"/>
        <line num="27" count="0" type="stmt"/>
        <line num="28" count="0" type="stmt"/>
        <line num="29" count="0" type="stmt"/>
        <line num="30" count="0" type="stmt"/>
        <line num="35" count="1" type="stmt"/>
        <line num="36" count="1" type="stmt"/>
        <line num="37" count="1" type="stmt"/>
        <line num="40" count="1" type="cond" truecount="1" falsecount="1"/>
        <line num="41" count="0" type="stmt"/>
        <line num="45" count="1" type="stmt"/>
        <line num="49" count="1" type="stmt"/>
        <line num="50" count="1" type="stmt"/>
        <line num="51" count="1" type="cond" truecount="1" falsecount="1"/>
        <line num="52" count="1" type="stmt"/>
        <line num="53" count="1" type="stmt"/>
        <line num="58" count="1" type="stmt"/>
        <line num="60" count="0" type="cond" truecount="0" falsecount="4"/>
        <line num="61" count="0" type="stmt"/>
        <line num="62" count="0" type="stmt"/>
        <line num="65" count="0" type="cond" truecount="0" falsecount="4"/>
        <line num="66" count="0" type="stmt"/>
        <line num="67" count="0" type="stmt"/>
        <line num="70" count="0" type="stmt"/>
        <line num="74" count="1" type="stmt"/>
        <line num="77" count="1" type="stmt"/>
        <line num="80" count="1" type="stmt"/>
        <line num="81" count="1" type="stmt"/>
        <line num="82" count="1" type="stmt"/>
        <line num="86" count="3" type="cond" truecount="2" falsecount="0"/>
        <line num="87" count="1" type="stmt"/>
        <line num="98" count="2" type="stmt"/>
        <line num="156" count="1" type="stmt"/>
      </file>
      <file name="GlobalDashboardScreen.tsx" path="C:\Users\jeffrey\Desktop\Githubmains\DKLTracker\dkl-steps-app\src\screens\GlobalDashboardScreen.tsx">
        <metrics statements="41" coveredstatements="21" conditionals="42" coveredconditionals="14" methods="13" coveredmethods="3"/>
        <line num="20" count="2" type="stmt"/>
        <line num="21" count="2" type="stmt"/>
        <line num="24" count="2" type="stmt"/>
        <line num="30" count="2" type="cond" truecount="2" falsecount="0"/>
        <line num="33" count="2" type="stmt"/>
        <line num="34" count="0" type="cond" truecount="0" falsecount="2"/>
        <line num="35" count="0" type="stmt"/>
        <line num="36" count="0" type="stmt"/>
        <line num="45" count="2" type="stmt"/>
        <line num="47" count="0" type="stmt"/>
        <line num="58" count="2" type="stmt"/>
        <line num="60" count="0" type="stmt"/>
        <line num="66" count="2" type="stmt"/>
        <line num="67" count="0" type="stmt"/>
        <line num="68" count="0" type="stmt"/>
        <line num="73" count="2" type="stmt"/>
        <line num="74" count="1" type="cond" truecount="1" falsecount="1"/>
        <line num="75" count="0" type="stmt"/>
        <line num="84" count="2" type="stmt"/>
        <line num="85" count="1" type="stmt"/>
        <line num="86" count="0" type="cond" truecount="0" falsecount="2"/>
        <line num="87" count="0" type="cond" truecount="0" falsecount="2"/>
        <line num="88" count="0" type="stmt"/>
        <line num="93" count="2" type="cond" truecount="2" falsecount="0"/>
        <line num="94" count="2" type="cond" truecount="2" falsecount="0"/>
        <line num="95" count="2" type="cond" truecount="2" falsecount="0"/>
        <line num="96" count="2" type="cond" truecount="2" falsecount="0"/>
        <line num="99" count="2" type="cond" truecount="2" falsecount="0"/>
        <line num="100" count="1" type="stmt"/>
        <line num="103" count="1" type="cond" truecount="1" falsecount="1"/>
        <line num="104" count="1" type="stmt"/>
        <line num="112" count="0" type="cond" truecount="0" falsecount="5"/>
        <line num="113" count="0" type="stmt"/>
        <line num="117" count="0" type="cond" truecount="0" falsecount="5"/>
        <line num="118" count="0" type="stmt"/>
        <line num="135" count="0" type="stmt"/>
        <line num="191" count="0" type="stmt"/>
        <line num="226" count="0" type="stmt"/>
        <line num="232" count="0" type="stmt"/>
        <line num="243" count="0" type="stmt"/>
        <line num="271" count="1" type="stmt"/>
      </file>
      <file name="LoginScreen.tsx" path="C:\Users\jeffrey\Desktop\Githubmains\DKLTracker\dkl-steps-app\src\screens\LoginScreen.tsx">
        <metrics statements="74" coveredstatements="62" conditionals="44" coveredconditionals="34" methods="12" coveredmethods="9"/>
        <line num="28" count="56" type="stmt"/>
        <line num="29" count="56" type="stmt"/>
        <line num="30" count="56" type="stmt"/>
        <line num="31" count="56" type="stmt"/>
        <line num="32" count="56" type="stmt"/>
        <line num="33" count="56" type="stmt"/>
        <line num="34" count="56" type="stmt"/>
        <line num="35" count="56" type="stmt"/>
        <line num="36" count="56" type="stmt"/>
        <line num="37" count="56" type="stmt"/>
        <line num="38" count="56" type="stmt"/>
        <line num="40" count="56" type="stmt"/>
        <line num="41" count="9" type="stmt"/>
        <line num="42" count="9" type="stmt"/>
        <line num="45" count="56" type="stmt"/>
        <line num="47" count="11" type="stmt"/>
        <line num="48" count="11" type="stmt"/>
        <line num="51" count="11" type="cond" truecount="2" falsecount="0"/>
        <line num="52" count="2" type="stmt"/>
        <line num="53" count="2" type="stmt"/>
        <line num="56" count="9" type="cond" truecount="2" falsecount="0"/>
        <line num="57" count="1" type="stmt"/>
        <line num="58" count="1" type="stmt"/>
        <line num="61" count="8" type="cond" truecount="2" falsecount="0"/>
        <line num="62" count="1" type="stmt"/>
        <line num="63" count="1" type="stmt"/>
        <line num="66" count="7" type="cond" truecount="2" falsecount="0"/>
        <line num="67" count="1" type="stmt"/>
        <line num="68" count="1" type="stmt"/>
        <line num="71" count="6" type="stmt"/>
        <line num="73" count="6" type="stmt"/>
        <line num="75" count="6" type="stmt"/>
        <line num="77" count="6" type="stmt"/>
        <line num="79" count="6" type="stmt"/>
        <line num="87" count="4" type="stmt"/>
        <line num="94" count="4" type="stmt"/>
        <line num="103" count="4" type="stmt"/>
        <line num="106" count="4" type="stmt"/>
        <line num="107" count="4" type="stmt"/>
        <line num="110" count="4" type="stmt"/>
        <line num="125" count="4" type="stmt"/>
        <line num="126" count="0" type="stmt"/>
        <line num="130" count="2" type="stmt"/>
        <line num="133" count="2" type="stmt"/>
        <line num="135" count="2" type="cond" truecount="1" falsecount="1"/>
        <line num="136" count="0" type="cond" truecount="0" falsecount="2"/>
        <line num="137" count="0" type="stmt"/>
        <line num="138" count="0" type="cond" truecount="0" falsecount="2"/>
        <line num="139" count="0" type="stmt"/>
        <line num="140" count="0" type="cond" truecount="0" falsecount="2"/>
        <line num="141" count="0" type="stmt"/>
        <line num="142" count="0" type="cond" truecount="0" falsecount="2"/>
        <line num="143" count="0" type="stmt"/>
        <line num="145" count="0" type="stmt"/>
        <line num="147" count="2" type="cond" truecount="4" falsecount="0"/>
        <line num="148" count="1" type="stmt"/>
        <line num="150" count="1" type="stmt"/>
        <line num="153" count="2" type="stmt"/>
        <line num="156" count="2" type="stmt"/>
        <line num="158" count="6" type="stmt"/>
        <line num="162" count="56" type="stmt"/>
        <line num="191" count="10" type="stmt"/>
        <line num="192" count="10" type="stmt"/>
        <line num="198" count="0" type="stmt"/>
        <line num="213" count="7" type="stmt"/>
        <line num="214" count="7" type="stmt"/>
        <line num="223" count="2" type="stmt"/>
        <line num="260" count="1" type="stmt"/>
        <line num="273" count="1" type="stmt"/>
        <line num="274" count="1" type="stmt"/>
        <line num="282" count="1" type="stmt"/>
        <line num="283" count="1" type="stmt"/>
        <line num="302" count="0" type="stmt"/>
        <line num="350" count="1" type="stmt"/>
      </file>
    </package>
    <package name="services">
      <metrics statements="59" coveredstatements="53" conditionals="60" coveredconditionals="52" methods="6" coveredmethods="6"/>
      <file name="api.ts" path="C:\Users\jeffrey\Desktop\Githubmains\DKLTracker\dkl-steps-app\src\services\api.ts">
        <metrics statements="59" coveredstatements="53" conditionals="60" coveredconditionals="52" methods="6" coveredmethods="6"/>
        <line num="12" count="9" type="cond" truecount="1" falsecount="1"/>
        <line num="35" count="37" type="stmt"/>
        <line num="37" count="37" type="stmt"/>
        <line num="40" count="37" type="cond" truecount="2" falsecount="0"/>
        <line num="42" count="37" type="stmt"/>
        <line num="50" count="37" type="stmt"/>
        <line num="51" count="48" type="stmt"/>
        <line num="52" count="48" type="stmt"/>
        <line num="54" count="48" type="stmt"/>
        <line num="55" count="48" type="stmt"/>
        <line num="61" count="40" type="stmt"/>
        <line num="64" count="40" type="stmt"/>
        <line num="67" count="40" type="cond" truecount="2" falsecount="0"/>
        <line num="68" count="16" type="stmt"/>
        <line num="69" count="16" type="stmt"/>
        <line num="70" count="16" type="stmt"/>
        <line num="74" count="24" type="stmt"/>
        <line num="77" count="24" type="stmt"/>
        <line num="80" count="24" type="cond" truecount="4" falsecount="0"/>
        <line num="81" count="3" type="stmt"/>
        <line num="84" count="3" type="cond" truecount="2" falsecount="0"/>
        <line num="85" count="1" type="stmt"/>
        <line num="89" count="2" type="stmt"/>
        <line num="90" count="2" type="stmt"/>
        <line num="91" count="2" type="stmt"/>
        <line num="92" count="2" type="stmt"/>
        <line num="96" count="21" type="cond" truecount="4" falsecount="0"/>
        <line num="97" count="5" type="stmt"/>
        <line num="100" count="5" type="cond" truecount="2" falsecount="0"/>
        <line num="101" count="1" type="stmt"/>
        <line num="105" count="4" type="stmt"/>
        <line num="106" count="4" type="stmt"/>
        <line num="107" count="4" type="stmt"/>
        <line num="108" count="4" type="stmt"/>
        <line num="112" count="16" type="cond" truecount="4" falsecount="0"/>
        <line num="113" count="4" type="stmt"/>
        <line num="117" count="12" type="cond" truecount="4" falsecount="0"/>
        <line num="118" count="6" type="cond" truecount="4" falsecount="0"/>
        <line num="119" count="5" type="stmt"/>
        <line num="124" count="7" type="cond" truecount="2" falsecount="0"/>
        <line num="125" count="2" type="stmt"/>
        <line num="129" count="5" type="stmt"/>
        <line num="130" count="5" type="stmt"/>
        <line num="131" count="5" type="stmt"/>
        <line num="136" count="0" type="stmt"/>
        <line num="143" count="16" type="cond" truecount="2" falsecount="0"/>
        <line num="145" count="16" type="cond" truecount="6" falsecount="5"/>
        <line num="147" count="4" type="cond" truecount="2" falsecount="0"/>
        <line num="149" count="3" type="stmt"/>
        <line num="151" count="1" type="stmt"/>
        <line num="153" count="1" type="cond" truecount="2" falsecount="0"/>
        <line num="155" count="1" type="stmt"/>
        <line num="157" count="0" type="stmt"/>
        <line num="159" count="6" type="stmt"/>
        <line num="161" count="0" type="stmt"/>
        <line num="163" count="0" type="stmt"/>
        <line num="165" count="0" type="stmt"/>
        <line num="167" count="0" type="cond" truecount="0" falsecount="2"/>
        <line num="175" count="11" type="stmt"/>
      </file>
    </package>
    <package name="theme">
      <metrics statements="10" coveredstatements="9" conditionals="4" coveredconditionals="1" methods="1" coveredmethods="1"/>
      <file name="colors.ts" path="C:\Users\jeffrey\Desktop\Githubmains\DKLTracker\dkl-steps-app\src\theme\colors.ts">
        <metrics statements="1" coveredstatements="1" conditionals="0" coveredconditionals="0" methods="0" coveredmethods="0"/>
        <line num="6" count="18" type="stmt"/>
      </file>
      <file name="components.ts" path="C:\Users\jeffrey\Desktop\Githubmains\DKLTracker\dkl-steps-app\src\theme\components.ts">
        <metrics statements="1" coveredstatements="1" conditionals="0" coveredconditionals="0" methods="0" coveredmethods="0"/>
        <line num="12" count="18" type="stmt"/>
      </file>
      <file name="index.ts" path="C:\Users\jeffrey\Desktop\Githubmains\DKLTracker\dkl-steps-app\src\theme\index.ts">
        <metrics statements="1" coveredstatements="1" conditionals="0" coveredconditionals="0" methods="0" coveredmethods="0"/>
        <line num="29" count="18" type="stmt"/>
      </file>
      <file name="shadows.ts" path="C:\Users\jeffrey\Desktop\Githubmains\DKLTracker\dkl-steps-app\src\theme\shadows.ts">
        <metrics statements="5" coveredstatements="4" conditionals="4" coveredconditionals="1" methods="1" coveredmethods="1"/>
        <line num="11" count="18" type="stmt"/>
        <line num="16" count="90" type="cond" truecount="1" falsecount="1"/>
        <line num="17" count="0" type="stmt"/>
        <line num="21" count="90" type="stmt"/>
        <line num="32" count="18" type="stmt"/>
      </file>
      <file name="spacing.ts" path="C:\Users\jeffrey\Desktop\Githubmains\DKLTracker\dkl-steps-app\src\theme\spacing.ts">
        <metrics statements="1" coveredstatements="1" conditionals="0" coveredconditionals="0" methods="0" coveredmethods="0"/>
        <line num="6" count="18" type="stmt"/>
      </file>
      <file name="typography.ts" path="C:\Users\jeffrey\Desktop\Githubmains\DKLTracker\dkl-steps-app\src\theme\typography.ts">
        <metrics statements="1" coveredstatements="1" conditionals="0" coveredconditionals="0" methods="0" coveredmethods="0"/>
        <line num="6" count="18" type="stmt"/>
      </file>
    </package>
    <package name="utils">
      <metrics statements="129" coveredstatements="101" conditionals="75" coveredconditionals="50" methods="39" coveredmethods="38"/>
      <file name="haptics.ts" path="C:\Users\jeffrey\Desktop\Githubmains\DKLTracker\dkl-steps-app\src\utils\haptics.ts">
        <metrics statements="26" coveredstatements="26" conditionals="16" coveredconditionals="8" methods="10" coveredmethods="10"/>
        <line num="28" count="7" type="cond" truecount="1" falsecount="1"/>
        <line num="33" count="7" type="stmt"/>
        <line num="38" count="6" type="cond" truecount="1" falsecount="1"/>
        <line num="39" count="6" type="stmt"/>
        <line num="40" count="6" type="stmt"/>
        <line num="51" count="4" type="cond" truecount="1" falsecount="1"/>
        <line num="52" count="4" type="stmt"/>
        <line num="53" count="4" type="stmt"/>
        <line num="64" count="3" type="cond" truecount="1" falsecount="1"/>
        <line num="65" count="3" type="stmt"/>
        <line num="66" count="3" type="stmt"/>
        <line num="77" count="4" type="cond" truecount="1" falsecount="1"/>
        <line num="78" count="4" type="stmt"/>
        <line num="79" count="4" type="stmt"/>
        <line num="92" count="2" type="cond" truecount="1" falsecount="1"/>
        <line num="93" count="2" type="stmt"/>
        <line num="94" count="2" type="stmt"/>
        <line num="107" count="3" type="cond" truecount="1" falsecount="1"/>
        <line num="108" count="3" type="stmt"/>
        <line num="109" count="3" type="stmt"/>
        <line num="122" count="3" type="cond" truecount="1" falsecount="1"/>
        <line num="123" count="3" type="stmt"/>
        <line num="124" count="3" type="stmt"/>
        <line num="136" count="7" type="stmt"/>
        <line num="141" count="7" type="stmt"/>
        <line num="146" count="7" type="stmt"/>
      </file>
      <file name="logger.ts" path="C:\Users\jeffrey\Desktop\Githubmains\DKLTracker\dkl-steps-app\src\utils\logger.ts">
        <metrics statements="30" coveredstatements="30" conditionals="19" coveredconditionals="11" methods="13" coveredmethods="13"/>
        <line num="19" count="23" type="stmt"/>
        <line num="24" count="23" type="stmt"/>
        <line num="25" count="378" type="stmt"/>
        <line num="26" count="378" type="stmt"/>
        <line num="37" count="23" type="stmt"/>
        <line num="43" count="87" type="cond" truecount="1" falsecount="1"/>
        <line num="44" count="87" type="stmt"/>
        <line num="53" count="119" type="cond" truecount="1" falsecount="1"/>
        <line num="54" count="119" type="stmt"/>
        <line num="63" count="31" type="stmt"/>
        <line num="71" count="39" type="stmt"/>
        <line num="84" count="79" type="cond" truecount="1" falsecount="1"/>
        <line num="85" count="79" type="stmt"/>
        <line num="94" count="17" type="cond" truecount="1" falsecount="1"/>
        <line num="95" count="17" type="stmt"/>
        <line num="104" count="4" type="cond" truecount="1" falsecount="1"/>
        <line num="105" count="4" type="stmt"/>
        <line num="114" count="2" type="cond" truecount="1" falsecount="1"/>
        <line num="115" count="2" type="cond" truecount="2" falsecount="0"/>
        <line num="116" count="1" type="stmt"/>
        <line num="118" count="1" type="stmt"/>
        <line num="124" count="1" type="cond" truecount="1" falsecount="1"/>
        <line num="125" count="1" type="stmt"/>
        <line num="134" count="1" type="cond" truecount="1" falsecount="1"/>
        <line num="135" count="1" type="stmt"/>
        <line num="151" count="2" type="stmt"/>
        <line num="153" count="2" type="stmt"/>
        <line num="155" count="2" type="stmt"/>
        <line num="156" count="2" type="stmt"/>
        <line num="157" count="2" type="stmt"/>
      </file>
      <file name="storage.ts" path="C:\Users\jeffrey\Desktop\Githubmains\DKLTracker\dkl-steps-app\src\utils\storage.ts">
        <metrics statements="73" coveredstatements="45" conditionals="40" coveredconditionals="31" methods="16" coveredmethods="15"/>
        <line num="27" count="12" type="stmt"/>
        <line num="28" count="12" type="stmt"/>
        <line num="29" count="12" type="stmt"/>
        <line num="31" count="12" type="stmt"/>
        <line num="33" count="12" type="stmt"/>
        <line num="34" count="12" type="stmt"/>
        <line num="35" count="12" type="stmt"/>
        <line num="36" count="12" type="stmt"/>
        <line num="38" count="0" type="stmt"/>
        <line num="39" count="0" type="stmt"/>
        <line num="45" count="12" type="stmt"/>
        <line num="50" count="25" type="stmt"/>
        <line num="51" count="25" type="cond" truecount="3" falsecount="1"/>
        <line num="52" count="25" type="cond" truecount="2" falsecount="0"/>
        <line num="54" count="0" type="stmt"/>
        <line num="57" count="0" type="stmt"/>
        <line num="58" count="0" type="stmt"/>
        <line num="66" count="18" type="stmt"/>
        <line num="67" count="18" type="cond" truecount="3" falsecount="1"/>
        <line num="68" count="18" type="stmt"/>
        <line num="70" count="0" type="stmt"/>
        <line num="73" count="0" type="stmt"/>
        <line num="74" count="0" type="stmt"/>
        <line num="82" count="2" type="stmt"/>
        <line num="83" count="2" type="cond" truecount="3" falsecount="1"/>
        <line num="84" count="2" type="stmt"/>
        <line num="86" count="0" type="stmt"/>
        <line num="89" count="0" type="stmt"/>
        <line num="90" count="0" type="stmt"/>
        <line num="98" count="27" type="stmt"/>
        <line num="99" count="27" type="cond" truecount="3" falsecount="1"/>
        <line num="100" count="27" type="stmt"/>
        <line num="102" count="0" type="stmt"/>
        <line num="104" count="27" type="stmt"/>
        <line num="106" count="0" type="stmt"/>
        <line num="107" count="0" type="stmt"/>
        <line num="115" count="3" type="stmt"/>
        <line num="116" count="3" type="cond" truecount="3" falsecount="1"/>
        <line num="117" count="3" type="stmt"/>
        <line num="119" count="0" type="stmt"/>
        <line num="122" count="0" type="stmt"/>
        <line num="123" count="0" type="stmt"/>
        <line num="131" count="2" type="stmt"/>
        <line num="132" count="2" type="cond" truecount="3" falsecount="1"/>
        <line num="134" count="2" type="stmt"/>
        <line num="135" count="2" type="stmt"/>
        <line num="138" count="0" type="stmt"/>
        <line num="141" count="0" type="stmt"/>
        <line num="142" count="0" type="stmt"/>
        <line num="150" count="2" type="stmt"/>
        <line num="151" count="2" type="cond" truecount="3" falsecount="1"/>
        <line num="153" count="4" type="cond" truecount="2" falsecount="0"/>
        <line num="155" count="0" type="stmt"/>
        <line num="158" count="0" type="stmt"/>
        <line num="159" count="0" type="stmt"/>
        <line num="167" count="2" type="stmt"/>
        <line num="168" count="2" type="cond" truecount="3" falsecount="1"/>
        <line num="169" count="4" type="stmt"/>
        <line num="171" count="0" type="stmt"/>
        <line num="174" count="0" type="stmt"/>
        <line num="175" count="0" type="stmt"/>
        <line num="183" count="6" type="stmt"/>
        <line num="184" count="6" type="stmt"/>
        <line num="185" count="6" type="cond" truecount="2" falsecount="0"/>
        <line num="187" count="1" type="stmt"/>
        <line num="188" count="1" type="stmt"/>
        <line num="196" count="4" type="stmt"/>
        <line num="197" count="4" type="stmt"/>
        <line num="198" count="4" type="stmt"/>
        <line num="200" count="0" type="stmt"/>
        <line num="201" count="0" type="stmt"/>
        <line num="209" count="1" type="cond" truecount="1" falsecount="1"/>
        <line num="216" count="1" type="stmt"/>
      </file>
    </package>
  </project>
</coverage>
