{"C:\\Users\\jeffrey\\Desktop\\Githubmains\\DKLTracker\\dkl-steps-app\\src\\components\\ErrorBoundary.tsx": {"path":"C:\\Users\\jeffrey\\Desktop\\Githubmains\\DKLTracker\\dkl-steps-app\\src\\components\\ErrorBoundary.tsx","statementMap":{"0":{"start":{"line":25,"column":4},"end":{"line":25,"column":17}},"1":{"start":{"line":26,"column":4},"end":{"line":29,"column":6}},"2":{"start":{"line":34,"column":4},"end":{"line":37,"column":6}},"3":{"start":{"line":42,"column":4},"end":{"line":42,"column":50}},"4":{"start":{"line":43,"column":4},"end":{"line":43,"column":63}},"5":{"start":{"line":53,"column":10},"end":{"line":58,"column":3}},"6":{"start":{"line":54,"column":4},"end":{"line":57,"column":7}},"7":{"start":{"line":61,"column":4},"end":{"line":114,"column":5}},"8":{"start":{"line":63,"column":6},"end":{"line":65,"column":7}},"9":{"start":{"line":64,"column":8},"end":{"line":64,"column":66}},"10":{"start":{"line":68,"column":6},"end":{"line":113,"column":8}},"11":{"start":{"line":116,"column":4},"end":{"line":116,"column":31}},"12":{"start":{"line":120,"column":15},"end":{"line":212,"column":2}}},"fnMap":{"0":{"name":"(anonymous_0)","decl":{"start":{"line":24,"column":2},"end":{"line":24,"column":3}},"loc":{"start":{"line":24,"column":28},"end":{"line":30,"column":3}},"line":24},"1":{"name":"(anonymous_1)","decl":{"start":{"line":32,"column":2},"end":{"line":32,"column":3}},"loc":{"start":{"line":32,"column":55},"end":{"line":38,"column":3}},"line":32},"2":{"name":"(anonymous_2)","decl":{"start":{"line":40,"column":2},"end":{"line":40,"column":3}},"loc":{"start":{"line":40,"column":62},"end":{"line":51,"column":3}},"line":40},"3":{"name":"(anonymous_3)","decl":{"start":{"line":53,"column":10},"end":{"line":53,"column":11}},"loc":{"start":{"line":53,"column":16},"end":{"line":58,"column":3}},"line":53},"4":{"name":"(anonymous_4)","decl":{"start":{"line":60,"column":2},"end":{"line":60,"column":3}},"loc":{"start":{"line":60,"column":11},"end":{"line":117,"column":3}},"line":60}},"branchMap":{"0":{"loc":{"start":{"line":61,"column":4},"end":{"line":114,"column":5}},"type":"if","locations":[{"start":{"line":61,"column":4},"end":{"line":114,"column":5}},{"start":{},"end":{}}],"line":61},"1":{"loc":{"start":{"line":63,"column":6},"end":{"line":65,"column":7}},"type":"if","locations":[{"start":{"line":63,"column":6},"end":{"line":65,"column":7}},{"start":{},"end":{}}],"line":63},"2":{"loc":{"start":{"line":86,"column":11},"end":{"line":97,"column":11}},"type":"binary-expr","locations":[{"start":{"line":86,"column":11},"end":{"line":86,"column":18}},{"start":{"line":86,"column":22},"end":{"line":86,"column":38}},{"start":{"line":87,"column":12},"end":{"line":96,"column":19}}],"line":86},"3":{"loc":{"start":{"line":91,"column":15},"end":{"line":95,"column":15}},"type":"binary-expr","locations":[{"start":{"line":91,"column":15},"end":{"line":91,"column":37}},{"start":{"line":92,"column":16},"end":{"line":94,"column":23}}],"line":91}},"s":{"0":32,"1":32,"2":26,"3":13,"4":13,"5":32,"6":0,"7":58,"8":26,"9":4,"10":22,"11":32,"12":1},"f":{"0":32,"1":26,"2":13,"3":0,"4":58},"b":{"0":[26,32],"1":[4,22],"2":[22,22,22],"3":[22,22]},"_coverageSchema":"1a1c01bbd47fc00a2c39e90264f33305004495a9","hash":"77fd7fba854b1a7c8eb3522e80f6b6509a3fdbfb"}
,"C:\\Users\\jeffrey\\Desktop\\Githubmains\\DKLTracker\\dkl-steps-app\\src\\components\\NetworkStatusBanner.tsx": {"path":"C:\\Users\\jeffrey\\Desktop\\Githubmains\\DKLTracker\\dkl-steps-app\\src\\components\\NetworkStatusBanner.tsx","statementMap":{"0":{"start":{"line":20,"column":47},"end":{"line":20,"column":65}},"1":{"start":{"line":21,"column":22},"end":{"line":21,"column":56}},"2":{"start":{"line":24,"column":20},"end":{"line":24,"column":65}},"3":{"start":{"line":26,"column":2},"end":{"line":43,"column":29}},"4":{"start":{"line":27,"column":4},"end":{"line":42,"column":5}},"5":{"start":{"line":29,"column":6},"end":{"line":34,"column":17}},"6":{"start":{"line":37,"column":6},"end":{"line":41,"column":17}},"7":{"start":{"line":46,"column":2},"end":{"line":48,"column":3}},"8":{"start":{"line":47,"column":4},"end":{"line":47,"column":16}},"9":{"start":{"line":50,"column":2},"end":{"line":69,"column":4}},"10":{"start":{"line":75,"column":15},"end":{"line":116,"column":2}}},"fnMap":{"0":{"name":"NetworkStatusBanner","decl":{"start":{"line":19,"column":9},"end":{"line":19,"column":28}},"loc":{"start":{"line":19,"column":31},"end":{"line":70,"column":1}},"line":19},"1":{"name":"(anonymous_1)","decl":{"start":{"line":26,"column":12},"end":{"line":26,"column":13}},"loc":{"start":{"line":26,"column":18},"end":{"line":43,"column":3}},"line":26}},"branchMap":{"0":{"loc":{"start":{"line":24,"column":20},"end":{"line":24,"column":65}},"type":"binary-expr","locations":[{"start":{"line":24,"column":20},"end":{"line":24,"column":32}},{"start":{"line":24,"column":36},"end":{"line":24,"column":65}}],"line":24},"1":{"loc":{"start":{"line":27,"column":4},"end":{"line":42,"column":5}},"type":"if","locations":[{"start":{"line":27,"column":4},"end":{"line":42,"column":5}},{"start":{"line":35,"column":11},"end":{"line":42,"column":5}}],"line":27},"2":{"loc":{"start":{"line":46,"column":2},"end":{"line":48,"column":3}},"type":"if","locations":[{"start":{"line":46,"column":2},"end":{"line":48,"column":3}},{"start":{},"end":{}}],"line":46}},"s":{"0":14,"1":14,"2":14,"3":14,"4":14,"5":10,"6":4,"7":14,"8":4,"9":10,"10":1},"f":{"0":14,"1":14},"b":{"0":[14,5],"1":[10,4],"2":[4,10]},"_coverageSchema":"1a1c01bbd47fc00a2c39e90264f33305004495a9","hash":"3cd6104140a4d0964e6475d9012462b546635e1c"}
,"C:\\Users\\jeffrey\\Desktop\\Githubmains\\DKLTracker\\dkl-steps-app\\src\\components\\StepCounter.tsx": {"path":"C:\\Users\\jeffrey\\Desktop\\Githubmains\\DKLTracker\\dkl-steps-app\\src\\components\\StepCounter.tsx","statementMap":{"0":{"start":{"line":43,"column":6},"end":{"line":43,"column":33}},"1":{"start":{"line":45,"column":2},"end":{"line":72,"column":4}},"2":{"start":{"line":78,"column":15},"end":{"line":88,"column":2}}},"fnMap":{"0":{"name":"StepCounter","decl":{"start":{"line":27,"column":9},"end":{"line":27,"column":20}},"loc":{"start":{"line":27,"column":40},"end":{"line":73,"column":1}},"line":27}},"branchMap":{},"s":{"0":1,"1":1,"2":1},"f":{"0":1},"b":{},"_coverageSchema":"1a1c01bbd47fc00a2c39e90264f33305004495a9","hash":"4a06c693839ab274a46a7b163e656669b5acde9d"}
,"C:\\Users\\jeffrey\\Desktop\\Githubmains\\DKLTracker\\dkl-steps-app\\src\\components\\StepCounterControls.tsx": {"path":"C:\\Users\\jeffrey\\Desktop\\Githubmains\\DKLTracker\\dkl-steps-app\\src\\components\\StepCounterControls.tsx","statementMap":{"0":{"start":{"line":43,"column":2},"end":{"line":94,"column":4}},"1":{"start":{"line":70,"column":27},"end":{"line":70,"column":45}},"2":{"start":{"line":100,"column":15},"end":{"line":115,"column":2}}},"fnMap":{"0":{"name":"StepCounterControls","decl":{"start":{"line":31,"column":9},"end":{"line":31,"column":28}},"loc":{"start":{"line":41,"column":29},"end":{"line":95,"column":1}},"line":41},"1":{"name":"(anonymous_1)","decl":{"start":{"line":70,"column":21},"end":{"line":70,"column":22}},"loc":{"start":{"line":70,"column":27},"end":{"line":70,"column":45}},"line":70}},"branchMap":{"0":{"loc":{"start":{"line":46,"column":7},"end":{"line":54,"column":7}},"type":"binary-expr","locations":[{"start":{"line":46,"column":7},"end":{"line":46,"column":36}},{"start":{"line":47,"column":8},"end":{"line":53,"column":15}}],"line":46},"1":{"loc":{"start":{"line":59,"column":17},"end":{"line":59,"column":67}},"type":"cond-expr","locations":[{"start":{"line":59,"column":29},"end":{"line":59,"column":39}},{"start":{"line":59,"column":42},"end":{"line":59,"column":67}}],"line":59},"2":{"loc":{"start":{"line":61,"column":20},"end":{"line":61,"column":65}},"type":"binary-expr","locations":[{"start":{"line":61,"column":20},"end":{"line":61,"column":36}},{"start":{"line":61,"column":40},"end":{"line":61,"column":49}},{"start":{"line":61,"column":53},"end":{"line":61,"column":65}}],"line":61},"3":{"loc":{"start":{"line":72,"column":22},"end":{"line":72,"column":47}},"type":"binary-expr","locations":[{"start":{"line":72,"column":22},"end":{"line":72,"column":31}},{"start":{"line":72,"column":35},"end":{"line":72,"column":47}}],"line":72}},"s":{"0":30,"1":1,"2":2},"f":{"0":30,"1":1},"b":{"0":[30,2],"1":[5,25],"2":[30,28,23],"3":[30,25]},"_coverageSchema":"1a1c01bbd47fc00a2c39e90264f33305004495a9","hash":"15677337ad821152e4bf1e4181b7d829670732ee"}
,"C:\\Users\\jeffrey\\Desktop\\Githubmains\\DKLTracker\\dkl-steps-app\\src\\components\\StepCounterDisplay.tsx": {"path":"C:\\Users\\jeffrey\\Desktop\\Githubmains\\DKLTracker\\dkl-steps-app\\src\\components\\StepCounterDisplay.tsx","statementMap":{"0":{"start":{"line":41,"column":30},"end":{"line":49,"column":20}},"1":{"start":{"line":42,"column":4},"end":{"line":42,"column":33}},"2":{"start":{"line":42,"column":23},"end":{"line":42,"column":33}},"3":{"start":{"line":43,"column":20},"end":{"line":43,"column":76}},"4":{"start":{"line":44,"column":4},"end":{"line":44,"column":51}},"5":{"start":{"line":44,"column":22},"end":{"line":44,"column":51}},"6":{"start":{"line":45,"column":20},"end":{"line":45,"column":44}},"7":{"start":{"line":46,"column":4},"end":{"line":46,"column":51}},"8":{"start":{"line":46,"column":22},"end":{"line":46,"column":51}},"9":{"start":{"line":47,"column":18},"end":{"line":47,"column":42}},"10":{"start":{"line":48,"column":4},"end":{"line":48,"column":31}},"11":{"start":{"line":51,"column":23},"end":{"line":51,"column":62}},"12":{"start":{"line":51,"column":53},"end":{"line":51,"column":58}},"13":{"start":{"line":53,"column":2},"end":{"line":123,"column":4}},"14":{"start":{"line":129,"column":15},"end":{"line":233,"column":2}}},"fnMap":{"0":{"name":"StepCounterDisplay","decl":{"start":{"line":30,"column":9},"end":{"line":30,"column":27}},"loc":{"start":{"line":39,"column":28},"end":{"line":124,"column":1}},"line":39},"1":{"name":"(anonymous_1)","decl":{"start":{"line":41,"column":42},"end":{"line":41,"column":43}},"loc":{"start":{"line":41,"column":48},"end":{"line":49,"column":3}},"line":41},"2":{"name":"(anonymous_2)","decl":{"start":{"line":51,"column":43},"end":{"line":51,"column":44}},"loc":{"start":{"line":51,"column":53},"end":{"line":51,"column":58}},"line":51}},"branchMap":{"0":{"loc":{"start":{"line":42,"column":4},"end":{"line":42,"column":33}},"type":"if","locations":[{"start":{"line":42,"column":4},"end":{"line":42,"column":33}},{"start":{},"end":{}}],"line":42},"1":{"loc":{"start":{"line":44,"column":4},"end":{"line":44,"column":51}},"type":"if","locations":[{"start":{"line":44,"column":4},"end":{"line":44,"column":51}},{"start":{},"end":{}}],"line":44},"2":{"loc":{"start":{"line":46,"column":4},"end":{"line":46,"column":51}},"type":"if","locations":[{"start":{"line":46,"column":4},"end":{"line":46,"column":51}},{"start":{},"end":{}}],"line":46},"3":{"loc":{"start":{"line":62,"column":40},"end":{"line":62,"column":73}},"type":"binary-expr","locations":[{"start":{"line":62,"column":40},"end":{"line":62,"column":49}},{"start":{"line":62,"column":53},"end":{"line":62,"column":73}}],"line":62},"4":{"loc":{"start":{"line":64,"column":13},"end":{"line":66,"column":55}},"type":"cond-expr","locations":[{"start":{"line":65,"column":16},"end":{"line":65,"column":48}},{"start":{"line":66,"column":16},"end":{"line":66,"column":55}}],"line":64},"5":{"loc":{"start":{"line":72,"column":9},"end":{"line":76,"column":9}},"type":"binary-expr","locations":[{"start":{"line":72,"column":9},"end":{"line":72,"column":21}},{"start":{"line":72,"column":25},"end":{"line":72,"column":35}},{"start":{"line":73,"column":10},"end":{"line":75,"column":17}}],"line":72},"6":{"loc":{"start":{"line":79,"column":9},"end":{"line":81,"column":9}},"type":"binary-expr","locations":[{"start":{"line":79,"column":9},"end":{"line":79,"column":27}},{"start":{"line":80,"column":10},"end":{"line":80,"column":78}}],"line":79},"7":{"loc":{"start":{"line":84,"column":9},"end":{"line":86,"column":9}},"type":"binary-expr","locations":[{"start":{"line":84,"column":9},"end":{"line":84,"column":18}},{"start":{"line":85,"column":10},"end":{"line":85,"column":55}}],"line":84},"8":{"loc":{"start":{"line":89,"column":9},"end":{"line":93,"column":9}},"type":"binary-expr","locations":[{"start":{"line":89,"column":9},"end":{"line":89,"column":34}},{"start":{"line":90,"column":10},"end":{"line":92,"column":17}}],"line":89},"9":{"loc":{"start":{"line":97,"column":7},"end":{"line":101,"column":7}},"type":"binary-expr","locations":[{"start":{"line":97,"column":7},"end":{"line":97,"column":19}},{"start":{"line":98,"column":8},"end":{"line":100,"column":15}}],"line":97},"10":{"loc":{"start":{"line":103,"column":7},"end":{"line":109,"column":7}},"type":"binary-expr","locations":[{"start":{"line":103,"column":7},"end":{"line":103,"column":36}},{"start":{"line":104,"column":8},"end":{"line":108,"column":15}}],"line":103},"11":{"loc":{"start":{"line":111,"column":7},"end":{"line":117,"column":7}},"type":"binary-expr","locations":[{"start":{"line":111,"column":7},"end":{"line":111,"column":19}},{"start":{"line":112,"column":8},"end":{"line":116,"column":15}}],"line":111},"12":{"loc":{"start":{"line":119,"column":7},"end":{"line":121,"column":7}},"type":"binary-expr","locations":[{"start":{"line":119,"column":7},"end":{"line":119,"column":38}},{"start":{"line":120,"column":8},"end":{"line":120,"column":70}}],"line":119}},"s":{"0":27,"1":4,"2":0,"3":4,"4":4,"5":2,"6":2,"7":2,"8":1,"9":1,"10":1,"11":27,"12":8,"13":27,"14":2},"f":{"0":27,"1":4,"2":8},"b":{"0":[0,4],"1":[2,2],"2":[1,1],"3":[27,3],"4":[3,24],"5":[27,5,4],"6":[27,3],"7":[27,2],"8":[27,0],"9":[27,2],"10":[27,1],"11":[27,2],"12":[27,1]},"_coverageSchema":"1a1c01bbd47fc00a2c39e90264f33305004495a9","hash":"aa74a6b66a11860f770dea253b5b02bb6525add1"}
,"C:\\Users\\jeffrey\\Desktop\\Githubmains\\DKLTracker\\dkl-steps-app\\src\\components\\admin\\AddRouteForm.tsx": {"path":"C:\\Users\\jeffrey\\Desktop\\Githubmains\\DKLTracker\\dkl-steps-app\\src\\components\\admin\\AddRouteForm.tsx","statementMap":{"0":{"start":{"line":21,"column":2},"end":{"line":46,"column":4}},"1":{"start":{"line":49,"column":15},"end":{"line":68,"column":2}}},"fnMap":{"0":{"name":"AddRouteForm","decl":{"start":{"line":13,"column":16},"end":{"line":13,"column":28}},"loc":{"start":{"line":20,"column":22},"end":{"line":47,"column":1}},"line":20}},"branchMap":{"0":{"loc":{"start":{"line":19,"column":2},"end":{"line":19,"column":22}},"type":"default-arg","locations":[{"start":{"line":19,"column":17},"end":{"line":19,"column":22}}],"line":19},"1":{"loc":{"start":{"line":40,"column":15},"end":{"line":40,"column":58}},"type":"cond-expr","locations":[{"start":{"line":40,"column":30},"end":{"line":40,"column":44}},{"start":{"line":40,"column":47},"end":{"line":40,"column":58}}],"line":40},"2":{"loc":{"start":{"line":42,"column":18},"end":{"line":42,"column":51}},"type":"binary-expr","locations":[{"start":{"line":42,"column":18},"end":{"line":42,"column":24}},{"start":{"line":42,"column":28},"end":{"line":42,"column":35}},{"start":{"line":42,"column":39},"end":{"line":42,"column":51}}],"line":42}},"s":{"0":29,"1":1},"f":{"0":29},"b":{"0":[0],"1":[2,27],"2":[29,8,4]},"_coverageSchema":"1a1c01bbd47fc00a2c39e90264f33305004495a9","hash":"0f51d42ba43bccf27acce26ec92f0ad9c04dc9d0"}
,"C:\\Users\\jeffrey\\Desktop\\Githubmains\\DKLTracker\\dkl-steps-app\\src\\components\\admin\\AuditLogViewer.tsx": {"path":"C:\\Users\\jeffrey\\Desktop\\Githubmains\\DKLTracker\\dkl-steps-app\\src\\components\\admin\\AuditLogViewer.tsx","statementMap":{"0":{"start":{"line":25,"column":25},"end":{"line":25,"column":61}},"1":{"start":{"line":27,"column":25},"end":{"line":36,"column":3}},"2":{"start":{"line":28,"column":4},"end":{"line":35,"column":5}},"3":{"start":{"line":29,"column":21},"end":{"line":29,"column":50}},"4":{"start":{"line":30,"column":21},"end":{"line":30,"column":47}},"5":{"start":{"line":31,"column":21},"end":{"line":31,"column":48}},"6":{"start":{"line":32,"column":27},"end":{"line":32,"column":54}},"7":{"start":{"line":33,"column":21},"end":{"line":33,"column":45}},"8":{"start":{"line":34,"column":15},"end":{"line":34,"column":44}},"9":{"start":{"line":38,"column":24},"end":{"line":48,"column":3}},"10":{"start":{"line":39,"column":4},"end":{"line":47,"column":5}},"11":{"start":{"line":40,"column":21},"end":{"line":40,"column":32}},"12":{"start":{"line":41,"column":21},"end":{"line":41,"column":33}},"13":{"start":{"line":42,"column":21},"end":{"line":42,"column":34}},"14":{"start":{"line":43,"column":27},"end":{"line":43,"column":43}},"15":{"start":{"line":44,"column":21},"end":{"line":44,"column":33}},"16":{"start":{"line":45,"column":21},"end":{"line":45,"column":33}},"17":{"start":{"line":46,"column":15},"end":{"line":46,"column":27}},"18":{"start":{"line":50,"column":26},"end":{"line":59,"column":3}},"19":{"start":{"line":51,"column":17},"end":{"line":51,"column":36}},"20":{"start":{"line":52,"column":4},"end":{"line":58,"column":7}},"21":{"start":{"line":61,"column":2},"end":{"line":68,"column":3}},"22":{"start":{"line":62,"column":4},"end":{"line":67,"column":6}},"23":{"start":{"line":70,"column":2},"end":{"line":124,"column":4}},"24":{"start":{"line":92,"column":10},"end":{"line":120,"column":17}},"25":{"start":{"line":127,"column":15},"end":{"line":226,"column":2}}},"fnMap":{"0":{"name":"AuditLogViewer","decl":{"start":{"line":19,"column":16},"end":{"line":19,"column":30}},"loc":{"start":{"line":24,"column":24},"end":{"line":125,"column":1}},"line":24},"1":{"name":"(anonymous_1)","decl":{"start":{"line":27,"column":25},"end":{"line":27,"column":26}},"loc":{"start":{"line":27,"column":45},"end":{"line":36,"column":3}},"line":27},"2":{"name":"(anonymous_2)","decl":{"start":{"line":38,"column":24},"end":{"line":38,"column":25}},"loc":{"start":{"line":38,"column":44},"end":{"line":48,"column":3}},"line":38},"3":{"name":"(anonymous_3)","decl":{"start":{"line":50,"column":26},"end":{"line":50,"column":27}},"loc":{"start":{"line":50,"column":49},"end":{"line":59,"column":3}},"line":50},"4":{"name":"(anonymous_4)","decl":{"start":{"line":91,"column":28},"end":{"line":91,"column":29}},"loc":{"start":{"line":92,"column":10},"end":{"line":120,"column":17}},"line":92}},"branchMap":{"0":{"loc":{"start":{"line":21,"column":2},"end":{"line":21,"column":17}},"type":"default-arg","locations":[{"start":{"line":21,"column":15},"end":{"line":21,"column":17}}],"line":21},"1":{"loc":{"start":{"line":28,"column":4},"end":{"line":35,"column":5}},"type":"switch","locations":[{"start":{"line":29,"column":6},"end":{"line":29,"column":50}},{"start":{"line":30,"column":6},"end":{"line":30,"column":47}},{"start":{"line":31,"column":6},"end":{"line":31,"column":48}},{"start":{"line":32,"column":6},"end":{"line":32,"column":54}},{"start":{"line":33,"column":6},"end":{"line":33,"column":45}},{"start":{"line":34,"column":6},"end":{"line":34,"column":44}}],"line":28},"2":{"loc":{"start":{"line":39,"column":4},"end":{"line":47,"column":5}},"type":"switch","locations":[{"start":{"line":40,"column":6},"end":{"line":40,"column":32}},{"start":{"line":41,"column":6},"end":{"line":41,"column":33}},{"start":{"line":42,"column":6},"end":{"line":42,"column":34}},{"start":{"line":43,"column":6},"end":{"line":43,"column":43}},{"start":{"line":44,"column":6},"end":{"line":44,"column":33}},{"start":{"line":45,"column":6},"end":{"line":45,"column":33}},{"start":{"line":46,"column":6},"end":{"line":46,"column":27}}],"line":39},"3":{"loc":{"start":{"line":61,"column":2},"end":{"line":68,"column":3}},"type":"if","locations":[{"start":{"line":61,"column":2},"end":{"line":68,"column":3}},{"start":{},"end":{}}],"line":61},"4":{"loc":{"start":{"line":77,"column":11},"end":{"line":81,"column":11}},"type":"binary-expr","locations":[{"start":{"line":77,"column":11},"end":{"line":77,"column":19}},{"start":{"line":78,"column":12},"end":{"line":80,"column":31}}],"line":77},"5":{"loc":{"start":{"line":82,"column":11},"end":{"line":86,"column":11}},"type":"binary-expr","locations":[{"start":{"line":82,"column":11},"end":{"line":82,"column":18}},{"start":{"line":83,"column":12},"end":{"line":85,"column":31}}],"line":82},"6":{"loc":{"start":{"line":108,"column":13},"end":{"line":112,"column":13}},"type":"binary-expr","locations":[{"start":{"line":108,"column":13},"end":{"line":108,"column":26}},{"start":{"line":109,"column":14},"end":{"line":111,"column":21}}],"line":108},"7":{"loc":{"start":{"line":114,"column":13},"end":{"line":119,"column":13}},"type":"binary-expr","locations":[{"start":{"line":114,"column":13},"end":{"line":114,"column":32}},{"start":{"line":114,"column":36},"end":{"line":114,"column":50}},{"start":{"line":115,"column":14},"end":{"line":118,"column":21}}],"line":114}},"s":{"0":0,"1":0,"2":0,"3":0,"4":0,"5":0,"6":0,"7":0,"8":0,"9":0,"10":0,"11":0,"12":0,"13":0,"14":0,"15":0,"16":0,"17":0,"18":0,"19":0,"20":0,"21":0,"22":0,"23":0,"24":0,"25":1},"f":{"0":0,"1":0,"2":0,"3":0,"4":0},"b":{"0":[0],"1":[0,0,0,0,0,0],"2":[0,0,0,0,0,0,0],"3":[0,0],"4":[0,0],"5":[0,0],"6":[0,0],"7":[0,0,0]},"_coverageSchema":"1a1c01bbd47fc00a2c39e90264f33305004495a9","hash":"361ea5bd8faac5e9f22f30df274f6d3955ccd0df"}
,"C:\\Users\\jeffrey\\Desktop\\Githubmains\\DKLTracker\\dkl-steps-app\\src\\components\\admin\\BatchActions.tsx": {"path":"C:\\Users\\jeffrey\\Desktop\\Githubmains\\DKLTracker\\dkl-steps-app\\src\\components\\admin\\BatchActions.tsx","statementMap":{"0":{"start":{"line":32,"column":24},"end":{"line":32,"column":42}},"1":{"start":{"line":33,"column":22},"end":{"line":33,"column":78}},"2":{"start":{"line":35,"column":2},"end":{"line":37,"column":3}},"3":{"start":{"line":36,"column":4},"end":{"line":36,"column":16}},"4":{"start":{"line":39,"column":2},"end":{"line":90,"column":4}},"5":{"start":{"line":60,"column":29},"end":{"line":60,"column":47}},"6":{"start":{"line":68,"column":29},"end":{"line":68,"column":46}},"7":{"start":{"line":93,"column":15},"end":{"line":138,"column":2}}},"fnMap":{"0":{"name":"BatchActions","decl":{"start":{"line":23,"column":16},"end":{"line":23,"column":28}},"loc":{"start":{"line":31,"column":22},"end":{"line":91,"column":1}},"line":31},"1":{"name":"(anonymous_1)","decl":{"start":{"line":60,"column":23},"end":{"line":60,"column":24}},"loc":{"start":{"line":60,"column":29},"end":{"line":60,"column":47}},"line":60},"2":{"name":"(anonymous_2)","decl":{"start":{"line":68,"column":23},"end":{"line":68,"column":24}},"loc":{"start":{"line":68,"column":29},"end":{"line":68,"column":46}},"line":68}},"branchMap":{"0":{"loc":{"start":{"line":30,"column":2},"end":{"line":30,"column":22}},"type":"default-arg","locations":[{"start":{"line":30,"column":17},"end":{"line":30,"column":22}}],"line":30},"1":{"loc":{"start":{"line":33,"column":22},"end":{"line":33,"column":78}},"type":"binary-expr","locations":[{"start":{"line":33,"column":22},"end":{"line":33,"column":55}},{"start":{"line":33,"column":59},"end":{"line":33,"column":78}}],"line":33},"2":{"loc":{"start":{"line":35,"column":2},"end":{"line":37,"column":3}},"type":"if","locations":[{"start":{"line":35,"column":2},"end":{"line":37,"column":3}},{"start":{},"end":{}}],"line":35},"3":{"loc":{"start":{"line":46,"column":19},"end":{"line":46,"column":60}},"type":"cond-expr","locations":[{"start":{"line":46,"column":33},"end":{"line":46,"column":46}},{"start":{"line":46,"column":49},"end":{"line":46,"column":60}}],"line":46},"4":{"loc":{"start":{"line":50,"column":13},"end":{"line":50,"column":66}},"type":"cond-expr","locations":[{"start":{"line":50,"column":27},"end":{"line":50,"column":46}},{"start":{"line":50,"column":49},"end":{"line":50,"column":66}}],"line":50},"5":{"loc":{"start":{"line":56,"column":9},"end":{"line":75,"column":9}},"type":"binary-expr","locations":[{"start":{"line":56,"column":9},"end":{"line":56,"column":22}},{"start":{"line":57,"column":10},"end":{"line":74,"column":13}}],"line":56},"6":{"loc":{"start":{"line":86,"column":7},"end":{"line":88,"column":7}},"type":"binary-expr","locations":[{"start":{"line":86,"column":7},"end":{"line":86,"column":19}},{"start":{"line":87,"column":8},"end":{"line":87,"column":63}}],"line":86}},"s":{"0":0,"1":0,"2":0,"3":0,"4":0,"5":0,"6":0,"7":1},"f":{"0":0,"1":0,"2":0},"b":{"0":[0],"1":[0,0],"2":[0,0],"3":[0,0],"4":[0,0],"5":[0,0],"6":[0,0]},"_coverageSchema":"1a1c01bbd47fc00a2c39e90264f33305004495a9","hash":"521b6f06914ba01d5fa3b9c63752106fb05bc6bf"}
,"C:\\Users\\jeffrey\\Desktop\\Githubmains\\DKLTracker\\dkl-steps-app\\src\\components\\admin\\BulkImport.tsx": {"path":"C:\\Users\\jeffrey\\Desktop\\Githubmains\\DKLTracker\\dkl-steps-app\\src\\components\\admin\\BulkImport.tsx","statementMap":{"0":{"start":{"line":28,"column":42},"end":{"line":28,"column":69}},"1":{"start":{"line":29,"column":40},"end":{"line":29,"column":55}},"2":{"start":{"line":34,"column":19},"end":{"line":88,"column":3}},"3":{"start":{"line":35,"column":18},"end":{"line":35,"column":65}},"4":{"start":{"line":35,"column":53},"end":{"line":35,"column":64}},"5":{"start":{"line":36,"column":34},"end":{"line":36,"column":36}},"6":{"start":{"line":39,"column":23},"end":{"line":39,"column":72}},"7":{"start":{"line":41,"column":4},"end":{"line":85,"column":5}},"8":{"start":{"line":41,"column":17},"end":{"line":41,"column":27}},"9":{"start":{"line":42,"column":19},"end":{"line":42,"column":34}},"10":{"start":{"line":43,"column":6},"end":{"line":43,"column":26}},"11":{"start":{"line":43,"column":17},"end":{"line":43,"column":26}},"12":{"start":{"line":45,"column":20},"end":{"line":45,"column":54}},"13":{"start":{"line":45,"column":45},"end":{"line":45,"column":53}},"14":{"start":{"line":47,"column":6},"end":{"line":55,"column":7}},"15":{"start":{"line":48,"column":8},"end":{"line":53,"column":11}},"16":{"start":{"line":54,"column":8},"end":{"line":54,"column":17}},"17":{"start":{"line":57,"column":33},"end":{"line":57,"column":38}},"18":{"start":{"line":58,"column":21},"end":{"line":58,"column":40}},"19":{"start":{"line":60,"column":6},"end":{"line":68,"column":7}},"20":{"start":{"line":61,"column":8},"end":{"line":66,"column":11}},"21":{"start":{"line":67,"column":8},"end":{"line":67,"column":17}},"22":{"start":{"line":70,"column":6},"end":{"line":78,"column":7}},"23":{"start":{"line":71,"column":8},"end":{"line":76,"column":11}},"24":{"start":{"line":77,"column":8},"end":{"line":77,"column":17}},"25":{"start":{"line":80,"column":6},"end":{"line":84,"column":9}},"26":{"start":{"line":87,"column":4},"end":{"line":87,"column":18}},"27":{"start":{"line":93,"column":27},"end":{"line":130,"column":3}},"28":{"start":{"line":94,"column":4},"end":{"line":129,"column":5}},"29":{"start":{"line":95,"column":21},"end":{"line":98,"column":8}},"30":{"start":{"line":100,"column":6},"end":{"line":102,"column":7}},"31":{"start":{"line":101,"column":8},"end":{"line":101,"column":15}},"32":{"start":{"line":104,"column":6},"end":{"line":107,"column":7}},"33":{"start":{"line":105,"column":8},"end":{"line":105,"column":57}},"34":{"start":{"line":106,"column":8},"end":{"line":106,"column":15}},"35":{"start":{"line":109,"column":19},"end":{"line":109,"column":35}},"36":{"start":{"line":112,"column":23},"end":{"line":112,"column":44}},"37":{"start":{"line":113,"column":22},"end":{"line":113,"column":43}},"38":{"start":{"line":116,"column":21},"end":{"line":116,"column":38}},"39":{"start":{"line":117,"column":6},"end":{"line":117,"column":30}},"40":{"start":{"line":118,"column":6},"end":{"line":118,"column":27}},"41":{"start":{"line":120,"column":25},"end":{"line":120,"column":61}},"42":{"start":{"line":120,"column":44},"end":{"line":120,"column":53}},"43":{"start":{"line":121,"column":27},"end":{"line":121,"column":53}},"44":{"start":{"line":123,"column":6},"end":{"line":126,"column":8}},"45":{"start":{"line":128,"column":6},"end":{"line":128,"column":81}},"46":{"start":{"line":135,"column":23},"end":{"line":163,"column":3}},"47":{"start":{"line":136,"column":24},"end":{"line":136,"column":59}},"48":{"start":{"line":136,"column":49},"end":{"line":136,"column":58}},"49":{"start":{"line":138,"column":4},"end":{"line":141,"column":5}},"50":{"start":{"line":139,"column":6},"end":{"line":139,"column":66}},"51":{"start":{"line":140,"column":6},"end":{"line":140,"column":13}},"52":{"start":{"line":143,"column":4},"end":{"line":162,"column":6}},"53":{"start":{"line":151,"column":12},"end":{"line":158,"column":13}},"54":{"start":{"line":152,"column":14},"end":{"line":152,"column":69}},"55":{"start":{"line":153,"column":14},"end":{"line":153,"column":34}},"56":{"start":{"line":154,"column":14},"end":{"line":154,"column":36}},"57":{"start":{"line":155,"column":14},"end":{"line":155,"column":81}},"58":{"start":{"line":157,"column":14},"end":{"line":157,"column":81}},"59":{"start":{"line":168,"column":27},"end":{"line":175,"column":3}},"60":{"start":{"line":169,"column":21},"end":{"line":169,"column":67}},"61":{"start":{"line":170,"column":4},"end":{"line":174,"column":6}},"62":{"start":{"line":177,"column":2},"end":{"line":236,"column":4}},"63":{"start":{"line":204,"column":14},"end":{"line":216,"column":21}},"64":{"start":{"line":226,"column":57},"end":{"line":226,"column":66}},"65":{"start":{"line":230,"column":62},"end":{"line":230,"column":71}},"66":{"start":{"line":239,"column":15},"end":{"line":317,"column":2}}},"fnMap":{"0":{"name":"BulkImport","decl":{"start":{"line":27,"column":16},"end":{"line":27,"column":26}},"loc":{"start":{"line":27,"column":79},"end":{"line":237,"column":1}},"line":27},"1":{"name":"(anonymous_1)","decl":{"start":{"line":34,"column":19},"end":{"line":34,"column":20}},"loc":{"start":{"line":34,"column":55},"end":{"line":88,"column":3}},"line":34},"2":{"name":"(anonymous_2)","decl":{"start":{"line":35,"column":45},"end":{"line":35,"column":46}},"loc":{"start":{"line":35,"column":53},"end":{"line":35,"column":64}},"line":35},"3":{"name":"(anonymous_3)","decl":{"start":{"line":45,"column":40},"end":{"line":45,"column":41}},"loc":{"start":{"line":45,"column":45},"end":{"line":45,"column":53}},"line":45},"4":{"name":"(anonymous_4)","decl":{"start":{"line":93,"column":27},"end":{"line":93,"column":28}},"loc":{"start":{"line":93,"column":39},"end":{"line":130,"column":3}},"line":93},"5":{"name":"(anonymous_5)","decl":{"start":{"line":120,"column":39},"end":{"line":120,"column":40}},"loc":{"start":{"line":120,"column":44},"end":{"line":120,"column":53}},"line":120},"6":{"name":"(anonymous_6)","decl":{"start":{"line":135,"column":23},"end":{"line":135,"column":24}},"loc":{"start":{"line":135,"column":35},"end":{"line":163,"column":3}},"line":135},"7":{"name":"(anonymous_7)","decl":{"start":{"line":136,"column":44},"end":{"line":136,"column":45}},"loc":{"start":{"line":136,"column":49},"end":{"line":136,"column":58}},"line":136},"8":{"name":"(anonymous_8)","decl":{"start":{"line":150,"column":19},"end":{"line":150,"column":20}},"loc":{"start":{"line":150,"column":31},"end":{"line":159,"column":11}},"line":150},"9":{"name":"(anonymous_9)","decl":{"start":{"line":168,"column":27},"end":{"line":168,"column":28}},"loc":{"start":{"line":168,"column":33},"end":{"line":175,"column":3}},"line":168},"10":{"name":"(anonymous_10)","decl":{"start":{"line":203,"column":43},"end":{"line":203,"column":44}},"loc":{"start":{"line":204,"column":14},"end":{"line":216,"column":21}},"line":204},"11":{"name":"(anonymous_11)","decl":{"start":{"line":226,"column":52},"end":{"line":226,"column":53}},"loc":{"start":{"line":226,"column":57},"end":{"line":226,"column":66}},"line":226},"12":{"name":"(anonymous_12)","decl":{"start":{"line":230,"column":57},"end":{"line":230,"column":58}},"loc":{"start":{"line":230,"column":62},"end":{"line":230,"column":71}},"line":230}},"branchMap":{"0":{"loc":{"start":{"line":27,"column":39},"end":{"line":27,"column":58}},"type":"default-arg","locations":[{"start":{"line":27,"column":53},"end":{"line":27,"column":58}}],"line":27},"1":{"loc":{"start":{"line":39,"column":23},"end":{"line":39,"column":72}},"type":"cond-expr","locations":[{"start":{"line":39,"column":67},"end":{"line":39,"column":68}},{"start":{"line":39,"column":71},"end":{"line":39,"column":72}}],"line":39},"2":{"loc":{"start":{"line":43,"column":6},"end":{"line":43,"column":26}},"type":"if","locations":[{"start":{"line":43,"column":6},"end":{"line":43,"column":26}},{"start":{},"end":{}}],"line":43},"3":{"loc":{"start":{"line":47,"column":6},"end":{"line":55,"column":7}},"type":"if","locations":[{"start":{"line":47,"column":6},"end":{"line":55,"column":7}},{"start":{},"end":{}}],"line":47},"4":{"loc":{"start":{"line":60,"column":6},"end":{"line":68,"column":7}},"type":"if","locations":[{"start":{"line":60,"column":6},"end":{"line":68,"column":7}},{"start":{},"end":{}}],"line":60},"5":{"loc":{"start":{"line":70,"column":6},"end":{"line":78,"column":7}},"type":"if","locations":[{"start":{"line":70,"column":6},"end":{"line":78,"column":7}},{"start":{},"end":{}}],"line":70},"6":{"loc":{"start":{"line":70,"column":10},"end":{"line":70,"column":37}},"type":"binary-expr","locations":[{"start":{"line":70,"column":10},"end":{"line":70,"column":23}},{"start":{"line":70,"column":27},"end":{"line":70,"column":37}}],"line":70},"7":{"loc":{"start":{"line":100,"column":6},"end":{"line":102,"column":7}},"type":"if","locations":[{"start":{"line":100,"column":6},"end":{"line":102,"column":7}},{"start":{},"end":{}}],"line":100},"8":{"loc":{"start":{"line":104,"column":6},"end":{"line":107,"column":7}},"type":"if","locations":[{"start":{"line":104,"column":6},"end":{"line":107,"column":7}},{"start":{},"end":{}}],"line":104},"9":{"loc":{"start":{"line":104,"column":10},"end":{"line":104,"column":54}},"type":"binary-expr","locations":[{"start":{"line":104,"column":10},"end":{"line":104,"column":24}},{"start":{"line":104,"column":28},"end":{"line":104,"column":54}}],"line":104},"10":{"loc":{"start":{"line":125,"column":48},"end":{"line":125,"column":101}},"type":"cond-expr","locations":[{"start":{"line":125,"column":67},"end":{"line":125,"column":96}},{"start":{"line":125,"column":99},"end":{"line":125,"column":101}}],"line":125},"11":{"loc":{"start":{"line":138,"column":4},"end":{"line":141,"column":5}},"type":"if","locations":[{"start":{"line":138,"column":4},"end":{"line":141,"column":5}},{"start":{},"end":{}}],"line":138},"12":{"loc":{"start":{"line":199,"column":7},"end":{"line":234,"column":7}},"type":"binary-expr","locations":[{"start":{"line":199,"column":7},"end":{"line":199,"column":18}},{"start":{"line":199,"column":22},"end":{"line":199,"column":45}},{"start":{"line":200,"column":8},"end":{"line":233,"column":15}}],"line":199},"13":{"loc":{"start":{"line":208,"column":18},"end":{"line":208,"column":61}},"type":"binary-expr","locations":[{"start":{"line":208,"column":18},"end":{"line":208,"column":32}},{"start":{"line":208,"column":36},"end":{"line":208,"column":61}}],"line":208},"14":{"loc":{"start":{"line":211,"column":51},"end":{"line":211,"column":74}},"type":"binary-expr","locations":[{"start":{"line":211,"column":51},"end":{"line":211,"column":62}},{"start":{"line":211,"column":66},"end":{"line":211,"column":74}}],"line":211},"15":{"loc":{"start":{"line":213,"column":17},"end":{"line":215,"column":17}},"type":"binary-expr","locations":[{"start":{"line":213,"column":17},"end":{"line":213,"column":31}},{"start":{"line":214,"column":18},"end":{"line":214,"column":72}}],"line":213},"16":{"loc":{"start":{"line":218,"column":13},"end":{"line":222,"column":13}},"type":"binary-expr","locations":[{"start":{"line":218,"column":13},"end":{"line":218,"column":37}},{"start":{"line":219,"column":14},"end":{"line":221,"column":21}}],"line":218},"17":{"loc":{"start":{"line":230,"column":22},"end":{"line":230,"column":85}},"type":"binary-expr","locations":[{"start":{"line":230,"column":22},"end":{"line":230,"column":33}},{"start":{"line":230,"column":37},"end":{"line":230,"column":85}}],"line":230}},"s":{"0":0,"1":0,"2":0,"3":0,"4":0,"5":0,"6":0,"7":0,"8":0,"9":0,"10":0,"11":0,"12":0,"13":0,"14":0,"15":0,"16":0,"17":0,"18":0,"19":0,"20":0,"21":0,"22":0,"23":0,"24":0,"25":0,"26":0,"27":0,"28":0,"29":0,"30":0,"31":0,"32":0,"33":0,"34":0,"35":0,"36":0,"37":0,"38":0,"39":0,"40":0,"41":0,"42":0,"43":0,"44":0,"45":0,"46":0,"47":0,"48":0,"49":0,"50":0,"51":0,"52":0,"53":0,"54":0,"55":0,"56":0,"57":0,"58":0,"59":0,"60":0,"61":0,"62":0,"63":0,"64":0,"65":0,"66":1},"f":{"0":0,"1":0,"2":0,"3":0,"4":0,"5":0,"6":0,"7":0,"8":0,"9":0,"10":0,"11":0,"12":0},"b":{"0":[0],"1":[0,0],"2":[0,0],"3":[0,0],"4":[0,0],"5":[0,0],"6":[0,0],"7":[0,0],"8":[0,0],"9":[0,0],"10":[0,0],"11":[0,0],"12":[0,0,0],"13":[0,0],"14":[0,0],"15":[0,0],"16":[0,0],"17":[0,0]},"_coverageSchema":"1a1c01bbd47fc00a2c39e90264f33305004495a9","hash":"0eea88c7703ac6b3e465243afc7409008fd682b2"}
,"C:\\Users\\jeffrey\\Desktop\\Githubmains\\DKLTracker\\dkl-steps-app\\src\\components\\admin\\RouteListItem.tsx": {"path":"C:\\Users\\jeffrey\\Desktop\\Githubmains\\DKLTracker\\dkl-steps-app\\src\\components\\admin\\RouteListItem.tsx","statementMap":{"0":{"start":{"line":26,"column":2},"end":{"line":73,"column":4}},"1":{"start":{"line":31,"column":27},"end":{"line":31,"column":50}},"2":{"start":{"line":50,"column":27},"end":{"line":50,"column":46}},"3":{"start":{"line":58,"column":27},"end":{"line":58,"column":45}},"4":{"start":{"line":66,"column":27},"end":{"line":66,"column":41}},"5":{"start":{"line":76,"column":15},"end":{"line":138,"column":2}}},"fnMap":{"0":{"name":"RouteListItem","decl":{"start":{"line":16,"column":16},"end":{"line":16,"column":29}},"loc":{"start":{"line":25,"column":23},"end":{"line":74,"column":1}},"line":25},"1":{"name":"(anonymous_1)","decl":{"start":{"line":31,"column":21},"end":{"line":31,"column":22}},"loc":{"start":{"line":31,"column":27},"end":{"line":31,"column":50}},"line":31},"2":{"name":"(anonymous_2)","decl":{"start":{"line":50,"column":21},"end":{"line":50,"column":22}},"loc":{"start":{"line":50,"column":27},"end":{"line":50,"column":46}},"line":50},"3":{"name":"(anonymous_3)","decl":{"start":{"line":58,"column":21},"end":{"line":58,"column":22}},"loc":{"start":{"line":58,"column":27},"end":{"line":58,"column":45}},"line":58},"4":{"name":"(anonymous_4)","decl":{"start":{"line":66,"column":21},"end":{"line":66,"column":22}},"loc":{"start":{"line":66,"column":27},"end":{"line":66,"column":41}},"line":66}},"branchMap":{"0":{"loc":{"start":{"line":20,"column":2},"end":{"line":20,"column":20}},"type":"default-arg","locations":[{"start":{"line":20,"column":15},"end":{"line":20,"column":20}}],"line":20},"1":{"loc":{"start":{"line":21,"column":2},"end":{"line":21,"column":20}},"type":"default-arg","locations":[{"start":{"line":21,"column":15},"end":{"line":21,"column":20}}],"line":21},"2":{"loc":{"start":{"line":22,"column":2},"end":{"line":22,"column":20}},"type":"default-arg","locations":[{"start":{"line":22,"column":15},"end":{"line":22,"column":20}}],"line":22},"3":{"loc":{"start":{"line":23,"column":2},"end":{"line":23,"column":20}},"type":"default-arg","locations":[{"start":{"line":23,"column":15},"end":{"line":23,"column":20}}],"line":23},"4":{"loc":{"start":{"line":27,"column":31},"end":{"line":27,"column":64}},"type":"binary-expr","locations":[{"start":{"line":27,"column":31},"end":{"line":27,"column":41}},{"start":{"line":27,"column":45},"end":{"line":27,"column":64}}],"line":27},"5":{"loc":{"start":{"line":29,"column":9},"end":{"line":38,"column":9}},"type":"binary-expr","locations":[{"start":{"line":29,"column":9},"end":{"line":29,"column":19}},{"start":{"line":29,"column":23},"end":{"line":29,"column":37}},{"start":{"line":30,"column":10},"end":{"line":37,"column":29}}],"line":29},"6":{"loc":{"start":{"line":34,"column":48},"end":{"line":34,"column":85}},"type":"binary-expr","locations":[{"start":{"line":34,"column":48},"end":{"line":34,"column":58}},{"start":{"line":34,"column":62},"end":{"line":34,"column":85}}],"line":34},"7":{"loc":{"start":{"line":35,"column":15},"end":{"line":35,"column":68}},"type":"binary-expr","locations":[{"start":{"line":35,"column":15},"end":{"line":35,"column":25}},{"start":{"line":35,"column":29},"end":{"line":35,"column":68}}],"line":35},"8":{"loc":{"start":{"line":52,"column":22},"end":{"line":52,"column":46}},"type":"binary-expr","locations":[{"start":{"line":52,"column":22},"end":{"line":52,"column":32}},{"start":{"line":52,"column":36},"end":{"line":52,"column":46}}],"line":52},"9":{"loc":{"start":{"line":60,"column":22},"end":{"line":60,"column":46}},"type":"binary-expr","locations":[{"start":{"line":60,"column":22},"end":{"line":60,"column":32}},{"start":{"line":60,"column":36},"end":{"line":60,"column":46}}],"line":60},"10":{"loc":{"start":{"line":68,"column":22},"end":{"line":68,"column":46}},"type":"binary-expr","locations":[{"start":{"line":68,"column":22},"end":{"line":68,"column":32}},{"start":{"line":68,"column":36},"end":{"line":68,"column":46}}],"line":68}},"s":{"0":12,"1":0,"2":2,"3":1,"4":3,"5":1},"f":{"0":12,"1":0,"2":2,"3":1,"4":3},"b":{"0":[0],"1":[0],"2":[0],"3":[0],"4":[12,0],"5":[12,0,0],"6":[0,0],"7":[0,0],"8":[12,12],"9":[12,12],"10":[12,12]},"_coverageSchema":"1a1c01bbd47fc00a2c39e90264f33305004495a9","hash":"02682c8050215959686ecfd8d506c9517458e2a4"}
,"C:\\Users\\jeffrey\\Desktop\\Githubmains\\DKLTracker\\dkl-steps-app\\src\\components\\admin\\RoutesList.tsx": {"path":"C:\\Users\\jeffrey\\Desktop\\Githubmains\\DKLTracker\\dkl-steps-app\\src\\components\\admin\\RoutesList.tsx","statementMap":{"0":{"start":{"line":29,"column":2},"end":{"line":63,"column":4}},"1":{"start":{"line":46,"column":12},"end":{"line":56,"column":14}},"2":{"start":{"line":66,"column":15},"end":{"line":97,"column":2}}},"fnMap":{"0":{"name":"RoutesList","decl":{"start":{"line":18,"column":16},"end":{"line":18,"column":26}},"loc":{"start":{"line":28,"column":20},"end":{"line":64,"column":1}},"line":28},"1":{"name":"(anonymous_1)","decl":{"start":{"line":45,"column":22},"end":{"line":45,"column":23}},"loc":{"start":{"line":46,"column":12},"end":{"line":56,"column":14}},"line":46}},"branchMap":{"0":{"loc":{"start":{"line":22,"column":2},"end":{"line":22,"column":20}},"type":"default-arg","locations":[{"start":{"line":22,"column":15},"end":{"line":22,"column":20}}],"line":22},"1":{"loc":{"start":{"line":23,"column":2},"end":{"line":23,"column":20}},"type":"default-arg","locations":[{"start":{"line":23,"column":15},"end":{"line":23,"column":20}}],"line":23},"2":{"loc":{"start":{"line":24,"column":2},"end":{"line":24,"column":19}},"type":"default-arg","locations":[{"start":{"line":24,"column":14},"end":{"line":24,"column":19}}],"line":24},"3":{"loc":{"start":{"line":25,"column":2},"end":{"line":25,"column":20}},"type":"default-arg","locations":[{"start":{"line":25,"column":15},"end":{"line":25,"column":20}}],"line":25},"4":{"loc":{"start":{"line":26,"column":2},"end":{"line":26,"column":18}},"type":"default-arg","locations":[{"start":{"line":26,"column":16},"end":{"line":26,"column":18}}],"line":26},"5":{"loc":{"start":{"line":32,"column":26},"end":{"line":32,"column":60}},"type":"cond-expr","locations":[{"start":{"line":32,"column":35},"end":{"line":32,"column":55}},{"start":{"line":32,"column":58},"end":{"line":32,"column":60}}],"line":32},"6":{"loc":{"start":{"line":36,"column":7},"end":{"line":41,"column":7}},"type":"binary-expr","locations":[{"start":{"line":36,"column":7},"end":{"line":36,"column":16}},{"start":{"line":37,"column":8},"end":{"line":40,"column":15}}],"line":36},"7":{"loc":{"start":{"line":38,"column":22},"end":{"line":38,"column":69}},"type":"cond-expr","locations":[{"start":{"line":38,"column":46},"end":{"line":38,"column":53}},{"start":{"line":38,"column":56},"end":{"line":38,"column":69}}],"line":38},"8":{"loc":{"start":{"line":39,"column":19},"end":{"line":39,"column":48}},"type":"binary-expr","locations":[{"start":{"line":39,"column":19},"end":{"line":39,"column":33}},{"start":{"line":39,"column":37},"end":{"line":39,"column":48}}],"line":39},"9":{"loc":{"start":{"line":43,"column":7},"end":{"line":61,"column":7}},"type":"cond-expr","locations":[{"start":{"line":44,"column":8},"end":{"line":58,"column":15}},{"start":{"line":60,"column":8},"end":{"line":60,"column":66}}],"line":43},"10":{"loc":{"start":{"line":43,"column":7},"end":{"line":43,"column":59}},"type":"binary-expr","locations":[{"start":{"line":43,"column":7},"end":{"line":43,"column":13}},{"start":{"line":43,"column":17},"end":{"line":43,"column":38}},{"start":{"line":43,"column":42},"end":{"line":43,"column":59}}],"line":43}},"s":{"0":29,"1":12,"2":1},"f":{"0":29,"1":12},"b":{"0":[0],"1":[0],"2":[0],"3":[29],"4":[29],"5":[29,0],"6":[29,29],"7":[29,0],"8":[29,0],"9":[10,19],"10":[29,29,29]},"_coverageSchema":"1a1c01bbd47fc00a2c39e90264f33305004495a9","hash":"c15a92b3981e98773b5507898914ccebadfdf7a1"}
,"C:\\Users\\jeffrey\\Desktop\\Githubmains\\DKLTracker\\dkl-steps-app\\src\\components\\admin\\index.ts": {"path":"C:\\Users\\jeffrey\\Desktop\\Githubmains\\DKLTracker\\dkl-steps-app\\src\\components\\admin\\index.ts","statementMap":{},"fnMap":{},"branchMap":{},"s":{},"f":{},"b":{},"_coverageSchema":"1a1c01bbd47fc00a2c39e90264f33305004495a9","hash":"c74e0394fdcfe07347ff0db4e8364334e0b9930b"}
,"C:\\Users\\jeffrey\\Desktop\\Githubmains\\DKLTracker\\dkl-steps-app\\src\\components\\dashboard\\AchievementBadge.tsx": {"path":"C:\\Users\\jeffrey\\Desktop\\Githubmains\\DKLTracker\\dkl-steps-app\\src\\components\\dashboard\\AchievementBadge.tsx","statementMap":{"0":{"start":{"line":32,"column":19},"end":{"line":32,"column":82}},"1":{"start":{"line":33,"column":21},"end":{"line":33,"column":60}},"2":{"start":{"line":35,"column":21},"end":{"line":39,"column":3}},"3":{"start":{"line":41,"column":16},"end":{"line":41,"column":32}},"4":{"start":{"line":42,"column":21},"end":{"line":42,"column":56}},"5":{"start":{"line":45,"column":20},"end":{"line":45,"column":57}},"6":{"start":{"line":46,"column":20},"end":{"line":46,"column":57}},"7":{"start":{"line":47,"column":23},"end":{"line":47,"column":60}},"8":{"start":{"line":49,"column":2},"end":{"line":69,"column":9}},"9":{"start":{"line":51,"column":4},"end":{"line":56,"column":15}},"10":{"start":{"line":59,"column":4},"end":{"line":61,"column":5}},"11":{"start":{"line":60,"column":6},"end":{"line":60,"column":30}},"12":{"start":{"line":64,"column":4},"end":{"line":68,"column":15}},"13":{"start":{"line":71,"column":2},"end":{"line":89,"column":19}},"14":{"start":{"line":73,"column":4},"end":{"line":88,"column":5}},"15":{"start":{"line":74,"column":6},"end":{"line":87,"column":16}},"16":{"start":{"line":91,"column":32},"end":{"line":94,"column":4}},"17":{"start":{"line":96,"column":22},"end":{"line":101,"column":3}},"18":{"start":{"line":97,"column":4},"end":{"line":100,"column":5}},"19":{"start":{"line":98,"column":6},"end":{"line":98,"column":32}},"20":{"start":{"line":99,"column":6},"end":{"line":99,"column":27}},"21":{"start":{"line":103,"column":23},"end":{"line":103,"column":56}},"22":{"start":{"line":104,"column":23},"end":{"line":104,"column":82}},"23":{"start":{"line":106,"column":2},"end":{"line":163,"column":4}},"24":{"start":{"line":166,"column":15},"end":{"line":226,"column":2}}},"fnMap":{"0":{"name":"AchievementBadge","decl":{"start":{"line":27,"column":16},"end":{"line":27,"column":32}},"loc":{"start":{"line":31,"column":26},"end":{"line":164,"column":1}},"line":31},"1":{"name":"(anonymous_1)","decl":{"start":{"line":49,"column":12},"end":{"line":49,"column":13}},"loc":{"start":{"line":49,"column":18},"end":{"line":69,"column":3}},"line":49},"2":{"name":"(anonymous_2)","decl":{"start":{"line":71,"column":12},"end":{"line":71,"column":13}},"loc":{"start":{"line":71,"column":18},"end":{"line":89,"column":3}},"line":71},"3":{"name":"(anonymous_3)","decl":{"start":{"line":96,"column":22},"end":{"line":96,"column":23}},"loc":{"start":{"line":96,"column":28},"end":{"line":101,"column":3}},"line":96}},"branchMap":{"0":{"loc":{"start":{"line":29,"column":2},"end":{"line":29,"column":17}},"type":"default-arg","locations":[{"start":{"line":29,"column":9},"end":{"line":29,"column":17}}],"line":29},"1":{"loc":{"start":{"line":33,"column":21},"end":{"line":33,"column":60}},"type":"binary-expr","locations":[{"start":{"line":33,"column":21},"end":{"line":33,"column":41}},{"start":{"line":33,"column":45},"end":{"line":33,"column":60}}],"line":33},"2":{"loc":{"start":{"line":42,"column":21},"end":{"line":42,"column":56}},"type":"binary-expr","locations":[{"start":{"line":42,"column":21},"end":{"line":42,"column":38}},{"start":{"line":42,"column":42},"end":{"line":42,"column":56}}],"line":42},"3":{"loc":{"start":{"line":59,"column":4},"end":{"line":61,"column":5}},"type":"if","locations":[{"start":{"line":59,"column":4},"end":{"line":61,"column":5}},{"start":{},"end":{}}],"line":59},"4":{"loc":{"start":{"line":59,"column":8},"end":{"line":59,"column":63}},"type":"binary-expr","locations":[{"start":{"line":59,"column":8},"end":{"line":59,"column":18}},{"start":{"line":59,"column":22},"end":{"line":59,"column":63}}],"line":59},"5":{"loc":{"start":{"line":73,"column":4},"end":{"line":88,"column":5}},"type":"if","locations":[{"start":{"line":73,"column":4},"end":{"line":88,"column":5}},{"start":{},"end":{}}],"line":73},"6":{"loc":{"start":{"line":97,"column":4},"end":{"line":100,"column":5}},"type":"if","locations":[{"start":{"line":97,"column":4},"end":{"line":100,"column":5}},{"start":{},"end":{}}],"line":97},"7":{"loc":{"start":{"line":103,"column":23},"end":{"line":103,"column":56}},"type":"cond-expr","locations":[{"start":{"line":103,"column":33},"end":{"line":103,"column":49}},{"start":{"line":103,"column":52},"end":{"line":103,"column":56}}],"line":103},"8":{"loc":{"start":{"line":104,"column":23},"end":{"line":104,"column":82}},"type":"cond-expr","locations":[{"start":{"line":104,"column":33},"end":{"line":104,"column":77}},{"start":{"line":104,"column":80},"end":{"line":104,"column":82}}],"line":104},"9":{"loc":{"start":{"line":117,"column":23},"end":{"line":117,"column":49}},"type":"cond-expr","locations":[{"start":{"line":117,"column":36},"end":{"line":117,"column":45}},{"start":{"line":117,"column":48},"end":{"line":117,"column":49}}],"line":117},"10":{"loc":{"start":{"line":122,"column":9},"end":{"line":148,"column":9}},"type":"cond-expr","locations":[{"start":{"line":123,"column":10},"end":{"line":130,"column":27}},{"start":{"line":132,"column":10},"end":{"line":147,"column":17}}],"line":122},"11":{"loc":{"start":{"line":156,"column":9},"end":{"line":160,"column":9}},"type":"binary-expr","locations":[{"start":{"line":156,"column":9},"end":{"line":156,"column":20}},{"start":{"line":157,"column":10},"end":{"line":159,"column":17}}],"line":156}},"s":{"0":15,"1":15,"2":15,"3":15,"4":15,"5":15,"6":15,"7":15,"8":15,"9":5,"10":5,"11":0,"12":5,"13":15,"14":5,"15":0,"16":15,"17":15,"18":0,"19":0,"20":0,"21":15,"22":15,"23":15,"24":1},"f":{"0":15,"1":5,"2":5,"3":0},"b":{"0":[0],"1":[15,15],"2":[15,0],"3":[0,5],"4":[5,0],"5":[0,5],"6":[0,0],"7":[15,0],"8":[15,0],"9":[0,15],"10":[0,15],"11":[15,15]},"_coverageSchema":"1a1c01bbd47fc00a2c39e90264f33305004495a9","hash":"055a292bee7e4095e0fe406bc6c70422ca53702a"}
,"C:\\Users\\jeffrey\\Desktop\\Githubmains\\DKLTracker\\dkl-steps-app\\src\\components\\dashboard\\DashboardHeader.tsx": {"path":"C:\\Users\\jeffrey\\Desktop\\Githubmains\\DKLTracker\\dkl-steps-app\\src\\components\\dashboard\\DashboardHeader.tsx","statementMap":{"0":{"start":{"line":30,"column":15},"end":{"line":30,"column":20}},"1":{"start":{"line":31,"column":2},"end":{"line":36,"column":3}},"2":{"start":{"line":32,"column":18},"end":{"line":32,"column":28}},"3":{"start":{"line":33,"column":4},"end":{"line":33,"column":26}},"4":{"start":{"line":38,"column":18},"end":{"line":38,"column":37}},"5":{"start":{"line":41,"column":52},"end":{"line":47,"column":44}},"6":{"start":{"line":49,"column":26},"end":{"line":51,"column":30}},"7":{"start":{"line":53,"column":26},"end":{"line":55,"column":44}},"8":{"start":{"line":57,"column":2},"end":{"line":101,"column":4}},"9":{"start":{"line":104,"column":15},"end":{"line":163,"column":2}}},"fnMap":{"0":{"name":"DashboardHeader","decl":{"start":{"line":20,"column":16},"end":{"line":20,"column":31}},"loc":{"start":{"line":28,"column":25},"end":{"line":102,"column":1}},"line":28}},"branchMap":{"0":{"loc":{"start":{"line":26,"column":2},"end":{"line":26,"column":27}},"type":"default-arg","locations":[{"start":{"line":26,"column":22},"end":{"line":26,"column":27}}],"line":26},"1":{"loc":{"start":{"line":27,"column":2},"end":{"line":27,"column":25}},"type":"default-arg","locations":[{"start":{"line":27,"column":12},"end":{"line":27,"column":25}}],"line":27},"2":{"loc":{"start":{"line":41,"column":52},"end":{"line":47,"column":44}},"type":"cond-expr","locations":[{"start":{"line":42,"column":6},"end":{"line":44,"column":48}},{"start":{"line":45,"column":6},"end":{"line":47,"column":44}}],"line":41},"3":{"loc":{"start":{"line":42,"column":6},"end":{"line":44,"column":48}},"type":"cond-expr","locations":[{"start":{"line":43,"column":8},"end":{"line":43,"column":30}},{"start":{"line":44,"column":8},"end":{"line":44,"column":48}}],"line":42},"4":{"loc":{"start":{"line":45,"column":6},"end":{"line":47,"column":44}},"type":"cond-expr","locations":[{"start":{"line":46,"column":8},"end":{"line":46,"column":30}},{"start":{"line":47,"column":8},"end":{"line":47,"column":44}}],"line":45},"5":{"loc":{"start":{"line":49,"column":26},"end":{"line":51,"column":30}},"type":"cond-expr","locations":[{"start":{"line":50,"column":6},"end":{"line":50,"column":33}},{"start":{"line":51,"column":6},"end":{"line":51,"column":30}}],"line":49},"6":{"loc":{"start":{"line":53,"column":26},"end":{"line":55,"column":44}},"type":"cond-expr","locations":[{"start":{"line":54,"column":6},"end":{"line":54,"column":42}},{"start":{"line":55,"column":6},"end":{"line":55,"column":44}}],"line":53},"7":{"loc":{"start":{"line":59,"column":7},"end":{"line":64,"column":7}},"type":"binary-expr","locations":[{"start":{"line":59,"column":7},"end":{"line":59,"column":24}},{"start":{"line":60,"column":8},"end":{"line":63,"column":15}}],"line":59},"8":{"loc":{"start":{"line":77,"column":22},"end":{"line":77,"column":64}},"type":"cond-expr","locations":[{"start":{"line":77,"column":34},"end":{"line":77,"column":52}},{"start":{"line":77,"column":55},"end":{"line":77,"column":64}}],"line":77},"9":{"loc":{"start":{"line":83,"column":17},"end":{"line":83,"column":44}},"type":"binary-expr","locations":[{"start":{"line":83,"column":17},"end":{"line":83,"column":25}},{"start":{"line":83,"column":29},"end":{"line":83,"column":44}}],"line":83},"10":{"loc":{"start":{"line":86,"column":17},"end":{"line":86,"column":44}},"type":"binary-expr","locations":[{"start":{"line":86,"column":17},"end":{"line":86,"column":25}},{"start":{"line":86,"column":29},"end":{"line":86,"column":44}}],"line":86},"11":{"loc":{"start":{"line":88,"column":15},"end":{"line":95,"column":15}},"type":"binary-expr","locations":[{"start":{"line":88,"column":15},"end":{"line":88,"column":23}},{"start":{"line":89,"column":16},"end":{"line":94,"column":18}}],"line":88},"12":{"loc":{"start":{"line":90,"column":27},"end":{"line":90,"column":58}},"type":"cond-expr","locations":[{"start":{"line":90,"column":37},"end":{"line":90,"column":46}},{"start":{"line":90,"column":49},"end":{"line":90,"column":58}}],"line":90},"13":{"loc":{"start":{"line":128,"column":16},"end":{"line":128,"column":55}},"type":"cond-expr","locations":[{"start":{"line":128,"column":40},"end":{"line":128,"column":42}},{"start":{"line":128,"column":45},"end":{"line":128,"column":55}}],"line":128}},"s":{"0":3,"1":3,"2":3,"3":0,"4":3,"5":3,"6":3,"7":3,"8":3,"9":1},"f":{"0":3},"b":{"0":[0],"1":[0],"2":[0,3],"3":[0,0],"4":[0,3],"5":[0,3],"6":[0,3],"7":[3,0],"8":[0,3],"9":[3,3],"10":[3,3],"11":[3,0],"12":[0,0],"13":[1,0]},"_coverageSchema":"1a1c01bbd47fc00a2c39e90264f33305004495a9","hash":"32606d27ccfb17f512455e5f12f47b7de587a927"}
,"C:\\Users\\jeffrey\\Desktop\\Githubmains\\DKLTracker\\dkl-steps-app\\src\\components\\dashboard\\MilestoneTracker.tsx": {"path":"C:\\Users\\jeffrey\\Desktop\\Githubmains\\DKLTracker\\dkl-steps-app\\src\\components\\dashboard\\MilestoneTracker.tsx","statementMap":{"0":{"start":{"line":13,"column":2},"end":{"line":15,"column":3}},"1":{"start":{"line":14,"column":4},"end":{"line":14,"column":16}},"2":{"start":{"line":17,"column":2},"end":{"line":43,"column":4}},"3":{"start":{"line":22,"column":10},"end":{"line":39,"column":17}},"4":{"start":{"line":46,"column":15},"end":{"line":103,"column":2}}},"fnMap":{"0":{"name":"MilestoneTracker","decl":{"start":{"line":9,"column":16},"end":{"line":9,"column":32}},"loc":{"start":{"line":12,"column":26},"end":{"line":44,"column":1}},"line":12},"1":{"name":"(anonymous_1)","decl":{"start":{"line":21,"column":24},"end":{"line":21,"column":25}},"loc":{"start":{"line":22,"column":10},"end":{"line":39,"column":17}},"line":22}},"branchMap":{"0":{"loc":{"start":{"line":11,"column":2},"end":{"line":11,"column":40}},"type":"default-arg","locations":[{"start":{"line":11,"column":15},"end":{"line":11,"column":40}}],"line":11},"1":{"loc":{"start":{"line":13,"column":2},"end":{"line":15,"column":3}},"type":"if","locations":[{"start":{"line":13,"column":2},"end":{"line":15,"column":3}},{"start":{},"end":{}}],"line":13},"2":{"loc":{"start":{"line":26,"column":16},"end":{"line":26,"column":73}},"type":"binary-expr","locations":[{"start":{"line":26,"column":16},"end":{"line":26,"column":41}},{"start":{"line":26,"column":45},"end":{"line":26,"column":73}}],"line":26},"3":{"loc":{"start":{"line":29,"column":19},"end":{"line":29,"column":55}},"type":"cond-expr","locations":[{"start":{"line":29,"column":47},"end":{"line":29,"column":50}},{"start":{"line":29,"column":53},"end":{"line":29,"column":55}}],"line":29},"4":{"loc":{"start":{"line":36,"column":13},"end":{"line":38,"column":13}},"type":"binary-expr","locations":[{"start":{"line":36,"column":13},"end":{"line":36,"column":42}},{"start":{"line":37,"column":14},"end":{"line":37,"column":51}}],"line":36}},"s":{"0":0,"1":0,"2":0,"3":0,"4":1},"f":{"0":0,"1":0},"b":{"0":[0],"1":[0,0],"2":[0,0],"3":[0,0],"4":[0,0]},"_coverageSchema":"1a1c01bbd47fc00a2c39e90264f33305004495a9","hash":"8479ae706a482de26603ad5a59c0682f4c57715d"}
,"C:\\Users\\jeffrey\\Desktop\\Githubmains\\DKLTracker\\dkl-steps-app\\src\\components\\dashboard\\NavigationList.tsx": {"path":"C:\\Users\\jeffrey\\Desktop\\Githubmains\\DKLTracker\\dkl-steps-app\\src\\components\\dashboard\\NavigationList.tsx","statementMap":{"0":{"start":{"line":17,"column":2},"end":{"line":39,"column":4}},"1":{"start":{"line":22,"column":8},"end":{"line":36,"column":27}},"2":{"start":{"line":42,"column":15},"end":{"line":95,"column":2}}},"fnMap":{"0":{"name":"NavigationList","decl":{"start":{"line":16,"column":16},"end":{"line":16,"column":30}},"loc":{"start":{"line":16,"column":70},"end":{"line":40,"column":1}},"line":16},"1":{"name":"(anonymous_1)","decl":{"start":{"line":21,"column":17},"end":{"line":21,"column":18}},"loc":{"start":{"line":22,"column":8},"end":{"line":36,"column":27}},"line":22}},"branchMap":{},"s":{"0":0,"1":0,"2":1},"f":{"0":0,"1":0},"b":{},"_coverageSchema":"1a1c01bbd47fc00a2c39e90264f33305004495a9","hash":"f6e45782ab9c7005d74811cd8299d0e4ddd89df6"}
,"C:\\Users\\jeffrey\\Desktop\\Githubmains\\DKLTracker\\dkl-steps-app\\src\\components\\dashboard\\ProgressCard.tsx": {"path":"C:\\Users\\jeffrey\\Desktop\\Githubmains\\DKLTracker\\dkl-steps-app\\src\\components\\dashboard\\ProgressCard.tsx","statementMap":{"0":{"start":{"line":19,"column":29},"end":{"line":22,"column":3}},"1":{"start":{"line":20,"column":4},"end":{"line":20,"column":49}},"2":{"start":{"line":25,"column":23},"end":{"line":25,"column":60}},"3":{"start":{"line":26,"column":20},"end":{"line":26,"column":57}},"4":{"start":{"line":28,"column":2},"end":{"line":35,"column":27}},"5":{"start":{"line":29,"column":4},"end":{"line":34,"column":15}},"6":{"start":{"line":37,"column":2},"end":{"line":55,"column":25}},"7":{"start":{"line":38,"column":4},"end":{"line":54,"column":5}},"8":{"start":{"line":39,"column":6},"end":{"line":39,"column":28}},"9":{"start":{"line":40,"column":6},"end":{"line":53,"column":17}},"10":{"start":{"line":57,"column":24},"end":{"line":60,"column":4}},"11":{"start":{"line":62,"column":2},"end":{"line":118,"column":4}},"12":{"start":{"line":121,"column":15},"end":{"line":189,"column":2}}},"fnMap":{"0":{"name":"ProgressCard","decl":{"start":{"line":13,"column":16},"end":{"line":13,"column":28}},"loc":{"start":{"line":18,"column":22},"end":{"line":119,"column":1}},"line":18},"1":{"name":"(anonymous_1)","decl":{"start":{"line":19,"column":37},"end":{"line":19,"column":38}},"loc":{"start":{"line":20,"column":4},"end":{"line":20,"column":49}},"line":20},"2":{"name":"(anonymous_2)","decl":{"start":{"line":28,"column":12},"end":{"line":28,"column":13}},"loc":{"start":{"line":28,"column":18},"end":{"line":35,"column":3}},"line":28},"3":{"name":"(anonymous_3)","decl":{"start":{"line":37,"column":12},"end":{"line":37,"column":13}},"loc":{"start":{"line":37,"column":18},"end":{"line":55,"column":3}},"line":37}},"branchMap":{"0":{"loc":{"start":{"line":15,"column":2},"end":{"line":15,"column":19}},"type":"default-arg","locations":[{"start":{"line":15,"column":14},"end":{"line":15,"column":19}}],"line":15},"1":{"loc":{"start":{"line":16,"column":2},"end":{"line":16,"column":19}},"type":"default-arg","locations":[{"start":{"line":16,"column":14},"end":{"line":16,"column":19}}],"line":16},"2":{"loc":{"start":{"line":17,"column":2},"end":{"line":17,"column":11}},"type":"default-arg","locations":[{"start":{"line":17,"column":10},"end":{"line":17,"column":11}}],"line":17},"3":{"loc":{"start":{"line":38,"column":4},"end":{"line":54,"column":5}},"type":"if","locations":[{"start":{"line":38,"column":4},"end":{"line":54,"column":5}},{"start":{},"end":{}}],"line":38},"4":{"loc":{"start":{"line":38,"column":8},"end":{"line":38,"column":30}},"type":"binary-expr","locations":[{"start":{"line":38,"column":8},"end":{"line":38,"column":17}},{"start":{"line":38,"column":21},"end":{"line":38,"column":30}}],"line":38},"5":{"loc":{"start":{"line":87,"column":11},"end":{"line":106,"column":11}},"type":"binary-expr","locations":[{"start":{"line":87,"column":11},"end":{"line":87,"column":20}},{"start":{"line":87,"column":24},"end":{"line":87,"column":33}},{"start":{"line":88,"column":12},"end":{"line":105,"column":28}}],"line":87}},"s":{"0":3,"1":1,"2":3,"3":3,"4":3,"5":1,"6":3,"7":1,"8":0,"9":0,"10":3,"11":3,"12":1},"f":{"0":3,"1":1,"2":1,"3":1},"b":{"0":[3],"1":[0],"2":[3],"3":[0,1],"4":[1,0],"5":[3,0,0]},"_coverageSchema":"1a1c01bbd47fc00a2c39e90264f33305004495a9","hash":"2278b6a4f1135e3c069bc14d3ac785e7a8dbc395"}
,"C:\\Users\\jeffrey\\Desktop\\Githubmains\\DKLTracker\\dkl-steps-app\\src\\components\\dashboard\\QuickActionCard.tsx": {"path":"C:\\Users\\jeffrey\\Desktop\\Githubmains\\DKLTracker\\dkl-steps-app\\src\\components\\dashboard\\QuickActionCard.tsx","statementMap":{"0":{"start":{"line":19,"column":18},"end":{"line":19,"column":37}},"1":{"start":{"line":20,"column":22},"end":{"line":20,"column":45}},"2":{"start":{"line":22,"column":2},"end":{"line":54,"column":4}},"3":{"start":{"line":57,"column":15},"end":{"line":109,"column":2}}},"fnMap":{"0":{"name":"QuickActionCard","decl":{"start":{"line":12,"column":16},"end":{"line":12,"column":31}},"loc":{"start":{"line":18,"column":25},"end":{"line":55,"column":1}},"line":18}},"branchMap":{"0":{"loc":{"start":{"line":17,"column":2},"end":{"line":17,"column":21}},"type":"default-arg","locations":[{"start":{"line":17,"column":12},"end":{"line":17,"column":21}}],"line":17},"1":{"loc":{"start":{"line":26,"column":8},"end":{"line":26,"column":41}},"type":"binary-expr","locations":[{"start":{"line":26,"column":8},"end":{"line":26,"column":15}},{"start":{"line":26,"column":19},"end":{"line":26,"column":41}}],"line":26},"2":{"loc":{"start":{"line":27,"column":8},"end":{"line":27,"column":49}},"type":"binary-expr","locations":[{"start":{"line":27,"column":8},"end":{"line":27,"column":19}},{"start":{"line":27,"column":23},"end":{"line":27,"column":49}}],"line":27},"3":{"loc":{"start":{"line":36,"column":10},"end":{"line":36,"column":44}},"type":"binary-expr","locations":[{"start":{"line":36,"column":10},"end":{"line":36,"column":17}},{"start":{"line":36,"column":21},"end":{"line":36,"column":44}}],"line":36},"4":{"loc":{"start":{"line":42,"column":10},"end":{"line":42,"column":47}},"type":"binary-expr","locations":[{"start":{"line":42,"column":10},"end":{"line":42,"column":17}},{"start":{"line":42,"column":21},"end":{"line":42,"column":47}}],"line":42},"5":{"loc":{"start":{"line":49,"column":8},"end":{"line":49,"column":42}},"type":"binary-expr","locations":[{"start":{"line":49,"column":8},"end":{"line":49,"column":15}},{"start":{"line":49,"column":19},"end":{"line":49,"column":42}}],"line":49}},"s":{"0":0,"1":0,"2":0,"3":1},"f":{"0":0},"b":{"0":[0],"1":[0,0],"2":[0,0],"3":[0,0],"4":[0,0],"5":[0,0]},"_coverageSchema":"1a1c01bbd47fc00a2c39e90264f33305004495a9","hash":"ae14e3c0d45b37ab2b5b25107251ae54df5e1661"}
,"C:\\Users\\jeffrey\\Desktop\\Githubmains\\DKLTracker\\dkl-steps-app\\src\\components\\dashboard\\RoleBadge.tsx": {"path":"C:\\Users\\jeffrey\\Desktop\\Githubmains\\DKLTracker\\dkl-steps-app\\src\\components\\dashboard\\RoleBadge.tsx","statementMap":{"0":{"start":{"line":9,"column":25},"end":{"line":9,"column":43}},"1":{"start":{"line":10,"column":18},"end":{"line":10,"column":44}},"2":{"start":{"line":12,"column":22},"end":{"line":12,"column":67}},"3":{"start":{"line":14,"column":2},"end":{"line":18,"column":4}},"4":{"start":{"line":21,"column":15},"end":{"line":37,"column":2}}},"fnMap":{"0":{"name":"RoleBadge","decl":{"start":{"line":8,"column":16},"end":{"line":8,"column":25}},"loc":{"start":{"line":8,"column":52},"end":{"line":19,"column":1}},"line":8}},"branchMap":{"0":{"loc":{"start":{"line":12,"column":22},"end":{"line":12,"column":67}},"type":"cond-expr","locations":[{"start":{"line":12,"column":32},"end":{"line":12,"column":50}},{"start":{"line":12,"column":53},"end":{"line":12,"column":67}}],"line":12}},"s":{"0":0,"1":0,"2":0,"3":0,"4":1},"f":{"0":0},"b":{"0":[0,0]},"_coverageSchema":"1a1c01bbd47fc00a2c39e90264f33305004495a9","hash":"88f8011f3d01fcdeb9d298362f5a2e91a5442ea6"}
,"C:\\Users\\jeffrey\\Desktop\\Githubmains\\DKLTracker\\dkl-steps-app\\src\\components\\dashboard\\SimpleStepDisplay.tsx": {"path":"C:\\Users\\jeffrey\\Desktop\\Githubmains\\DKLTracker\\dkl-steps-app\\src\\components\\dashboard\\SimpleStepDisplay.tsx","statementMap":{"0":{"start":{"line":31,"column":6},"end":{"line":38,"column":4}},"1":{"start":{"line":40,"column":21},"end":{"line":42,"column":3}},"2":{"start":{"line":41,"column":4},"end":{"line":41,"column":29}},"3":{"start":{"line":45,"column":26},"end":{"line":59,"column":3}},"4":{"start":{"line":46,"column":4},"end":{"line":46,"column":58}},"5":{"start":{"line":46,"column":23},"end":{"line":46,"column":58}},"6":{"start":{"line":48,"column":16},"end":{"line":48,"column":26}},"7":{"start":{"line":49,"column":17},"end":{"line":49,"column":43}},"8":{"start":{"line":50,"column":20},"end":{"line":50,"column":44}},"9":{"start":{"line":52,"column":4},"end":{"line":52,"column":55}},"10":{"start":{"line":52,"column":21},"end":{"line":52,"column":55}},"11":{"start":{"line":53,"column":4},"end":{"line":53,"column":49}},"12":{"start":{"line":53,"column":23},"end":{"line":53,"column":49}},"13":{"start":{"line":54,"column":4},"end":{"line":54,"column":58}},"14":{"start":{"line":54,"column":22},"end":{"line":54,"column":58}},"15":{"start":{"line":56,"column":18},"end":{"line":56,"column":42}},"16":{"start":{"line":57,"column":4},"end":{"line":57,"column":44}},"17":{"start":{"line":57,"column":21},"end":{"line":57,"column":44}},"18":{"start":{"line":58,"column":4},"end":{"line":58,"column":34}},"19":{"start":{"line":61,"column":2},"end":{"line":121,"column":4}},"20":{"start":{"line":126,"column":15},"end":{"line":244,"column":2}}},"fnMap":{"0":{"name":"SimpleStepDisplay","decl":{"start":{"line":19,"column":9},"end":{"line":19,"column":26}},"loc":{"start":{"line":24,"column":27},"end":{"line":122,"column":1}},"line":24},"1":{"name":"(anonymous_1)","decl":{"start":{"line":40,"column":21},"end":{"line":40,"column":22}},"loc":{"start":{"line":40,"column":33},"end":{"line":42,"column":3}},"line":40},"2":{"name":"(anonymous_2)","decl":{"start":{"line":45,"column":26},"end":{"line":45,"column":27}},"loc":{"start":{"line":45,"column":32},"end":{"line":59,"column":3}},"line":45}},"branchMap":{"0":{"loc":{"start":{"line":23,"column":2},"end":{"line":23,"column":35}},"type":"default-arg","locations":[{"start":{"line":23,"column":30},"end":{"line":23,"column":35}}],"line":23},"1":{"loc":{"start":{"line":33,"column":25},"end":{"line":37,"column":17}},"type":"cond-expr","locations":[{"start":{"line":33,"column":53},"end":{"line":37,"column":5}},{"start":{"line":37,"column":8},"end":{"line":37,"column":17}}],"line":33},"2":{"loc":{"start":{"line":36,"column":22},"end":{"line":36,"column":45}},"type":"binary-expr","locations":[{"start":{"line":36,"column":22},"end":{"line":36,"column":36}},{"start":{"line":36,"column":40},"end":{"line":36,"column":45}}],"line":36},"3":{"loc":{"start":{"line":46,"column":4},"end":{"line":46,"column":58}},"type":"if","locations":[{"start":{"line":46,"column":4},"end":{"line":46,"column":58}},{"start":{},"end":{}}],"line":46},"4":{"loc":{"start":{"line":52,"column":4},"end":{"line":52,"column":55}},"type":"if","locations":[{"start":{"line":52,"column":4},"end":{"line":52,"column":55}},{"start":{},"end":{}}],"line":52},"5":{"loc":{"start":{"line":53,"column":4},"end":{"line":53,"column":49}},"type":"if","locations":[{"start":{"line":53,"column":4},"end":{"line":53,"column":49}},{"start":{},"end":{}}],"line":53},"6":{"loc":{"start":{"line":54,"column":4},"end":{"line":54,"column":58}},"type":"if","locations":[{"start":{"line":54,"column":4},"end":{"line":54,"column":58}},{"start":{},"end":{}}],"line":54},"7":{"loc":{"start":{"line":57,"column":4},"end":{"line":57,"column":44}},"type":"if","locations":[{"start":{"line":57,"column":4},"end":{"line":57,"column":44}},{"start":{},"end":{}}],"line":57},"8":{"loc":{"start":{"line":76,"column":11},"end":{"line":87,"column":11}},"type":"binary-expr","locations":[{"start":{"line":76,"column":11},"end":{"line":76,"column":36}},{"start":{"line":76,"column":40},"end":{"line":76,"column":83}},{"start":{"line":77,"column":12},"end":{"line":86,"column":19}}],"line":76},"9":{"loc":{"start":{"line":80,"column":17},"end":{"line":84,"column":41}},"type":"cond-expr","locations":[{"start":{"line":81,"column":20},"end":{"line":81,"column":39}},{"start":{"line":82,"column":20},"end":{"line":84,"column":41}}],"line":80},"10":{"loc":{"start":{"line":82,"column":20},"end":{"line":84,"column":41}},"type":"cond-expr","locations":[{"start":{"line":83,"column":20},"end":{"line":83,"column":41}},{"start":{"line":84,"column":20},"end":{"line":84,"column":41}}],"line":82},"11":{"loc":{"start":{"line":90,"column":11},"end":{"line":95,"column":11}},"type":"binary-expr","locations":[{"start":{"line":90,"column":11},"end":{"line":90,"column":36}},{"start":{"line":90,"column":40},"end":{"line":90,"column":82}},{"start":{"line":91,"column":12},"end":{"line":94,"column":19}}],"line":90},"12":{"loc":{"start":{"line":100,"column":11},"end":{"line":117,"column":11}},"type":"cond-expr","locations":[{"start":{"line":101,"column":12},"end":{"line":104,"column":19}},{"start":{"line":106,"column":12},"end":{"line":116,"column":15}}],"line":100}},"s":{"0":2,"1":2,"2":0,"3":2,"4":2,"5":2,"6":0,"7":0,"8":0,"9":0,"10":0,"11":0,"12":0,"13":0,"14":0,"15":0,"16":0,"17":0,"18":0,"19":2,"20":1},"f":{"0":2,"1":0,"2":2},"b":{"0":[0],"1":[0,2],"2":[0,0],"3":[2,0],"4":[0,0],"5":[0,0],"6":[0,0],"7":[0,0],"8":[2,0,0],"9":[0,0],"10":[0,0],"11":[2,0,0],"12":[0,2]},"_coverageSchema":"1a1c01bbd47fc00a2c39e90264f33305004495a9","hash":"c913a1c0c79b12fd49b59d9b21b553fd6180b30e"}
,"C:\\Users\\jeffrey\\Desktop\\Githubmains\\DKLTracker\\dkl-steps-app\\src\\components\\dashboard\\StatCard.tsx": {"path":"C:\\Users\\jeffrey\\Desktop\\Githubmains\\DKLTracker\\dkl-steps-app\\src\\components\\dashboard\\StatCard.tsx","statementMap":{"0":{"start":{"line":12,"column":2},"end":{"line":20,"column":4}},"1":{"start":{"line":23,"column":15},"end":{"line":53,"column":2}}},"fnMap":{"0":{"name":"StatCard","decl":{"start":{"line":11,"column":16},"end":{"line":11,"column":24}},"loc":{"start":{"line":11,"column":83},"end":{"line":21,"column":1}},"line":11}},"branchMap":{"0":{"loc":{"start":{"line":11,"column":47},"end":{"line":11,"column":64}},"type":"default-arg","locations":[{"start":{"line":11,"column":59},"end":{"line":11,"column":64}}],"line":11},"1":{"loc":{"start":{"line":15,"column":38},"end":{"line":15,"column":76}},"type":"binary-expr","locations":[{"start":{"line":15,"column":38},"end":{"line":15,"column":47}},{"start":{"line":15,"column":51},"end":{"line":15,"column":76}}],"line":15}},"s":{"0":0,"1":1},"f":{"0":0},"b":{"0":[0],"1":[0,0]},"_coverageSchema":"1a1c01bbd47fc00a2c39e90264f33305004495a9","hash":"21bb919f2953ceda4ebe3617a97071b9b690607d"}
,"C:\\Users\\jeffrey\\Desktop\\Githubmains\\DKLTracker\\dkl-steps-app\\src\\components\\dashboard\\StatsOverview.tsx": {"path":"C:\\Users\\jeffrey\\Desktop\\Githubmains\\DKLTracker\\dkl-steps-app\\src\\components\\dashboard\\StatsOverview.tsx","statementMap":{"0":{"start":{"line":26,"column":2},"end":{"line":37,"column":4}},"1":{"start":{"line":29,"column":8},"end":{"line":34,"column":10}},"2":{"start":{"line":49,"column":19},"end":{"line":49,"column":56}},"3":{"start":{"line":50,"column":20},"end":{"line":50,"column":58}},"4":{"start":{"line":52,"column":2},"end":{"line":68,"column":9}},"5":{"start":{"line":53,"column":4},"end":{"line":67,"column":15}},"6":{"start":{"line":70,"column":2},"end":{"line":108,"column":4}},"7":{"start":{"line":111,"column":15},"end":{"line":166,"column":2}}},"fnMap":{"0":{"name":"StatsOverview","decl":{"start":{"line":25,"column":16},"end":{"line":25,"column":29}},"loc":{"start":{"line":25,"column":74},"end":{"line":38,"column":1}},"line":25},"1":{"name":"(anonymous_1)","decl":{"start":{"line":28,"column":17},"end":{"line":28,"column":18}},"loc":{"start":{"line":29,"column":8},"end":{"line":34,"column":10}},"line":29},"2":{"name":"AnimatedStatCard","decl":{"start":{"line":40,"column":9},"end":{"line":40,"column":25}},"loc":{"start":{"line":48,"column":3},"end":{"line":109,"column":1}},"line":48},"3":{"name":"(anonymous_3)","decl":{"start":{"line":52,"column":12},"end":{"line":52,"column":13}},"loc":{"start":{"line":52,"column":18},"end":{"line":68,"column":3}},"line":52}},"branchMap":{"0":{"loc":{"start":{"line":25,"column":39},"end":{"line":25,"column":50}},"type":"default-arg","locations":[{"start":{"line":25,"column":49},"end":{"line":25,"column":50}}],"line":25},"1":{"loc":{"start":{"line":74,"column":8},"end":{"line":74,"column":48}},"type":"binary-expr","locations":[{"start":{"line":74,"column":8},"end":{"line":74,"column":21}},{"start":{"line":74,"column":25},"end":{"line":74,"column":48}}],"line":74},"2":{"loc":{"start":{"line":83,"column":14},"end":{"line":83,"column":68}},"type":"cond-expr","locations":[{"start":{"line":83,"column":27},"end":{"line":83,"column":44}},{"start":{"line":83,"column":47},"end":{"line":83,"column":68}}],"line":83},"3":{"loc":{"start":{"line":84,"column":14},"end":{"line":84,"column":68}},"type":"cond-expr","locations":[{"start":{"line":84,"column":27},"end":{"line":84,"column":44}},{"start":{"line":84,"column":47},"end":{"line":84,"column":68}}],"line":84},"4":{"loc":{"start":{"line":90,"column":13},"end":{"line":104,"column":13}},"type":"binary-expr","locations":[{"start":{"line":90,"column":13},"end":{"line":90,"column":23}},{"start":{"line":91,"column":14},"end":{"line":103,"column":21}}],"line":90},"5":{"loc":{"start":{"line":95,"column":20},"end":{"line":97,"column":40}},"type":"cond-expr","locations":[{"start":{"line":96,"column":24},"end":{"line":96,"column":38}},{"start":{"line":97,"column":24},"end":{"line":97,"column":40}}],"line":95},"6":{"loc":{"start":{"line":100,"column":19},"end":{"line":100,"column":60}},"type":"cond-expr","locations":[{"start":{"line":100,"column":51},"end":{"line":100,"column":54}},{"start":{"line":100,"column":57},"end":{"line":100,"column":60}}],"line":100}},"s":{"0":3,"1":9,"2":9,"3":9,"4":9,"5":3,"6":9,"7":1},"f":{"0":3,"1":9,"2":9,"3":3},"b":{"0":[0],"1":[9,9],"2":[9,0],"3":[9,0],"4":[9,0],"5":[0,0],"6":[0,0]},"_coverageSchema":"1a1c01bbd47fc00a2c39e90264f33305004495a9","hash":"a4aa35892b1638711fbd500f603ac94fec9c4a5c"}
,"C:\\Users\\jeffrey\\Desktop\\Githubmains\\DKLTracker\\dkl-steps-app\\src\\components\\dashboard\\index.ts": {"path":"C:\\Users\\jeffrey\\Desktop\\Githubmains\\DKLTracker\\dkl-steps-app\\src\\components\\dashboard\\index.ts","statementMap":{},"fnMap":{},"branchMap":{},"s":{},"f":{},"b":{},"_coverageSchema":"1a1c01bbd47fc00a2c39e90264f33305004495a9","hash":"19a33794a8139cf5c9486a6092bff2de59c6d557"}
,"C:\\Users\\jeffrey\\Desktop\\Githubmains\\DKLTracker\\dkl-steps-app\\src\\components\\digitalboard\\BoardBranding.tsx": {"path":"C:\\Users\\jeffrey\\Desktop\\Githubmains\\DKLTracker\\dkl-steps-app\\src\\components\\digitalboard\\BoardBranding.tsx","statementMap":{"0":{"start":{"line":6,"column":2},"end":{"line":13,"column":4}},"1":{"start":{"line":16,"column":15},"end":{"line":41,"column":2}}},"fnMap":{"0":{"name":"BoardBranding","decl":{"start":{"line":5,"column":16},"end":{"line":5,"column":29}},"loc":{"start":{"line":5,"column":32},"end":{"line":14,"column":1}},"line":5}},"branchMap":{},"s":{"0":0,"1":1},"f":{"0":0},"b":{},"_coverageSchema":"1a1c01bbd47fc00a2c39e90264f33305004495a9","hash":"a96406f9d65d824b83dccddf861c07f3e3d6f958"}
,"C:\\Users\\jeffrey\\Desktop\\Githubmains\\DKLTracker\\dkl-steps-app\\src\\components\\digitalboard\\LiveCounter.tsx": {"path":"C:\\Users\\jeffrey\\Desktop\\Githubmains\\DKLTracker\\dkl-steps-app\\src\\components\\digitalboard\\LiveCounter.tsx","statementMap":{"0":{"start":{"line":14,"column":39},"end":{"line":14,"column":65}},"1":{"start":{"line":15,"column":23},"end":{"line":15,"column":42}},"2":{"start":{"line":16,"column":20},"end":{"line":16,"column":33}},"3":{"start":{"line":19,"column":2},"end":{"line":24,"column":29}},"4":{"start":{"line":20,"column":4},"end":{"line":22,"column":5}},"5":{"start":{"line":21,"column":6},"end":{"line":21,"column":27}},"6":{"start":{"line":23,"column":4},"end":{"line":23,"column":30}},"7":{"start":{"line":26,"column":2},"end":{"line":55,"column":4}},"8":{"start":{"line":58,"column":15},"end":{"line":113,"column":2}}},"fnMap":{"0":{"name":"LiveCounter","decl":{"start":{"line":13,"column":16},"end":{"line":13,"column":27}},"loc":{"start":{"line":13,"column":70},"end":{"line":56,"column":1}},"line":13},"1":{"name":"(anonymous_1)","decl":{"start":{"line":19,"column":12},"end":{"line":19,"column":13}},"loc":{"start":{"line":19,"column":18},"end":{"line":24,"column":3}},"line":19}},"branchMap":{"0":{"loc":{"start":{"line":13,"column":37},"end":{"line":13,"column":48}},"type":"default-arg","locations":[{"start":{"line":13,"column":44},"end":{"line":13,"column":48}}],"line":13},"1":{"loc":{"start":{"line":20,"column":4},"end":{"line":22,"column":5}},"type":"if","locations":[{"start":{"line":20,"column":4},"end":{"line":22,"column":5}},{"start":{},"end":{}}],"line":20},"2":{"loc":{"start":{"line":20,"column":8},"end":{"line":20,"column":62}},"type":"binary-expr","locations":[{"start":{"line":20,"column":8},"end":{"line":20,"column":35}},{"start":{"line":20,"column":39},"end":{"line":20,"column":62}}],"line":20}},"s":{"0":0,"1":0,"2":0,"3":0,"4":0,"5":0,"6":0,"7":0,"8":1},"f":{"0":0,"1":0},"b":{"0":[0],"1":[0,0],"2":[0,0]},"_coverageSchema":"1a1c01bbd47fc00a2c39e90264f33305004495a9","hash":"d5b4338fddccf6363be9e09620ee8
[...]
"column":50}},"30":{"start":{"line":160,"column":8},"end":{"line":160,"column":37}},"31":{"start":{"line":161,"column":8},"end":{"line":161,"column":24}}},"fnMap":{"0":{"name":"(anonymous_0)","decl":{"start":{"line":28,"column":21},"end":{"line":28,"column":22}},"loc":{"start":{"line":28,"column":35},"end":{"line":36,"column":1}},"line":28},"1":{"name":"(anonymous_1)","decl":{"start":{"line":46,"column":9},"end":{"line":46,"column":10}},"loc":{"start":{"line":46,"column":29},"end":{"line":50,"column":3}},"line":46},"2":{"name":"(anonymous_2)","decl":{"start":{"line":56,"column":8},"end":{"line":56,"column":9}},"loc":{"start":{"line":56,"column":28},"end":{"line":60,"column":3}},"line":56},"3":{"name":"(anonymous_3)","decl":{"start":{"line":66,"column":8},"end":{"line":66,"column":9}},"loc":{"start":{"line":66,"column":28},"end":{"line":68,"column":3}},"line":66},"4":{"name":"(anonymous_4)","decl":{"start":{"line":74,"column":9},"end":{"line":74,"column":10}},"loc":{"start":{"line":74,"column":29},"end":{"line":81,"column":3}},"line":74},"5":{"name":"(anonymous_5)","decl":{"start":{"line":87,"column":7},"end":{"line":87,"column":8}},"loc":{"start":{"line":87,"column":45},"end":{"line":91,"column":3}},"line":87},"6":{"name":"(anonymous_6)","decl":{"start":{"line":97,"column":11},"end":{"line":97,"column":12}},"loc":{"start":{"line":97,"column":31},"end":{"line":101,"column":3}},"line":97},"7":{"name":"(anonymous_7)","decl":{"start":{"line":107,"column":8},"end":{"line":107,"column":9}},"loc":{"start":{"line":107,"column":45},"end":{"line":111,"column":3}},"line":107},"8":{"name":"(anonymous_8)","decl":{"start":{"line":117,"column":9},"end":{"line":117,"column":10}},"loc":{"start":{"line":117,"column":47},"end":{"line":125,"column":3}},"line":117},"9":{"name":"(anonymous_9)","decl":{"start":{"line":127,"column":12},"end":{"line":127,"column":13}},"loc":{"start":{"line":127,"column":18},"end":{"line":131,"column":3}},"line":127},"10":{"name":"(anonymous_10)","decl":{"start":{"line":137,"column":9},"end":{"line":137,"column":10}},"loc":{"start":{"line":137,"column":24},"end":{"line":141,"column":3}},"line":137},"11":{"name":"(anonymous_11)","decl":{"start":{"line":154,"column":9},"end":{"line":154,"column":10}},"loc":{"start":{"line":154,"column":28},"end":{"line":164,"column":3}},"line":154},"12":{"name":"(anonymous_12)","decl":{"start":{"line":158,"column":11},"end":{"line":158,"column":12}},"loc":{"start":{"line":158,"column":17},"end":{"line":162,"column":7}},"line":158}},"branchMap":{"0":{"loc":{"start":{"line":47,"column":4},"end":{"line":49,"column":5}},"type":"if","locations":[{"start":{"line":47,"column":4},"end":{"line":49,"column":5}},{"start":{},"end":{}}],"line":47},"1":{"loc":{"start":{"line":47,"column":8},"end":{"line":47,"column":42}},"type":"binary-expr","locations":[{"start":{"line":47,"column":8},"end":{"line":47,"column":21}},{"start":{"line":47,"column":25},"end":{"line":47,"column":42}}],"line":47},"2":{"loc":{"start":{"line":57,"column":4},"end":{"line":59,"column":5}},"type":"if","locations":[{"start":{"line":57,"column":4},"end":{"line":59,"column":5}},{"start":{},"end":{}}],"line":57},"3":{"loc":{"start":{"line":88,"column":4},"end":{"line":90,"column":5}},"type":"if","locations":[{"start":{"line":88,"column":4},"end":{"line":90,"column":5}},{"start":{},"end":{}}],"line":88},"4":{"loc":{"start":{"line":88,"column":8},"end":{"line":88,"column":40}},"type":"binary-expr","locations":[{"start":{"line":88,"column":8},"end":{"line":88,"column":21}},{"start":{"line":88,"column":25},"end":{"line":88,"column":40}}],"line":88},"5":{"loc":{"start":{"line":98,"column":4},"end":{"line":100,"column":5}},"type":"if","locations":[{"start":{"line":98,"column":4},"end":{"line":100,"column":5}},{"start":{},"end":{}}],"line":98},"6":{"loc":{"start":{"line":108,"column":4},"end":{"line":110,"column":5}},"type":"if","locations":[{"start":{"line":108,"column":4},"end":{"line":110,"column":5}},{"start":{},"end":{}}],"line":108},"7":{"loc":{"start":{"line":117,"column":25},"end":{"line":117,"column":42}},"type":"default-arg","locations":[{"start":{"line":117,"column":37},"end":{"line":117,"column":42}}],"line":117},"8":{"loc":{"start":{"line":118,"column":4},"end":{"line":124,"column":5}},"type":"if","locations":[{"start":{"line":118,"column":4},"end":{"line":124,"column":5}},{"start":{},"end":{}}],"line":118},"9":{"loc":{"start":{"line":119,"column":6},"end":{"line":123,"column":7}},"type":"if","locations":[{"start":{"line":119,"column":6},"end":{"line":123,"column":7}},{"start":{"line":121,"column":13},"end":{"line":123,"column":7}}],"line":119},"10":{"loc":{"start":{"line":128,"column":4},"end":{"line":130,"column":5}},"type":"if","locations":[{"start":{"line":128,"column":4},"end":{"line":130,"column":5}},{"start":{},"end":{}}],"line":128},"11":{"loc":{"start":{"line":138,"column":4},"end":{"line":140,"column":5}},"type":"if","locations":[{"start":{"line":138,"column":4},"end":{"line":140,"column":5}},{"start":{},"end":{}}],"line":138}},"s":{"0":30,"1":30,"2":30,"3":30,"4":218,"5":218,"6":30,"7":110,"8":0,"9":136,"10":136,"11":17,"12":46,"13":79,"14":0,"15":13,"16":13,"17":4,"18":4,"19":2,"20":2,"21":1,"22":1,"23":1,"24":1,"25":1,"26":1,"27":2,"28":2,"29":2,"30":2,"31":2},"f":{"0":218,"1":110,"2":136,"3":17,"4":46,"5":79,"6":13,"7":4,"8":2,"9":1,"10":1,"11":2,"12":2},"b":{"0":[0,110],"1":[110,110],"2":[136,0],"3":[0,79],"4":[79,79],"5":[13,0],"6":[4,0],"7":[1],"8":[2,0],"9":[1,1],"10":[1,0],"11":[1,0]},"_coverageSchema":"1a1c01bbd47fc00a2c39e90264f33305004495a9","hash":"bbca6136147b43f44b9ffac7b3af7ecc4e4d8a65"}
,"C:\\Users\\jeffrey\\Desktop\\Githubmains\\DKLTracker\\dkl-steps-app\\src\\utils\\storage.ts": {"path":"C:\\Users\\jeffrey\\Desktop\\Githubmains\\DKLTracker\\dkl-steps-app\\src\\utils\\storage.ts","statementMap":{"0":{"start":{"line":27,"column":16},"end":{"line":27,"column":20}},"1":{"start":{"line":28,"column":24},"end":{"line":28,"column":28}},"2":{"start":{"line":29,"column":14},"end":{"line":29,"column":19}},"3":{"start":{"line":31,"column":0},"end":{"line":40,"column":1}},"4":{"start":{"line":33,"column":2},"end":{"line":33,"column":43}},"5":{"start":{"line":34,"column":2},"end":{"line":34,"column":28}},"6":{"start":{"line":35,"column":2},"end":{"line":35,"column":17}},"7":{"start":{"line":36,"column":2},"end":{"line":36,"column":62}},"8":{"start":{"line":38,"column":2},"end":{"line":38,"column":76}},"9":{"start":{"line":39,"column":2},"end":{"line":39,"column":18}},"10":{"start":{"line":45,"column":23},"end":{"line":218,"column":1}},"11":{"start":{"line":50,"column":4},"end":{"line":59,"column":5}},"12":{"start":{"line":51,"column":6},"end":{"line":55,"column":7}},"13":{"start":{"line":52,"column":8},"end":{"line":52,"column":51}},"14":{"start":{"line":54,"column":8},"end":{"line":54,"column":47}},"15":{"start":{"line":57,"column":6},"end":{"line":57,"column":69}},"16":{"start":{"line":58,"column":6},"end":{"line":58,"column":18}},"17":{"start":{"line":66,"column":4},"end":{"line":75,"column":5}},"18":{"start":{"line":67,"column":6},"end":{"line":71,"column":7}},"19":{"start":{"line":68,"column":8},"end":{"line":68,"column":37}},"20":{"start":{"line":70,"column":8},"end":{"line":70,"column":47}},"21":{"start":{"line":73,"column":6},"end":{"line":73,"column":69}},"22":{"start":{"line":74,"column":6},"end":{"line":74,"column":18}},"23":{"start":{"line":82,"column":4},"end":{"line":91,"column":5}},"24":{"start":{"line":83,"column":6},"end":{"line":87,"column":7}},"25":{"start":{"line":84,"column":8},"end":{"line":84,"column":33}},"26":{"start":{"line":86,"column":8},"end":{"line":86,"column":43}},"27":{"start":{"line":89,"column":6},"end":{"line":89,"column":72}},"28":{"start":{"line":90,"column":6},"end":{"line":90,"column":18}},"29":{"start":{"line":98,"column":4},"end":{"line":108,"column":5}},"30":{"start":{"line":99,"column":6},"end":{"line":103,"column":7}},"31":{"start":{"line":100,"column":8},"end":{"line":100,"column":32}},"32":{"start":{"line":102,"column":8},"end":{"line":102,"column":35}},"33":{"start":{"line":104,"column":6},"end":{"line":104,"column":37}},"34":{"start":{"line":106,"column":6},"end":{"line":106,"column":50}},"35":{"start":{"line":107,"column":6},"end":{"line":107,"column":18}},"36":{"start":{"line":115,"column":4},"end":{"line":124,"column":5}},"37":{"start":{"line":116,"column":6},"end":{"line":120,"column":7}},"38":{"start":{"line":117,"column":8},"end":{"line":117,"column":41}},"39":{"start":{"line":119,"column":8},"end":{"line":119,"column":47}},"40":{"start":{"line":122,"column":6},"end":{"line":122,"column":55}},"41":{"start":{"line":123,"column":6},"end":{"line":123,"column":16}},"42":{"start":{"line":131,"column":4},"end":{"line":143,"column":5}},"43":{"start":{"line":132,"column":6},"end":{"line":139,"column":7}},"44":{"start":{"line":134,"column":8},"end":{"line":136,"column":11}},"45":{"start":{"line":135,"column":10},"end":{"line":135,"column":39}},"46":{"start":{"line":138,"column":8},"end":{"line":138,"column":51}},"47":{"start":{"line":141,"column":6},"end":{"line":141,"column":53}},"48":{"start":{"line":142,"column":6},"end":{"line":142,"column":18}},"49":{"start":{"line":150,"column":4},"end":{"line":160,"column":5}},"50":{"start":{"line":151,"column":6},"end":{"line":156,"column":7}},"51":{"start":{"line":153,"column":8},"end":{"line":153,"column":102}},"52":{"start":{"line":153,"column":31},"end":{"line":153,"column":100}},"53":{"start":{"line":155,"column":8},"end":{"line":155,"column":49}},"54":{"start":{"line":158,"column":6},"end":{"line":158,"column":53}},"55":{"start":{"line":159,"column":6},"end":{"line":159,"column":69}},"56":{"start":{"line":159,"column":29},"end":{"line":159,"column":67}},"57":{"start":{"line":167,"column":4},"end":{"line":176,"column":5}},"58":{"start":{"line":168,"column":6},"end":{"line":172,"column":7}},"59":{"start":{"line":169,"column":8},"end":{"line":169,"column":54}},"60":{"start":{"line":169,"column":28},"end":{"line":169,"column":52}},"61":{"start":{"line":171,"column":8},"end":{"line":171,"column":45}},"62":{"start":{"line":174,"column":6},"end":{"line":174,"column":56}},"63":{"start":{"line":175,"column":6},"end":{"line":175,"column":18}},"64":{"start":{"line":183,"column":4},"end":{"line":189,"column":5}},"65":{"start":{"line":184,"column":20},"end":{"line":184,"column":46}},"66":{"start":{"line":185,"column":6},"end":{"line":185,"column":46}},"67":{"start":{"line":187,"column":6},"end":{"line":187,"column":71}},"68":{"start":{"line":188,"column":6},"end":{"line":188,"column":18}},"69":{"start":{"line":196,"column":4},"end":{"line":202,"column":5}},"70":{"start":{"line":197,"column":25},"end":{"line":197,"column":46}},"71":{"start":{"line":198,"column":6},"end":{"line":198,"column":45}},"72":{"start":{"line":200,"column":6},"end":{"line":200,"column":71}},"73":{"start":{"line":201,"column":6},"end":{"line":201,"column":18}},"74":{"start":{"line":209,"column":4},"end":{"line":209,"column":45}},"75":{"start":{"line":216,"column":4},"end":{"line":216,"column":19}}},"fnMap":{"0":{"name":"(anonymous_0)","decl":{"start":{"line":49,"column":11},"end":{"line":49,"column":12}},"loc":{"start":{"line":49,"column":58},"end":{"line":60,"column":3}},"line":49},"1":{"name":"(anonymous_1)","decl":{"start":{"line":65,"column":11},"end":{"line":65,"column":12}},"loc":{"start":{"line":65,"column":64},"end":{"line":76,"column":3}},"line":65},"2":{"name":"(anonymous_2)","decl":{"start":{"line":81,"column":14},"end":{"line":81,"column":15}},"loc":{"start":{"line":81,"column":52},"end":{"line":92,"column":3}},"line":81},"3":{"name":"(anonymous_3)","decl":{"start":{"line":97,"column":9},"end":{"line":97,"column":10}},"loc":{"start":{"line":97,"column":36},"end":{"line":109,"column":3}},"line":97},"4":{"name":"(anonymous_4)","decl":{"start":{"line":114,"column":14},"end":{"line":114,"column":15}},"loc":{"start":{"line":114,"column":54},"end":{"line":125,"column":3}},"line":114},"5":{"name":"(anonymous_5)","decl":{"start":{"line":130,"column":12},"end":{"line":130,"column":13}},"loc":{"start":{"line":130,"column":72},"end":{"line":144,"column":3}},"line":130},"6":{"name":"(anonymous_6)","decl":{"start":{"line":134,"column":30},"end":{"line":134,"column":31}},"loc":{"start":{"line":134,"column":48},"end":{"line":136,"column":9}},"line":134},"7":{"name":"(anonymous_7)","decl":{"start":{"line":149,"column":12},"end":{"line":149,"column":13}},"loc":{"start":{"line":149,"column":92},"end":{"line":161,"column":3}},"line":149},"8":{"name":"(anonymous_8)","decl":{"start":{"line":153,"column":24},"end":{"line":153,"column":25}},"loc":{"start":{"line":153,"column":31},"end":{"line":153,"column":100}},"line":153},"9":{"name":"(anonymous_9)","decl":{"start":{"line":159,"column":22},"end":{"line":159,"column":23}},"loc":{"start":{"line":159,"column":29},"end":{"line":159,"column":67}},"line":159},"10":{"name":"(anonymous_10)","decl":{"start":{"line":166,"column":15},"end":{"line":166,"column":16}},"loc":{"start":{"line":166,"column":56},"end":{"line":177,"column":3}},"line":166},"11":{"name":"(anonymous_11)","decl":{"start":{"line":169,"column":21},"end":{"line":169,"column":22}},"loc":{"start":{"line":169,"column":28},"end":{"line":169,"column":52}},"line":169},"12":{"name":"(anonymous_12)","decl":{"start":{"line":182,"column":13},"end":{"line":182,"column":14}},"loc":{"start":{"line":182,"column":64},"end":{"line":190,"column":3}},"line":182},"13":{"name":"(anonymous_13)","decl":{"start":{"line":195,"column":13},"end":{"line":195,"column":14}},"loc":{"start":{"line":195,"column":63},"end":{"line":203,"column":3}},"line":195},"14":{"name":"(anonymous_14)","decl":{"start":{"line":208,"column":14},"end":{"line":208,"column":15}},"loc":{"start":{"line":208,"column":45},"end":{"line":210,"column":3}},"line":208},"15":{"name":"(anonymous_15)","decl":{"start":{"line":215,"column":19},"end":{"line":215,"column":20}},"loc":{"start":{"line":215,"column":34},"end":{"line":217,"column":3}},"line":215}},"branchMap":{"0":{"loc":{"start":{"line":51,"column":6},"end":{"line":55,"column":7}},"type":"if","locations":[{"start":{"line":51,"column":6},"end":{"line":55,"column":7}},{"start":{"line":53,"column":13},"end":{"line":55,"column":7}}],"line":51},"1":{"loc":{"start":{"line":51,"column":10},"end":{"line":51,"column":33}},"type":"binary-expr","locations":[{"start":{"line":51,"column":10},"end":{"line":51,"column":17}},{"start":{"line":51,"column":21},"end":{"line":51,"column":33}}],"line":51},"2":{"loc":{"start":{"line":52,"column":15},"end":{"line":52,"column":50}},"type":"binary-expr","locations":[{"start":{"line":52,"column":15},"end":{"line":52,"column":42}},{"start":{"line":52,"column":46},"end":{"line":52,"column":50}}],"line":52},"3":{"loc":{"start":{"line":67,"column":6},"end":{"line":71,"column":7}},"type":"if","locations":[{"start":{"line":67,"column":6},"end":{"line":71,"column":7}},{"start":{"line":69,"column":13},"end":{"line":71,"column":7}}],"line":67},"4":{"loc":{"start":{"line":67,"column":10},"end":{"line":67,"column":33}},"type":"binary-expr","locations":[{"start":{"line":67,"column":10},"end":{"line":67,"column":17}},{"start":{"line":67,"column":21},"end":{"line":67,"column":33}}],"line":67},"5":{"loc":{"start":{"line":83,"column":6},"end":{"line":87,"column":7}},"type":"if","locations":[{"start":{"line":83,"column":6},"end":{"line":87,"column":7}},{"start":{"line":85,"column":13},"end":{"line":87,"column":7}}],"line":83},"6":{"loc":{"start":{"line":83,"column":10},"end":{"line":83,"column":33}},"type":"binary-expr","locations":[{"start":{"line":83,"column":10},"end":{"line":83,"column":17}},{"start":{"line":83,"column":21},"end":{"line":83,"column":33}}],"line":83},"7":{"loc":{"start":{"line":99,"column":6},"end":{"line":103,"column":7}},"type":"if","locations":[{"start":{"line":99,"column":6},"end":{"line":103,"column":7}},{"start":{"line":101,"column":13},"end":{"line":103,"column":7}}],"line":99},"8":{"loc":{"start":{"line":99,"column":10},"end":{"line":99,"column":33}},"type":"binary-expr","locations":[{"start":{"line":99,"column":10},"end":{"line":99,"column":17}},{"start":{"line":99,"column":21},"end":{"line":99,"column":33}}],"line":99},"9":{"loc":{"start":{"line":116,"column":6},"end":{"line":120,"column":7}},"type":"if","locations":[{"start":{"line":116,"column":6},"end":{"line":120,"column":7}},{"start":{"line":118,"column":13},"end":{"line":120,"column":7}}],"line":116},"10":{"loc":{"start":{"line":116,"column":10},"end":{"line":116,"column":33}},"type":"binary-expr","locations":[{"start":{"line":116,"column":10},"end":{"line":116,"column":17}},{"start":{"line":116,"column":21},"end":{"line":116,"column":33}}],"line":116},"11":{"loc":{"start":{"line":132,"column":6},"end":{"line":139,"column":7}},"type":"if","locations":[{"start":{"line":132,"column":6},"end":{"line":139,"column":7}},{"start":{"line":137,"column":13},"end":{"line":139,"column":7}}],"line":132},"12":{"loc":{"start":{"line":132,"column":10},"end":{"line":132,"column":33}},"type":"binary-expr","locations":[{"start":{"line":132,"column":10},"end":{"line":132,"column":17}},{"start":{"line":132,"column":21},"end":{"line":132,"column":33}}],"line":132},"13":{"loc":{"start":{"line":151,"column":6},"end":{"line":156,"column":7}},"type":"if","locations":[{"start":{"line":151,"column":6},"end":{"line":156,"column":7}},{"start":{"line":154,"column":13},"end":{"line":156,"column":7}}],"line":151},"14":{"loc":{"start":{"line":151,"column":10},"end":{"line":151,"column":33}},"type":"binary-expr","locations":[{"start":{"line":151,"column":10},"end":{"line":151,"column":17}},{"start":{"line":151,"column":21},"end":{"line":151,"column":33}}],"line":151},"15":{"loc":{"start":{"line":153,"column":37},"end":{"line":153,"column":72}},"type":"binary-expr","locations":[{"start":{"line":153,"column":37},"end":{"line":153,"column":64}},{"start":{"line":153,"column":68},"end":{"line":153,"column":72}}],"line":153},"16":{"loc":{"start":{"line":168,"column":6},"end":{"line":172,"column":7}},"type":"if","locations":[{"start":{"line":168,"column":6},"end":{"line":172,"column":7}},{"start":{"line":170,"column":13},"end":{"line":172,"column":7}}],"line":168},"17":{"loc":{"start":{"line":168,"column":10},"end":{"line":168,"column":33}},"type":"binary-expr","locations":[{"start":{"line":168,"column":10},"end":{"line":168,"column":17}},{"start":{"line":168,"column":21},"end":{"line":168,"column":33}}],"line":168},"18":{"loc":{"start":{"line":185,"column":13},"end":{"line":185,"column":45}},"type":"cond-expr","locations":[{"start":{"line":185,"column":21},"end":{"line":185,"column":38}},{"start":{"line":185,"column":41},"end":{"line":185,"column":45}}],"line":185},"19":{"loc":{"start":{"line":209,"column":11},"end":{"line":209,"column":44}},"type":"cond-expr","locations":[{"start":{"line":209,"column":21},"end":{"line":209,"column":27}},{"start":{"line":209,"column":30},"end":{"line":209,"column":44}}],"line":209}},"s":{"0":13,"1":13,"2":13,"3":13,"4":13,"5":13,"6":13,"7":13,"8":0,"9":0,"10":13,"11":37,"12":37,"13":37,"14":0,"15":0,"16":0,"17":31,"18":31,"19":31,"20":0,"21":0,"22":0,"23":4,"24":4,"25":4,"26":0,"27":0,"28":0,"29":40,"30":40,"31":40,"32":0,"33":40,"34":0,"35":0,"36":3,"37":3,"38":3,"39":0,"40":0,"41":0,"42":2,"43":2,"44":2,"45":2,"46":0,"47":0,"48":0,"49":2,"50":2,"51":2,"52":4,"53":0,"54":0,"55":0,"56":0,"57":2,"58":2,"59":2,"60":4,"61":0,"62":0,"63":0,"64":14,"65":14,"66":14,"67":3,"68":3,"69":9,"70":9,"71":8,"72":1,"73":1,"74":1,"75":1},"f":{"0":37,"1":31,"2":4,"3":40,"4":3,"5":2,"6":2,"7":2,"8":4,"9":0,"10":2,"11":4,"12":14,"13":9,"14":1,"15":1},"b":{"0":[37,0],"1":[37,37],"2":[37,14],"3":[31,0],"4":[31,31],"5":[4,0],"6":[4,4],"7":[40,0],"8":[40,40],"9":[3,0],"10":[3,3],"11":[2,0],"12":[2,2],"13":[2,0],"14":[2,2],"15":[4,2],"16":[2,0],"17":[2,2],"18":[11,3],"19":[1,0]},"_coverageSchema":"1a1c01bbd47fc00a2c39e90264f33305004495a9","hash":"1668ce34bdd129b030e0f3dc8e68f29aa0e5d87f"}
}
