{"C:\\Users\\jeffrey\\Desktop\\Githubmains\\DKLTracker\\dkl-steps-app\\src\\components\\ErrorBoundary.tsx": {"path":"C:\\Users\\jeffrey\\Desktop\\Githubmains\\DKLTracker\\dkl-steps-app\\src\\components\\ErrorBoundary.tsx","statementMap":{"0":{"start":{"line":25,"column":4},"end":{"line":25,"column":17}},"1":{"start":{"line":26,"column":4},"end":{"line":29,"column":6}},"2":{"start":{"line":34,"column":4},"end":{"line":37,"column":6}},"3":{"start":{"line":42,"column":4},"end":{"line":42,"column":50}},"4":{"start":{"line":43,"column":4},"end":{"line":43,"column":63}},"5":{"start":{"line":53,"column":10},"end":{"line":58,"column":3}},"6":{"start":{"line":54,"column":4},"end":{"line":57,"column":7}},"7":{"start":{"line":61,"column":4},"end":{"line":114,"column":5}},"8":{"start":{"line":63,"column":6},"end":{"line":65,"column":7}},"9":{"start":{"line":64,"column":8},"end":{"line":64,"column":66}},"10":{"start":{"line":68,"column":6},"end":{"line":113,"column":8}},"11":{"start":{"line":116,"column":4},"end":{"line":116,"column":31}},"12":{"start":{"line":120,"column":15},"end":{"line":212,"column":2}}},"fnMap":{"0":{"name":"(anonymous_0)","decl":{"start":{"line":24,"column":2},"end":{"line":24,"column":3}},"loc":{"start":{"line":24,"column":28},"end":{"line":30,"column":3}},"line":24},"1":{"name":"(anonymous_1)","decl":{"start":{"line":32,"column":2},"end":{"line":32,"column":3}},"loc":{"start":{"line":32,"column":55},"end":{"line":38,"column":3}},"line":32},"2":{"name":"(anonymous_2)","decl":{"start":{"line":40,"column":2},"end":{"line":40,"column":3}},"loc":{"start":{"line":40,"column":62},"end":{"line":51,"column":3}},"line":40},"3":{"name":"(anonymous_3)","decl":{"start":{"line":53,"column":10},"end":{"line":53,"column":11}},"loc":{"start":{"line":53,"column":16},"end":{"line":58,"column":3}},"line":53},"4":{"name":"(anonymous_4)","decl":{"start":{"line":60,"column":2},"end":{"line":60,"column":3}},"loc":{"start":{"line":60,"column":11},"end":{"line":117,"column":3}},"line":60}},"branchMap":{"0":{"loc":{"start":{"line":61,"column":4},"end":{"line":114,"column":5}},"type":"if","locations":[{"start":{"line":61,"column":4},"end":{"line":114,"column":5}},{"start":{},"end":{}}],"line":61},"1":{"loc":{"start":{"line":63,"column":6},"end":{"line":65,"column":7}},"type":"if","locations":[{"start":{"line":63,"column":6},"end":{"line":65,"column":7}},{"start":{},"end":{}}],"line":63},"2":{"loc":{"start":{"line":86,"column":11},"end":{"line":97,"column":11}},"type":"binary-expr","locations":[{"start":{"line":86,"column":11},"end":{"line":86,"column":18}},{"start":{"line":86,"column":22},"end":{"line":86,"column":38}},{"start":{"line":87,"column":12},"end":{"line":96,"column":19}}],"line":86},"3":{"loc":{"start":{"line":91,"column":15},"end":{"line":95,"column":15}},"type":"binary-expr","locations":[{"start":{"line":91,"column":15},"end":{"line":91,"column":37}},{"start":{"line":92,"column":16},"end":{"line":94,"column":23}}],"line":91}},"s":{"0":32,"1":32,"2":26,"3":13,"4":13,"5":32,"6":0,"7":58,"8":26,"9":4,"10":22,"11":32,"12":1},"f":{"0":32,"1":26,"2":13,"3":0,"4":58},"b":{"0":[26,32],"1":[4,22],"2":[22,22,22],"3":[22,22]},"_coverageSchema":"1a1c01bbd47fc00a2c39e90264f33305004495a9","hash":"77fd7fba854b1a7c8eb3522e80f6b6509a3fdbfb"}
,"C:\\Users\\jeffrey\\Desktop\\Githubmains\\DKLTracker\\dkl-steps-app\\src\\components\\NetworkStatusBanner.tsx": {"path":"C:\\Users\\jeffrey\\Desktop\\Githubmains\\DKLTracker\\dkl-steps-app\\src\\components\\NetworkStatusBanner.tsx","statementMap":{"0":{"start":{"line":20,"column":47},"end":{"line":20,"column":65}},"1":{"start":{"line":21,"column":22},"end":{"line":21,"column":56}},"2":{"start":{"line":24,"column":20},"end":{"line":24,"column":65}},"3":{"start":{"line":26,"column":2},"end":{"line":43,"column":29}},"4":{"start":{"line":27,"column":4},"end":{"line":42,"column":5}},"5":{"start":{"line":29,"column":6},"end":{"line":34,"column":17}},"6":{"start":{"line":37,"column":6},"end":{"line":41,"column":17}},"7":{"start":{"line":46,"column":2},"end":{"line":48,"column":3}},"8":{"start":{"line":47,"column":4},"end":{"line":47,"column":16}},"9":{"start":{"line":50,"column":2},"end":{"line":69,"column":4}},"10":{"start":{"line":75,"column":15},"end":{"line":116,"column":2}}},"fnMap":{"0":{"name":"NetworkStatusBanner","decl":{"start":{"line":19,"column":9},"end":{"line":19,"column":28}},"loc":{"start":{"line":19,"column":31},"end":{"line":70,"column":1}},"line":19},"1":{"name":"(anonymous_1)","decl":{"start":{"line":26,"column":12},"end":{"line":26,"column":13}},"loc":{"start":{"line":26,"column":18},"end":{"line":43,"column":3}},"line":26}},"branchMap":{"0":{"loc":{"start":{"line":24,"column":20},"end":{"line":24,"column":65}},"type":"binary-expr","locations":[{"start":{"line":24,"column":20},"end":{"line":24,"column":32}},{"start":{"line":24,"column":36},"end":{"line":24,"column":65}}],"line":24},"1":{"loc":{"start":{"line":27,"column":4},"end":{"line":42,"column":5}},"type":"if","locations":[{"start":{"line":27,"column":4},"end":{"line":42,"column":5}},{"start":{"line":35,"column":11},"end":{"line":42,"column":5}}],"line":27},"2":{"loc":{"start":{"line":46,"column":2},"end":{"line":48,"column":3}},"type":"if","locations":[{"start":{"line":46,"column":2},"end":{"line":48,"column":3}},{"start":{},"end":{}}],"line":46}},"s":{"0":14,"1":14,"2":14,"3":14,"4":14,"5":10,"6":4,"7":14,"8":4,"9":10,"10":1},"f":{"0":14,"1":14},"b":{"0":[14,5],"1":[10,4],"2":[4,10]},"_coverageSchema":"1a1c01bbd47fc00a2c39e90264f33305004495a9","hash":"3cd6104140a4d0964e6475d9012462b546635e1c"}
,"C:\\Users\\jeffrey\\Desktop\\Githubmains\\DKLTracker\\dkl-steps-app\\src\\components\\StepCounter.tsx": {"path":"C:\\Users\\jeffrey\\Desktop\\Githubmains\\DKLTracker\\dkl-steps-app\\src\\components\\StepCounter.tsx","statementMap":{"0":{"start":{"line":43,"column":6},"end":{"line":43,"column":33}},"1":{"start":{"line":45,"column":2},"end":{"line":72,"column":4}},"2":{"start":{"line":78,"column":15},"end":{"line":88,"column":2}}},"fnMap":{"0":{"name":"StepCounter","decl":{"start":{"line":27,"column":9},"end":{"line":27,"column":20}},"loc":{"start":{"line":27,"column":40},"end":{"line":73,"column":1}},"line":27}},"branchMap":{},"s":{"0":0,"1":0,"2":0},"f":{"0":0},"b":{}}
,"C:\\Users\\jeffrey\\Desktop\\Githubmains\\DKLTracker\\dkl-steps-app\\src\\components\\StepCounterControls.tsx": {"path":"C:\\Users\\jeffrey\\Desktop\\Githubmains\\DKLTracker\\dkl-steps-app\\src\\components\\StepCounterControls.tsx","statementMap":{"0":{"start":{"line":43,"column":2},"end":{"line":94,"column":4}},"1":{"start":{"line":70,"column":27},"end":{"line":70,"column":45}},"2":{"start":{"line":100,"column":15},"end":{"line":115,"column":2}}},"fnMap":{"0":{"name":"StepCounterControls","decl":{"start":{"line":31,"column":9},"end":{"line":31,"column":28}},"loc":{"start":{"line":41,"column":29},"end":{"line":95,"column":1}},"line":41},"1":{"name":"(anonymous_1)","decl":{"start":{"line":70,"column":21},"end":{"line":70,"column":22}},"loc":{"start":{"line":70,"column":27},"end":{"line":70,"column":45}},"line":70}},"branchMap":{"0":{"loc":{"start":{"line":46,"column":7},"end":{"line":54,"column":7}},"type":"binary-expr","locations":[{"start":{"line":46,"column":7},"end":{"line":46,"column":36}},{"start":{"line":47,"column":8},"end":{"line":53,"column":15}}],"line":46},"1":{"loc":{"start":{"line":59,"column":17},"end":{"line":59,"column":67}},"type":"cond-expr","locations":[{"start":{"line":59,"column":29},"end":{"line":59,"column":39}},{"start":{"line":59,"column":42},"end":{"line":59,"column":67}}],"line":59},"2":{"loc":{"start":{"line":61,"column":20},"end":{"line":61,"column":65}},"type":"binary-expr","locations":[{"start":{"line":61,"column":20},"end":{"line":61,"column":36}},{"start":{"line":61,"column":40},"end":{"line":61,"column":49}},{"start":{"line":61,"column":53},"end":{"line":61,"column":65}}],"line":61},"3":{"loc":{"start":{"line":72,"column":22},"end":{"line":72,"column":47}},"type":"binary-expr","locations":[{"start":{"line":72,"column":22},"end":{"line":72,"column":31}},{"start":{"line":72,"column":35},"end":{"line":72,"column":47}}],"line":72}},"s":{"0":29,"1":1,"2":1},"f":{"0":29,"1":1},"b":{"0":[29,2],"1":[5,24],"2":[29,27,22],"3":[29,24]},"_coverageSchema":"1a1c01bbd47fc00a2c39e90264f33305004495a9","hash":"15677337ad821152e4bf1e4181b7d829670732ee"}
,"C:\\Users\\jeffrey\\Desktop\\Githubmains\\DKLTracker\\dkl-steps-app\\src\\components\\StepCounterDisplay.tsx": {"path":"C:\\Users\\jeffrey\\Desktop\\Githubmains\\DKLTracker\\dkl-steps-app\\src\\components\\StepCounterDisplay.tsx","statementMap":{"0":{"start":{"line":41,"column":30},"end":{"line":49,"column":20}},"1":{"start":{"line":42,"column":4},"end":{"line":42,"column":33}},"2":{"start":{"line":42,"column":23},"end":{"line":42,"column":33}},"3":{"start":{"line":43,"column":20},"end":{"line":43,"column":76}},"4":{"start":{"line":44,"column":4},"end":{"line":44,"column":51}},"5":{"start":{"line":44,"column":22},"end":{"line":44,"column":51}},"6":{"start":{"line":45,"column":20},"end":{"line":45,"column":44}},"7":{"start":{"line":46,"column":4},"end":{"line":46,"column":51}},"8":{"start":{"line":46,"column":22},"end":{"line":46,"column":51}},"9":{"start":{"line":47,"column":18},"end":{"line":47,"column":42}},"10":{"start":{"line":48,"column":4},"end":{"line":48,"column":31}},"11":{"start":{"line":51,"column":23},"end":{"line":51,"column":62}},"12":{"start":{"line":51,"column":53},"end":{"line":51,"column":58}},"13":{"start":{"line":53,"column":2},"end":{"line":123,"column":4}},"14":{"start":{"line":129,"column":15},"end":{"line":233,"column":2}}},"fnMap":{"0":{"name":"StepCounterDisplay","decl":{"start":{"line":30,"column":9},"end":{"line":30,"column":27}},"loc":{"start":{"line":39,"column":28},"end":{"line":124,"column":1}},"line":39},"1":{"name":"(anonymous_1)","decl":{"start":{"line":41,"column":42},"end":{"line":41,"column":43}},"loc":{"start":{"line":41,"column":48},"end":{"line":49,"column":3}},"line":41},"2":{"name":"(anonymous_2)","decl":{"start":{"line":51,"column":43},"end":{"line":51,"column":44}},"loc":{"start":{"line":51,"column":53},"end":{"line":51,"column":58}},"line":51}},"branchMap":{"0":{"loc":{"start":{"line":42,"column":4},"end":{"line":42,"column":33}},"type":"if","locations":[{"start":{"line":42,"column":4},"end":{"line":42,"column":33}},{"start":{},"end":{}}],"line":42},"1":{"loc":{"start":{"line":44,"column":4},"end":{"line":44,"column":51}},"type":"if","locations":[{"start":{"line":44,"column":4},"end":{"line":44,"column":51}},{"start":{},"end":{}}],"line":44},"2":{"loc":{"start":{"line":46,"column":4},"end":{"line":46,"column":51}},"type":"if","locations":[{"start":{"line":46,"column":4},"end":{"line":46,"column":51}},{"start":{},"end":{}}],"line":46},"3":{"loc":{"start":{"line":62,"column":40},"end":{"line":62,"column":73}},"type":"binary-expr","locations":[{"start":{"line":62,"column":40},"end":{"line":62,"column":49}},{"start":{"line":62,"column":53},"end":{"line":62,"column":73}}],"line":62},"4":{"loc":{"start":{"line":64,"column":13},"end":{"line":66,"column":55}},"type":"cond-expr","locations":[{"start":{"line":65,"column":16},"end":{"line":65,"column":48}},{"start":{"line":66,"column":16},"end":{"line":66,"column":55}}],"line":64},"5":{"loc":{"start":{"line":72,"column":9},"end":{"line":76,"column":9}},"type":"binary-expr","locations":[{"start":{"line":72,"column":9},"end":{"line":72,"column":21}},{"start":{"line":72,"column":25},"end":{"line":72,"column":35}},{"start":{"line":73,"column":10},"end":{"line":75,"column":17}}],"line":72},"6":{"loc":{"start":{"line":79,"column":9},"end":{"line":81,"column":9}},"type":"binary-expr","locations":[{"start":{"line":79,"column":9},"end":{"line":79,"column":27}},{"start":{"line":80,"column":10},"end":{"line":80,"column":78}}],"line":79},"7":{"loc":{"start":{"line":84,"column":9},"end":{"line":86,"column":9}},"type":"binary-expr","locations":[{"start":{"line":84,"column":9},"end":{"line":84,"column":18}},{"start":{"line":85,"column":10},"end":{"line":85,"column":55}}],"line":84},"8":{"loc":{"start":{"line":89,"column":9},"end":{"line":93,"column":9}},"type":"binary-expr","locations":[{"start":{"line":89,"column":9},"end":{"line":89,"column":34}},{"start":{"line":90,"column":10},"end":{"line":92,"column":17}}],"line":89},"9":{"loc":{"start":{"line":97,"column":7},"end":{"line":101,"column":7}},"type":"binary-expr","locations":[{"start":{"line":97,"column":7},"end":{"line":97,"column":19}},{"start":{"line":98,"column":8},"end":{"line":100,"column":15}}],"line":97},"10":{"loc":{"start":{"line":103,"column":7},"end":{"line":109,"column":7}},"type":"binary-expr","locations":[{"start":{"line":103,"column":7},"end":{"line":103,"column":36}},{"start":{"line":104,"column":8},"end":{"line":108,"column":15}}],"line":103},"11":{"loc":{"start":{"line":111,"column":7},"end":{"line":117,"column":7}},"type":"binary-expr","locations":[{"start":{"line":111,"column":7},"end":{"line":111,"column":19}},{"start":{"line":112,"column":8},"end":{"line":116,"column":15}}],"line":111},"12":{"loc":{"start":{"line":119,"column":7},"end":{"line":121,"column":7}},"type":"binary-expr","locations":[{"start":{"line":119,"column":7},"end":{"line":119,"column":38}},{"start":{"line":120,"column":8},"end":{"line":120,"column":70}}],"line":119}},"s":{"0":26,"1":3,"2":0,"3":3,"4":3,"5":1,"6":2,"7":2,"8":1,"9":1,"10":1,"11":26,"12":8,"13":26,"14":1},"f":{"0":26,"1":3,"2":8},"b":{"0":[0,3],"1":[1,2],"2":[1,1],"3":[26,3],"4":[3,23],"5":[26,4,3],"6":[26,3],"7":[26,1],"8":[26,0],"9":[26,2],"10":[26,1],"11":[26,2],"12":[26,1]},"_coverageSchema":"1a1c01bbd47fc00a2c39e90264f33305004495a9","hash":"aa74a6b66a11860f770dea253b5b02bb6525add1"}
,"C:\\Users\\jeffrey\\Desktop\\Githubmains\\DKLTracker\\dkl-steps-app\\src\\components\\ui\\Card.tsx": {"path":"C:\\Users\\jeffrey\\Desktop\\Githubmains\\DKLTracker\\dkl-steps-app\\src\\components\\ui\\Card.tsx","statementMap":{"0":{"start":{"line":17,"column":2},"end":{"line":21,"column":4}}},"fnMap":{"0":{"name":"Card","decl":{"start":{"line":16,"column":9},"end":{"line":16,"column":13}},"loc":{"start":{"line":16,"column":60},"end":{"line":22,"column":1}},"line":16}},"branchMap":{"0":{"loc":{"start":{"line":16,"column":26},"end":{"line":16,"column":42}},"type":"default-arg","locations":[{"start":{"line":16,"column":36},"end":{"line":16,"column":42}}],"line":16}},"s":{"0":21},"f":{"0":21},"b":{"0":[12]},"_coverageSchema":"1a1c01bbd47fc00a2c39e90264f33305004495a9","hash":"8954e9ef9c74eb8bbf7e6f6af255725628aeb4b5"}
,"C:\\Users\\jeffrey\\Desktop\\Githubmains\\DKLTracker\\dkl-steps-app\\src\\components\\ui\\CustomButton.tsx": {"path":"C:\\Users\\jeffrey\\Desktop\\Githubmains\\DKLTracker\\dkl-steps-app\\src\\components\\ui\\CustomButton.tsx","statementMap":{"0":{"start":{"line":29,"column":22},"end":{"line":31,"column":37}},"1":{"start":{"line":33,"column":26},"end":{"line":35,"column":37}},"2":{"start":{"line":37,"column":2},"end":{"line":56,"column":4}},"3":{"start":{"line":62,"column":15},"end":{"line":64,"column":2}}},"fnMap":{"0":{"name":"CustomButton","decl":{"start":{"line":20,"column":9},"end":{"line":20,"column":21}},"loc":{"start":{"line":28,"column":10},"end":{"line":57,"column":1}},"line":28}},"branchMap":{"0":{"loc":{"start":{"line":23,"column":2},"end":{"line":23,"column":21}},"type":"default-arg","locations":[{"start":{"line":23,"column":12},"end":{"line":23,"column":21}}],"line":23},"1":{"loc":{"start":{"line":24,"column":2},"end":{"line":24,"column":18}},"type":"default-arg","locations":[{"start":{"line":24,"column":13},"end":{"line":24,"column":18}}],"line":24},"2":{"loc":{"start":{"line":25,"column":2},"end":{"line":25,"column":17}},"type":"default-arg","locations":[{"start":{"line":25,"column":12},"end":{"line":25,"column":17}}],"line":25},"3":{"loc":{"start":{"line":29,"column":22},"end":{"line":31,"column":37}},"type":"cond-expr","locations":[{"start":{"line":30,"column":6},"end":{"line":30,"column":37}},{"start":{"line":31,"column":6},"end":{"line":31,"column":37}}],"line":29},"4":{"loc":{"start":{"line":33,"column":26},"end":{"line":35,"column":37}},"type":"cond-expr","locations":[{"start":{"line":34,"column":6},"end":{"line":34,"column":37}},{"start":{"line":35,"column":6},"end":{"line":35,"column":37}}],"line":33},"5":{"loc":{"start":{"line":41,"column":16},"end":{"line":41,"column":35}},"type":"binary-expr","locations":[{"start":{"line":41,"column":16},"end":{"line":41,"column":24}},{"start":{"line":41,"column":28},"end":{"line":41,"column":35}}],"line":41},"6":{"loc":{"start":{"line":44,"column":7},"end":{"line":54,"column":7}},"type":"cond-expr","locations":[{"start":{"line":45,"column":8},"end":{"line":45,"column":70}},{"start":{"line":47,"column":8},"end":{"line":53,"column":15}}],"line":44}},"s":{"0":19,"1":19,"2":19,"3":1},"f":{"0":19},"b":{"0":[15],"1":[16],"2":[16],"3":[3,16],"4":[3,16],"5":[19,16],"6":[3,16]},"_coverageSchema":"1a1c01bbd47fc00a2c39e90264f33305004495a9","hash":"64a0cd8a9d4395d281ae4e2df42cc1f9b21bd779"}
,"C:\\Users\\jeffrey\\Desktop\\Githubmains\\DKLTracker\\dkl-steps-app\\src\\components\\ui\\CustomInput.tsx": {"path":"C:\\Users\\jeffrey\\Desktop\\Githubmains\\DKLTracker\\dkl-steps-app\\src\\components\\ui\\CustomInput.tsx","statementMap":{"0":{"start":{"line":23,"column":2},"end":{"line":42,"column":4}},"1":{"start":{"line":48,"column":15},"end":{"line":61,"column":2}}},"fnMap":{"0":{"name":"CustomInput","decl":{"start":{"line":16,"column":9},"end":{"line":16,"column":20}},"loc":{"start":{"line":22,"column":10},"end":{"line":43,"column":1}},"line":22}},"branchMap":{"0":{"loc":{"start":{"line":25,"column":7},"end":{"line":27,"column":7}},"type":"binary-expr","locations":[{"start":{"line":25,"column":7},"end":{"line":25,"column":12}},{"start":{"line":26,"column":8},"end":{"line":26,"column":49}}],"line":25},"1":{"loc":{"start":{"line":32,"column":10},"end":{"line":32,"column":41}},"type":"binary-expr","locations":[{"start":{"line":32,"column":10},"end":{"line":32,"column":15}},{"start":{"line":32,"column":19},"end":{"line":32,"column":41}}],"line":32},"2":{"loc":{"start":{"line":38,"column":7},"end":{"line":40,"column":7}},"type":"binary-expr","locations":[{"start":{"line":38,"column":7},"end":{"line":38,"column":12}},{"start":{"line":39,"column":8},"end":{"line":39,"column":52}}],"line":38}},"s":{"0":29,"1":1},"f":{"0":29},"b":{"0":[29,1],"1":[29,5],"2":[29,5]},"_coverageSchema":"1a1c01bbd47fc00a2c39e90264f33305004495a9","hash":"08726c3a21586b733060410436838c3a3e9f8aef"}
,"C:\\Users\\jeffrey\\Desktop\\Githubmains\\DKLTracker\\dkl-steps-app\\src\\components\\ui\\DKLLogo.tsx": {"path":"C:\\Users\\jeffrey\\Desktop\\Githubmains\\DKLTracker\\dkl-steps-app\\src\\components\\ui\\DKLLogo.tsx","statementMap":{"0":{"start":{"line":22,"column":19},"end":{"line":22,"column":59}},"1":{"start":{"line":42,"column":14},"end":{"line":46,"column":10}},"2":{"start":{"line":49,"column":2},"end":{"line":55,"column":4}}},"fnMap":{"0":{"name":"DKLLogo","decl":{"start":{"line":48,"column":9},"end":{"line":48,"column":16}},"loc":{"start":{"line":48,"column":59},"end":{"line":56,"column":1}},"line":48}},"branchMap":{"0":{"loc":{"start":{"line":48,"column":19},"end":{"line":48,"column":34}},"type":"default-arg","locations":[{"start":{"line":48,"column":26},"end":{"line":48,"column":34}}],"line":48}},"s":{"0":5,"1":5,"2":92},"f":{"0":92},"b":{"0":[10]},"_coverageSchema":"1a1c01bbd47fc00a2c39e90264f33305004495a9","hash":"72ef97c2c75758ac17fb70c38e746f346f428f77"}
,"C:\\Users\\jeffrey\\Desktop\\Githubmains\\DKLTracker\\dkl-steps-app\\src\\components\\ui\\ErrorScreen.tsx": {"path":"C:\\Users\\jeffrey\\Desktop\\Githubmains\\DKLTracker\\dkl-steps-app\\src\\components\\ui\\ErrorScreen.tsx","statementMap":{"0":{"start":{"line":29,"column":2},"end":{"line":55,"column":4}},"1":{"start":{"line":61,"column":15},"end":{"line":109,"column":2}}},"fnMap":{"0":{"name":"ErrorScreen","decl":{"start":{"line":21,"column":9},"end":{"line":21,"column":20}},"loc":{"start":{"line":28,"column":21},"end":{"line":56,"column":1}},"line":28}},"branchMap":{"0":{"loc":{"start":{"line":22,"column":2},"end":{"line":22,"column":28}},"type":"default-arg","locations":[{"start":{"line":22,"column":10},"end":{"line":22,"column":28}}],"line":22},"1":{"loc":{"start":{"line":24,"column":2},"end":{"line":24,"column":14}},"type":"default-arg","locations":[{"start":{"line":24,"column":10},"end":{"line":24,"column":14}}],"line":24},"2":{"loc":{"start":{"line":26,"column":2},"end":{"line":26,"column":32}},"type":"default-arg","locations":[{"start":{"line":26,"column":14},"end":{"line":26,"column":32}}],"line":26},"3":{"loc":{"start":{"line":27,"column":2},"end":{"line":27,"column":18}},"type":"default-arg","locations":[{"start":{"line":27,"column":13},"end":{"line":27,"column":18}}],"line":27},"4":{"loc":{"start":{"line":31,"column":7},"end":{"line":35,"column":7}},"type":"binary-expr","locations":[{"start":{"line":31,"column":7},"end":{"line":31,"column":15}},{"start":{"line":32,"column":8},"end":{"line":34,"column":15}}],"line":31},"5":{"loc":{"start":{"line":41,"column":7},"end":{"line":43,"column":7}},"type":"binary-expr","locations":[{"start":{"line":41,"column":7},"end":{"line":41,"column":14}},{"start":{"line":42,"column":8},"end":{"line":42,"column":53}}],"line":41},"6":{"loc":{"start":{"line":45,"column":7},"end":{"line":53,"column":7}},"type":"binary-expr","locations":[{"start":{"line":45,"column":7},"end":{"line":45,"column":14}},{"start":{"line":46,"column":8},"end":{"line":52,"column":27}}],"line":45}},"s":{"0":22,"1":1},"f":{"0":22},"b":{"0":[18],"1":[20],"2":[20],"3":[20],"4":[22,2],"5":[22,4],"6":[22,6]},"_coverageSchema":"1a1c01bbd47fc00a2c39e90264f33305004495a9","hash":"754878a8e1cd35cc7badfdc457221036a3fef001"}
,"C:\\Users\\jeffrey\\Desktop\\Githubmains\\DKLTracker\\dkl-steps-app\\src\\components\\ui\\LazyLoadScreen.tsx": {"path":"C:\\Users\\jeffrey\\Desktop\\Githubmains\\DKLTracker\\dkl-steps-app\\src\\components\\ui\\LazyLoadScreen.tsx","statementMap":{"0":{"start":{"line":16,"column":2},"end":{"line":23,"column":4}},"1":{"start":{"line":28,"column":15},"end":{"line":42,"column":2}}},"fnMap":{"0":{"name":"LazyLoadScreen","decl":{"start":{"line":15,"column":9},"end":{"line":15,"column":23}},"loc":{"start":{"line":15,"column":26},"end":{"line":24,"column":1}},"line":15}},"branchMap":{},"s":{"0":0,"1":0},"f":{"0":0},"b":{}}
,"C:\\Users\\jeffrey\\Desktop\\Githubmains\\DKLTracker\\dkl-steps-app\\src\\components\\ui\\LoadingScreen.tsx": {"path":"C:\\Users\\jeffrey\\Desktop\\Githubmains\\DKLTracker\\dkl-steps-app\\src\\components\\ui\\LoadingScreen.tsx","statementMap":{"0":{"start":{"line":23,"column":2},"end":{"line":35,"column":4}},"1":{"start":{"line":41,"column":15},"end":{"line":64,"column":2}}},"fnMap":{"0":{"name":"LoadingScreen","decl":{"start":{"line":18,"column":9},"end":{"line":18,"column":22}},"loc":{"start":{"line":22,"column":23},"end":{"line":36,"column":1}},"line":22}},"branchMap":{"0":{"loc":{"start":{"line":19,"column":2},"end":{"line":19,"column":22}},"type":"default-arg","locations":[{"start":{"line":19,"column":12},"end":{"line":19,"column":22}}],"line":19},"1":{"loc":{"start":{"line":20,"column":2},"end":{"line":20,"column":17}},"type":"default-arg","locations":[{"start":{"line":20,"column":13},"end":{"line":20,"column":17}}],"line":20},"2":{"loc":{"start":{"line":21,"column":2},"end":{"line":21,"column":24}},"type":"default-arg","locations":[{"start":{"line":21,"column":10},"end":{"line":21,"column":24}}],"line":21},"3":{"loc":{"start":{"line":25,"column":7},"end":{"line":29,"column":7}},"type":"binary-expr","locations":[{"start":{"line":25,"column":7},"end":{"line":25,"column":15}},{"start":{"line":26,"column":8},"end":{"line":28,"column":15}}],"line":25}},"s":{"0":25,"1":1},"f":{"0":25},"b":{"0":[14],"1":[20],"2":[21],"3":[25,22]},"_coverageSchema":"1a1c01bbd47fc00a2c39e90264f33305004495a9","hash":"b9cfb32caf483208edac84d9ccb0fbe07bb6b9c4"}
,"C:\\Users\\jeffrey\\Desktop\\Githubmains\\DKLTracker\\dkl-steps-app\\src\\components\\ui\\ScreenHeader.tsx": {"path":"C:\\Users\\jeffrey\\Desktop\\Githubmains\\DKLTracker\\dkl-steps-app\\src\\components\\ui\\ScreenHeader.tsx","statementMap":{"0":{"start":{"line":28,"column":2},"end":{"line":49,"column":4}},"1":{"start":{"line":55,"column":15},"end":{"line":87,"column":2}}},"fnMap":{"0":{"name":"ScreenHeader","decl":{"start":{"line":21,"column":9},"end":{"line":21,"column":21}},"loc":{"start":{"line":27,"column":22},"end":{"line":50,"column":1}},"line":27}},"branchMap":{"0":{"loc":{"start":{"line":24,"column":2},"end":{"line":24,"column":55}},"type":"default-arg","locations":[{"start":{"line":24,"column":19},"end":{"line":24,"column":55}}],"line":24},"1":{"loc":{"start":{"line":26,"column":2},"end":{"line":26,"column":17}},"type":"default-arg","locations":[{"start":{"line":26,"column":13},"end":{"line":26,"column":17}}],"line":26},"2":{"loc":{"start":{"line":30,"column":7},"end":{"line":34,"column":7}},"type":"binary-expr","locations":[{"start":{"line":30,"column":7},"end":{"line":30,"column":15}},{"start":{"line":31,"column":8},"end":{"line":33,"column":15}}],"line":30},"3":{"loc":{"start":{"line":43,"column":11},"end":{"line":43,"column":58}},"type":"binary-expr","locations":[{"start":{"line":43,"column":11},"end":{"line":43,"column":15}},{"start":{"line":43,"column":19},"end":{"line":43,"column":58}}],"line":43},"4":{"loc":{"start":{"line":45,"column":11},"end":{"line":45,"column":70}},"type":"binary-expr","locations":[{"start":{"line":45,"column":11},"end":{"line":45,"column":19}},{"start":{"line":45,"column":23},"end":{"line":45,"column":70}}],"line":45},"5":{"loc":{"start":{"line":58,"column":16},"end":{"line":58,"column":55}},"type":"cond-expr","locations":[{"start":{"line":58,"column":40},"end":{"line":58,"column":42}},{"start":{"line":58,"column":45},"end":{"line":58,"column":55}}],"line":58}},"s":{"0":30,"1":1},"f":{"0":30},"b":{"0":[27],"1":[26],"2":[30,28],"3":[30,6],"4":[30,5],"5":[1,0]},"_coverageSchema":"1a1c01bbd47fc00a2c39e90264f33305004495a9","hash":"939d236a22ae229662c60a424f3063df6ded3f66"}
,"C:\\Users\\jeffrey\\Desktop\\Githubmains\\DKLTracker\\dkl-steps-app\\src\\components\\ui\\index.ts": {"path":"C:\\Users\\jeffrey\\Desktop\\Githubmains\\DKLTracker\\dkl-steps-app\\src\\components\\ui\\index.ts","statementMap":{},"fnMap":{},"branchMap":{},"s":{},"f":{},"b":{}}
,"C:\\Users\\jeffrey\\Desktop\\Githubmains\\DKLTracker\\dkl-steps-app\\src\\hooks\\index.ts": {"path":"C:\\Users\\jeffrey\\Desktop\\Githubmains\\DKLTracker\\dkl-steps-app\\src\\hooks\\index.ts","statementMap":{},"fnMap":{},"branchMap":{},"s":{},"f":{},"b":{}}
,"C:\\Users\\jeffrey\\Desktop\\Githubmains\\DKLTracker\\dkl-steps-app\\src\\hooks\\useAccessControl.ts": {"path":"C:\\Users\\jeffrey\\Desktop\\Githubmains\\DKLTracker\\dkl-steps-app\\src\\hooks\\useAccessControl.ts","statementMap":{"0":{"start":{"line":77,"column":36},"end":{"line":77,"column":51}},"1":{"start":{"line":78,"column":38},"end":{"line":78,"column":52}},"2":{"start":{"line":79,"column":34},"end":{"line":79,"column":63}},"3":{"start":{"line":80,"column":21},"end":{"line":80,"column":52}},"4":{"start":{"line":89,"column":6},"end":{"line":91,"column":13}},"5":{"start":{"line":93,"column":2},"end":{"line":159,"column":95}},"6":{"start":{"line":94,"column":24},"end":{"line":156,"column":5}},"7":{"start":{"line":95,"column":6},"end":{"line":155,"column":7}},"8":{"start":{"line":96,"column":21},"end":{"line":96,"column":54}},"9":{"start":{"line":97,"column":31},"end":{"line":97,"column":57}},"10":{"start":{"line":99,"column":8},"end":{"line":99,"column":36}},"11":{"start":{"line":102,"column":39},"end":{"line":102,"column":77}},"12":{"start":{"line":102,"column":61},"end":{"line":102,"column":76}},"13":{"start":{"line":103,"column":23},"end":{"line":103,"column":70}},"14":{"start":{"line":105,"column":8},"end":{"line":105,"column":29}},"15":{"start":{"line":107,"column":8},"end":{"line":149,"column":9}},"16":{"start":{"line":108,"column":10},"end":{"line":111,"column":13}},"17":{"start":{"line":114,"column":26},"end":{"line":115,"column":80}},"18":{"start":{"line":118,"column":10},"end":{"line":143,"column":12}},"19":{"start":{"line":126,"column":18},"end":{"line":128,"column":19}},"20":{"start":{"line":127,"column":20},"end":{"line":127,"column":37}},"21":{"start":{"line":131,"column":18},"end":{"line":139,"column":19}},"22":{"start":{"line":133,"column":20},"end":{"line":138,"column":21}},"23":{"start":{"line":134,"column":22},"end":{"line":134,"column":42}},"24":{"start":{"line":137,"column":22},"end":{"line":137,"column":63}},"25":{"start":{"line":145,"column":10},"end":{"line":148,"column":13}},"26":{"start":{"line":151,"column":8},"end":{"line":151,"column":60}},"27":{"start":{"line":152,"column":8},"end":{"line":152,"column":28}},"28":{"start":{"line":154,"column":8},"end":{"line":154,"column":29}},"29":{"start":{"line":158,"column":4},"end":{"line":158,"column":18}},"30":{"start":{"line":161,"column":2},"end":{"line":165,"column":4}},"31":{"start":{"line":172,"column":2},"end":{"line":172,"column":40}},"32":{"start":{"line":179,"column":2},"end":{"line":179,"column":34}},"33":{"start":{"line":186,"column":2},"end":{"line":186,"column":37}}},"fnMap":{"0":{"name":"useAccessControl","decl":{"start":{"line":74,"column":16},"end":{"line":74,"column":32}},"loc":{"start":{"line":76,"column":26},"end":{"line":166,"column":1}},"line":76},"1":{"name":"(anonymous_1)","decl":{"start":{"line":93,"column":12},"end":{"line":93,"column":13}},"loc":{"start":{"line":93,"column":18},"end":{"line":159,"column":3}},"line":93},"2":{"name":"(anonymous_2)","decl":{"start":{"line":94,"column":24},"end":{"line":94,"column":25}},"loc":{"start":{"line":94,"column":36},"end":{"line":156,"column":5}},"line":94},"3":{"name":"(anonymous_3)","decl":{"start":{"line":102,"column":56},"end":{"line":102,"column":57}},"loc":{"start":{"line":102,"column":61},"end":{"line":102,"column":76}},"line":102},"4":{"name":"(anonymous_4)","decl":{"start":{"line":124,"column":25},"end":{"line":124,"column":26}},"loc":{"start":{"line":124,"column":31},"end":{"line":140,"column":17}},"line":124},"5":{"name":"useRequireRole","decl":{"start":{"line":171,"column":16},"end":{"line":171,"column":30}},"loc":{"start":{"line":171,"column":79},"end":{"line":173,"column":1}},"line":171},"6":{"name":"useRequireSingleRole","decl":{"start":{"line":178,"column":16},"end":{"line":178,"column":36}},"loc":{"start":{"line":178,"column":75},"end":{"line":180,"column":1}},"line":178},"7":{"name":"useRequireAdmin","decl":{"start":{"line":185,"column":16},"end":{"line":185,"column":31}},"loc":{"start":{"line":185,"column":58},"end":{"line":187,"column":1}},"line":185}},"branchMap":{"0":{"loc":{"start":{"line":85,"column":4},"end":{"line":85,"column":31}},"type":"default-arg","locations":[{"start":{"line":85,"column":17},"end":{"line":85,"column":31}}],"line":85},"1":{"loc":{"start":{"line":87,"column":4},"end":{"line":87,"column":29}},"type":"default-arg","locations":[{"start":{"line":87,"column":25},"end":{"line":87,"column":29}}],"line":87},"2":{"loc":{"start":{"line":89,"column":6},"end":{"line":91,"column":13}},"type":"cond-expr","locations":[{"start":{"line":90,"column":6},"end":{"line":90,"column":31}},{"start":{"line":91,"column":6},"end":{"line":91,"column":13}}],"line":89},"3":{"loc":{"start":{"line":97,"column":32},"end":{"line":97,"column":42}},"type":"binary-expr","locations":[{"start":{"line":97,"column":32},"end":{"line":97,"column":36}},{"start":{"line":97,"column":40},"end":{"line":97,"column":42}}],"line":97},"4":{"loc":{"start":{"line":107,"column":8},"end":{"line":149,"column":9}},"type":"if","locations":[{"start":{"line":107,"column":8},"end":{"line":149,"column":9}},{"start":{"line":144,"column":15},"end":{"line":149,"column":9}}],"line":107},"5":{"loc":{"start":{"line":114,"column":26},"end":{"line":115,"column":80}},"type":"binary-expr","locations":[{"start":{"line":114,"column":26},"end":{"line":114,"column":38}},{"start":{"line":115,"column":12},"end":{"line":115,"column":80}}],"line":114},"6":{"loc":{"start":{"line":126,"column":18},"end":{"line":128,"column":19}},"type":"if","locations":[{"start":{"line":126,"column":18},"end":{"line":128,"column":19}},{"start":{},"end":{}}],"line":126},"7":{"loc":{"start":{"line":131,"column":18},"end":{"line":139,"column":19}},"type":"if","locations":[{"start":{"line":131,"column":18},"end":{"line":139,"column":19}},{"start":{},"end":{}}],"line":131},"8":{"loc":{"start":{"line":133,"column":20},"end":{"line":138,"column":21}},"type":"if","locations":[{"start":{"line":133,"column":20},"end":{"line":138,"column":21}},{"start":{"line":135,"column":27},"end":{"line":138,"column":21}}],"line":133}},"s":{"0":58,"1":58,"2":58,"3":58,"4":58,"5":58,"6":46,"7":46,"8":46,"9":44,"10":44,"11":44,"12":60,"13":44,"14":44,"15":44,"16":22,"17":22,"18":22,"19":0,"20":0,"21":0,"22":0,"23":0,"24":0,"25":22,"26":2,"27":2,"28":46,"29":46,"30":58,"31":3,"32":3,"33":5},"f":{"0":58,"1":46,"2":46,"3":60,"4":0,"5":3,"6":3,"7":5},"b":{"0":[56],"1":[56],"2":[49,9],"3":[44,2],"4":[22,22],"5":[22,20],"6":[0,0],"7":[0,0],"8":[0,0]},"_coverageSchema":"1a1c01bbd47fc00a2c39e90264f33305004495a9","hash":"f55ad039a2dd067550bb81f82f31100c9d1c2777"}
,"C:\\Users\\jeffrey\\Desktop\\Githubmains\\DKLTracker\\dkl-steps-app\\src\\hooks\\useAuth.ts": {"path":"C:\\Users\\jeffrey\\Desktop\\Githubmains\\DKLTracker\\dkl-steps-app\\src\\hooks\\useAuth.ts","statementMap":{"0":{"start":{"line":36,"column":21},"end":{"line":36,"column":52}},"1":{"start":{"line":42,"column":17},"end":{"line":64,"column":18}},"2":{"start":{"line":43,"column":4},"end":{"line":63,"column":6}},"3":{"start":{"line":52,"column":12},"end":{"line":59,"column":13}},"4":{"start":{"line":53,"column":14},"end":{"line":53,"column":45}},"5":{"start":{"line":54,"column":14},"end":{"line":54,"column":36}},"6":{"start":{"line":55,"column":14},"end":{"line":55,"column":42}},"7":{"start":{"line":57,"column":14},"end":{"line":57,"column":52}},"8":{"start":{"line":58,"column":14},"end":{"line":58,"column":74}},"9":{"start":{"line":70,"column":22},"end":{"line":78,"column":18}},"10":{"start":{"line":71,"column":4},"end":{"line":77,"column":5}},"11":{"start":{"line":72,"column":6},"end":{"line":72,"column":44}},"12":{"start":{"line":73,"column":6},"end":{"line":73,"column":28}},"13":{"start":{"line":74,"column":6},"end":{"line":74,"column":34}},"14":{"start":{"line":76,"column":6},"end":{"line":76,"column":50}},"15":{"start":{"line":84,"column":22},"end":{"line":115,"column":8}},"16":{"start":{"line":85,"column":4},"end":{"line":114,"column":5}},"17":{"start":{"line":86,"column":49},"end":{"line":91,"column":8}},"18":{"start":{"line":93,"column":33},"end":{"line":98,"column":7}},"19":{"start":{"line":100,"column":6},"end":{"line":103,"column":9}},"20":{"start":{"line":105,"column":6},"end":{"line":105,"column":22}},"21":{"start":{"line":107,"column":6},"end":{"line":107,"column":54}},"22":{"start":{"line":108,"column":6},"end":{"line":113,"column":8}},"23":{"start":{"line":120,"column":20},"end":{"line":123,"column":8}},"24":{"start":{"line":121,"column":18},"end":{"line":121,"column":52}},"25":{"start":{"line":122,"column":4},"end":{"line":122,"column":19}},"26":{"start":{"line":128,"column":18},"end":{"line":132,"column":8}},"27":{"start":{"line":129,"column":17},"end":{"line":129,"column":50}},"28":{"start":{"line":130,"column":27},"end":{"line":130,"column":53}},"29":{"start":{"line":131,"column":4},"end":{"line":131,"column":57}},"30":{"start":{"line":137,"column":21},"end":{"line":141,"column":8}},"31":{"start":{"line":138,"column":17},"end":{"line":138,"column":50}},"32":{"start":{"line":139,"column":27},"end":{"line":139,"column":53}},"33":{"start":{"line":140,"column":4},"end":{"line":140,"column":71}},"34":{"start":{"line":140,"column":35},"end":{"line":140,"column":69}},"35":{"start":{"line":143,"column":2},"end":{"line":150,"column":4}}},"fnMap":{"0":{"name":"useAuth","decl":{"start":{"line":35,"column":16},"end":{"line":35,"column":23}},"loc":{"start":{"line":35,"column":26},"end":{"line":151,"column":1}},"line":35},"1":{"name":"(anonymous_1)","decl":{"start":{"line":42,"column":29},"end":{"line":42,"column":30}},"loc":{"start":{"line":42,"column":41},"end":{"line":64,"column":3}},"line":42},"2":{"name":"(anonymous_2)","decl":{"start":{"line":51,"column":19},"end":{"line":51,"column":20}},"loc":{"start":{"line":51,"column":31},"end":{"line":60,"column":11}},"line":51},"3":{"name":"(anonymous_3)","decl":{"start":{"line":70,"column":34},"end":{"line":70,"column":35}},"loc":{"start":{"line":70,"column":46},"end":{"line":78,"column":3}},"line":70},"4":{"name":"(anonymous_4)","decl":{"start":{"line":84,"column":34},"end":{"line":84,"column":35}},"loc":{"start":{"line":84,"column":65},"end":{"line":115,"column":3}},"line":84},"5":{"name":"(anonymous_5)","decl":{"start":{"line":120,"column":32},"end":{"line":120,"column":33}},"loc":{"start":{"line":120,"column":62},"end":{"line":123,"column":3}},"line":120},"6":{"name":"(anonymous_6)","decl":{"start":{"line":128,"column":30},"end":{"line":128,"column":31}},"loc":{"start":{"line":128,"column":80},"end":{"line":132,"column":3}},"line":128},"7":{"name":"(anonymous_7)","decl":{"start":{"line":137,"column":33},"end":{"line":137,"column":34}},"loc":{"start":{"line":137,"column":86},"end":{"line":141,"column":3}},"line":137},"8":{"name":"(anonymous_8)","decl":{"start":{"line":140,"column":30},"end":{"line":140,"column":31}},"loc":{"start":{"line":140,"column":35},"end":{"line":140,"column":69}},"line":140}},"branchMap":{"0":{"loc":{"start":{"line":94,"column":14},"end":{"line":94,"column":24}},"type":"binary-expr","locations":[{"start":{"line":94,"column":14},"end":{"line":94,"column":18}},{"start":{"line":94,"column":22},"end":{"line":94,"column":24}}],"line":94},"1":{"loc":{"start":{"line":95,"column":14},"end":{"line":95,"column":24}},"type":"binary-expr","locations":[{"start":{"line":95,"column":14},"end":{"line":95,"column":18}},{"start":{"line":95,"column":22},"end":{"line":95,"column":24}}],"line":95},"2":{"loc":{"start":{"line":97,"column":23},"end":{"line":97,"column":42}},"type":"binary-expr","locations":[{"start":{"line":97,"column":23},"end":{"line":97,"column":36}},{"start":{"line":97,"column":40},"end":{"line":97,"column":42}}],"line":97},"3":{"loc":{"start":{"line":130,"column":28},"end":{"line":130,"column":38}},"type":"binary-expr","locations":[{"start":{"line":130,"column":28},"end":{"line":130,"column":32}},{"start":{"line":130,"column":36},"end":{"line":130,"column":38}}],"line":130},"4":{"loc":{"start":{"line":139,"column":28},"end":{"line":139,"column":38}},"type":"binary-expr","locations":[{"start":{"line":139,"column":28},"end":{"line":139,"column":32}},{"start":{"line":139,"column":36},"end":{"line":139,"column":38}}],"line":139}},"s":{"0":20,"1":20,"2":4,"3":2,"4":2,"5":2,"6":1,"7":1,"8":1,"9":20,"10":2,"11":2,"12":2,"13":1,"14":1,"15":20,"16":3,"17":3,"18":2,"19":2,"20":2,"21":1,"22":1,"23":20,"24":2,"25":2,"26":20,"27":4,"28":4,"29":4,"30":20,"31":4,"32":4,"33":4,"34":5,"35":20},"f":{"0":20,"1":4,"2":2,"3":2,"4":3,"5":2,"6":4,"7":4,"8":5},"b":{"0":[2,1],"1":[2,1],"2":[2,1],"3":[4,1],"4":[4,0]},"_coverageSchema":"1a1c01bbd47fc00a2c39e90264f33305004495a9","hash":"eeb7112685af5049373b7a5872dcafb42bff0219"}
,"C:\\Users\\jeffrey\\Desktop\\Githubmains\\DKLTracker\\dkl-steps-app\\src\\hooks\\useNetworkStatus.ts": {"path":"C:\\Users\\jeffrey\\Desktop\\Githubmains\\DKLTracker\\dkl-steps-app\\src\\hooks\\useNetworkStatus.ts","statementMap":{"0":{"start":{"line":82,"column":44},"end":{"line":92,"column":4}},"1":{"start":{"line":99,"column":6},"end":{"line":99,"column":19}},"2":{"start":{"line":101,"column":28},"end":{"line":147,"column":79}},"3":{"start":{"line":102,"column":24},"end":{"line":102,"column":50}},"4":{"start":{"line":103,"column":32},"end":{"line":103,"column":66}},"5":{"start":{"line":104,"column":21},"end":{"line":104,"column":55}},"6":{"start":{"line":106,"column":37},"end":{"line":116,"column":5}},"7":{"start":{"line":119,"column":4},"end":{"line":125,"column":5}},"8":{"start":{"line":120,"column":6},"end":{"line":124,"column":9}},"9":{"start":{"line":128,"column":22},"end":{"line":128,"column":44}},"10":{"start":{"line":129,"column":4},"end":{"line":144,"column":5}},"11":{"start":{"line":130,"column":6},"end":{"line":132,"column":7}},"12":{"start":{"line":131,"column":8},"end":{"line":131,"column":77}},"13":{"start":{"line":135,"column":6},"end":{"line":139,"column":7}},"14":{"start":{"line":136,"column":8},"end":{"line":136,"column":19}},"15":{"start":{"line":137,"column":13},"end":{"line":139,"column":7}},"16":{"start":{"line":138,"column":8},"end":{"line":138,"column":20}},"17":{"start":{"line":141,"column":6},"end":{"line":143,"column":7}},"18":{"start":{"line":142,"column":8},"end":{"line":142,"column":37}},"19":{"start":{"line":146,"column":4},"end":{"line":146,"column":32}},"20":{"start":{"line":149,"column":2},"end":{"line":161,"column":26}},"21":{"start":{"line":151,"column":24},"end":{"line":151,"column":67}},"22":{"start":{"line":154,"column":4},"end":{"line":156,"column":7}},"23":{"start":{"line":155,"column":6},"end":{"line":155,"column":31}},"24":{"start":{"line":158,"column":4},"end":{"line":160,"column":6}},"25":{"start":{"line":159,"column":6},"end":{"line":159,"column":20}},"26":{"start":{"line":163,"column":2},"end":{"line":163,"column":23}},"27":{"start":{"line":170,"column":23},"end":{"line":170,"column":57}},"28":{"start":{"line":171,"column":2},"end":{"line":171,"column":18}},"29":{"start":{"line":181,"column":2},"end":{"line":184,"column":5}}},"fnMap":{"0":{"name":"useNetworkStatus","decl":{"start":{"line":61,"column":16},"end":{"line":61,"column":32}},"loc":{"start":{"line":81,"column":18},"end":{"line":164,"column":1}},"line":81},"1":{"name":"(anonymous_1)","decl":{"start":{"line":101,"column":40},"end":{"line":101,"column":41}},"loc":{"start":{"line":101,"column":65},"end":{"line":147,"column":3}},"line":101},"2":{"name":"(anonymous_2)","decl":{"start":{"line":149,"column":12},"end":{"line":149,"column":13}},"loc":{"start":{"line":149,"column":18},"end":{"line":161,"column":3}},"line":149},"3":{"name":"(anonymous_3)","decl":{"start":{"line":154,"column":25},"end":{"line":154,"column":26}},"loc":{"start":{"line":154,"column":34},"end":{"line":156,"column":5}},"line":154},"4":{"name":"(anonymous_4)","decl":{"start":{"line":158,"column":11},"end":{"line":158,"column":12}},"loc":{"start":{"line":158,"column":17},"end":{"line":160,"column":5}},"line":158},"5":{"name":"useIsOnline","decl":{"start":{"line":169,"column":16},"end":{"line":169,"column":27}},"loc":{"start":{"line":169,"column":39},"end":{"line":172,"column":1}},"line":169},"6":{"name":"useNetworkListener","decl":{"start":{"line":177,"column":16},"end":{"line":177,"column":34}},"loc":{"start":{"line":180,"column":17},"end":{"line":185,"column":1}},"line":180}},"branchMap":{"0":{"loc":{"start":{"line":98,"column":4},"end":{"line":98,"column":18}},"type":"default-arg","locations":[{"start":{"line":98,"column":13},"end":{"line":98,"column":18}}],"line":98},"1":{"loc":{"start":{"line":99,"column":6},"end":{"line":99,"column":19}},"type":"binary-expr","locations":[{"start":{"line":99,"column":6},"end":{"line":99,"column":13}},{"start":{"line":99,"column":17},"end":{"line":99,"column":19}}],"line":99},"2":{"loc":{"start":{"line":102,"column":24},"end":{"line":102,"column":50}},"type":"binary-expr","locations":[{"start":{"line":102,"column":24},"end":{"line":102,"column":41}},{"start":{"line":102,"column":45},"end":{"line":102,"column":50}}],"line":102},"3":{"loc":{"start":{"line":103,"column":32},"end":{"line":103,"column":66}},"type":"binary-expr","locations":[{"start":{"line":103,"column":32},"end":{"line":103,"column":57}},{"start":{"line":103,"column":61},"end":{"line":103,"column":66}}],"line":103},"4":{"loc":{"start":{"line":104,"column":21},"end":{"line":104,"column":55}},"type":"binary-expr","locations":[{"start":{"line":104,"column":21},"end":{"line":104,"column":32}},{"start":{"line":104,"column":36},"end":{"line":104,"column":55}}],"line":104},"5":{"loc":{"start":{"line":110,"column":22},"end":{"line":110,"column":45}},"type":"binary-expr","locations":[{"start":{"line":110,"column":22},"end":{"line":110,"column":32}},{"start":{"line":110,"column":36},"end":{"line":110,"column":45}}],"line":110},"6":{"loc":{"start":{"line":112,"column":31},"end":{"line":112,"column":76}},"type":"binary-expr","locations":[{"start":{"line":112,"column":31},"end":{"line":112,"column":67}},{"start":{"line":112,"column":71},"end":{"line":112,"column":76}}],"line":112},"7":{"loc":{"start":{"line":113,"column":28},"end":{"line":113,"column":78}},"type":"binary-expr","locations":[{"start":{"line":113,"column":28},"end":{"line":113,"column":70}},{"start":{"line":113,"column":74},"end":{"line":113,"column":78}}],"line":113},"8":{"loc":{"start":{"line":114,"column":18},"end":{"line":114,"column":58}},"type":"binary-expr","locations":[{"start":{"line":114,"column":18},"end":{"line":114,"column":50}},{"start":{"line":114,"column":54},"end":{"line":114,"column":58}}],"line":114},"9":{"loc":{"start":{"line":119,"column":4},"end":{"line":125,"column":5}},"type":"if","locations":[{"start":{"line":119,"column":4},"end":{"line":125,"column":5}},{"start":{},"end":{}}],"line":119},"10":{"loc":{"start":{"line":129,"column":4},"end":{"line":144,"column":5}},"type":"if","locations":[{"start":{"line":129,"column":4},"end":{"line":144,"column":5}},{"start":{},"end":{}}],"line":129},"11":{"loc":{"start":{"line":130,"column":6},"end":{"line":132,"column":7}},"type":"if","locations":[{"start":{"line":130,"column":6},"end":{"line":132,"column":7}},{"start":{},"end":{}}],"line":130},"12":{"loc":{"start":{"line":131,"column":20},"end":{"line":131,"column":75}},"type":"cond-expr","locations":[{"start":{"line":131,"column":31},"end":{"line":131,"column":51}},{"start":{"line":131,"column":54},"end":{"line":131,"column":75}}],"line":131},"13":{"loc":{"start":{"line":135,"column":6},"end":{"line":139,"column":7}},"type":"if","locations":[{"start":{"line":135,"column":6},"end":{"line":139,"column":7}},{"start":{"line":137,"column":13},"end":{"line":139,"column":7}}],"line":135},"14":{"loc":{"start":{"line":135,"column":10},"end":{"line":135,"column":30}},"type":"binary-expr","locations":[{"start":{"line":135,"column":10},"end":{"line":135,"column":18}},{"start":{"line":135,"column":22},"end":{"line":135,"column":30}}],"line":135},"15":{"loc":{"start":{"line":137,"column":13},"end":{"line":139,"column":7}},"type":"if","locations":[{"start":{"line":137,"column":13},"end":{"line":139,"column":7}},{"start":{},"end":{}}],"line":137},"16":{"loc":{"start":{"line":137,"column":17},"end":{"line":137,"column":39}},"type":"binary-expr","locations":[{"start":{"line":137,"column":17},"end":{"line":137,"column":26}},{"start":{"line":137,"column":30},"end":{"line":137,"column":39}}],"line":137},"17":{"loc":{"start":{"line":141,"column":6},"end":{"line":143,"column":7}},"type":"if","locations":[{"start":{"line":141,"column":6},"end":{"line":143,"column":7}},{"start":{},"end":{}}],"line":141}},"s":{"0":64,"1":64,"2":64,"3":57,"4":57,"5":57,"6":57,"7":57,"8":48,"9":57,"10":57,"11":22,"12":18,"13":22,"14":3,"15":19,"16":3,"17":22,"18":2,"19":57,"20":64,"21":42,"22":42,"23":42,"24":42,"25":42,"26":64,"27":6,"28":6,"29":4},"f":{"0":64,"1":57,"2":42,"3":42,"4":42,"5":6,"6":4},"b":{"0":[54],"1":[64,37],"2":[57,1],"3":[57,1],"4":[57,42],"5":[57,1],"6":[57,19],"7":[57,55],"8":[57,56],"9":[48,9],"10":[22,35],"11":[18,4],"12":[8,10],"13":[3,19],"14":[22,10],"15":[3,16],"16":[19,12],"17":[2,20]},"_coverageSchema":"1a1c01bbd47fc00a2c39e90264f33305004495a9","hash":"d524bb73023e5e7db5ca58810ba811e273ffbe27"}
,"C:\\Users\\jeffrey\\Desktop\\Githubmains\\DKLTracker\\dkl-steps-app\\src\\hooks\\useRefreshOnFocus.ts": {"path":"C:\\Users\\jeffrey\\Desktop\\Githubmains\\DKLTracker\\dkl-steps-app\\src\\hooks\\useRefreshOnFocus.ts","statementMap":{"0":{"start":{"line":34,"column":23},"end":{"line":34,"column":35}},"1":{"start":{"line":36,"column":2},"end":{"line":49,"column":4}},"2":{"start":{"line":39,"column":6},"end":{"line":42,"column":7}},"3":{"start":{"line":40,"column":8},"end":{"line":40,"column":37}},"4":{"start":{"line":41,"column":8},"end":{"line":41,"column":15}},"5":{"start":{"line":44,"column":6},"end":{"line":47,"column":7}},"6":{"start":{"line":45,"column":8},"end":{"line":45,"column":60}},"7":{"start":{"line":46,"column":8},"end":{"line":46,"column":18}},"8":{"start":{"line":64,"column":23},"end":{"line":64,"column":35}},"9":{"start":{"line":65,"column":26},"end":{"line":65,"column":43}},"10":{"start":{"line":66,"column":21},"end":{"line":66,"column":66}},"11":{"start":{"line":72,"column":6},"end":{"line":72,"column":19}},"12":{"start":{"line":74,"column":18},"end":{"line":87,"column":27}},"13":{"start":{"line":76,"column":4},"end":{"line":83,"column":5}},"14":{"start":{"line":77,"column":18},"end":{"line":77,"column":28}},"15":{"start":{"line":78,"column":6},"end":{"line":81,"column":7}},"16":{"start":{"line":79,"column":8},"end":{"line":79,"column":42}},"17":{"start":{"line":80,"column":8},"end":{"line":80,"column":15}},"18":{"start":{"line":82,"column":6},"end":{"line":82,"column":36}},"19":{"start":{"line":85,"column":4},"end":{"line":85,"column":45}},"20":{"start":{"line":86,"column":4},"end":{"line":86,"column":14}},"21":{"start":{"line":89,"column":2},"end":{"line":119,"column":4}},"22":{"start":{"line":92,"column":6},"end":{"line":95,"column":7}},"23":{"start":{"line":93,"column":8},"end":{"line":93,"column":37}},"24":{"start":{"line":94,"column":8},"end":{"line":94,"column":15}},"25":{"start":{"line":97,"column":6},"end":{"line":111,"column":7}},"26":{"start":{"line":99,"column":8},"end":{"line":101,"column":9}},"27":{"start":{"line":100,"column":10},"end":{"line":100,"column":43}},"28":{"start":{"line":104,"column":8},"end":{"line":110,"column":9}},"29":{"start":{"line":105,"column":10},"end":{"line":107,"column":25}},"30":{"start":{"line":106,"column":12},"end":{"line":106,"column":22}},"31":{"start":{"line":109,"column":10},"end":{"line":109,"column":20}},"32":{"start":{"line":113,"column":6},"end":{"line":117,"column":8}},"33":{"start":{"line":114,"column":8},"end":{"line":116,"column":9}},"34":{"start":{"line":115,"column":10},"end":{"line":115,"column":43}},"35":{"start":{"line":121,"column":2},"end":{"line":121,"column":21}}},"fnMap":{"0":{"name":"useRefreshOnFocus","decl":{"start":{"line":30,"column":16},"end":{"line":30,"column":33}},"loc":{"start":{"line":33,"column":2},"end":{"line":50,"column":1}},"line":33},"1":{"name":"(anonymous_1)","decl":{"start":{"line":37,"column":16},"end":{"line":37,"column":17}},"loc":{"start":{"line":37,"column":22},"end":{"line":48,"column":5}},"line":37},"2":{"name":"useRefreshOnFocusManual","decl":{"start":{"line":56,"column":16},"end":{"line":56,"column":39}},"loc":{"start":{"line":63,"column":2},"end":{"line":122,"column":1}},"line":63},"3":{"name":"(anonymous_3)","decl":{"start":{"line":74,"column":30},"end":{"line":74,"column":31}},"loc":{"start":{"line":74,"column":36},"end":{"line":87,"column":3}},"line":74},"4":{"name":"(anonymous_4)","decl":{"start":{"line":90,"column":16},"end":{"line":90,"column":17}},"loc":{"start":{"line":90,"column":22},"end":{"line":118,"column":5}},"line":90},"5":{"name":"(anonymous_5)","decl":{"start":{"line":105,"column":42},"end":{"line":105,"column":43}},"loc":{"start":{"line":105,"column":48},"end":{"line":107,"column":11}},"line":105},"6":{"name":"(anonymous_6)","decl":{"start":{"line":113,"column":13},"end":{"line":113,"column":14}},"loc":{"start":{"line":113,"column":19},"end":{"line":117,"column":7}},"line":113}},"branchMap":{"0":{"loc":{"start":{"line":32,"column":2},"end":{"line":32,"column":25}},"type":"default-arg","locations":[{"start":{"line":32,"column":21},"end":{"line":32,"column":25}}],"line":32},"1":{"loc":{"start":{"line":39,"column":6},"end":{"line":42,"column":7}},"type":"if","locations":[{"start":{"line":39,"column":6},"end":{"line":42,"column":7}},{"start":{},"end":{}}],"line":39},"2":{"loc":{"start":{"line":44,"column":6},"end":{"line":47,"column":7}},"type":"if","locations":[{"start":{"line":44,"column":6},"end":{"line":47,"column":7}},{"start":{},"end":{}}],"line":44},"3":{"loc":{"start":{"line":69,"column":4},"end":{"line":69,"column":18}},"type":"default-arg","locations":[{"start":{"line":69,"column":14},"end":{"line":69,"column":18}}],"line":69},"4":{"loc":{"start":{"line":70,"column":4},"end":{"line":70,"column":25}},"type":"default-arg","locations":[{"start":{"line":70,"column":21},"end":{"line":70,"column":25}}],"line":70},"5":{"loc":{"start":{"line":71,"column":4},"end":{"line":71,"column":18}},"type":"default-arg","locations":[{"start":{"line":71,"column":17},"end":{"line":71,"column":18}}],"line":71},"6":{"loc":{"start":{"line":72,"column":6},"end":{"line":72,"column":19}},"type":"binary-expr","locations":[{"start":{"line":72,"column":6},"end":{"line":72,"column":13}},{"start":{"line":72,"column":17},"end":{"line":72,"column":19}}],"line":72},"7":{"loc":{"start":{"line":76,"column":4},"end":{"line":83,"column":5}},"type":"if","locations":[{"start":{"line":76,"column":4},"end":{"line":83,"column":5}},{"start":{},"end":{}}],"line":76},"8":{"loc":{"start":{"line":78,"column":6},"end":{"line":81,"column":7}},"type":"if","locations":[{"start":{"line":78,"column":6},"end":{"line":81,"column":7}},{"start":{},"end":{}}],"line":78},"9":{"loc":{"start":{"line":92,"column":6},"end":{"line":95,"column":7}},"type":"if","locations":[{"start":{"line":92,"column":6},"end":{"line":95,"column":7}},{"start":{},"end":{}}],"line":92},"10":{"loc":{"start":{"line":92,"column":10},"end":{"line":92,"column":48}},"type":"binary-expr","locations":[{"start":{"line":92,"column":10},"end":{"line":92,"column":24}},{"start":{"line":92,"column":28},"end":{"line":92,"column":48}}],"line":92},"11":{"loc":{"start":{"line":97,"column":6},"end":{"line":111,"column":7}},"type":"if","locations":[{"start":{"line":97,"column":6},"end":{"line":111,"column":7}},{"start":{},"end":{}}],"line":97},"12":{"loc":{"start":{"line":99,"column":8},"end":{"line":101,"column":9}},"type":"if","locations":[{"start":{"line":99,"column":8},"end":{"line":101,"column":9}},{"start":{},"end":{}}],"line":99},"13":{"loc":{"start":{"line":104,"column":8},"end":{"line":110,"column":9}},"type":"if","locations":[{"start":{"line":104,"column":8},"end":{"line":110,"column":9}},{"start":{"line":108,"column":15},"end":{"line":110,"column":9}}],"line":104},"14":{"loc":{"start":{"line":114,"column":8},"end":{"line":116,"column":9}},"type":"if","locations":[{"start":{"line":114,"column":8},"end":{"line":116,"column":9}},{"start":{},"end":{}}],"line":114}},"s":{"0":9,"1":9,"2":12,"3":7,"4":7,"5":5,"6":4,"7":4,"8":10,"9":10,"10":10,"11":10,"12":10,"13":7,"14":0,"15":0,"16":0,"17":0,"18":0,"19":7,"20":7,"21":10,"22":4,"23":2,"24":2,"25":2,"26":2,"27":0,"28":2,"29":0,"30":0,"31":2,"32":2,"33":0,"34":0,"35":10},"f":{"0":9,"1":12,"2":10,"3":7,"4":4,"5":0,"6":0},"b":{"0":[5],"1":[7,5],"2":[4,1],"3":[8],"4":[8],"5":[8],"6":[10,5],"7":[0,7],"8":[0,0],"9":[2,2],"10":[4,2],"11":[2,0],"12":[0,2],"13":[0,2],"14":[0,0]},"_coverageSchema":"1a1c01bbd47fc00a2c39e90264f33305004495a9","hash":"60eb51030fa1240b33804056fe123f9e9fb42ff6"}
,"C:\\Users\\jeffrey\\Desktop\\Githubmains\\DKLTracker\\dkl-steps-app\\src\\hooks\\useStepTracking.ts": {"path":"C:\\Users\\jeffrey\\Desktop\\Githubmains\\DKLTracker\\dkl-steps-app\\src\\hooks\\useStepTracking.ts","statementMap":{"0":{"start":{"line":39,"column":28},"end":{"line":39,"column":30}},"1":{"start":{"line":40,"column":27},"end":{"line":40,"column":40}},"2":{"start":{"line":70,"column":40},"end":{"line":70,"column":55}},"3":{"start":{"line":71,"column":38},"end":{"line":71,"column":49}},"4":{"start":{"line":72,"column":42},"end":{"line":72,"column":64}},"5":{"start":{"line":73,"column":36},"end":{"line":73,"column":51}},"6":{"start":{"line":74,"column":36},"end":{"line":74,"column":56}},"7":{"start":{"line":75,"column":50},"end":{"line":75,"column":78}},"8":{"start":{"line":76,"column":42},"end":{"line":76,"column":57}},"9":{"start":{"line":77,"column":42},"end":{"line":77,"column":69}},"10":{"start":{"line":78,"column":27},"end":{"line":78,"column":62}},"11":{"start":{"line":83,"column":20},"end":{"line":166,"column":39}},"12":{"start":{"line":84,"column":4},"end":{"line":87,"column":5}},"13":{"start":{"line":85,"column":6},"end":{"line":85,"column":51}},"14":{"start":{"line":86,"column":6},"end":{"line":86,"column":13}},"15":{"start":{"line":89,"column":4},"end":{"line":91,"column":5}},"16":{"start":{"line":90,"column":6},"end":{"line":90,"column":13}},"17":{"start":{"line":94,"column":4},"end":{"line":97,"column":5}},"18":{"start":{"line":95,"column":6},"end":{"line":95,"column":52}},"19":{"start":{"line":96,"column":6},"end":{"line":96,"column":13}},"20":{"start":{"line":99,"column":4},"end":{"line":99,"column":23}},"21":{"start":{"line":102,"column":18},"end":{"line":102,"column":52}},"22":{"start":{"line":103,"column":4},"end":{"line":115,"column":5}},"23":{"start":{"line":104,"column":6},"end":{"line":104,"column":58}},"24":{"start":{"line":105,"column":6},"end":{"line":105,"column":26}},"25":{"start":{"line":106,"column":6},"end":{"line":106,"column":28}},"26":{"start":{"line":107,"column":6},"end":{"line":111,"column":8}},"27":{"start":{"line":112,"column":6},"end":{"line":112,"column":23}},"28":{"start":{"line":113,"column":6},"end":{"line":113,"column":26}},"29":{"start":{"line":114,"column":6},"end":{"line":114,"column":13}},"30":{"start":{"line":117,"column":4},"end":{"line":117,"column":50}},"31":{"start":{"line":119,"column":4},"end":{"line":165,"column":5}},"32":{"start":{"line":120,"column":6},"end":{"line":120,"column":70}},"33":{"start":{"line":121,"column":6},"end":{"line":124,"column":9}},"34":{"start":{"line":125,"column":6},"end":{"line":125,"column":23}},"35":{"start":{"line":126,"column":6},"end":{"line":126,"column":34}},"36":{"start":{"line":127,"column":6},"end":{"line":127,"column":59}},"37":{"start":{"line":128,"column":6},"end":{"line":128,"column":29}},"38":{"start":{"line":130,"column":6},"end":{"line":130,"column":30}},"39":{"start":{"line":131,"column":6},"end":{"line":131,"column":15}},"40":{"start":{"line":133,"column":6},"end":{"line":133,"column":42}},"41":{"start":{"line":135,"column":6},"end":{"line":162,"column":7}},"42":{"start":{"line":136,"column":8},"end":{"line":154,"column":9}},"43":{"start":{"line":137,"column":10},"end":{"line":137,"column":60}},"44":{"start":{"line":138,"column":10},"end":{"line":138,"column":32}},"45":{"start":{"line":139,"column":10},"end":{"line":143,"column":12}},"46":{"start":{"line":144,"column":10},"end":{"line":144,"column":27}},"47":{"start":{"line":145,"column":10},"end":{"line":145,"column":30}},"48":{"start":{"line":146,"column":10},"end":{"line":146,"column":34}},"49":{"start":{"line":148,"column":26},"end":{"line":148,"column":48}},"50":{"start":{"line":149,"column":10},"end":{"line":149,"column":53}},"51":{"start":{"line":150,"column":10},"end":{"line":153,"column":11}},"52":{"start":{"line":151,"column":12},"end":{"line":151,"column":54}},"53":{"start":{"line":151,"column":36},"end":{"line":151,"column":52}},"54":{"start":{"line":152,"column":12},"end":{"line":152,"column":34}},"55":{"start":{"line":156,"column":24},"end":{"line":156,"column":46}},"56":{"start":{"line":157,"column":8},"end":{"line":157,"column":51}},"57":{"start":{"line":158,"column":8},"end":{"line":161,"column":9}},"58":{"start":{"line":159,"column":10},"end":{"line":159,"column":52}},"59":{"start":{"line":159,"column":34},"end":{"line":159,"column":50}},"60":{"start":{"line":160,"column":10},"end":{"line":160,"column":32}},"61":{"start":{"line":164,"column":6},"end":{"line":164,"column":26}},"62":{"start":{"line":171,"column":2},"end":{"line":244,"column":64}},"63":{"start":{"line":172,"column":26},"end":{"line":211,"column":5}},"64":{"start":{"line":173,"column":6},"end":{"line":210,"column":7}},"65":{"start":{"line":174,"column":26},"end":{"line":174,"column":60}},"66":{"start":{"line":175,"column":8},"end":{"line":175,"column":34}},"67":{"start":{"line":177,"column":8},"end":{"line":181,"column":9}},"68":{"start":{"line":178,"column":10},"end":{"line":178,"column":70}},"69":{"start":{"line":179,"column":10},"end":{"line":179,"column":45}},"70":{"start":{"line":180,"column":10},"end":{"line":180,"column":17}},"71":{"start":{"line":183,"column":27},"end":{"line":183,"column":68}},"72":{"start":{"line":184,"column":8},"end":{"line":184,"column":60}},"73":{"start":{"line":186,"column":8},"end":{"line":201,"column":9}},"74":{"start":{"line":187,"column":10},"end":{"line":187,"column":73}},"75":{"start":{"line":188,"column":10},"end":{"line":188,"column":40}},"76":{"start":{"line":190,"column":10},"end":{"line":199,"column":12}},"77":{"start":{"line":197,"column":58},"end":{"line":197,"column":80}},"78":{"start":{"line":200,"column":10},"end":{"line":200,"column":17}},"79":{"start":{"line":203,"column":8},"end":{"line":203,"column":39}},"80":{"start":{"line":204,"column":8},"end":{"line":204,"column":71}},"81":{"start":{"line":207,"column":8},"end":{"line":207,"column":53}},"82":{"start":{"line":208,"column":8},"end":{"line":208,"column":60}},"83":{"start":{"line":209,"column":8},"end":{"line":209,"column":37}},"84":{"start":{"line":213,"column":4},"end":{"line":213,"column":20}},"85":{"start":{"line":215,"column":28},"end":{"line":215,"column":32}},"86":{"start":{"line":217,"column":4},"end":{"line":226,"column":5}},"87":{"start":{"line":218,"column":6},"end":{"line":225,"column":9}},"88":{"start":{"line":219,"column":8},"end":{"line":219,"column":56}},"89":{"start":{"line":220,"column":8},"end":{"line":224,"column":11}},"90":{"start":{"line":221,"column":27},"end":{"line":221,"column":46}},"91":{"start":{"line":222,"column":10},"end":{"line":222,"column":65}},"92":{"start":{"line":223,"column":10},"end":{"line":223,"column":26}},"93":{"start":{"line":228,"column":28},"end":{"line":233,"column":6}},"94":{"start":{"line":229,"column":6},"end":{"line":232,"column":7}},"95":{"start":{"line":230,"column":29},"end":{"line":230,"column":68}},"96":{"start":{"line":230,"column":59},"end":{"line":230,"column":64}},"97":{"start":{"line":231,"column":8},"end":{"line":231,"column":32}},"98":{"start":{"line":235,"column":4},"end":{"line":243,"column":6}},"99":{"start":{"line":236,"column":6},"end":{"line":238,"column":7}},"100":{"start":{"line":237,"column":8},"end":{"line":237,"column":30}},"101":{"start":{"line":239,"column":6},"end":{"line":239,"column":24}},"102":{"start":{"line":240,"column":6},"end":{"line":242,"column":7}},"103":{"start":{"line":241,"column":8},"end":{"line":241,"column":48}},"104":{"start":{"line":249,"column":2},"end":{"line":279,"column":55}},"105":{"start":{"line":251,"column":4},"end":{"line":256,"column":5}},"106":{"start":{"line":252,"column":6},"end":{"line":252,"column":100}},"107":{"start":{"line":253,"column":6},"end":{"line":253,"column":61}},"108":{"start":{"line":254,"column":6},"end":{"line":254,"column":28}},"109":{"start":{"line":255,"column":6},"end":{"line":255,"column":13}},"110":{"start":{"line":259,"column":4},"end":{"line":262,"column":5}},"111":{"start":{"line":260,"column":6},"end":{"line":260,"column":46}},"112":{"start":{"line":261,"column":6},"end":{"line":261,"column":38}},"113":{"start":{"line":265,"column":4},"end":{"line":271,"column":5}},"114":{"start":{"line":266,"column":6},"end":{"line":270,"column":29}},"115":{"start":{"line":267,"column":8},"end":{"line":267,"column":72}},"116":{"start":{"line":268,"column":8},"end":{"line":268,"column":70}},"117":{"start":{"line":269,"column":8},"end":{"line":269,"column":30}},"118":{"start":{"line":273,"column":4},"end":{"line":278,"column":6}},"119":{"start":{"line":274,"column":6},"end":{"line":277,"column":7}},"120":{"start":{"line":275,"column":8},"end":{"line":275,"column":48}},"121":{"start":{"line":276,"column":8},"end":{"line":276,"column":40}},"122":{"start":{"line":284,"column":27},"end":{"line":287,"column":29}},"123":{"start":{"line":285,"column":4},"end":{"line":285,"column":41}},"124":{"start":{"line":286,"column":4},"end":{"line":286,"column":26}},"125":{"start":{"line":292,"column":27},"end":{"line":294,"column":17}},"126":{"start":{"line":293,"column":4},"end":{"line":293,"column":22}},"127":{"start":{"line":299,"column":28},"end":{"line":323,"column":86}},"128":{"start":{"line":300,"column":18},"end":{"line":300,"column":52}},"129":{"start":{"line":301,"column":17},"end":{"line":301,"column":50}},"130":{"start":{"line":302,"column":17},"end":{"line":302,"column":50}},"131":{"start":{"line":303,"column":26},"end":{"line":303,"column":64}},"132":{"start":{"line":305,"column":26},"end":{"line":307,"column":35}},"133":{"start":{"line":309,"column":4},"end":{"line":322,"column":6}},"134":{"start":{"line":328,"column":24},"end":{"line":331,"column":8}},"135":{"start":{"line":329,"column":4},"end":{"line":329,"column":37}},"136":{"start":{"line":329,"column":26},"end":{"line":329,"column":35}},"137":{"start":{"line":330,"column":4},"end":{"line":330,"column":50}},"138":{"start":{"line":336,"column":23},"end":{"line":344,"column":8}},"139":{"start":{"line":337,"column":4},"end":{"line":343,"column":6}},"140":{"start":{"line":346,"column":2},"end":{"line":364,"column":4}}},"fnMap":{"0":{"name":"useStepTracking","decl":{"start":{"line":69,"column":16},"end":{"line":69,"column":31}},"loc":{"start":{"line":69,"column":91},"end":{"line":365,"column":1}},"line":69},"1":{"name":"(anonymous_1)","decl":{"start":{"line":83,"column":32},"end":{"line":83,"column":33}},"loc":{"start":{"line":83,"column":57},"end":{"line":166,"column":3}},"line":83},"2":{"name":"(anonymous_2)","decl":{"start":{"line":151,"column":28},"end":{"line":151,"column":29}},"loc":{"start":{"line":151,"column":36},"end":{"line":151,"column":52}},"line":151},"3":{"name":"(anonymous_3)","decl":{"start":{"line":159,"column":26},"end":{"line":159,"column":27}},"loc":{"start":{"line":159,"column":34},"end":{"line":159,"column":50}},"line":159},"4":{"name":"(anonymous_4)","decl":{"start":{"line":171,"column":12},"end":{"line":171,"column":13}},"loc":{"start":{"line":171,"column":18},"end":{"line":244,"column":3}},"line":171},"5":{"name":"(anonymous_5)","decl":{"start":{"line":172,"column":26},"end":{"line":172,"column":27}},"loc":{"start":{"line":172,"column":38},"end":{"line":211,"column":5}},"line":172},"6":{"name":"(anonymous_6)","decl":{"start":{"line":197,"column":52},"end":{"line":197,"column":53}},"loc":{"start":{"line":197,"column":58},"end":{"line":197,"column":80}},"line":197},"7":{"name":"(anonymous_7)","decl":{"start":{"line":218,"column":46},"end":{"line":218,"column":47}},"loc":{"start":{"line":218,"column":56},"end":{"line":225,"column":7}},"line":218},"8":{"name":"(anonymous_8)","decl":{"start":{"line":220,"column":22},"end":{"line":220,"column":23}},"loc":{"start":{"line":220,"column":30},"end":{"line":224,"column":9}},"line":220},"9":{"name":"(anonymous_9)","decl":{"start":{"line":228,"column":53},"end":{"line":228,"column":54}},"loc":{"start":{"line":228,"column":62},"end":{"line":233,"column":5}},"line":228},"10":{"name":"(anonymous_10)","decl":{"start":{"line":230,"column":49},"end":{"line":230,"column":50}},"loc":{"start":{"line":230,"column":59},"end":{"line":230,"column":64}},"line":230},"11":{"name":"(anonymous_11)","decl":{"start":{"line":235,"column":11},"end":{"line":235,"column":12}},"loc":{"start":{"line":235,"column":17},"end":{"line":243,"column":5}},"line":235},"12":{"name":"(anonymous_12)","decl":{"start":{"line":249,"column":12},"end":{"line":249,"column":13}},"loc":{"start":{"line":249,"column":18},"end":{"line":279,"column":3}},"line":249},"13":{"name":"(anonymous_13)","decl":{"start":{"line":266,"column":45},"end":{"line":266,"column":46}},"loc":{"start":{"line":266,"column":51},"end":{"line":270,"column":7}},"line":266},"14":{"name":"(anonymous_14)","decl":{"start":{"line":273,"column":11},"end":{"line":273,"column":12}},"loc":{"start":{"line":273,"column":17},"end":{"line":278,"column":5}},"line":273},"15":{"name":"(anonymous_15)","decl":{"start":{"line":284,"column":39},"end":{"line":284,"column":40}},"loc":{"start":{"line":284,"column":45},"end":{"line":287,"column":3}},"line":284},"16":{"name":"(anonymous_16)","decl":{"start":{"line":292,"column":39},"end":{"line":292,"column":40}},"loc":{"start":{"line":292,"column":59},"end":{"line":294,"column":3}},"line":292},"17":{"name":"(anonymous_17)","decl":{"start":{"line":299,"column":40},"end":{"line":299,"column":41}},"loc":{"start":{"line":299,"column":52},"end":{"line":323,"column":3}},"line":299},"18":{"name":"(anonymous_18)","decl":{"start":{"line":328,"column":36},"end":{"line":328,"column":37}},"loc":{"start":{"line":328,"column":42},"end":{"line":331,"column":3}},"line":328},"19":{"name":"(anonymous_19)","decl":{"start":{"line":329,"column":18},"end":{"line":329,"column":19}},"loc":{"start":{"line":329,"column":26},"end":{"line":329,"column":35}},"line":329},"20":{"name":"(anonymous_20)","decl":{"start":{"line":336,"column":35},"end":{"line":336,"column":36}},"loc":{"start":{"line":336,"column":41},"end":{"line":344,"column":3}},"line":336}},"branchMap":{"0":{"loc":{"start":{"line":84,"column":4},"end":{"line":87,"column":5}},"type":"if","locations":[{"start":{"line":84,"column":4},"end":{"line":87,"column":5}},{"start":{},"end":{}}],"line":84},"1":{"loc":{"start":{"line":89,"column":4},"end":{"line":91,"column":5}},"type":"if","locations":[{"start":{"line":89,"column":4},"end":{"line":91,"column":5}},{"start":{},"end":{}}],"line":89},"2":{"loc":{"start":{"line":94,"column":4},"end":{"line":97,"column":5}},"type":"if","locations":[{"start":{"line":94,"column":4},"end":{"line":97,"column":5}},{"start":{},"end":{}}],"line":94},"3":{"loc":{"start":{"line":103,"column":4},"end":{"line":115,"column":5}},"type":"if","locations":[{"start":{"line":103,"column":4},"end":{"line":115,"column":5}},{"start":{},"end":{}}],"line":103},"4":{"loc":{"start":{"line":135,"column":6},"end":{"line":162,"column":7}},"type":"if","locations":[{"start":{"line":135,"column":6},"end":{"line":162,"column":7}},{"start":{"line":155,"column":13},"end":{"line":162,"column":7}}],"line":135},"5":{"loc":{"start":{"line":136,"column":8},"end":{"line":154,"column":9}},"type":"if","locations":[{"start":{"line":136,"column":8},"end":{"line":154,"column":9}},{"start":{"line":147,"column":15},"end":{"line":154,"column":9}}],"line":136},"6":{"loc":{"start":{"line":150,"column":10},"end":{"line":153,"column":11}},"type":"if","locations":[{"start":{"line":150,"column":10},"end":{"line":153,"column":11}},{"start":{},"end":{}}],"line":150},"7":{"loc":{"start":{"line":158,"column":8},"end":{"line":161,"column":9}},"type":"if","locations":[{"start":{"line":158,"column":8},"end":{"line":161,"column":9}},{"start":{},"end":{}}],"line":158},"8":{"loc":{"start":{"line":177,"column":8},"end":{"line":181,"column":9}},"type":"if","locations":[{"start":{"line":177,"column":8},"end":{"line":181,"column":9}},{"start":{},"end":{}}],"line":177},"9":{"loc":{"start":{"line":186,"column":8},"end":{"line":201,"column":9}},"type":"if","locations":[{"start":{"line":186,"column":8},"end":{"line":201,"column":9}},{"start":{},"end":{}}],"line":186},"10":{"loc":{"start":{"line":192,"column":12},"end":{"line":194,"column":73}},"type":"cond-expr","locations":[{"start":{"line":193,"column":16},"end":{"line":193,"column":163}},{"start":{"line":194,"column":16},"end":{"line":194,"column":73}}],"line":192},"11":{"loc":{"start":{"line":217,"column":4},"end":{"line":226,"column":5}},"type":"if","locations":[{"start":{"line":217,"column":4},"end":{"line":226,"column":5}},{"start":{},"end":{}}],"line":217},"12":{"loc":{"start":{"line":229,"column":6},"end":{"line":232,"column":7}},"type":"if","locations":[{"start":{"line":229,"column":6},"end":{"line":232,"column":7}},{"start":{},"end":{}}],"line":229},"13":{"loc":{"start":{"line":229,"column":10},"end":{"line":229,"column":71}},"type":"binary-expr","locations":[{"start":{"line":229,"column":10},"end":{"line":229,"column":27}},{"start":{"line":229,"column":31},"end":{"line":229,"column":54}},{"start":{"line":229,"column":58},"end":{"line":229,"column":71}}],"line":229},"14":{"loc":{"start":{"line":236,"column":6},"end":{"line":238,"column":7}},"type":"if","locations":[{"start":{"line":236,"column":6},"end":{"line":238,"column":7}},{"start":{},"end":{}}],"line":236},"15":{"loc":{"start":{"line":240,"column":6},"end":{"line":242,"column":7}},"type":"if","locations":[{"start":{"line":240,"column":6},"end":{"line":242,"column":7}},{"start":{},"end":{}}],"line":240},"16":{"loc":{"start":{"line":251,"column":4},"end":{"line":256,"column":5}},"type":"if","locations":[{"start":{"line":251,"column":4},"end":{"line":256,"column":5}},{"start":{},"end":{}}],"line":251},"17":{"loc":{"start":{"line":251,"column":8},"end":{"line":251,"column":72}},"type":"binary-expr","locations":[{"start":{"line":251,"column":8},"end":{"line":251,"column":41}},{"start":{"line":251,"column":45},"end":{"line":251,"column":58}},{"start":{"line":251,"column":62},"end":{"line":251,"column":72}}],"line":251},"18":{"loc":{"start":{"line":259,"column":4},"end":{"line":262,"column":5}},"type":"if","locations":[{"start":{"line":259,"column":4},"end":{"line":262,"column":5}},{"start":{},"end":{}}],"line":259},"19":{"loc":{"start":{"line":265,"column":4},"end":{"line":271,"column":5}},"type":"if","locations":[{"start":{"line":265,"column":4},"end":{"line":271,"column":5}},{"start":{},"end":{}}],"line":265},"20":{"loc":{"start":{"line":265,"column":8},"end":{"line":265,"column":53}},"type":"binary-expr","locations":[{"start":{"line":265,"column":8},"end":{"line":265,"column":22}},{"start":{"line":265,"column":26},"end":{"line":265,"column":39}},{"start":{"line":265,"column":43},"end":{"line":265,"column":53}}],"line":265},"21":{"loc":{"start":{"line":274,"column":6},"end":{"line":277,"column":7}},"type":"if","locations":[{"start":{"line":274,"column":6},"end":{"line":277,"column":7}},{"start":{},"end":{}}],"line":274},"22":{"loc":{"start":{"line":305,"column":26},"end":{"line":307,"column":35}},"type":"cond-expr","locations":[{"start":{"line":306,"column":8},"end":{"line":306,"column":78}},{"start":{"line":307,"column":8},"end":{"line":307,"column":35}}],"line":305},"23":{"loc":{"start":{"line":311,"column":16},"end":{"line":311,"column":86}},"type":"cond-expr","locations":[{"start":{"line":311,"column":24},"end":{"line":311,"column":70}},{"start":{"line":311,"column":73},"end":{"line":311,"column":86}}],"line":311},"24":{"loc":{"start":{"line":312,"column":14},"end":{"line":312,"column":32}},"type":"binary-expr","locations":[{"start":{"line":312,"column":14},"end":{"line":312,"column":18}},{"start":{"line":312,"column":22},"end":{"line":312,"column":32}}],"line":312},"25":{"loc":{"start":{"line":313,"column":15},"end":{"line":313,"column":33}},"type":"binary-expr","locations":[{"start":{"line":313,"column":15},"end":{"line":313,"column":19}},{"start":{"line":313,"column":23},"end":{"line":313,"column":33}}],"line":313},"26":{"loc":{"start":{"line":314,"column":13},"end":{"line":314,"column":57}},"type":"binary-expr","locations":[{"start":{"line":314,"column":13},"end":{"line":314,"column":43}},{"start":{"line":314,"column":47},"end":{"line":314,"column":57}}],"line":314},"27":{"loc":{"start":{"line":315,"column":20},"end":{"line":315,"column":68}},"type":"cond-expr","locations":[{"start":{"line":315,"column":34},"end":{"line":315,"column":47}},{"start":{"line":315,"column":50},"end":{"line":315,"column":68}}],"line":315},"28":{"loc":{"start":{"line":318,"column":21},"end":{"line":318,"column":48}},"type":"cond-expr","locations":[{"start":{"line":318,"column":36},"end":{"line":318,"column":40}},{"start":{"line":318,"column":43},"end":{"line":318,"column":48}}],"line":318},"29":{"loc":{"start":{"line":339,"column":6},"end":{"line":341,"column":90}},"type":"cond-expr","locations":[{"start":{"line":340,"column":10},"end":{"line":340,"column":204}},{"start":{"line":341,"column":10},"end":{"line":341,"column":90}}],"line":339}},"s":{"0":0,"1":0,"2":0,"3":0,"4":0,"5":0,"6":0,"7":0,"8":0,"9":0,"10":0,"11":0,"12":0,"13":0,"14":0,"15":0,"16":0,"17":0,"18":0,"19":0,"20":0,"21":0,"22":0,"23":0,"24":0,"25":0,"26":0,"27":0,"28":0,"29":0,"30":0,"31":0,"32":0,"33":0,"34":0,"35":0,"36":0,"37":0,"38":0,"39":0,"40":0,"41":0,"42":0,"43":0,"44":0,"45":0,"46":0,"47":0,"48":0,"49":0,"50":0,"51":0,"52":0,"53":0,"54":0,"55":0,"56":0,"57":0,"58":0,"59":0,"60":0,"61":0,"62":0,"63":0,"64":0,"65":0,"66":0,"67":0,"68":0,"69":0,"70":0,"71":0,"72":0,"73":0,"74":0,"75":0,"76":0,"77":0,"78":0,"79":0,"80":0,"81":0,"82":0,"83":0,"84":0,"85":0,"86":0,"87":0,"88":0,"89":0,"90":0,"91":0,"92":0,"93":0,"94":0,"95":0,"96":0,"97":0,"98":0,"99":0,"100":0,"101":0,"102":0,"103":0,"104":0,"105":0,"106":0,"107":0,"108":0,"109":0,"110":0,"111":0,"112":0,"113":0,"114":0,"115":0,"116":0,"117":0,"118":0,"119":0,"120":0,"121":0,"122":0,"123":0,"124":0,"125":0,"126":0,"127":0,"128":0,"129":0,"130":0,"131":0,"132":0,"133":0,"134":0,"135":0,"136":0,"137":0,"138":0,"139":0,"140":0},"f":{"0":0,"1":0,"2":0,"3":0,"4":0,"5":0,"6":0,"7":0,"8":0,"9":0,"10":0,"11":0,"12":0,"13":0,"14":0,"15":0,"16":0,"17":0,"18":0,"19":0,"20":0},"b":{"0":[0,0],"1":[0,0],"2":[0,0],"3":[0,0],"4":[0,0],"5":[0,0],"6":[0,0],"7":[0,0],"8":[0,0],"9":[0,0],"10":[0,0],"11":[0,0],"12":[0,0],"13":[0,0,0],"14":[0,0],"15":[0,0],"16":[0,0],"17":[0,0,0],"18":[0,0],"19":[0,0],"20":[0,0,0],"21":[0,0],"22":[0,0],"23":[0,0],"24":[0,0],"25":[0,0],"26":[0,0],"27":[0,0],"28":[0,0],"29":[0,0]}}
,"C:\\Users\\jeffrey\\Desktop\\Githubmains\\DKLTracker\\dkl-steps-app\\src\\screens\\AdminFundsScreen.tsx": {"path":"C:\\Users\\jeffrey\\Desktop\\Githubmains\\DKLTracker\\dkl-steps-app\\src\\screens\\AdminFundsScreen.tsx","statementMap":{"0":{"start":{"line":14,"column":21},"end":{"line":14,"column":52}},"1":{"start":{"line":15,"column":28},"end":{"line":15,"column":40}},"2":{"start":{"line":16,"column":30},"end":{"line":16,"column":42}},"3":{"start":{"line":17,"column":22},"end":{"line":17,"column":38}},"4":{"start":{"line":20,"column":36},"end":{"line":20,"column":53}},"5":{"start":{"line":22,"column":60},"end":{"line":32,"column":4}},"6":{"start":{"line":25,"column":6},"end":{"line":25,"column":52}},"7":{"start":{"line":26,"column":21},"end":{"line":26,"column":76}},"8":{"start":{"line":27,"column":6},"end":{"line":27,"column":52}},"9":{"start":{"line":28,"column":6},"end":{"line":28,"column":20}},"10":{"start":{"line":34,"column":20},"end":{"line":51,"column":4}},"11":{"start":{"line":36,"column":6},"end":{"line":39,"column":8}},"12":{"start":{"line":41,"column":6},"end":{"line":41,"column":71}},"13":{"start":{"line":42,"column":6},"end":{"line":42,"column":73}},"14":{"start":{"line":43,"column":6},"end":{"line":43,"column":19}},"15":{"start":{"line":44,"column":6},"end":{"line":44,"column":20}},"16":{"start":{"line":45,"column":6},"end":{"line":45,"column":48}},"17":{"start":{"line":48,"column":22},"end":{"line":48,"column":44}},"18":{"start":{"line":49,"column":6},"end":{"line":49,"column":35}},"19":{"start":{"line":53,"column":20},"end":{"line":68,"column":4}},"20":{"start":{"line":55,"column":6},"end":{"line":58,"column":8}},"21":{"start":{"line":60,"column":6},"end":{"line":60,"column":71}},"22":{"start":{"line":61,"column":6},"end":{"line":61,"column":73}},"23":{"start":{"line":62,"column":6},"end":{"line":62,"column":48}},"24":{"start":{"line":65,"column":22},"end":{"line":65,"column":44}},"25":{"start":{"line":66,"column":6},"end":{"line":66,"column":35}},"26":{"start":{"line":70,"column":20},"
[...]
ne":116,"column":66}},"20":{"start":{"line":118,"column":8},"end":{"line":118,"column":57}},"21":{"start":{"line":124,"column":4},"end":{"line":126,"column":5}},"22":{"start":{"line":125,"column":6},"end":{"line":125,"column":25}},"23":{"start":{"line":134,"column":4},"end":{"line":136,"column":5}},"24":{"start":{"line":135,"column":6},"end":{"line":135,"column":26}},"25":{"start":{"line":151,"column":18},"end":{"line":151,"column":35}},"26":{"start":{"line":153,"column":4},"end":{"line":159,"column":6}},"27":{"start":{"line":155,"column":25},"end":{"line":155,"column":50}},"28":{"start":{"line":156,"column":8},"end":{"line":156,"column":37}},"29":{"start":{"line":157,"column":8},"end":{"line":157,"column":24}}},"fnMap":{"0":{"name":"(anonymous_0)","decl":{"start":{"line":24,"column":21},"end":{"line":24,"column":22}},"loc":{"start":{"line":24,"column":35},"end":{"line":32,"column":1}},"line":24},"1":{"name":"(anonymous_1)","decl":{"start":{"line":42,"column":9},"end":{"line":42,"column":10}},"loc":{"start":{"line":42,"column":29},"end":{"line":46,"column":3}},"line":42},"2":{"name":"(anonymous_2)","decl":{"start":{"line":52,"column":8},"end":{"line":52,"column":9}},"loc":{"start":{"line":52,"column":28},"end":{"line":56,"column":3}},"line":52},"3":{"name":"(anonymous_3)","decl":{"start":{"line":62,"column":8},"end":{"line":62,"column":9}},"loc":{"start":{"line":62,"column":28},"end":{"line":64,"column":3}},"line":62},"4":{"name":"(anonymous_4)","decl":{"start":{"line":70,"column":9},"end":{"line":70,"column":10}},"loc":{"start":{"line":70,"column":29},"end":{"line":77,"column":3}},"line":70},"5":{"name":"(anonymous_5)","decl":{"start":{"line":83,"column":7},"end":{"line":83,"column":8}},"loc":{"start":{"line":83,"column":45},"end":{"line":87,"column":3}},"line":83},"6":{"name":"(anonymous_6)","decl":{"start":{"line":93,"column":11},"end":{"line":93,"column":12}},"loc":{"start":{"line":93,"column":31},"end":{"line":97,"column":3}},"line":93},"7":{"name":"(anonymous_7)","decl":{"start":{"line":103,"column":8},"end":{"line":103,"column":9}},"loc":{"start":{"line":103,"column":45},"end":{"line":107,"column":3}},"line":103},"8":{"name":"(anonymous_8)","decl":{"start":{"line":113,"column":9},"end":{"line":113,"column":10}},"loc":{"start":{"line":113,"column":47},"end":{"line":121,"column":3}},"line":113},"9":{"name":"(anonymous_9)","decl":{"start":{"line":123,"column":12},"end":{"line":123,"column":13}},"loc":{"start":{"line":123,"column":18},"end":{"line":127,"column":3}},"line":123},"10":{"name":"(anonymous_10)","decl":{"start":{"line":133,"column":9},"end":{"line":133,"column":10}},"loc":{"start":{"line":133,"column":24},"end":{"line":137,"column":3}},"line":133},"11":{"name":"(anonymous_11)","decl":{"start":{"line":150,"column":9},"end":{"line":150,"column":10}},"loc":{"start":{"line":150,"column":28},"end":{"line":160,"column":3}},"line":150},"12":{"name":"(anonymous_12)","decl":{"start":{"line":154,"column":11},"end":{"line":154,"column":12}},"loc":{"start":{"line":154,"column":17},"end":{"line":158,"column":7}},"line":154}},"branchMap":{"0":{"loc":{"start":{"line":43,"column":4},"end":{"line":45,"column":5}},"type":"if","locations":[{"start":{"line":43,"column":4},"end":{"line":45,"column":5}},{"start":{},"end":{}}],"line":43},"1":{"loc":{"start":{"line":53,"column":4},"end":{"line":55,"column":5}},"type":"if","locations":[{"start":{"line":53,"column":4},"end":{"line":55,"column":5}},{"start":{},"end":{}}],"line":53},"2":{"loc":{"start":{"line":84,"column":4},"end":{"line":86,"column":5}},"type":"if","locations":[{"start":{"line":84,"column":4},"end":{"line":86,"column":5}},{"start":{},"end":{}}],"line":84},"3":{"loc":{"start":{"line":94,"column":4},"end":{"line":96,"column":5}},"type":"if","locations":[{"start":{"line":94,"column":4},"end":{"line":96,"column":5}},{"start":{},"end":{}}],"line":94},"4":{"loc":{"start":{"line":104,"column":4},"end":{"line":106,"column":5}},"type":"if","locations":[{"start":{"line":104,"column":4},"end":{"line":106,"column":5}},{"start":{},"end":{}}],"line":104},"5":{"loc":{"start":{"line":113,"column":25},"end":{"line":113,"column":42}},"type":"default-arg","locations":[{"start":{"line":113,"column":37},"end":{"line":113,"column":42}}],"line":113},"6":{"loc":{"start":{"line":114,"column":4},"end":{"line":120,"column":5}},"type":"if","locations":[{"start":{"line":114,"column":4},"end":{"line":120,"column":5}},{"start":{},"end":{}}],"line":114},"7":{"loc":{"start":{"line":115,"column":6},"end":{"line":119,"column":7}},"type":"if","locations":[{"start":{"line":115,"column":6},"end":{"line":119,"column":7}},{"start":{"line":117,"column":13},"end":{"line":119,"column":7}}],"line":115},"8":{"loc":{"start":{"line":124,"column":4},"end":{"line":126,"column":5}},"type":"if","locations":[{"start":{"line":124,"column":4},"end":{"line":126,"column":5}},{"start":{},"end":{}}],"line":124},"9":{"loc":{"start":{"line":134,"column":4},"end":{"line":136,"column":5}},"type":"if","locations":[{"start":{"line":134,"column":4},"end":{"line":136,"column":5}},{"start":{},"end":{}}],"line":134}},"s":{"0":11,"1":11,"2":300,"3":300,"4":11,"5":85,"6":85,"7":66,"8":66,"9":27,"10":34,"11":77,"12":77,"13":5,"14":5,"15":4,"16":4,"17":2,"18":2,"19":1,"20":1,"21":1,"22":1,"23":1,"24":1,"25":2,"26":2,"27":2,"28":2,"29":2},"f":{"0":300,"1":85,"2":66,"3":27,"4":34,"5":77,"6":5,"7":4,"8":2,"9":1,"10":1,"11":2,"12":2},"b":{"0":[85,0],"1":[66,0],"2":[77,0],"3":[5,0],"4":[4,0],"5":[1],"6":[2,0],"7":[1,1],"8":[1,0],"9":[1,0]},"_coverageSchema":"1a1c01bbd47fc00a2c39e90264f33305004495a9","hash":"35fd948a2237f2d15e2c4582ab772dd74b485ed4"}
,"C:\\Users\\jeffrey\\Desktop\\Githubmains\\DKLTracker\\dkl-steps-app\\src\\utils\\storage.ts": {"path":"C:\\Users\\jeffrey\\Desktop\\Githubmains\\DKLTracker\\dkl-steps-app\\src\\utils\\storage.ts","statementMap":{"0":{"start":{"line":27,"column":16},"end":{"line":27,"column":20}},"1":{"start":{"line":28,"column":24},"end":{"line":28,"column":28}},"2":{"start":{"line":29,"column":14},"end":{"line":29,"column":19}},"3":{"start":{"line":31,"column":0},"end":{"line":40,"column":1}},"4":{"start":{"line":33,"column":2},"end":{"line":33,"column":43}},"5":{"start":{"line":34,"column":2},"end":{"line":34,"column":28}},"6":{"start":{"line":35,"column":2},"end":{"line":35,"column":17}},"7":{"start":{"line":36,"column":2},"end":{"line":36,"column":62}},"8":{"start":{"line":38,"column":2},"end":{"line":38,"column":76}},"9":{"start":{"line":39,"column":2},"end":{"line":39,"column":18}},"10":{"start":{"line":45,"column":23},"end":{"line":218,"column":1}},"11":{"start":{"line":50,"column":4},"end":{"line":59,"column":5}},"12":{"start":{"line":51,"column":6},"end":{"line":55,"column":7}},"13":{"start":{"line":52,"column":8},"end":{"line":52,"column":51}},"14":{"start":{"line":54,"column":8},"end":{"line":54,"column":47}},"15":{"start":{"line":57,"column":6},"end":{"line":57,"column":69}},"16":{"start":{"line":58,"column":6},"end":{"line":58,"column":18}},"17":{"start":{"line":66,"column":4},"end":{"line":75,"column":5}},"18":{"start":{"line":67,"column":6},"end":{"line":71,"column":7}},"19":{"start":{"line":68,"column":8},"end":{"line":68,"column":37}},"20":{"start":{"line":70,"column":8},"end":{"line":70,"column":47}},"21":{"start":{"line":73,"column":6},"end":{"line":73,"column":69}},"22":{"start":{"line":74,"column":6},"end":{"line":74,"column":18}},"23":{"start":{"line":82,"column":4},"end":{"line":91,"column":5}},"24":{"start":{"line":83,"column":6},"end":{"line":87,"column":7}},"25":{"start":{"line":84,"column":8},"end":{"line":84,"column":33}},"26":{"start":{"line":86,"column":8},"end":{"line":86,"column":43}},"27":{"start":{"line":89,"column":6},"end":{"line":89,"column":72}},"28":{"start":{"line":90,"column":6},"end":{"line":90,"column":18}},"29":{"start":{"line":98,"column":4},"end":{"line":108,"column":5}},"30":{"start":{"line":99,"column":6},"end":{"line":103,"column":7}},"31":{"start":{"line":100,"column":8},"end":{"line":100,"column":32}},"32":{"start":{"line":102,"column":8},"end":{"line":102,"column":35}},"33":{"start":{"line":104,"column":6},"end":{"line":104,"column":37}},"34":{"start":{"line":106,"column":6},"end":{"line":106,"column":50}},"35":{"start":{"line":107,"column":6},"end":{"line":107,"column":18}},"36":{"start":{"line":115,"column":4},"end":{"line":124,"column":5}},"37":{"start":{"line":116,"column":6},"end":{"line":120,"column":7}},"38":{"start":{"line":117,"column":8},"end":{"line":117,"column":41}},"39":{"start":{"line":119,"column":8},"end":{"line":119,"column":47}},"40":{"start":{"line":122,"column":6},"end":{"line":122,"column":55}},"41":{"start":{"line":123,"column":6},"end":{"line":123,"column":16}},"42":{"start":{"line":131,"column":4},"end":{"line":143,"column":5}},"43":{"start":{"line":132,"column":6},"end":{"line":139,"column":7}},"44":{"start":{"line":134,"column":8},"end":{"line":136,"column":11}},"45":{"start":{"line":135,"column":10},"end":{"line":135,"column":39}},"46":{"start":{"line":138,"column":8},"end":{"line":138,"column":51}},"47":{"start":{"line":141,"column":6},"end":{"line":141,"column":53}},"48":{"start":{"line":142,"column":6},"end":{"line":142,"column":18}},"49":{"start":{"line":150,"column":4},"end":{"line":160,"column":5}},"50":{"start":{"line":151,"column":6},"end":{"line":156,"column":7}},"51":{"start":{"line":153,"column":8},"end":{"line":153,"column":102}},"52":{"start":{"line":153,"column":31},"end":{"line":153,"column":100}},"53":{"start":{"line":155,"column":8},"end":{"line":155,"column":49}},"54":{"start":{"line":158,"column":6},"end":{"line":158,"column":53}},"55":{"start":{"line":159,"column":6},"end":{"line":159,"column":69}},"56":{"start":{"line":159,"column":29},"end":{"line":159,"column":67}},"57":{"start":{"line":167,"column":4},"end":{"line":176,"column":5}},"58":{"start":{"line":168,"column":6},"end":{"line":172,"column":7}},"59":{"start":{"line":169,"column":8},"end":{"line":169,"column":54}},"60":{"start":{"line":169,"column":28},"end":{"line":169,"column":52}},"61":{"start":{"line":171,"column":8},"end":{"line":171,"column":45}},"62":{"start":{"line":174,"column":6},"end":{"line":174,"column":56}},"63":{"start":{"line":175,"column":6},"end":{"line":175,"column":18}},"64":{"start":{"line":183,"column":4},"end":{"line":189,"column":5}},"65":{"start":{"line":184,"column":20},"end":{"line":184,"column":46}},"66":{"start":{"line":185,"column":6},"end":{"line":185,"column":46}},"67":{"start":{"line":187,"column":6},"end":{"line":187,"column":71}},"68":{"start":{"line":188,"column":6},"end":{"line":188,"column":18}},"69":{"start":{"line":196,"column":4},"end":{"line":202,"column":5}},"70":{"start":{"line":197,"column":25},"end":{"line":197,"column":46}},"71":{"start":{"line":198,"column":6},"end":{"line":198,"column":45}},"72":{"start":{"line":200,"column":6},"end":{"line":200,"column":71}},"73":{"start":{"line":201,"column":6},"end":{"line":201,"column":18}},"74":{"start":{"line":209,"column":4},"end":{"line":209,"column":45}},"75":{"start":{"line":216,"column":4},"end":{"line":216,"column":19}}},"fnMap":{"0":{"name":"(anonymous_0)","decl":{"start":{"line":49,"column":11},"end":{"line":49,"column":12}},"loc":{"start":{"line":49,"column":58},"end":{"line":60,"column":3}},"line":49},"1":{"name":"(anonymous_1)","decl":{"start":{"line":65,"column":11},"end":{"line":65,"column":12}},"loc":{"start":{"line":65,"column":64},"end":{"line":76,"column":3}},"line":65},"2":{"name":"(anonymous_2)","decl":{"start":{"line":81,"column":14},"end":{"line":81,"column":15}},"loc":{"start":{"line":81,"column":52},"end":{"line":92,"column":3}},"line":81},"3":{"name":"(anonymous_3)","decl":{"start":{"line":97,"column":9},"end":{"line":97,"column":10}},"loc":{"start":{"line":97,"column":36},"end":{"line":109,"column":3}},"line":97},"4":{"name":"(anonymous_4)","decl":{"start":{"line":114,"column":14},"end":{"line":114,"column":15}},"loc":{"start":{"line":114,"column":54},"end":{"line":125,"column":3}},"line":114},"5":{"name":"(anonymous_5)","decl":{"start":{"line":130,"column":12},"end":{"line":130,"column":13}},"loc":{"start":{"line":130,"column":72},"end":{"line":144,"column":3}},"line":130},"6":{"name":"(anonymous_6)","decl":{"start":{"line":134,"column":30},"end":{"line":134,"column":31}},"loc":{"start":{"line":134,"column":48},"end":{"line":136,"column":9}},"line":134},"7":{"name":"(anonymous_7)","decl":{"start":{"line":149,"column":12},"end":{"line":149,"column":13}},"loc":{"start":{"line":149,"column":92},"end":{"line":161,"column":3}},"line":149},"8":{"name":"(anonymous_8)","decl":{"start":{"line":153,"column":24},"end":{"line":153,"column":25}},"loc":{"start":{"line":153,"column":31},"end":{"line":153,"column":100}},"line":153},"9":{"name":"(anonymous_9)","decl":{"start":{"line":159,"column":22},"end":{"line":159,"column":23}},"loc":{"start":{"line":159,"column":29},"end":{"line":159,"column":67}},"line":159},"10":{"name":"(anonymous_10)","decl":{"start":{"line":166,"column":15},"end":{"line":166,"column":16}},"loc":{"start":{"line":166,"column":56},"end":{"line":177,"column":3}},"line":166},"11":{"name":"(anonymous_11)","decl":{"start":{"line":169,"column":21},"end":{"line":169,"column":22}},"loc":{"start":{"line":169,"column":28},"end":{"line":169,"column":52}},"line":169},"12":{"name":"(anonymous_12)","decl":{"start":{"line":182,"column":13},"end":{"line":182,"column":14}},"loc":{"start":{"line":182,"column":64},"end":{"line":190,"column":3}},"line":182},"13":{"name":"(anonymous_13)","decl":{"start":{"line":195,"column":13},"end":{"line":195,"column":14}},"loc":{"start":{"line":195,"column":63},"end":{"line":203,"column":3}},"line":195},"14":{"name":"(anonymous_14)","decl":{"start":{"line":208,"column":14},"end":{"line":208,"column":15}},"loc":{"start":{"line":208,"column":45},"end":{"line":210,"column":3}},"line":208},"15":{"name":"(anonymous_15)","decl":{"start":{"line":215,"column":19},"end":{"line":215,"column":20}},"loc":{"start":{"line":215,"column":34},"end":{"line":217,"column":3}},"line":215}},"branchMap":{"0":{"loc":{"start":{"line":51,"column":6},"end":{"line":55,"column":7}},"type":"if","locations":[{"start":{"line":51,"column":6},"end":{"line":55,"column":7}},{"start":{"line":53,"column":13},"end":{"line":55,"column":7}}],"line":51},"1":{"loc":{"start":{"line":51,"column":10},"end":{"line":51,"column":33}},"type":"binary-expr","locations":[{"start":{"line":51,"column":10},"end":{"line":51,"column":17}},{"start":{"line":51,"column":21},"end":{"line":51,"column":33}}],"line":51},"2":{"loc":{"start":{"line":52,"column":15},"end":{"line":52,"column":50}},"type":"binary-expr","locations":[{"start":{"line":52,"column":15},"end":{"line":52,"column":42}},{"start":{"line":52,"column":46},"end":{"line":52,"column":50}}],"line":52},"3":{"loc":{"start":{"line":67,"column":6},"end":{"line":71,"column":7}},"type":"if","locations":[{"start":{"line":67,"column":6},"end":{"line":71,"column":7}},{"start":{"line":69,"column":13},"end":{"line":71,"column":7}}],"line":67},"4":{"loc":{"start":{"line":67,"column":10},"end":{"line":67,"column":33}},"type":"binary-expr","locations":[{"start":{"line":67,"column":10},"end":{"line":67,"column":17}},{"start":{"line":67,"column":21},"end":{"line":67,"column":33}}],"line":67},"5":{"loc":{"start":{"line":83,"column":6},"end":{"line":87,"column":7}},"type":"if","locations":[{"start":{"line":83,"column":6},"end":{"line":87,"column":7}},{"start":{"line":85,"column":13},"end":{"line":87,"column":7}}],"line":83},"6":{"loc":{"start":{"line":83,"column":10},"end":{"line":83,"column":33}},"type":"binary-expr","locations":[{"start":{"line":83,"column":10},"end":{"line":83,"column":17}},{"start":{"line":83,"column":21},"end":{"line":83,"column":33}}],"line":83},"7":{"loc":{"start":{"line":99,"column":6},"end":{"line":103,"column":7}},"type":"if","locations":[{"start":{"line":99,"column":6},"end":{"line":103,"column":7}},{"start":{"line":101,"column":13},"end":{"line":103,"column":7}}],"line":99},"8":{"loc":{"start":{"line":99,"column":10},"end":{"line":99,"column":33}},"type":"binary-expr","locations":[{"start":{"line":99,"column":10},"end":{"line":99,"column":17}},{"start":{"line":99,"column":21},"end":{"line":99,"column":33}}],"line":99},"9":{"loc":{"start":{"line":116,"column":6},"end":{"line":120,"column":7}},"type":"if","locations":[{"start":{"line":116,"column":6},"end":{"line":120,"column":7}},{"start":{"line":118,"column":13},"end":{"line":120,"column":7}}],"line":116},"10":{"loc":{"start":{"line":116,"column":10},"end":{"line":116,"column":33}},"type":"binary-expr","locations":[{"start":{"line":116,"column":10},"end":{"line":116,"column":17}},{"start":{"line":116,"column":21},"end":{"line":116,"column":33}}],"line":116},"11":{"loc":{"start":{"line":132,"column":6},"end":{"line":139,"column":7}},"type":"if","locations":[{"start":{"line":132,"column":6},"end":{"line":139,"column":7}},{"start":{"line":137,"column":13},"end":{"line":139,"column":7}}],"line":132},"12":{"loc":{"start":{"line":132,"column":10},"end":{"line":132,"column":33}},"type":"binary-expr","locations":[{"start":{"line":132,"column":10},"end":{"line":132,"column":17}},{"start":{"line":132,"column":21},"end":{"line":132,"column":33}}],"line":132},"13":{"loc":{"start":{"line":151,"column":6},"end":{"line":156,"column":7}},"type":"if","locations":[{"start":{"line":151,"column":6},"end":{"line":156,"column":7}},{"start":{"line":154,"column":13},"end":{"line":156,"column":7}}],"line":151},"14":{"loc":{"start":{"line":151,"column":10},"end":{"line":151,"column":33}},"type":"binary-expr","locations":[{"start":{"line":151,"column":10},"end":{"line":151,"column":17}},{"start":{"line":151,"column":21},"end":{"line":151,"column":33}}],"line":151},"15":{"loc":{"start":{"line":153,"column":37},"end":{"line":153,"column":72}},"type":"binary-expr","locations":[{"start":{"line":153,"column":37},"end":{"line":153,"column":64}},{"start":{"line":153,"column":68},"end":{"line":153,"column":72}}],"line":153},"16":{"loc":{"start":{"line":168,"column":6},"end":{"line":172,"column":7}},"type":"if","locations":[{"start":{"line":168,"column":6},"end":{"line":172,"column":7}},{"start":{"line":170,"column":13},"end":{"line":172,"column":7}}],"line":168},"17":{"loc":{"start":{"line":168,"column":10},"end":{"line":168,"column":33}},"type":"binary-expr","locations":[{"start":{"line":168,"column":10},"end":{"line":168,"column":17}},{"start":{"line":168,"column":21},"end":{"line":168,"column":33}}],"line":168},"18":{"loc":{"start":{"line":185,"column":13},"end":{"line":185,"column":45}},"type":"cond-expr","locations":[{"start":{"line":185,"column":21},"end":{"line":185,"column":38}},{"start":{"line":185,"column":41},"end":{"line":185,"column":45}}],"line":185},"19":{"loc":{"start":{"line":209,"column":11},"end":{"line":209,"column":44}},"type":"cond-expr","locations":[{"start":{"line":209,"column":21},"end":{"line":209,"column":27}},{"start":{"line":209,"column":30},"end":{"line":209,"column":44}}],"line":209}},"s":{"0":4,"1":4,"2":4,"3":4,"4":4,"5":4,"6":4,"7":4,"8":0,"9":0,"10":4,"11":16,"12":16,"13":16,"14":0,"15":0,"16":0,"17":18,"18":18,"19":18,"20":0,"21":0,"22":0,"23":2,"24":2,"25":2,"26":0,"27":0,"28":0,"29":27,"30":27,"31":27,"32":0,"33":27,"34":0,"35":0,"36":3,"37":3,"38":3,"39":0,"40":0,"41":0,"42":2,"43":2,"44":2,"45":2,"46":0,"47":0,"48":0,"49":2,"50":2,"51":2,"52":4,"53":0,"54":0,"55":0,"56":0,"57":2,"58":2,"59":2,"60":4,"61":0,"62":0,"63":0,"64":6,"65":6,"66":6,"67":1,"68":1,"69":4,"70":4,"71":4,"72":0,"73":0,"74":1,"75":1},"f":{"0":16,"1":18,"2":2,"3":27,"4":3,"5":2,"6":2,"7":2,"8":4,"9":0,"10":2,"11":4,"12":6,"13":4,"14":1,"15":1},"b":{"0":[16,0],"1":[16,16],"2":[16,6],"3":[18,0],"4":[18,18],"5":[2,0],"6":[2,2],"7":[27,0],"8":[27,27],"9":[3,0],"10":[3,3],"11":[2,0],"12":[2,2],"13":[2,0],"14":[2,2],"15":[4,2],"16":[2,0],"17":[2,2],"18":[5,1],"19":[1,0]},"_coverageSchema":"1a1c01bbd47fc00a2c39e90264f33305004495a9","hash":"1668ce34bdd129b030e0f3dc8e68f29aa0e5d87f"}
}
