TN:
SF:src\components\ErrorBoundary.tsx
FN:24,(anonymous_0)
FN:32,(anonymous_1)
FN:40,(anonymous_2)
FN:53,(anonymous_3)
FN:60,(anonymous_4)
FNF:5
FNH:4
FNDA:32,(anonymous_0)
FNDA:26,(anonymous_1)
FNDA:13,(anonymous_2)
FNDA:0,(anonymous_3)
FNDA:58,(anonymous_4)
DA:25,32
DA:26,32
DA:34,26
DA:42,13
DA:43,13
DA:53,32
DA:54,0
DA:61,58
DA:63,26
DA:64,4
DA:68,22
DA:116,32
DA:120,1
LF:13
LH:12
BRDA:61,0,0,26
BRDA:61,0,1,32
BRDA:63,1,0,4
BRDA:63,1,1,22
BRDA:86,2,0,22
BRDA:86,2,1,22
BRDA:86,2,2,22
BRDA:91,3,0,22
BRDA:91,3,1,22
BRF:9
BRH:9
end_of_record
TN:
SF:src\components\NetworkStatusBanner.tsx
FN:19,NetworkStatusBanner
FN:26,(anonymous_1)
FNF:2
FNH:2
FNDA:14,NetworkStatusBanner
FNDA:14,(anonymous_1)
DA:20,14
DA:21,14
DA:24,14
DA:26,14
DA:27,14
DA:29,10
DA:37,4
DA:46,14
DA:47,4
DA:50,10
DA:75,1
LF:11
LH:11
BRDA:24,0,0,14
BRDA:24,0,1,5
BRDA:27,1,0,10
BRDA:27,1,1,4
BRDA:46,2,0,4
BRDA:46,2,1,10
BRF:6
BRH:6
end_of_record
TN:
SF:src\components\StepCounter.tsx
FN:27,StepCounter
FNF:1
FNH:1
FNDA:1,StepCounter
DA:43,1
DA:45,1
DA:78,1
LF:3
LH:3
BRF:0
BRH:0
end_of_record
TN:
SF:src\components\StepCounterControls.tsx
FN:31,StepCounterControls
FN:70,(anonymous_1)
FNF:2
FNH:2
FNDA:30,StepCounterControls
FNDA:1,(anonymous_1)
DA:43,30
DA:70,1
DA:100,2
LF:3
LH:3
BRDA:46,0,0,30
BRDA:46,0,1,2
BRDA:59,1,0,5
BRDA:59,1,1,25
BRDA:61,2,0,30
BRDA:61,2,1,28
BRDA:61,2,2,23
BRDA:72,3,0,30
BRDA:72,3,1,25
BRF:9
BRH:9
end_of_record
TN:
SF:src\components\StepCounterDisplay.tsx
FN:30,StepCounterDisplay
FN:41,(anonymous_1)
FN:51,(anonymous_2)
FNF:3
FNH:3
FNDA:27,StepCounterDisplay
FNDA:4,(anonymous_1)
FNDA:8,(anonymous_2)
DA:41,27
DA:42,4
DA:43,4
DA:44,4
DA:45,2
DA:46,2
DA:47,1
DA:48,1
DA:51,27
DA:53,27
DA:129,2
LF:11
LH:11
BRDA:42,0,0,0
BRDA:42,0,1,4
BRDA:44,1,0,2
BRDA:44,1,1,2
BRDA:46,2,0,1
BRDA:46,2,1,1
BRDA:62,3,0,27
BRDA:62,3,1,3
BRDA:64,4,0,3
BRDA:64,4,1,24
BRDA:72,5,0,27
BRDA:72,5,1,5
BRDA:72,5,2,4
BRDA:79,6,0,27
BRDA:79,6,1,3
BRDA:84,7,0,27
BRDA:84,7,1,2
BRDA:89,8,0,27
BRDA:89,8,1,0
BRDA:97,9,0,27
BRDA:97,9,1,2
BRDA:103,10,0,27
BRDA:103,10,1,1
BRDA:111,11,0,27
BRDA:111,11,1,2
BRDA:119,12,0,27
BRDA:119,12,1,1
BRF:27
BRH:25
end_of_record
TN:
SF:src\components\admin\AddRouteForm.tsx
FN:13,AddRouteForm
FNF:1
FNH:1
FNDA:29,AddRouteForm
DA:21,29
DA:49,1
LF:2
LH:2
BRDA:19,0,0,0
BRDA:40,1,0,2
BRDA:40,1,1,27
BRDA:42,2,0,29
BRDA:42,2,1,8
BRDA:42,2,2,4
BRF:6
BRH:5
end_of_record
TN:
SF:src\components\admin\AuditLogViewer.tsx
FN:19,AuditLogViewer
FN:27,(anonymous_1)
FN:38,(anonymous_2)
FN:50,(anonymous_3)
FN:91,(anonymous_4)
FNF:5
FNH:0
FNDA:0,AuditLogViewer
FNDA:0,(anonymous_1)
FNDA:0,(anonymous_2)
FNDA:0,(anonymous_3)
FNDA:0,(anonymous_4)
DA:25,0
DA:27,0
DA:28,0
DA:29,0
DA:30,0
DA:31,0
DA:32,0
DA:33,0
DA:34,0
DA:38,0
DA:39,0
DA:40,0
DA:41,0
DA:42,0
DA:43,0
DA:44,0
DA:45,0
DA:46,0
DA:50,0
DA:51,0
DA:52,0
DA:61,0
DA:62,0
DA:70,0
DA:92,0
DA:127,1
LF:26
LH:1
BRDA:21,0,0,0
BRDA:28,1,0,0
BRDA:28,1,1,0
BRDA:28,1,2,0
BRDA:28,1,3,0
BRDA:28,1,4,0
BRDA:28,1,5,0
BRDA:39,2,0,0
BRDA:39,2,1,0
BRDA:39,2,2,0
BRDA:39,2,3,0
BRDA:39,2,4,0
BRDA:39,2,5,0
BRDA:39,2,6,0
BRDA:61,3,0,0
BRDA:61,3,1,0
BRDA:77,4,0,0
BRDA:77,4,1,0
BRDA:82,5,0,0
BRDA:82,5,1,0
BRDA:108,6,0,0
BRDA:108,6,1,0
BRDA:114,7,0,0
BRDA:114,7,1,0
BRDA:114,7,2,0
BRF:25
BRH:0
end_of_record
TN:
SF:src\components\admin\BatchActions.tsx
FN:23,BatchActions
FN:60,(anonymous_1)
FN:68,(anonymous_2)
FNF:3
FNH:0
FNDA:0,BatchActions
FNDA:0,(anonymous_1)
FNDA:0,(anonymous_2)
DA:32,0
DA:33,0
DA:35,0
DA:36,0
DA:39,0
DA:60,0
DA:68,0
DA:93,1
LF:8
LH:1
BRDA:30,0,0,0
BRDA:33,1,0,0
BRDA:33,1,1,0
BRDA:35,2,0,0
BRDA:35,2,1,0
BRDA:46,3,0,0
BRDA:46,3,1,0
BRDA:50,4,0,0
BRDA:50,4,1,0
BRDA:56,5,0,0
BRDA:56,5,1,0
BRDA:86,6,0,0
BRDA:86,6,1,0
BRF:13
BRH:0
end_of_record
TN:
SF:src\components\admin\BulkImport.tsx
FN:27,BulkImport
FN:34,(anonymous_1)
FN:35,(anonymous_2)
FN:45,(anonymous_3)
FN:93,(anonymous_4)
FN:120,(anonymous_5)
FN:135,(anonymous_6)
FN:136,(anonymous_7)
FN:150,(anonymous_8)
FN:168,(anonymous_9)
FN:203,(anonymous_10)
FN:226,(anonymous_11)
FN:230,(anonymous_12)
FNF:13
FNH:0
FNDA:0,BulkImport
FNDA:0,(anonymous_1)
FNDA:0,(anonymous_2)
FNDA:0,(anonymous_3)
FNDA:0,(anonymous_4)
FNDA:0,(anonymous_5)
FNDA:0,(anonymous_6)
FNDA:0,(anonymous_7)
FNDA:0,(anonymous_8)
FNDA:0,(anonymous_9)
FNDA:0,(anonymous_10)
FNDA:0,(anonymous_11)
FNDA:0,(anonymous_12)
DA:28,0
DA:29,0
DA:34,0
DA:35,0
DA:36,0
DA:39,0
DA:41,0
DA:42,0
DA:43,0
DA:45,0
DA:47,0
DA:48,0
DA:54,0
DA:57,0
DA:58,0
DA:60,0
DA:61,0
DA:67,0
DA:70,0
DA:71,0
DA:77,0
DA:80,0
DA:87,0
DA:93,0
DA:94,0
DA:95,0
DA:100,0
DA:101,0
DA:104,0
DA:105,0
DA:106,0
DA:109,0
DA:112,0
DA:113,0
DA:116,0
DA:117,0
DA:118,0
DA:120,0
DA:121,0
DA:123,0
DA:128,0
DA:135,0
DA:136,0
DA:138,0
DA:139,0
DA:140,0
DA:143,0
DA:151,0
DA:152,0
DA:153,0
DA:154,0
DA:155,0
DA:157,0
DA:168,0
DA:169,0
DA:170,0
DA:177,0
DA:204,0
DA:226,0
DA:230,0
DA:239,1
LF:61
LH:1
BRDA:27,0,0,0
BRDA:39,1,0,0
BRDA:39,1,1,0
BRDA:43,2,0,0
BRDA:43,2,1,0
BRDA:47,3,0,0
BRDA:47,3,1,0
BRDA:60,4,0,0
BRDA:60,4,1,0
BRDA:70,5,0,0
BRDA:70,5,1,0
BRDA:70,6,0,0
BRDA:70,6,1,0
BRDA:100,7,0,0
BRDA:100,7,1,0
BRDA:104,8,0,0
BRDA:104,8,1,0
BRDA:104,9,0,0
BRDA:104,9,1,0
BRDA:125,10,0,0
BRDA:125,10,1,0
BRDA:138,11,0,0
BRDA:138,11,1,0
BRDA:199,12,0,0
BRDA:199,12,1,0
BRDA:199,12,2,0
BRDA:208,13,0,0
BRDA:208,13,1,0
BRDA:211,14,0,0
BRDA:211,14,1,0
BRDA:213,15,0,0
BRDA:213,15,1,0
BRDA:218,16,0,0
BRDA:218,16,1,0
BRDA:230,17,0,0
BRDA:230,17,1,0
BRF:36
BRH:0
end_of_record
TN:
SF:src\components\admin\RouteListItem.tsx
FN:16,RouteListItem
FN:31,(anonymous_1)
FN:50,(anonymous_2)
FN:58,(anonymous_3)
FN:66,(anonymous_4)
FNF:5
FNH:4
FNDA:12,RouteListItem
FNDA:0,(anonymous_1)
FNDA:2,(anonymous_2)
FNDA:1,(anonymous_3)
FNDA:3,(anonymous_4)
DA:26,12
DA:31,0
DA:50,2
DA:58,1
DA:66,3
DA:76,1
LF:6
LH:5
BRDA:20,0,0,0
BRDA:21,1,0,0
BRDA:22,2,0,0
BRDA:23,3,0,0
BRDA:27,4,0,12
BRDA:27,4,1,0
BRDA:29,5,0,12
BRDA:29,5,1,0
BRDA:29,5,2,0
BRDA:34,6,0,0
BRDA:34,6,1,0
BRDA:35,7,0,0
BRDA:35,7,1,0
BRDA:52,8,0,12
BRDA:52,8,1,12
BRDA:60,9,0,12
BRDA:60,9,1,12
BRDA:68,10,0,12
BRDA:68,10,1,12
BRF:19
BRH:8
end_of_record
TN:
SF:src\components\admin\RoutesList.tsx
FN:18,RoutesList
FN:45,(anonymous_1)
FNF:2
FNH:2
FNDA:29,RoutesList
FNDA:12,(anonymous_1)
DA:29,29
DA:46,12
DA:66,1
LF:3
LH:3
BRDA:22,0,0,0
BRDA:23,1,0,0
BRDA:24,2,0,0
BRDA:25,3,0,29
BRDA:26,4,0,29
BRDA:32,5,0,29
BRDA:32,5,1,0
BRDA:36,6,0,29
BRDA:36,6,1,29
BRDA:38,7,0,29
BRDA:38,7,1,0
BRDA:39,8,0,29
BRDA:39,8,1,0
BRDA:43,9,0,10
BRDA:43,9,1,19
BRDA:43,10,0,29
BRDA:43,10,1,29
BRDA:43,10,2,29
BRF:18
BRH:12
end_of_record
TN:
SF:src\components\admin\index.ts
FNF:0
FNH:0
LF:0
LH:0
BRF:0
BRH:0
end_of_record
TN:
SF:src\components\dashboard\AchievementBadge.tsx
FN:27,AchievementBadge
FN:49,(anonymous_1)
FN:71,(anonymous_2)
FN:96,(anonymous_3)
FNF:4
FNH:3
FNDA:15,AchievementBadge
FNDA:5,(anonymous_1)
FNDA:5,(anonymous_2)
FNDA:0,(anonymous_3)
DA:32,15
DA:33,15
DA:35,15
DA:41,15
DA:42,15
DA:45,15
DA:46,15
DA:47,15
DA:49,15
DA:51,5
DA:59,5
DA:60,0
DA:64,5
DA:71,15
DA:73,5
DA:74,0
DA:91,15
DA:96,15
DA:97,0
DA:98,0
DA:99,0
DA:103,15
DA:104,15
DA:106,15
DA:166,1
LF:25
LH:20
BRDA:29,0,0,0
BRDA:33,1,0,15
BRDA:33,1,1,15
BRDA:42,2,0,15
BRDA:42,2,1,0
BRDA:59,3,0,0
BRDA:59,3,1,5
BRDA:59,4,0,5
BRDA:59,4,1,0
BRDA:73,5,0,0
BRDA:73,5,1,5
BRDA:97,6,0,0
BRDA:97,6,1,0
BRDA:103,7,0,15
BRDA:103,7,1,0
BRDA:104,8,0,15
BRDA:104,8,1,0
BRDA:117,9,0,0
BRDA:117,9,1,15
BRDA:122,10,0,0
BRDA:122,10,1,15
BRDA:156,11,0,15
BRDA:156,11,1,15
BRF:23
BRH:12
end_of_record
TN:
SF:src\components\dashboard\DashboardHeader.tsx
FN:20,DashboardHeader
FNF:1
FNH:1
FNDA:3,DashboardHeader
DA:30,3
DA:31,3
DA:32,3
DA:33,0
DA:38,3
DA:41,3
DA:49,3
DA:53,3
DA:57,3
DA:104,1
LF:10
LH:9
BRDA:26,0,0,0
BRDA:27,1,0,0
BRDA:41,2,0,0
BRDA:41,2,1,3
BRDA:42,3,0,0
BRDA:42,3,1,0
BRDA:45,4,0,0
BRDA:45,4,1,3
BRDA:49,5,0,0
BRDA:49,5,1,3
BRDA:53,6,0,0
BRDA:53,6,1,3
BRDA:59,7,0,3
BRDA:59,7,1,0
BRDA:77,8,0,0
BRDA:77,8,1,3
BRDA:83,9,0,3
BRDA:83,9,1,3
BRDA:86,10,0,3
BRDA:86,10,1,3
BRDA:88,11,0,3
BRDA:88,11,1,0
BRDA:90,12,0,0
BRDA:90,12,1,0
BRDA:128,13,0,1
BRDA:128,13,1,0
BRF:26
BRH:12
end_of_record
TN:
SF:src\components\dashboard\MilestoneTracker.tsx
FN:9,MilestoneTracker
FN:21,(anonymous_1)
FNF:2
FNH:0
FNDA:0,MilestoneTracker
FNDA:0,(anonymous_1)
DA:13,0
DA:14,0
DA:17,0
DA:22,0
DA:46,1
LF:5
LH:1
BRDA:11,0,0,0
BRDA:13,1,0,0
BRDA:13,1,1,0
BRDA:26,2,0,0
BRDA:26,2,1,0
BRDA:29,3,0,0
BRDA:29,3,1,0
BRDA:36,4,0,0
BRDA:36,4,1,0
BRF:9
BRH:0
end_of_record
TN:
SF:src\components\dashboard\NavigationList.tsx
FN:16,NavigationList
FN:21,(anonymous_1)
FNF:2
FNH:0
FNDA:0,NavigationList
FNDA:0,(anonymous_1)
DA:17,0
DA:22,0
DA:42,1
LF:3
LH:1
BRF:0
BRH:0
end_of_record
TN:
SF:src\components\dashboard\ProgressCard.tsx
FN:13,ProgressCard
FN:19,(anonymous_1)
FN:28,(anonymous_2)
FN:37,(anonymous_3)
FNF:4
FNH:4
FNDA:3,ProgressCard
FNDA:1,(anonymous_1)
FNDA:1,(anonymous_2)
FNDA:1,(anonymous_3)
DA:19,3
DA:20,1
DA:25,3
DA:26,3
DA:28,3
DA:29,1
DA:37,3
DA:38,1
DA:39,0
DA:40,0
DA:57,3
DA:62,3
DA:121,1
LF:13
LH:11
BRDA:15,0,0,3
BRDA:16,1,0,0
BRDA:17,2,0,3
BRDA:38,3,0,0
BRDA:38,3,1,1
BRDA:38,4,0,1
BRDA:38,4,1,0
BRDA:87,5,0,3
BRDA:87,5,1,0
BRDA:87,5,2,0
BRF:10
BRH:5
end_of_record
TN:
SF:src\components\dashboard\QuickActionCard.tsx
FN:12,QuickActionCard
FNF:1
FNH:0
FNDA:0,QuickActionCard
DA:19,0
DA:20,0
DA:22,0
DA:57,1
LF:4
LH:1
BRDA:17,0,0,0
BRDA:26,1,0,0
BRDA:26,1,1,0
BRDA:27,2,0,0
BRDA:27,2,1,0
BRDA:36,3,0,0
BRDA:36,3,1,0
BRDA:42,4,0,0
BRDA:42,4,1,0
BRDA:49,5,0,0
BRDA:49,5,1,0
BRF:11
BRH:0
end_of_record
TN:
SF:src\components\dashboard\RoleBadge.tsx
FN:8,RoleBadge
FNF:1
FNH:0
FNDA:0,RoleBadge
DA:9,0
DA:10,0
DA:12,0
DA:14,0
DA:21,1
LF:5
LH:1
BRDA:12,0,0,0
BRDA:12,0,1,0
BRF:2
BRH:0
end_of_record
TN:
SF:src\components\dashboard\SimpleStepDisplay.tsx
FN:19,SimpleStepDisplay
FN:40,(anonymous_1)
FN:45,(anonymous_2)
FNF:3
FNH:2
FNDA:2,SimpleStepDisplay
FNDA:0,(anonymous_1)
FNDA:2,(anonymous_2)
DA:31,2
DA:40,2
DA:41,0
DA:45,2
DA:46,2
DA:48,0
DA:49,0
DA:50,0
DA:52,0
DA:53,0
DA:54,0
DA:56,0
DA:57,0
DA:58,0
DA:61,2
DA:126,1
LF:16
LH:6
BRDA:23,0,0,0
BRDA:33,1,0,0
BRDA:33,1,1,2
BRDA:36,2,0,0
BRDA:36,2,1,0
BRDA:46,3,0,2
BRDA:46,3,1,0
BRDA:52,4,0,0
BRDA:52,4,1,0
BRDA:53,5,0,0
BRDA:53,5,1,0
BRDA:54,6,0,0
BRDA:54,6,1,0
BRDA:57,7,0,0
BRDA:57,7,1,0
BRDA:76,8,0,2
BRDA:76,8,1,0
BRDA:76,8,2,0
BRDA:80,9,0,0
BRDA:80,9,1,0
BRDA:82,10,0,0
BRDA:82,10,1,0
BRDA:90,11,0,2
BRDA:90,11,1,0
BRDA:90,11,2,0
BRDA:100,12,0,0
BRDA:100,12,1,2
BRF:27
BRH:5
end_of_record
TN:
SF:src\components\dashboard\StatCard.tsx
FN:11,StatCard
FNF:1
FNH:0
FNDA:0,StatCard
DA:12,0
DA:23,1
LF:2
LH:1
BRDA:11,0,0,0
BRDA:15,1,0,0
BRDA:15,1,1,0
BRF:3
BRH:0
end_of_record
TN:
SF:src\components\dashboard\StatsOverview.tsx
FN:25,StatsOverview
FN:28,(anonymous_1)
FN:40,AnimatedStatCard
FN:52,(anonymous_3)
FNF:4
FNH:4
FNDA:3,StatsOverview
FNDA:9,(anonymous_1)
FNDA:9,AnimatedStatCard
FNDA:3,(anonymous_3)
DA:26,3
DA:29,9
DA:49,9
DA:50,9
DA:52,9
DA:53,3
DA:70,9
DA:111,1
LF:8
LH:8
BRDA:25,0,0,0
BRDA:74,1,0,9
BRDA:74,1,1,9
BRDA:83,2,0,9
BRDA:83,2,1,0
BRDA:84,3,0,9
BRDA:84,3,1,0
BRDA:90,4,0,9
BRDA:90,4,1,0
BRDA:95,5,0,0
BRDA:95,5,1,0
BRDA:100,6,0,0
BRDA:100,6,1,0
BRF:13
BRH:5
end_of_record
TN:
SF:src\components\dashboard\index.ts
FNF:0
FNH:0
LF:0
LH:0
BRF:0
BRH:0
end_of_record
TN:
SF:src\components\digitalboard\BoardBranding.tsx
FN:5,BoardBranding
FNF:1
FNH:0
FNDA:0,BoardBranding
DA:6,0
DA:16,1
LF:2
LH:1
BRF:0
BRH:0
end_of_record
TN:
SF:src\components\digitalboard\LiveCounter.tsx
FN:13,LiveCounter
FN:19,(anonymous_1)
FNF:2
FNH:0
FNDA:0,LiveCounter
FNDA:0,(anonymous_1)
DA:14,0
DA:15,0
DA:16,0
DA:19,0
DA:20,0
DA:21,0
DA:23,0
DA:26,0
DA:58,1
LF:9
LH:1
BRDA:13,0,0,0
BRDA:20,1,0,0
BRDA:20,1,1,0
BRDA:20,2,0,0
BRDA:20,2,1,0
BRF:5
BRH:0
end_of_record
TN:
SF:src\components\digitalboard\LiveIndicator.tsx
FN:9,LiveIndicator
FNF:1
FNH:0
FNDA:0,LiveIndicator
DA:10,0
DA:12,0
DA:31,1
LF:3
LH:1
BRDA:9,0,0,0
BRF:1
BRH:0
end_of_record
TN:
SF:src\components\digitalboard\index.ts
FNF:0
FNH:0
LF:0
LH:0
BRF:0
BRH:0
end_of_record
TN:
SF:src\components\geofencing\GeofenceManager.tsx
FN:48,GeofenceManager
FN:70,(anonymous_1)
FN:77,(anonymous_2)
FN:87,(anonymous_3)
FN:94,(anonymous_4)
FN:118,(anonymous_5)
FN:187,(anonymous_6)
FNF:7
FNH:0
FNDA:0,GeofenceManager
FNDA:0,(anonymous_1)
FNDA:0,(anonymous_2)
FNDA:0,(anonymous_3)
FNDA:0,(anonymous_4)
FNDA:0,(anonymous_5)
FNDA:0,(anonymous_6)
DA:53,0
DA:56,0
DA:68,0
DA:71,0
DA:78,0
DA:87,0
DA:88,0
DA:89,0
DA:94,0
DA:95,0
DA:96,0
DA:97,0
DA:98,0
DA:103,0
DA:107,0
DA:108,0
DA:109,0
DA:118,0
DA:119,0
DA:134,0
DA:135,0
DA:139,0
DA:140,0
DA:152,0
DA:153,0
DA:164,0
DA:166,0
DA:188,0
DA:288,1
LF:29
LH:1
BRDA:50,0,0,0
BRDA:56,1,0,0
BRDA:56,1,1,0
BRDA:88,2,0,0
BRDA:88,2,1,0
BRDA:95,3,0,0
BRDA:95,3,1,0
BRDA:97,4,0,0
BRDA:97,4,1,0
BRDA:108,5,0,0
BRDA:108,5,1,0
BRDA:134,6,0,0
BRDA:134,6,1,0
BRDA:139,7,0,0
BRDA:139,7,1,0
BRDA:152,8,0,0
BRDA:152,8,1,0
BRDA:152,9,0,0
BRDA:152,9,1,0
BRDA:175,10,0,0
BRDA:175,10,1,0
BRDA:191,11,0,0
BRDA:191,11,1,0
BRDA:191,12,0,0
BRDA:191,12,1,0
BRDA:194,13,0,0
BRDA:194,13,1,0
BRDA:198,14,0,0
BRDA:198,14,1,0
BRDA:211,15,0,0
BRDA:211,15,1,0
BRDA:212,16,0,0
BRDA:212,16,1,0
BRDA:216,17,0,0
BRDA:216,17,1,0
BRDA:217,18,0,0
BRDA:217,18,1,0
BRDA:223,19,0,0
BRDA:223,19,1,0
BRDA:226,20,0,0
BRDA:226,20,1,0
BRDA:228,21,0,0
BRDA:228,21,1,0
BRDA:236,22,0,0
BRDA:236,22,1,0
BRDA:245,23,0,0
BRDA:245,23,1,0
BRDA:247,24,0,0
BRDA:247,24,1,0
BRDA:263,25,0,0
BRDA:263,25,1,0
BRDA:272,26,0,0
BRDA:272,26,1,0
BRDA:272,26,2,0
BRDA:276,27,0,0
BRDA:276,27,1,0
BRDA:277,28,0,0
BRDA:277,28,1,0
BRDA:278,29,0,0
BRDA:278,29,1,0
BRF:60
BRH:0
end_of_record
TN:
SF:src\components\geofencing\index.ts
FNF:0
FNH:0
LF:0
LH:0
BRF:0
BRH:0
end_of_record
TN:
SF:src\components\globaldashboard\DashboardFilters.tsx
FN:15,DashboardFilters
FN:37,(anonymous_1)
FN:51,(anonymous_2)
FN:60,(anonymous_3)
FNF:4
FNH:0
FNDA:0,DashboardFilters
FNDA:0,(anonymous_1)
FNDA:0,(anonymous_2)
FNDA:0,(anonymous_3)
DA:15,1
DA:21,0
DA:37,0
DA:51,0
DA:60,0
DA:72,1
LF:6
LH:2
BRDA:35,0,0,0
BRDA:35,0,1,0
BRDA:50,1,0,0
BRDA:50,1,1,0
BRDA:54,2,0,0
BRDA:54,2,1,0
BRDA:59,3,0,0
BRDA:59,3,1,0
BRDA:63,4,0,0
BRDA:63,4,1,0
BRF:10
BRH:0
end_of_record
TN:
SF:src\components\globaldashboard\PrintView.tsx
FN:21,PrintView
FN:77,(anonymous_1)
FN:109,(anonymous_2)
FN:125,(anonymous_3)
FNF:4
FNH:0
FNDA:0,PrintView
FNDA:0,(anonymous_1)
FNDA:0,(anonymous_2)
FNDA:0,(anonymous_3)
DA:21,1
DA:27,0
DA:33,0
DA:78,0
DA:82,0
DA:109,0
DA:125,0
DA:145,1
LF:8
LH:2
BRDA:78,0,0,0
BRDA:78,0,1,0
BRDA:108,1,0,0
BRDA:108,1,1,0
BRDA:109,2,0,0
BRDA:109,2,1,0
BRDA:116,3,0,0
BRDA:116,3,1,0
BRDA:124,4,0,0
BRDA:124,4,1,0
BRDA:125,5,0,0
BRDA:125,5,1,0
BRF:12
BRH:0
end_of_record
TN:
SF:src\components\globaldashboard\QuickStats.tsx
FN:14,QuickStats
FN:20,(anonymous_1)
FN:21,(anonymous_2)
FNF:3
FNH:0
FNDA:0,QuickStats
FNDA:0,(anonymous_1)
FNDA:0,(anonymous_2)
DA:15,0
DA:16,0
DA:19,0
DA:20,0
DA:21,0
DA:23,0
DA:42,1
LF:7
LH:1
BRDA:15,0,0,0
BRDA:15,0,1,0
BRF:2
BRH:0
end_of_record
TN:
SF:src\components\globaldashboard\RouteDetailModal.tsx
FN:15,RouteDetailModal
FN:39,(anonymous_1)
FNF:2
FNH:0
FNDA:0,RouteDetailModal
FNDA:0,(anonymous_1)
DA:15,1
DA:21,0
DA:23,0
DA:24,0
DA:26,0
DA:39,0
DA:124,1
LF:7
LH:2
BRDA:21,0,0,0
BRDA:21,0,1,0
BRDA:23,1,0,0
BRDA:23,1,1,0
BRDA:81,2,0,0
BRDA:81,2,1,0
BRDA:84,3,0,0
BRDA:84,3,1,0
BRF:8
BRH:0
end_of_record
TN:
SF:src\components\globaldashboard\RouteDistribution.tsx
FN:14,RouteDistribution
FN:40,(anonymous_1)
FN:44,(anonymous_2)
FNF:3
FNH:0
FNDA:0,RouteDistribution
FNDA:0,(anonymous_1)
FNDA:0,(anonymous_2)
DA:15,0
DA:16,0
DA:32,0
DA:41,0
DA:44,0
DA:62,1
LF:6
LH:1
BRDA:15,0,0,0
BRDA:15,0,1,0
BRF:2
BRH:0
end_of_record
TN:
SF:src\components\globaldashboard\RouteStepsChart.tsx
FN:12,RouteStepsChart
FN:25,(anonymous_1)
FN:33,(anonymous_2)
FN:61,(anonymous_3)
FNF:4
FNH:0
FNDA:0,RouteStepsChart
FNDA:0,(anonymous_1)
FNDA:0,(anonymous_2)
FNDA:0,(anonymous_3)
DA:12,1
DA:13,0
DA:14,0
DA:25,0
DA:26,0
DA:27,0
DA:29,0
DA:34,0
DA:35,0
DA:37,0
DA:61,0
DA:68,1
LF:12
LH:2
BRDA:13,0,0,0
BRDA:13,0,1,0
BRDA:49,1,0,0
BRDA:49,1,1,0
BRF:4
BRH:0
end_of_record
TN:
SF:src\components\globaldashboard\SummaryStats.tsx
FN:10,SummaryStats
FNF:1
FNH:0
FNDA:0,SummaryStats
DA:11,0
DA:38,1
LF:2
LH:1
BRF:0
BRH:0
end_of_record
TN:
SF:src\components\globaldashboard\index.ts
FNF:0
FNH:0
LF:0
LH:0
BRF:0
BRH:0
end_of_record
TN:
SF:src\components\login\DevTools.tsx
FN:9,DevTools
FNF:1
FNH:1
FNDA:56,DevTools
DA:11,56
DA:12,0
DA:15,56
DA:34,1
LF:4
LH:3
BRDA:11,0,0,0
BRDA:11,0,1,56
BRF:2
BRH:1
end_of_record
TN:
SF:src\components\login\LoginForm.tsx
FN:25,LoginForm
FN:52,(anonymous_1)
FN:110,(anonymous_2)
FNF:3
FNH:2
FNDA:56,LoginForm
FNDA:0,(anonymous_1)
FNDA:1,(anonymous_2)
DA:36,56
DA:38,56
DA:52,0
DA:111,1
DA:120,1
LF:5
LH:4
BRDA:44,0,0,2
BRDA:44,0,1,54
BRDA:44,1,0,56
BRDA:44,1,1,11
BRDA:63,2,0,4
BRDA:63,2,1,52
BRDA:63,3,0,56
BRDA:63,3,1,11
BRDA:77,4,0,1
BRDA:77,4,1,55
BRDA:83,5,0,11
BRDA:83,5,1,45
BRDA:92,6,0,56
BRDA:92,6,1,6
BRDA:97,7,0,6
BRDA:97,7,1,50
BRF:16
BRH:16
end_of_record
TN:
SF:src\components\login\LoginHeader.tsx
FN:5,LoginHeader
FNF:1
FNH:1
FNDA:56,LoginHeader
DA:6,56
DA:15,1
LF:2
LH:2
BRF:0
BRH:0
end_of_record
TN:
SF:src\components\login\SuccessModal.tsx
FN:12,SuccessModal
FN:18,(anonymous_1)
FNF:2
FNH:1
FNDA:56,SuccessModal
FNDA:0,(anonymous_1)
DA:13,56
DA:62,1
LF:2
LH:2
BRF:0
BRH:0
end_of_record
TN:
SF:src\components\login\index.ts
FNF:0
FNH:0
LF:0
LH:0
BRF:0
BRH:0
end_of_record
TN:
SF:src\components\password\PasswordForm.tsx
FN:16,PasswordForm
FNF:1
FNH:1
FNDA:40,PasswordForm
DA:27,40
DA:76,1
LF:2
LH:2
BRDA:62,0,0,5
BRDA:62,0,1,35
BRDA:66,1,0,3
BRDA:66,1,1,37
BRF:4
BRH:4
end_of_record
TN:
SF:src\components\password\PasswordRequirements.tsx
FN:4,PasswordRequirements
FNF:1
FNH:1
FNDA:40,PasswordRequirements
DA:5,40
DA:15,1
LF:2
LH:2
BRF:0
BRH:0
end_of_record
TN:
SF:src\components\password\index.ts
FNF:0
FNH:0
LF:0
LH:0
BRF:0
BRH:0
end_of_record
TN:
SF:src\components\profile\AccountInfo.tsx
FN:23,InfoRow
FN:35,AccountInfo
FN:41,(anonymous_2)
FNF:3
FNH:0
FNDA:0,InfoRow
FNDA:0,AccountInfo
FNDA:0,(anonymous_2)
DA:24,0
DA:41,0
DA:42,0
DA:43,0
DA:44,0
DA:45,0
DA:53,0
DA:57,0
DA:94,0
LF:9
LH:0
BRDA:42,0,0,0
BRDA:42,0,1,0
BRDA:65,1,0,0
BRDA:65,1,1,0
BRDA:71,2,0,0
BRDA:71,2,1,0
BRDA:74,3,0,0
BRDA:74,3,1,0
BRDA:82,4,0,0
BRDA:82,4,1,0
BRF:10
BRH:0
end_of_record
TN:
SF:src\components\profile\PermissionsList.tsx
FN:20,PermissionsList
FN:22,(anonymous_1)
FN:25,(anonymous_2)
FN:44,(anonymous_3)
FN:55,(anonymous_4)
FN:78,(anonymous_5)
FN:93,(anonymous_6)
FNF:7
FNH:0
FNDA:0,PermissionsList
FNDA:0,(anonymous_1)
FNDA:0,(anonymous_2)
FNDA:0,(anonymous_3)
FNDA:0,(anonymous_4)
FNDA:0,(anonymous_5)
FNDA:0,(anonymous_6)
DA:22,0
DA:23,0
DA:25,0
DA:26,0
DA:27,0
DA:29,0
DA:32,0
DA:35,0
DA:44,0
DA:45,0
DA:48,0
DA:55,0
DA:56,0
DA:59,0
DA:60,0
DA:71,0
DA:79,0
DA:94,0
DA:110,0
LF:19
LH:0
BRDA:26,0,0,0
BRDA:26,0,1,0
BRDA:45,1,0,0
BRDA:45,1,1,0
BRDA:56,2,0,0
BRDA:56,2,1,0
BRDA:59,3,0,0
BRDA:59,3,1,0
BRDA:59,4,0,0
BRDA:59,4,1,0
BRF:10
BRH:0
end_of_record
TN:
SF:src\components\profile\ProfileHeader.tsx
FN:18,ProfileHeader
FNF:1
FNH:0
FNDA:0,ProfileHeader
DA:24,0
DA:51,0
LF:2
LH:0
BRDA:40,0,0,0
BRDA:40,0,1,0
BRDA:41,1,0,0
BRDA:41,1,1,0
BRF:4
BRH:0
end_of_record
TN:
SF:src\components\profile\RolesList.tsx
FN:16,RolesList
FN:34,(anonymous_1)
FNF:2
FNH:0
FNDA:0,RolesList
FNDA:0,(anonymous_1)
DA:17,0
DA:18,0
DA:29,0
DA:35,0
DA:69,0
LF:5
LH:0
BRDA:17,0,0,0
BRDA:17,0,1,0
BRDA:17,1,0,0
BRDA:17,1,1,0
BRDA:35,2,0,0
BRDA:35,2,1,0
BRDA:42,3,0,0
BRDA:42,3,1,0
BRDA:43,4,0,0
BRDA:43,4,1,0
BRDA:49,5,0,0
BRDA:49,5,1,0
BRDA:53,6,0,0
BRDA:53,6,1,0
BRF:14
BRH:0
end_of_record
TN:
SF:src\components\profile\index.ts
FNF:0
FNH:0
LF:0
LH:0
BRF:0
BRH:0
end_of_record
TN:
SF:src\components\ui\AnimatedCard.tsx
FN:28,AnimatedCard
FN:39,(anonymous_1)
FN:78,(anonymous_2)
FNF:3
FNH:0
FNDA:0,AnimatedCard
FNDA:0,(anonymous_1)
FNDA:0,(anonymous_2)
DA:37,0
DA:39,0
DA:40,0
DA:42,0
DA:43,0
DA:46,0
DA:47,0
DA:50,0
DA:53,0
DA:68,0
DA:70,0
DA:74,0
DA:78,0
DA:95,6
LF:14
LH:1
BRDA:32,0,0,0
BRDA:33,1,0,0
BRDA:34,2,0,0
BRDA:35,3,0,0
BRDA:40,4,0,0
BRDA:40,4,1,0
BRDA:42,5,0,0
BRDA:42,5,1,0
BRDA:46,6,0,0
BRDA:46,6,1,0
BRDA:68,7,0,0
BRDA:68,7,1,0
BRDA:70,8,0,0
BRDA:70,8,1,0
BRDA:81,9,0,0
BRDA:81,9,1,0
BRDA:81,9,2,0
BRDA:81,9,3,0
BRDA:82,10,0,0
BRDA:82,10,1,0
BRF:20
BRH:0
end_of_record
TN:
SF:src\components\ui\Avatar.tsx
FN:20,Avatar
FN:37,(anonymous_1)
FN:46,(anonymous_2)
FN:51,(anonymous_3)
FNF:4
FNH:1
FNDA:3,Avatar
FNDA:0,(anonymous_1)
FNDA:0,(anonymous_2)
FNDA:0,(anonymous_3)
DA:27,3
DA:34,3
DA:37,3
DA:38,0
DA:39,0
DA:40,0
DA:42,0
DA:46,3
DA:47,0
DA:51,0
DA:52,0
DA:55,3
DA:65,3
DA:66,0
DA:77,3
DA:78,0
DA:93,3
DA:102,6
LF:18
LH:9
BRDA:23,0,0,0
BRDA:39,1,0,0
BRDA:39,1,1,0
BRDA:59,2,0,3
BRDA:59,2,1,3
BRDA:59,3,0,0
BRDA:59,3,1,3
BRDA:65,4,0,0
BRDA:65,4,1,3
BRDA:77,5,0,0
BRDA:77,5,1,3
BRF:11
BRH:5
end_of_record
TN:
SF:src\components\ui\Badge.tsx
FN:22,Badge
FNF:1
FNH:0
FNDA:0,Badge
DA:30,0
DA:63,0
DA:84,0
DA:85,0
DA:87,0
DA:127,6
LF:6
LH:1
BRDA:24,0,0,0
BRDA:25,1,0,0
BRDA:26,2,0,0
BRDA:99,3,0,0
BRDA:99,3,1,0
BRF:5
BRH:0
end_of_record
TN:
SF:src\components\ui\Card.tsx
FN:16,Card
FNF:1
FNH:1
FNDA:21,Card
DA:17,21
LF:1
LH:1
BRDA:16,0,0,12
BRF:1
BRH:1
end_of_record
TN:
SF:src\components\ui\CustomButton.tsx
FN:36,CustomButton
FN:82,(anonymous_1)
FN:90,(anonymous_2)
FN:101,(anonymous_3)
FNF:4
FNH:4
FNDA:25,CustomButton
FNDA:6,(anonymous_1)
FNDA:3,(anonymous_2)
FNDA:25,(anonymous_3)
DA:51,25
DA:55,25
DA:60,25
DA:75,25
DA:82,25
DA:83,6
DA:84,6
DA:86,6
DA:90,25
DA:91,3
DA:92,0
DA:94,3
DA:97,25
DA:101,25
DA:137,7
LF:15
LH:14
BRDA:39,0,0,15
BRDA:40,1,0,22
BRDA:41,2,0,22
BRDA:42,3,0,22
BRDA:43,4,0,22
BRDA:48,5,0,25
BRDA:51,6,0,3
BRDA:51,6,1,22
BRDA:55,7,0,3
BRDA:55,7,1,22
BRDA:83,8,0,6
BRDA:83,8,1,0
BRDA:83,9,0,6
BRDA:83,9,1,6
BRDA:83,9,2,6
BRDA:91,10,0,0
BRDA:91,10,1,3
BRDA:91,11,0,3
BRDA:91,11,1,3
BRDA:100,12,0,25
BRDA:100,12,1,22
BRDA:104,13,0,25
BRDA:104,13,1,3
BRDA:105,14,0,25
BRDA:105,14,1,0
BRDA:105,14,2,0
BRDA:105,14,3,0
BRDA:109,15,0,5
BRDA:109,15,1,20
BRDA:109,16,0,25
BRDA:109,16,1,21
BRDA:114,17,0,3
BRDA:114,17,1,22
BRDA:118,18,0,22
BRDA:118,18,1,0
BRDA:127,19,0,22
BRDA:127,19,1,0
BRF:37
BRH:30
end_of_record
TN:
SF:src\components\ui\CustomInput.tsx
FN:16,CustomInput
FNF:1
FNH:1
FNDA:29,CustomInput
DA:23,29
DA:48,7
LF:2
LH:2
BRDA:25,0,0,29
BRDA:25,0,1,1
BRDA:32,1,0,29
BRDA:32,1,1,5
BRDA:38,2,0,29
BRDA:38,2,1,5
BRF:6
BRH:6
end_of_record
TN:
SF:src\components\ui\DKLLogo.tsx
FN:48,DKLLogo
FNF:1
FNH:1
FNDA:149,DKLLogo
DA:22,12
DA:42,12
DA:49,149
LF:3
LH:3
BRDA:48,0,0,10
BRF:1
BRH:1
end_of_record
TN:
SF:src\components\ui\EmptyState.tsx
FN:20,EmptyState
FNF:1
FNH:0
FNDA:0,EmptyState
DA:28,0
DA:45,6
LF:2
LH:1
BRDA:21,0,0,0
BRDA:32,1,0,0
BRDA:32,1,1,0
BRDA:33,2,0,0
BRDA:33,2,1,0
BRDA:33,2,2,0
BRF:6
BRH:0
end_of_record
TN:
SF:src\components\ui\ErrorScreen.tsx
FN:21,ErrorScreen
FNF:1
FNH:1
FNDA:22,ErrorScreen
DA:29,22
DA:61,7
LF:2
LH:2
BRDA:22,0,0,18
BRDA:24,1,0,20
BRDA:26,2,0,20
BRDA:27,3,0,20
BRDA:31,4,0,22
BRDA:31,4,1,2
BRDA:41,5,0,22
BRDA:41,5,1,4
BRDA:45,6,0,22
BRDA:45,6,1,6
BRF:10
BRH:10
end_of_record
TN:
SF:src\components\ui\FeedbackAnimation.tsx
FN:23,FeedbackAnimation
FN:34,(anonymous_1)
FN:62,(anonymous_2)
FN:65,(anonymous_3)
FN:70,(anonymous_4)
FN:82,(anonymous_5)
FN:87,(anonymous_6)
FNF:7
FNH:0
FNDA:0,FeedbackAnimation
FNDA:0,(anonymous_1)
FNDA:0,(anonymous_2)
FNDA:0,(anonymous_3)
FNDA:0,(anonymous_4)
FNDA:0,(anonymous_5)
FNDA:0,(anonymous_6)
DA:31,0
DA:32,0
DA:34,0
DA:35,0
DA:37,0
DA:38,0
DA:39,0
DA:40,0
DA:42,0
DA:46,0
DA:61,0
DA:62,0
DA:63,0
DA:65,0
DA:70,0
DA:71,0
DA:83,0
DA:87,0
DA:88,0
DA:90,0
DA:92,0
DA:94,0
DA:97,0
DA:101,0
DA:103,0
DA:105,0
DA:128,6
LF:27
LH:1
BRDA:28,0,0,0
BRDA:35,1,0,0
BRDA:35,1,1,0
BRDA:37,2,0,0
BRDA:37,2,1,0
BRDA:39,3,0,0
BRDA:39,3,1,0
BRDA:61,4,0,0
BRDA:61,4,1,0
BRDA:88,5,0,0
BRDA:88,5,1,0
BRDA:88,5,2,0
BRDA:88,5,3,0
BRDA:88,5,4,0
BRDA:103,6,0,0
BRDA:103,6,1,0
BRDA:121,7,0,0
BRDA:121,7,1,0
BRF:18
BRH:0
end_of_record
TN:
SF:src\components\ui\LazyLoadScreen.tsx
FN:15,LazyLoadScreen
FNF:1
FNH:1
FNDA:1,LazyLoadScreen
DA:16,1
DA:28,7
LF:2
LH:2
BRF:0
BRH:0
end_of_record
TN:
SF:src\components\ui\LoadingScreen.tsx
FN:18,LoadingScreen
FNF:1
FNH:1
FNDA:27,LoadingScreen
DA:23,27
DA:41,7
LF:2
LH:2
BRDA:19,0,0,14
BRDA:20,1,0,22
BRDA:21,2,0,21
BRDA:25,3,0,27
BRDA:25,3,1,24
BRF:5
BRH:5
end_of_record
TN:
SF:src\components\ui\ProgressBar.tsx
FN:22,ProgressBar
FN:34,(anonymous_1)
FNF:2
FNH:0
FNDA:0,ProgressBar
FNDA:0,(anonymous_1)
DA:31,0
DA:32,0
DA:34,0
DA:35,0
DA:36,0
DA:43,0
DA:47,0
DA:54,0
DA:56,0
DA:61,0
DA:91,6
LF:11
LH:1
BRDA:24,0,0,0
BRDA:25,1,0,0
BRDA:26,2,0,0
BRDA:27,3,0,0
BRDA:28,4,0,0
BRDA:35,5,0,0
BRDA:35,5,1,0
BRDA:82,6,0,0
BRDA:82,6,1,0
BRF:9
BRH:0
end_of_record
TN:
SF:src\components\ui\ScreenHeader.tsx
FN:21,ScreenHeader
FNF:1
FNH:1
FNDA:102,ScreenHeader
DA:28,102
DA:55,7
LF:2
LH:2
BRDA:24,0,0,27
BRDA:26,1,0,98
BRDA:30,2,0,102
BRDA:30,2,1,100
BRDA:43,3,0,102
BRDA:43,3,1,78
BRDA:45,4,0,102
BRDA:45,4,1,77
BRDA:58,5,0,7
BRDA:58,5,1,0
BRF:10
BRH:9
end_of_record
TN:
SF:src\components\ui\Skeleton.tsx
FN:17,Skeleton
FN:25,(anonymous_1)
FN:41,(anonymous_2)
FN:66,CardSkeleton
FN:83,ListItemSkeleton
FN:98,StatCardSkeleton
FN:111,ProgressCardSkeleton
FN:127,RouteItemSkeleton
FNF:8
FNH:0
FNDA:0,Skeleton
FNDA:0,(anonymous_1)
FNDA:0,(anonymous_2)
FNDA:0,CardSkeleton
FNDA:0,ListItemSkeleton
FNDA:0,StatCardSkeleton
FNDA:0,ProgressCardSkeleton
FNDA:0,RouteItemSkeleton
DA:23,0
DA:25,0
DA:26,0
DA:40,0
DA:41,0
DA:44,0
DA:49,0
DA:67,0
DA:84,0
DA:99,0
DA:112,0
DA:128,0
DA:140,6
LF:13
LH:1
BRDA:18,0,0,0
BRDA:19,1,0,0
BRDA:20,2,0,0
BRF:3
BRH:0
end_of_record
TN:
SF:src\components\ui\Toast.tsx
FN:27,Toast
FN:37,(anonymous_1)
FN:55,(anonymous_2)
FN:58,(anonymous_3)
FN:65,(anonymous_4)
FN:77,(anonymous_5)
FN:87,(anonymous_6)
FN:101,(anonymous_7)
FNF:8
FNH:0
FNDA:0,Toast
FNDA:0,(anonymous_1)
FNDA:0,(anonymous_2)
FNDA:0,(anonymous_3)
FNDA:0,(anonymous_4)
FNDA:0,(anonymous_5)
FNDA:0,(anonymous_6)
FNDA:0,(anonymous_7)
DA:34,0
DA:35,0
DA:37,0
DA:38,0
DA:40,0
DA:54,0
DA:55,0
DA:56,0
DA:58,0
DA:61,0
DA:65,0
DA:66,0
DA:78,0
DA:83,0
DA:84,0
DA:87,0
DA:88,0
DA:90,0
DA:92,0
DA:94,0
DA:97,0
DA:101,0
DA:102,0
DA:104,0
DA:109,0
DA:114,0
DA:120,0
DA:127,0
DA:129,0
DA:156,6
LF:30
LH:1
BRDA:29,0,0,0
BRDA:30,1,0,0
BRDA:38,2,0,0
BRDA:38,2,1,0
BRDA:54,3,0,0
BRDA:54,3,1,0
BRDA:83,4,0,0
BRDA:83,4,1,0
BRDA:88,5,0,0
BRDA:88,5,1,0
BRDA:88,5,2,0
BRDA:88,5,3,0
BRDA:88,5,4,0
BRDA:102,6,0,0
BRDA:102,6,1,0
BRDA:102,6,2,0
BRDA:102,6,3,0
BRDA:102,6,4,0
BRDA:159,7,0,6
BRDA:159,7,1,0
BRF:20
BRH:1
end_of_record
TN:
SF:src\components\ui\index.ts
FNF:0
FNH:0
LF:0
LH:0
BRF:0
BRH:0
end_of_record
TN:
SF:src\config\environment.ts
FN:58,getBackendURL
FN:74,isProduction
FN:81,isLocal
FN:88,getCurrentEnvironment
FN:95,getEnvironmentInfo
FNF:5
FNH:1
FNDA:9,getBackendURL
FNDA:0,isProduction
FNDA:0,isLocal
FNDA:0,getCurrentEnvironment
FNDA:0,getEnvironmentInfo
DA:27,9
DA:53,9
DA:59,9
DA:62,9
DA:63,9
DA:64,0
DA:65,0
DA:68,0
DA:75,0
DA:82,0
DA:89,0
DA:101,0
LF:12
LH:5
BRDA:62,0,0,9
BRDA:62,0,1,0
BRDA:64,1,0,0
BRDA:64,1,1,0
BRF:4
BRH:1
end_of_record
TN:
SF:src\contexts\ThemeContext.tsx
FN:27,ThemeProvider
FN:33,(anonymous_1)
FN:45,(anonymous_2)
FN:58,(anonymous_3)
FN:78,useTheme
FNF:5
FNH:1
FNDA:0,ThemeProvider
FNDA:0,(anonymous_1)
FNDA:0,(anonymous_2)
FNDA:0,(anonymous_3)
FNDA:3,useTheme
DA:19,1
DA:21,1
DA:28,0
DA:29,0
DA:30,0
DA:33,0
DA:34,0
DA:39,0
DA:43,0
DA:45,0
DA:46,0
DA:47,0
DA:48,0
DA:49,0
DA:52,0
DA:54,0
DA:58,0
DA:59,0
DA:60,0
DA:61,0
DA:63,0
DA:67,0
DA:68,0
DA:71,0
DA:79,3
DA:80,3
DA:81,3
DA:83,0
LF:28
LH:5
BRDA:39,0,0,0
BRDA:39,0,1,0
BRDA:40,1,0,0
BRDA:40,1,1,0
BRDA:48,2,0,0
BRDA:48,2,1,0
BRDA:48,3,0,0
BRDA:48,3,1,0
BRDA:48,3,2,0
BRDA:48,3,3,0
BRDA:67,4,0,0
BRDA:67,4,1,0
BRDA:80,5,0,3
BRDA:80,5,1,0
BRF:14
BRH:1
end_of_record
TN:
SF:src\hooks\index.ts
FNF:0
FNH:0
LF:0
LH:0
BRF:0
BRH:0
end_of_record
TN:
SF:src\hooks\useAccessControl.ts
FN:118,useAccessControl
FN:144,(anonymous_1)
FN:147,(anonymous_2)
FN:158,(anonymous_3)
FN:192,(anonymous_4)
FN:193,(anonymous_5)
FN:229,(anonymous_6)
FN:236,(anonymous_7)
FN:276,(anonymous_8)
FN:305,useRequirePermission
FN:318,useRequireAnyPermission
FN:329,useRequireAdmin
FN:338,useRequireStaff
FN:351,useRequireRole
FN:359,useRequireSingleRole
FNF:15
FNH:11
FNDA:46,useAccessControl
FNDA:23,(anonymous_1)
FNDA:23,(anonymous_2)
FNDA:21,(anonymous_3)
FNDA:28,(anonymous_4)
FNDA:18,(anonymous_5)
FNDA:12,(anonymous_6)
FNDA:0,(anonymous_7)
FNDA:23,(anonymous_8)
FNDA:0,useRequirePermission
FNDA:0,useRequireAnyPermission
FNDA:4,useRequireAdmin
FNDA:0,useRequireStaff
FNDA:2,useRequireRole
FNDA:2,useRequireSingleRole
DA:121,46
DA:122,46
DA:123,46
DA:124,46
DA:127,46
DA:139,46
DA:141,46
DA:142,46
DA:144,46
DA:145,23
DA:147,23
DA:148,23
DA:150,23
DA:156,22
DA:158,22
DA:159,22
DA:160,22
DA:161,22
DA:163,22
DA:164,22
DA:167,22
DA:168,2
DA:169,2
DA:171,2
DA:172,2
DA:179,20
DA:180,0
DA:181,0
DA:183,0
DA:184,0
DA:191,20
DA:192,28
DA:193,19
DA:194,18
DA:196,19
DA:198,19
DA:199,9
DA:207,1
DA:208,1
DA:209,1
DA:212,22
DA:213,22
DA:215,22
DA:217,12
DA:218,12
DA:219,11
DA:220,2
DA:221,9
DA:222,9
DA:224,0
DA:229,12
DA:230,12
DA:238,0
DA:239,0
DA:243,0
DA:244,0
DA:245,0
DA:247,0
DA:256,10
DA:263,1
DA:264,1
DA:265,1
DA:268,23
DA:269,23
DA:274,23
DA:276,23
DA:277,23
DA:292,46
DA:309,0
DA:321,0
DA:330,4
DA:339,0
DA:352,2
DA:360,2
LF:74
LH:60
BRDA:127,0,0,30
BRDA:127,0,1,16
BRDA:135,1,0,44
BRDA:137,2,0,44
BRDA:156,3,0,0
BRDA:156,3,1,22
BRDA:167,4,0,2
BRDA:167,4,1,20
BRDA:167,5,0,22
BRDA:167,5,1,2
BRDA:171,6,0,2
BRDA:171,6,1,0
BRDA:179,7,0,0
BRDA:179,7,1,20
BRDA:179,8,0,20
BRDA:179,8,1,0
BRDA:183,9,0,0
BRDA:183,9,1,0
BRDA:191,10,0,19
BRDA:191,10,1,1
BRDA:191,11,0,20
BRDA:191,11,1,20
BRDA:198,12,0,9
BRDA:198,12,1,10
BRDA:212,13,0,0
BRDA:212,13,1,22
BRDA:215,14,0,12
BRDA:215,14,1,10
BRDA:218,15,0,11
BRDA:218,15,1,1
BRDA:219,16,0,2
BRDA:219,16,1,9
BRDA:219,17,0,11
BRDA:219,17,1,9
BRDA:221,18,0,9
BRDA:221,18,1,0
BRDA:238,19,0,0
BRDA:238,19,1,0
BRDA:243,20,0,0
BRDA:243,20,1,0
BRDA:244,21,0,0
BRDA:244,21,1,0
BRDA:264,22,0,1
BRDA:264,22,1,0
BRDA:268,23,0,23
BRDA:268,23,1,0
BRF:46
BRH:30
end_of_record
TN:
SF:src\hooks\useAnimations.ts
FN:13,(anonymous_0)
FN:16,(anonymous_1)
FN:20,(anonymous_2)
FN:30,(anonymous_3)
FN:33,(anonymous_4)
FN:37,(anonymous_5)
FN:41,(anonymous_6)
FN:51,(anonymous_7)
FN:55,(anonymous_8)
FN:63,(anonymous_9)
FN:75,(anonymous_10)
FN:79,(anonymous_11)
FN:90,(anonymous_12)
FN:93,(anonymous_13)
FN:97,(anonymous_14)
FN:107,(anonymous_15)
FN:110,(anonymous_16)
FN:120,(anonymous_17)
FN:124,(anonymous_18)
FN:152,(anonymous_19)
FN:158,(anonymous_20)
FN:171,(anonymous_21)
FN:175,(anonymous_22)
FN:187,(anonymous_23)
FN:205,(anonymous_24)
FN:209,(anonymous_25)
FN:224,(anonymous_26)
FN:234,(anonymous_27)
FN:237,(anonymous_28)
FN:251,(anonymous_29)
FN:253,(anonymous_30)
FN:256,(anonymous_31)
FN:257,(anonymous_32)
FN:268,(anonymous_33)
FNF:34
FNH:0
FNDA:0,(anonymous_0)
FNDA:0,(anonymous_1)
FNDA:0,(anonymous_2)
FNDA:0,(anonymous_3)
FNDA:0,(anonymous_4)
FNDA:0,(anonymous_5)
FNDA:0,(anonymous_6)
FNDA:0,(anonymous_7)
FNDA:0,(anonymous_8)
FNDA:0,(anonymous_9)
FNDA:0,(anonymous_10)
FNDA:0,(anonymous_11)
FNDA:0,(anonymous_12)
FNDA:0,(anonymous_13)
FNDA:0,(anonymous_14)
FNDA:0,(anonymous_15)
FNDA:0,(anonymous_16)
FNDA:0,(anonymous_17)
FNDA:0,(anonymous_18)
FNDA:0,(anonymous_19)
FNDA:0,(anonymous_20)
FNDA:0,(anonymous_21)
FNDA:0,(anonymous_22)
FNDA:0,(anonymous_23)
FNDA:0,(anonymous_24)
FNDA:0,(anonymous_25)
FNDA:0,(anonymous_26)
FNDA:0,(anonymous_27)
FNDA:0,(anonymous_28)
FNDA:0,(anonymous_29)
FNDA:0,(anonymous_30)
FNDA:0,(anonymous_31)
FNDA:0,(anonymous_32)
FNDA:0,(anonymous_33)
DA:13,6
DA:14,0
DA:16,0
DA:17,0
DA:20,0
DA:21,0
DA:24,0
DA:30,6
DA:31,0
DA:33,0
DA:34,0
DA:37,0
DA:38,0
DA:41,0
DA:42,0
DA:45,0
DA:51,6
DA:52,0
DA:53,0
DA:55,0
DA:56,0
DA:57,0
DA:59,0
DA:60,0
DA:63,0
DA:64,0
DA:65,0
DA:67,0
DA:75,0
DA:76,0
DA:77,0
DA:79,0
DA:80,0
DA:84,0
DA:90,6
DA:91,0
DA:93,0
DA:94,0
DA:97,0
DA:98,0
DA:101,0
DA:107,6
DA:108,0
DA:110,0
DA:111,0
DA:114,0
DA:120,6
DA:121,0
DA:122,0
DA:124,0
DA:126,0
DA:139,0
DA:146,0
DA:152,6
DA:156,0
DA:158,0
DA:159,0
DA:165,0
DA:171,6
DA:172,0
DA:173,0
DA:175,0
DA:176,0
DA:177,0
DA:184,0
DA:187,0
DA:188,0
DA:189,0
DA:193,0
DA:198,0
DA:205,6
DA:206,0
DA:207,0
DA:209,0
DA:210,0
DA:224,0
DA:225,0
DA:228,0
DA:234,6
DA:235,0
DA:237,0
DA:238,0
DA:245,0
DA:251,6
DA:252,0
DA:253,0
DA:256,0
DA:257,0
DA:258,0
DA:265,0
DA:268,0
DA:269,0
DA:272,0
LF:93
LH:11
BRDA:13,0,0,0
BRDA:30,1,0,0
BRDA:51,2,0,0
BRDA:56,3,0,0
BRDA:56,3,1,0
BRDA:64,4,0,0
BRDA:64,4,1,0
BRDA:76,5,0,0
BRDA:76,5,1,0
BRDA:90,6,0,0
BRDA:97,7,0,0
BRDA:120,8,0,0
BRDA:153,9,0,0
BRDA:154,10,0,0
BRDA:171,11,0,0
BRDA:188,12,0,0
BRDA:188,12,1,0
BRDA:205,13,0,0
BRDA:234,14,0,0
BRDA:237,15,0,0
BRDA:251,16,0,0
BRF:21
BRH:0
end_of_record
TN:
SF:src\hooks\useAuditLog.ts
FN:71,useAuditLog
FN:85,(anonymous_1)
FN:86,(anonymous_2)
FN:107,(anonymous_3)
FN:120,(anonymous_4)
FN:172,(anonymous_5)
FN:177,(anonymous_6)
FN:190,(anonymous_7)
FN:203,(anonymous_8)
FNF:9
FNH:0
FNDA:0,useAuditLog
FNDA:0,(anonymous_1)
FNDA:0,(anonymous_2)
FNDA:0,(anonymous_3)
FNDA:0,(anonymous_4)
FNDA:0,(anonymous_5)
FNDA:0,(anonymous_6)
FNDA:0,(anonymous_7)
FNDA:0,(anonymous_8)
DA:69,3
DA:77,0
DA:79,0
DA:80,0
DA:85,0
DA:86,0
DA:87,0
DA:88,0
DA:89,0
DA:90,0
DA:91,0
DA:92,0
DA:93,0
DA:96,0
DA:101,0
DA:107,0
DA:110,0
DA:112,0
DA:113,0
DA:120,0
DA:121,0
DA:124,0
DA:125,0
DA:128,0
DA:129,0
DA:132,0
DA:136,0
DA:137,0
DA:140,0
DA:144,0
DA:145,0
DA:146,0
DA:151,0
DA:156,0
DA:162,0
DA:163,0
DA:165,0
DA:172,0
DA:173,0
DA:174,0
DA:177,0
DA:178,0
DA:179,0
DA:180,0
DA:181,0
DA:182,0
DA:183,0
DA:190,0
DA:191,0
DA:193,0
DA:194,0
DA:197,0
DA:203,0
DA:204,0
DA:207,0
LF:55
LH:1
BRDA:71,0,0,0
BRDA:73,1,0,0
BRDA:74,2,0,0
BRDA:75,3,0,0
BRDA:76,4,0,0
BRDA:87,5,0,0
BRDA:87,5,1,0
BRDA:90,6,0,0
BRDA:90,6,1,0
BRDA:124,7,0,0
BRDA:124,7,1,0
BRDA:128,8,0,0
BRDA:128,8,1,0
BRDA:136,9,0,0
BRDA:136,9,1,0
BRDA:144,10,0,0
BRDA:144,10,1,0
BRDA:173,11,0,0
BRDA:173,11,1,0
BRDA:178,12,0,0
BRDA:178,12,1,0
BRDA:178,13,0,0
BRDA:178,13,1,0
BRDA:179,14,0,0
BRDA:179,14,1,0
BRDA:179,15,0,0
BRDA:179,15,1,0
BRDA:180,16,0,0
BRDA:180,16,1,0
BRDA:180,17,0,0
BRDA:180,17,1,0
BRDA:181,18,0,0
BRDA:181,18,1,0
BRDA:181,19,0,0
BRDA:181,19,1,0
BRDA:182,20,0,0
BRDA:182,20,1,0
BRDA:182,21,0,0
BRDA:182,21,1,0
BRDA:193,22,0,0
BRDA:193,22,1,0
BRF:41
BRH:0
end_of_record
TN:
SF:src\hooks\useAuth.ts
FN:41,useAuth
FN:48,(anonymous_1)
FN:57,(anonymous_2)
FN:76,(anonymous_3)
FN:89,(anonymous_4)
FN:102,(anonymous_5)
FN:146,(anonymous_6)
FN:157,(anonymous_7)
FN:164,(anonymous_8)
FN:171,(anonymous_9)
FN:178,(anonymous_10)
FN:189,(anonymous_11)
FN:197,(anonymous_12)
FN:207,(anonymous_13)
FN:217,(anonymous_14)
FN:230,(anonymous_15)
FN:237,(anonymous_16)
FNF:17
FNH:9
FNDA:66,useAuth
FNDA:4,(anonymous_1)
FNDA:2,(anonymous_2)
FNDA:2,(anonymous_3)
FNDA:1,(anonymous_4)
FNDA:3,(anonymous_5)
FNDA:2,(anonymous_6)
FNDA:0,(anonymous_7)
FNDA:0,(anonymous_8)
FNDA:4,(anonymous_9)
FNDA:4,(anonymous_10)
FNDA:0,(anonymous_11)
FNDA:0,(anonymous_12)
FNDA:0,(anonymous_13)
FNDA:0,(anonymous_14)
FNDA:0,(anonymous_15)
FNDA:0,(anonymous_16)
DA:42,66
DA:48,66
DA:49,4
DA:58,2
DA:59,2
DA:60,2
DA:61,1
DA:63,1
DA:64,1
DA:76,65
DA:77,2
DA:78,2
DA:79,2
DA:80,1
DA:82,1
DA:89,65
DA:90,1
DA:91,1
DA:93,0
DA:94,0
DA:102,65
DA:103,3
DA:104,3
DA:105,2
DA:107,2
DA:108,1
DA:116,1
DA:118,1
DA:125,1
DA:131,1
DA:133,1
DA:134,1
DA:146,65
DA:147,2
DA:157,65
DA:158,0
DA:164,65
DA:165,0
DA:171,65
DA:172,4
DA:178,65
DA:179,4
DA:189,65
DA:190,0
DA:196,65
DA:198,0
DA:206,65
DA:208,0
DA:216,65
DA:218,0
DA:230,65
DA:231,0
DA:237,65
DA:238,0
DA:241,65
LF:55
LH:45
BRDA:107,0,0,1
BRDA:107,0,1,1
BRDA:116,1,0,1
BRDA:116,1,1,0
BRF:4
BRH:3
end_of_record
TN:
SF:src\hooks\useChangePassword.ts
FN:23,useChangePassword
FN:30,(anonymous_1)
FN:73,(anonymous_2)
FN:91,(anonymous_3)
FN:95,(anonymous_4)
FN:99,(anonymous_5)
FNF:6
FNH:6
FNDA:40,useChangePassword
FNDA:7,(anonymous_1)
FNDA:2,(anonymous_2)
FNDA:6,(anonymous_3)
FNDA:6,(anonymous_4)
FNDA:6,(anonymous_5)
DA:24,40
DA:25,40
DA:26,40
DA:27,40
DA:28,40
DA:30,40
DA:31,7
DA:34,7
DA:35,1
DA:36,1
DA:39,6
DA:40,1
DA:41,1
DA:44,5
DA:45,1
DA:46,1
DA:49,4
DA:50,1
DA:51,1
DA:54,3
DA:56,3
DA:57,3
DA:62,3
DA:67,2
DA:73,2
DA:78,1
DA:79,1
DA:81,3
DA:85,40
DA:92,6
DA:93,6
DA:96,6
DA:97,6
DA:100,6
DA:101,6
LF:35
LH:35
BRDA:34,0,0,1
BRDA:34,0,1,6
BRDA:34,1,0,7
BRDA:34,1,1,6
BRDA:34,1,2,6
BRDA:39,2,0,1
BRDA:39,2,1,5
BRDA:44,3,0,1
BRDA:44,3,1,4
BRDA:49,4,0,1
BRDA:49,4,1,3
BRDA:79,5,0,1
BRDA:79,5,1,0
BRF:13
BRH:12
end_of_record
TN:
SF:src\hooks\useEventData.ts
FN:35,fetchEvents
FN:51,(anonymous_1)
FN:75,fetchActiveEvent
FN:167,useEventData
FN:192,(anonymous_4)
FN:220,(anonymous_5)
FN:230,useEvent
FN:238,(anonymous_7)
FN:247,useHasActiveEvent
FNF:9
FNH:1
FNDA:0,fetchEvents
FNDA:0,(anonymous_1)
FNDA:0,fetchActiveEvent
FNDA:3,useEventData
FNDA:0,(anonymous_4)
FNDA:0,(anonymous_5)
FNDA:0,useEvent
FNDA:0,(anonymous_7)
FNDA:0,useHasActiveEvent
DA:36,0
DA:38,0
DA:44,0
DA:45,0
DA:48,0
DA:51,0
DA:52,0
DA:53,0
DA:63,0
DA:65,0
DA:66,0
DA:76,0
DA:77,0
DA:83,0
DA:84,0
DA:87,0
DA:88,0
DA:89,0
DA:93,0
DA:94,0
DA:95,0
DA:99,0
DA:100,0
DA:172,3
DA:180,3
DA:192,3
DA:193,0
DA:194,0
DA:196,0
DA:197,0
DA:204,0
DA:208,3
DA:210,3
DA:214,3
DA:221,0
DA:235,0
DA:237,0
DA:238,0
DA:241,0
DA:248,0
DA:249,0
LF:41
LH:6
BRDA:44,0,0,0
BRDA:44,0,1,0
BRDA:59,1,0,0
BRDA:59,1,1,0
BRDA:87,2,0,0
BRDA:87,2,1,0
BRDA:93,3,0,0
BRDA:93,3,1,0
BRDA:93,4,0,0
BRDA:93,4,1,0
BRDA:167,5,0,0
BRDA:169,6,0,0
BRDA:170,7,0,0
BRDA:171,8,0,3
BRDA:175,9,0,3
BRDA:194,10,0,0
BRDA:194,10,1,0
BRDA:196,11,0,0
BRDA:196,11,1,0
BRDA:200,12,0,0
BRDA:200,12,1,0
BRDA:208,13,0,0
BRDA:208,13,1,3
BRDA:211,14,0,3
BRDA:211,14,1,3
BRDA:237,15,0,0
BRDA:237,15,1,0
BRDA:238,16,0,0
BRDA:238,16,1,0
BRDA:249,17,0,0
BRDA:249,17,1,0
BRF:31
BRH:5
end_of_record
TN:
SF:src\hooks\useEventMutations.ts
FN:66,useEventMutations
FN:73,(anonymous_1)
FN:85,(anonymous_2)
FN:89,(anonymous_3)
FN:99,(anonymous_4)
FN:111,(anonymous_5)
FN:114,(anonymous_6)
FN:124,(anonymous_7)
FN:135,(anonymous_8)
FN:143,(anonymous_9)
FN:144,(anonymous_10)
FN:149,(anonymous_11)
FN:157,(anonymous_12)
FN:166,(anonymous_13)
FN:181,(anonymous_14)
FN:187,(anonymous_15)
FN:188,(anonymous_16)
FN:197,(anonymous_17)
FN:204,(anonymous_18)
FNF:19
FNH:0
FNDA:0,useEventMutations
FNDA:0,(anonymous_1)
FNDA:0,(anonymous_2)
FNDA:0,(anonymous_3)
FNDA:0,(anonymous_4)
FNDA:0,(anonymous_5)
FNDA:0,(anonymous_6)
FNDA:0,(anonymous_7)
FNDA:0,(anonymous_8)
FNDA:0,(anonymous_9)
FNDA:0,(anonymous_10)
FNDA:0,(anonymous_11)
FNDA:0,(anonymous_12)
FNDA:0,(anonymous_13)
FNDA:0,(anonymous_14)
FNDA:0,(anonymous_15)
FNDA:0,(anonymous_16)
FNDA:0,(anonymous_17)
FNDA:0,(anonymous_18)
DA:67,0
DA:72,0
DA:74,0
DA:76,0
DA:81,0
DA:82,0
DA:83,0
DA:87,0
DA:90,0
DA:91,0
DA:98,0
DA:100,0
DA:102,0
DA:107,0
DA:108,0
DA:109,0
DA:112,0
DA:115,0
DA:116,0
DA:123,0
DA:125,0
DA:127,0
DA:131,0
DA:132,0
DA:137,0
DA:140,0
DA:143,0
DA:144,0
DA:147,0
DA:151,0
DA:152,0
DA:154,0
DA:155,0
DA:158,0
DA:165,0
DA:167,0
DA:169,0
DA:177,0
DA:178,0
DA:182,0
DA:184,0
DA:187,0
DA:188,0
DA:189,0
DA:195,0
DA:198,0
DA:199,0
DA:201,0
DA:202,0
DA:205,0
DA:209,0
LF:51
LH:0
BRDA:144,0,0,0
BRDA:144,0,1,0
BRDA:151,1,0,0
BRDA:151,1,1,0
BRDA:167,2,0,0
BRDA:167,2,1,0
BRDA:173,3,0,0
BRDA:173,3,1,0
BRDA:188,4,0,0
BRDA:188,4,1,0
BRDA:189,5,0,0
BRDA:189,5,1,0
BRDA:190,6,0,0
BRDA:190,6,1,0
BRDA:198,7,0,0
BRDA:198,7,1,0
BRDA:214,8,0,0
BRDA:214,8,1,0
BRDA:214,8,2,0
BRF:19
BRH:0
end_of_record
TN:
SF:src\hooks\useGeofencing.ts
FN:76,calculateDistance
FN:107,isInsideGeofence
FN:124,useGeofencing
FN:146,(anonymous_3)
FN:177,(anonymous_4)
FN:191,(anonymous_5)
FN:235,(anonymous_6)
FN:238,(anonymous_7)
FN:262,(anonymous_8)
FN:269,(anonymous_9)
FN:324,(anonymous_10)
FN:336,(anonymous_11)
FN:351,(anonymous_12)
FN:365,(anonymous_13)
FN:366,(anonymous_14)
FN:373,(anonymous_15)
FN:374,(anonymous_16)
FN:395,defineBackgroundLocationTask
FN:398,(anonymous_18)
FNF:19
FNH:5
FNDA:0,calculateDistance
FNDA:0,isInsideGeofence
FNDA:3,useGeofencing
FNDA:0,(anonymous_3)
FNDA:0,(anonymous_4)
FNDA:0,(anonymous_5)
FNDA:0,(anonymous_6)
FNDA:0,(anonymous_7)
FNDA:0,(anonymous_8)
FNDA:0,(anonymous_9)
FNDA:0,(anonymous_10)
FNDA:0,(anonymous_11)
FNDA:0,(anonymous_12)
FNDA:1,(anonymous_13)
FNDA:1,(anonymous_14)
FNDA:1,(anonymous_15)
FNDA:1,(anonymous_16)
FNDA:0,defineBackgroundLocationTask
FNDA:0,(anonymous_18)
DA:47,3
DA:50,3
DA:81,0
DA:83,0
DA:85,0
DA:89,0
DA:90,0
DA:94,0
DA:95,0
DA:96,0
DA:97,0
DA:98,0
DA:100,0
DA:112,0
DA:114,0
DA:115,0
DA:118,0
DA:119,0
DA:120,0
DA:130,3
DA:138,3
DA:139,3
DA:140,3
DA:141,3
DA:146,3
DA:147,0
DA:149,0
DA:151,0
DA:152,0
DA:153,0
DA:157,0
DA:158,0
DA:160,0
DA:161,0
DA:166,0
DA:167,0
DA:169,0
DA:170,0
DA:177,3
DA:178,0
DA:180,0
DA:181,0
DA:185,0
DA:186,0
DA:187,0
DA:189,0
DA:191,0
DA:199,0
DA:200,0
DA:201,0
DA:204,0
DA:205,0
DA:206,0
DA:212,0
DA:213,0
DA:214,0
DA:222,0
DA:225,0
DA:227,0
DA:228,0
DA:235,3
DA:236,0
DA:237,0
DA:238,0
DA:239,0
DA:243,0
DA:244,0
DA:245,0
DA:246,0
DA:247,0
DA:251,0
DA:253,0
DA:256,0
DA:263,0
DA:264,0
DA:265,0
DA:267,0
DA:269,0
DA:277,0
DA:278,0
DA:279,0
DA:281,0
DA:282,0
DA:283,0
DA:289,0
DA:290,0
DA:291,0
DA:299,0
DA:305,0
DA:306,0
DA:307,0
DA:308,0
DA:320,0
DA:324,0
DA:325,0
DA:326,0
DA:328,0
DA:329,0
DA:336,3
DA:337,0
DA:339,0
DA:340,0
DA:341,0
DA:345,0
DA:346,0
DA:347,0
DA:348,0
DA:351,0
DA:357,0
DA:358,0
DA:360,0
DA:365,3
DA:366,1
DA:367,1
DA:368,0
DA:373,3
DA:374,1
DA:375,1
DA:376,0
DA:381,3
DA:398,0
DA:399,0
DA:400,0
DA:401,0
DA:404,0
DA:405,0
DA:406,0
DA:407,0
DA:408,0
DA:415,0
DA:417,0
DA:418,0
LF:132
LH:18
BRDA:83,0,0,0
BRDA:83,0,1,0
BRDA:94,1,0,0
BRDA:94,1,1,0
BRDA:112,2,0,0
BRDA:112,2,1,0
BRDA:128,3,0,3
BRDA:151,4,0,0
BRDA:151,4,1,0
BRDA:157,5,0,0
BRDA:157,5,1,0
BRDA:160,6,0,0
BRDA:160,6,1,0
BRDA:178,7,0,0
BRDA:178,7,1,0
BRDA:189,8,0,0
BRDA:189,8,1,0
BRDA:199,9,0,0
BRDA:199,9,1,0
BRDA:200,10,0,0
BRDA:200,10,1,0
BRDA:204,11,0,0
BRDA:204,11,1,0
BRDA:204,12,0,0
BRDA:204,12,1,0
BRDA:209,13,0,0
BRDA:209,13,1,0
BRDA:212,14,0,0
BRDA:212,14,1,0
BRDA:212,15,0,0
BRDA:212,15,1,0
BRDA:217,16,0,0
BRDA:217,16,1,0
BRDA:236,17,0,0
BRDA:236,17,1,0
BRDA:243,18,0,0
BRDA:243,18,1,0
BRDA:245,19,0,0
BRDA:245,19,1,0
BRDA:267,20,0,0
BRDA:267,20,1,0
BRDA:277,21,0,0
BRDA:277,21,1,0
BRDA:278,22,0,0
BRDA:278,22,1,0
BRDA:281,23,0,0
BRDA:281,23,1,0
BRDA:281,24,0,0
BRDA:281,24,1,0
BRDA:286,25,0,0
BRDA:286,25,1,0
BRDA:289,26,0,0
BRDA:289,26,1,0
BRDA:289,27,0,0
BRDA:289,27,1,0
BRDA:294,28,0,0
BRDA:294,28,1,0
BRDA:305,29,0,0
BRDA:305,29,1,0
BRDA:307,30,0,0
BRDA:307,30,1,0
BRDA:313,31,0,0
BRDA:313,31,1,0
BRDA:339,32,0,0
BRDA:339,32,1,0
BRDA:346,33,0,0
BRDA:346,33,1,0
BRDA:375,34,0,0
BRDA:375,34,1,1
BRDA:399,35,0,0
BRDA:399,35,1,0
BRDA:404,36,0,0
BRDA:404,36,1,0
BRDA:406,37,0,0
BRDA:406,37,1,0
BRDA:406,38,0,0
BRDA:406,38,1,0
BRDA:417,39,0,0
BRDA:417,39,1,0
BRF:79
BRH:2
end_of_record
TN:
SF:src\hooks\useLogin.ts
FN:30,useLogin
FN:41,(anonymous_1)
FN:46,(anonymous_2)
FN:100,(anonymous_3)
FN:132,(anonymous_4)
FN:179,(anonymous_5)
FN:183,(anonymous_6)
FNF:7
FNH:5
FNDA:56,useLogin
FNDA:9,(anonymous_1)
FNDA:11,(anonymous_2)
FNDA:0,(anonymous_3)
FNDA:0,(anonymous_4)
FNDA:12,(anonymous_5)
FNDA:9,(anonymous_6)
DA:31,56
DA:32,56
DA:33,56
DA:34,56
DA:35,56
DA:36,56
DA:37,56
DA:38,56
DA:39,56
DA:41,56
DA:42,9
DA:43,9
DA:46,56
DA:48,11
DA:49,11
DA:52,11
DA:53,2
DA:54,2
DA:57,9
DA:58,1
DA:59,1
DA:62,8
DA:63,1
DA:64,1
DA:67,7
DA:68,1
DA:69,1
DA:72,6
DA:74,6
DA:76,6
DA:78,6
DA:80,6
DA:89,4
DA:90,4
DA:93,0
DA:94,0
DA:97,0
DA:100,0
DA:105,0
DA:106,0
DA:107,0
DA:110,0
DA:113,0
DA:114,0
DA:117,0
DA:132,0
DA:133,0
DA:137,6
DA:140,6
DA:142,6
DA:143,0
DA:144,0
DA:145,0
DA:146,0
DA:147,0
DA:148,0
DA:149,0
DA:150,0
DA:152,0
DA:154,6
DA:155,1
DA:157,5
DA:160,6
DA:163,6
DA:165,6
DA:169,56
DA:180,12
DA:181,12
DA:184,9
DA:185,9
LF:70
LH:48
BRDA:52,0,0,2
BRDA:52,0,1,9
BRDA:57,1,0,1
BRDA:57,1,1,8
BRDA:62,2,0,1
BRDA:62,2,1,7
BRDA:67,3,0,1
BRDA:67,3,1,6
BRDA:89,4,0,4
BRDA:89,4,1,0
BRDA:89,5,0,4
BRDA:89,5,1,0
BRDA:93,6,0,0
BRDA:93,6,1,0
BRDA:93,7,0,0
BRDA:93,7,1,0
BRDA:142,8,0,0
BRDA:142,8,1,6
BRDA:143,9,0,0
BRDA:143,9,1,0
BRDA:145,10,0,0
BRDA:145,10,1,0
BRDA:147,11,0,0
BRDA:147,11,1,0
BRDA:149,12,0,0
BRDA:149,12,1,0
BRDA:154,13,0,1
BRDA:154,13,1,5
BRDA:154,14,0,6
BRDA:154,14,1,6
BRF:30
BRH:15
end_of_record
TN:
SF:src\hooks\useNetworkStatus.ts
FN:61,useNetworkStatus
FN:101,(anonymous_1)
FN:149,(anonymous_2)
FN:154,(anonymous_3)
FN:158,(anonymous_4)
FN:169,useIsOnline
FN:177,useNetworkListener
FNF:7
FNH:7
FNDA:65,useNetworkStatus
FNDA:58,(anonymous_1)
FNDA:43,(anonymous_2)
FNDA:43,(anonymous_3)
FNDA:43,(anonymous_4)
FNDA:6,useIsOnline
FNDA:4,useNetworkListener
DA:82,65
DA:99,65
DA:101,65
DA:102,58
DA:103,58
DA:104,58
DA:106,58
DA:119,58
DA:120,48
DA:128,58
DA:129,58
DA:130,22
DA:131,18
DA:135,22
DA:136,3
DA:137,19
DA:138,3
DA:141,22
DA:142,2
DA:146,58
DA:149,65
DA:151,43
DA:154,43
DA:155,43
DA:158,43
DA:159,43
DA:163,65
DA:170,6
DA:171,6
DA:181,4
LF:30
LH:30
BRDA:98,0,0,54
BRDA:99,1,0,65
BRDA:99,1,1,37
BRDA:102,2,0,58
BRDA:102,2,1,1
BRDA:103,3,0,58
BRDA:103,3,1,1
BRDA:104,4,0,58
BRDA:104,4,1,43
BRDA:110,5,0,58
BRDA:110,5,1,1
BRDA:112,6,0,58
BRDA:112,6,1,20
BRDA:113,7,0,58
BRDA:113,7,1,56
BRDA:114,8,0,58
BRDA:114,8,1,57
BRDA:119,9,0,48
BRDA:119,9,1,10
BRDA:129,10,0,22
BRDA:129,10,1,36
BRDA:130,11,0,18
BRDA:130,11,1,4
BRDA:131,12,0,8
BRDA:131,12,1,10
BRDA:135,13,0,3
BRDA:135,13,1,19
BRDA:135,14,0,22
BRDA:135,14,1,10
BRDA:137,15,0,3
BRDA:137,15,1,16
BRDA:137,16,0,19
BRDA:137,16,1,12
BRDA:141,17,0,2
BRDA:141,17,1,20
BRF:35
BRH:35
end_of_record
TN:
SF:src\hooks\useOptimisticMutations.ts
FN:36,useOptimisticMutations
FN:50,(anonymous_1)
FN:58,(anonymous_2)
FN:59,(anonymous_3)
FN:68,(anonymous_4)
FN:79,(anonymous_5)
FN:87,(anonymous_6)
FN:88,(anonymous_7)
FN:95,(anonymous_8)
FN:106,(anonymous_9)
FN:114,(anonymous_10)
FN:122,(anonymous_11)
FN:133,(anonymous_12)
FNF:13
FNH:0
FNDA:0,useOptimisticMutations
FNDA:0,(anonymous_1)
FNDA:0,(anonymous_2)
FNDA:0,(anonymous_3)
FNDA:0,(anonymous_4)
FNDA:0,(anonymous_5)
FNDA:0,(anonymous_6)
FNDA:0,(anonymous_7)
FNDA:0,(anonymous_8)
FNDA:0,(anonymous_9)
FNDA:0,(anonymous_10)
FNDA:0,(anonymous_11)
FNDA:0,(anonymous_12)
DA:39,0
DA:40,0
DA:50,0
DA:52,0
DA:55,0
DA:58,0
DA:59,0
DA:60,0
DA:64,0
DA:66,0
DA:69,0
DA:70,0
DA:79,0
DA:81,0
DA:84,0
DA:87,0
DA:88,0
DA:91,0
DA:93,0
DA:96,0
DA:97,0
DA:106,0
DA:108,0
DA:111,0
DA:114,0
DA:115,0
DA:118,0
DA:120,0
DA:123,0
DA:124,0
DA:133,0
DA:134,0
DA:135,0
DA:136,0
DA:140,0
LF:35
LH:0
BRDA:58,0,0,0
BRDA:60,1,0,0
BRDA:60,1,1,0
BRDA:69,2,0,0
BRDA:69,2,1,0
BRDA:87,3,0,0
BRDA:96,4,0,0
BRDA:96,4,1,0
BRDA:114,5,0,0
BRDA:123,6,0,0
BRDA:123,6,1,0
BRDA:134,7,0,0
BRDA:134,7,1,0
BRF:13
BRH:0
end_of_record
TN:
SF:src\hooks\usePollingData.ts
FN:51,usePollingData
FN:75,(anonymous_1)
FN:82,(anonymous_2)
FN:90,(anonymous_3)
FN:101,(anonymous_4)
FN:110,(anonymous_5)
FN:151,(anonymous_6)
FN:169,(anonymous_7)
FN:178,(anonymous_8)
FN:188,(anonymous_9)
FN:217,(anonymous_10)
FN:223,(anonymous_11)
FN:245,(anonymous_12)
FN:255,(anonymous_13)
FN:258,(anonymous_14)
FN:280,(anonymous_15)
FNF:16
FNH:8
FNDA:21,usePollingData
FNDA:1,(anonymous_1)
FNDA:0,(anonymous_2)
FNDA:0,(anonymous_3)
FNDA:0,(anonymous_4)
FNDA:1,(anonymous_5)
FNDA:0,(anonymous_6)
FNDA:0,(anonymous_7)
FNDA:0,(anonymous_8)
FNDA:1,(anonymous_9)
FNDA:0,(anonymous_10)
FNDA:1,(anonymous_11)
FNDA:1,(anonymous_12)
FNDA:1,(anonymous_13)
FNDA:0,(anonymous_14)
FNDA:1,(anonymous_15)
DA:61,21
DA:62,21
DA:63,21
DA:64,21
DA:65,21
DA:67,21
DA:68,21
DA:69,21
DA:70,1
DA:71,1
DA:72,1
DA:75,1
DA:76,1
DA:80,1
DA:83,0
DA:84,0
DA:85,0
DA:86,0
DA:87,0
DA:91,0
DA:92,0
DA:93,0
DA:101,1
DA:102,0
DA:103,0
DA:104,0
DA:110,1
DA:112,1
DA:113,0
DA:114,0
DA:115,0
DA:116,0
DA:117,0
DA:118,0
DA:119,0
DA:123,1
DA:125,1
DA:126,1
DA:127,1
DA:128,1
DA:129,1
DA:130,1
DA:131,1
DA:132,1
DA:133,1
DA:135,0
DA:136,0
DA:138,0
DA:141,0
DA:142,0
DA:143,0
DA:144,0
DA:146,0
DA:147,0
DA:151,0
DA:152,0
DA:153,0
DA:154,0
DA:157,0
DA:161,0
DA:162,0
DA:163,0
DA:164,0
DA:165,0
DA:168,0
DA:169,0
DA:170,0
DA:178,1
DA:179,0
DA:180,0
DA:181,0
DA:182,0
DA:188,1
DA:190,1
DA:191,0
DA:192,0
DA:196,1
DA:197,0
DA:198,0
DA:199,0
DA:202,1
DA:203,1
DA:206,1
DA:207,0
DA:211,1
DA:212,0
DA:213,0
DA:217,1
DA:223,1
DA:224,1
DA:226,1
DA:227,1
DA:228,1
DA:231,1
DA:232,0
DA:233,0
DA:237,1
DA:238,0
DA:245,1
DA:246,1
DA:247,0
DA:248,0
DA:255,1
DA:256,1
DA:258,1
DA:260,0
DA:261,0
DA:262,0
DA:265,0
DA:266,0
DA:267,0
DA:270,0
DA:274,1
DA:277,1
DA:280,1
DA:281,1
DA:282,1
DA:286,1
LF:118
LH:54
BRDA:53,0,0,0
BRDA:54,1,0,19
BRDA:56,2,0,15
BRDA:57,3,0,17
BRDA:58,4,0,17
BRDA:83,5,0,0
BRDA:83,5,1,0
BRDA:83,6,0,0
BRDA:83,6,1,0
BRDA:91,7,0,0
BRDA:91,7,1,0
BRDA:110,8,0,1
BRDA:112,9,0,0
BRDA:112,9,1,1
BRDA:112,10,0,1
BRDA:112,10,1,0
BRDA:135,11,0,0
BRDA:135,11,1,0
BRDA:141,12,0,0
BRDA:141,12,1,0
BRDA:146,13,0,0
BRDA:146,13,1,0
BRDA:146,14,0,0
BRDA:146,14,1,0
BRDA:190,15,0,0
BRDA:190,15,1,1
BRDA:190,16,0,1
BRDA:190,16,1,1
BRDA:196,17,0,0
BRDA:196,17,1,1
BRDA:206,18,0,0
BRDA:206,18,1,1
BRDA:211,19,0,0
BRDA:211,19,1,1
BRDA:226,20,0,1
BRDA:226,20,1,0
BRDA:231,21,0,0
BRDA:231,21,1,1
BRDA:237,22,0,0
BRDA:237,22,1,1
BRDA:246,23,0,0
BRDA:246,23,1,1
BRDA:246,24,0,1
BRDA:246,24,1,0
BRDA:256,25,0,0
BRDA:256,25,1,1
BRDA:260,26,0,0
BRDA:260,26,1,0
BRDA:260,27,0,0
BRDA:260,27,1,0
BRDA:265,28,0,0
BRDA:265,28,1,0
BRDA:265,29,0,0
BRDA:265,29,1,0
BRF:54
BRH:19
end_of_record
TN:
SF:src\hooks\useRefreshOnFocus.ts
FN:30,useRefreshOnFocus
FN:39,(anonymous_1)
FN:66,useRefreshOnFocusManual
FN:84,(anonymous_3)
FN:100,(anonymous_4)
FN:115,(anonymous_5)
FN:123,(anonymous_6)
FNF:7
FNH:6
FNDA:12,useRefreshOnFocus
FNDA:12,(anonymous_1)
FNDA:19,useRefreshOnFocusManual
FNDA:15,(anonymous_3)
FNDA:8,(anonymous_4)
FNDA:2,(anonymous_5)
FNDA:0,(anonymous_6)
DA:34,12
DA:35,12
DA:36,12
DA:38,12
DA:41,12
DA:42,7
DA:43,7
DA:46,5
DA:48,4
DA:49,4
DA:50,0
DA:51,0
DA:54,4
DA:55,4
DA:56,4
DA:74,19
DA:75,19
DA:76,19
DA:82,19
DA:84,19
DA:86,15
DA:87,6
DA:88,6
DA:89,1
DA:90,1
DA:92,5
DA:95,14
DA:96,14
DA:99,19
DA:102,8
DA:103,2
DA:104,2
DA:107,6
DA:109,6
DA:110,1
DA:114,6
DA:115,4
DA:116,2
DA:119,2
DA:123,6
DA:124,0
DA:125,0
DA:131,19
LF:43
LH:39
BRDA:32,0,0,8
BRDA:41,1,0,7
BRDA:41,1,1,5
BRDA:46,2,0,4
BRDA:46,2,1,1
BRDA:49,3,0,0
BRDA:49,3,1,4
BRDA:79,4,0,16
BRDA:80,5,0,14
BRDA:81,6,0,12
BRDA:82,7,0,19
BRDA:82,7,1,8
BRDA:86,8,0,6
BRDA:86,8,1,9
BRDA:88,9,0,1
BRDA:88,9,1,5
BRDA:102,10,0,2
BRDA:102,10,1,6
BRDA:102,11,0,8
BRDA:102,11,1,2
BRDA:107,12,0,6
BRDA:107,12,1,0
BRDA:109,13,0,1
BRDA:109,13,1,5
BRDA:114,14,0,4
BRDA:114,14,1,2
BRDA:124,15,0,0
BRDA:124,15,1,0
BRF:28
BRH:24
end_of_record
TN:
SF:src\hooks\useStepTracking.ts
FN:107,useStepTracking
FN:128,(anonymous_1)
FN:196,(anonymous_2)
FN:204,(anonymous_3)
FN:217,(anonymous_4)
FN:224,(anonymous_5)
FN:245,(anonymous_6)
FN:284,(anonymous_7)
FN:290,(anonymous_8)
FN:315,(anonymous_9)
FN:336,(anonymous_10)
FN:338,(anonymous_11)
FN:346,(anonymous_12)
FN:348,(anonymous_13)
FN:353,(anonymous_14)
FN:367,(anonymous_15)
FN:384,(anonymous_16)
FN:391,(anonymous_17)
FN:402,(anonymous_18)
FN:410,(anonymous_19)
FN:417,(anonymous_20)
FN:452,(anonymous_21)
FN:453,(anonymous_22)
FN:460,(anonymous_23)
FNF:24
FNH:16
FNDA:55,useStepTracking
FNDA:11,(anonymous_1)
FNDA:0,(anonymous_2)
FNDA:1,(anonymous_3)
FNDA:17,(anonymous_4)
FNDA:17,(anonymous_5)
FNDA:0,(anonymous_6)
FNDA:39,(anonymous_7)
FNDA:39,(anonymous_8)
FNDA:0,(anonymous_9)
FNDA:0,(anonymous_10)
FNDA:0,(anonymous_11)
FNDA:0,(anonymous_12)
FNDA:0,(anonymous_13)
FNDA:39,(anonymous_14)
FNDA:29,(anonymous_15)
FNDA:0,(anonymous_16)
FNDA:27,(anonymous_17)
FNDA:1,(anonymous_18)
FNDA:1,(anonymous_19)
FNDA:1,(anonymous_20)
FNDA:2,(anonymous_21)
FNDA:2,(anonymous_22)
FNDA:1,(anonymous_23)
DA:53,5
DA:54,5
DA:111,55
DA:112,55
DA:113,55
DA:114,55
DA:115,55
DA:116,55
DA:117,55
DA:118,55
DA:119,55
DA:123,55
DA:128,55
DA:129,11
DA:130,0
DA:131,0
DA:134,11
DA:135,1
DA:139,10
DA:140,1
DA:141,1
DA:144,9
DA:147,9
DA:148,9
DA:149,2
DA:150,2
DA:151,2
DA:152,2
DA:157,2
DA:158,2
DA:159,2
DA:162,7
DA:164,7
DA:165,7
DA:166,7
DA:170,5
DA:171,5
DA:172,5
DA:173,5
DA:175,5
DA:176,5
DA:178,1
DA:180,1
DA:181,0
DA:182,0
DA:183,0
DA:184,0
DA:189,0
DA:190,0
DA:191,0
DA:193,0
DA:194,0
DA:195,0
DA:196,0
DA:197,0
DA:201,1
DA:202,1
DA:203,1
DA:204,1
DA:205,1
DA:209,6
DA:217,55
DA:218,17
DA:219,17
DA:220,17
DA:222,17
DA:224,17
DA:225,17
DA:226,0
DA:231,17
DA:235,0
DA:239,0
DA:240,0
DA:241,0
DA:242,0
DA:245,0
DA:247,0
DA:248,0
DA:251,0
DA:258,0
DA:259,0
DA:265,0
DA:268,0
DA:284,55
DA:286,39
DA:287,0
DA:288,0
DA:290,39
DA:291,39
DA:292,39
DA:293,37
DA:295,37
DA:296,2
DA:297,2
DA:298,2
DA:301,35
DA:302,35
DA:304,35
DA:305,2
DA:306,2
DA:308,2
DA:315,0
DA:318,2
DA:321,33
DA:322,33
DA:325,2
DA:326,2
DA:327,2
DA:331,39
DA:333,39
DA:335,39
DA:336,16
DA:337,0
DA:338,0
DA:339,0
DA:340,0
DA:341,0
DA:346,39
DA:347,0
DA:348,0
DA:349,0
DA:353,39
DA:354,39
DA:355,16
DA:357,39
DA:358,39
DA:359,0
DA:367,55
DA:369,29
DA:370,2
DA:371,2
DA:372,2
DA:373,2
DA:377,27
DA:378,0
DA:379,0
DA:383,27
DA:384,0
DA:385,0
DA:386,0
DA:387,0
DA:391,27
DA:392,27
DA:393,0
DA:394,0
DA:402,55
DA:403,1
DA:404,1
DA:410,55
DA:411,1
DA:417,55
DA:418,1
DA:419,1
DA:420,1
DA:421,1
DA:423,1
DA:427,1
DA:431,1
DA:452,55
DA:453,2
DA:454,2
DA:460,55
DA:461,1
DA:470,55
LF:164
LH:116
BRDA:129,0,0,0
BRDA:129,0,1,11
BRDA:134,1,0,1
BRDA:134,1,1,10
BRDA:139,2,0,1
BRDA:139,2,1,9
BRDA:148,3,0,2
BRDA:148,3,1,7
BRDA:180,4,0,0
BRDA:180,4,1,1
BRDA:181,5,0,0
BRDA:181,5,1,0
BRDA:195,6,0,0
BRDA:195,6,1,0
BRDA:203,7,0,1
BRDA:203,7,1,0
BRDA:218,8,0,17
BRDA:218,8,1,17
BRDA:219,9,0,17
BRDA:219,9,1,17
BRDA:220,10,0,17
BRDA:220,10,1,17
BRDA:222,11,0,17
BRDA:222,11,1,0
BRDA:225,12,0,17
BRDA:225,12,1,0
BRDA:235,13,0,0
BRDA:235,13,1,0
BRDA:239,14,0,0
BRDA:239,14,1,0
BRDA:241,15,0,0
BRDA:241,15,1,0
BRDA:247,16,0,0
BRDA:247,16,1,0
BRDA:247,17,0,0
BRDA:247,17,1,0
BRDA:253,18,0,0
BRDA:253,18,1,0
BRDA:258,19,0,0
BRDA:258,19,1,0
BRDA:260,20,0,0
BRDA:260,20,1,0
BRDA:286,21,0,0
BRDA:286,21,1,39
BRDA:295,22,0,2
BRDA:295,22,1,35
BRDA:304,23,0,2
BRDA:304,23,1,33
BRDA:310,24,0,0
BRDA:310,24,1,2
BRDA:335,25,0,16
BRDA:335,25,1,23
BRDA:335,26,0,39
BRDA:335,26,1,16
BRDA:347,27,0,0
BRDA:347,27,1,0
BRDA:347,28,0,0
BRDA:347,28,1,0
BRDA:347,28,2,0
BRDA:354,29,0,16
BRDA:354,29,1,23
BRDA:358,30,0,0
BRDA:358,30,1,39
BRDA:369,31,0,2
BRDA:369,31,1,27
BRDA:369,32,0,29
BRDA:369,32,1,4
BRDA:369,32,2,4
BRDA:377,33,0,0
BRDA:377,33,1,27
BRDA:383,34,0,0
BRDA:383,34,1,27
BRDA:383,35,0,27
BRDA:383,35,1,2
BRDA:383,35,2,2
BRDA:392,36,0,0
BRDA:392,36,1,27
BRDA:423,37,0,0
BRDA:423,37,1,1
BRDA:427,38,0,1
BRDA:427,38,1,0
BRDA:429,39,0,0
BRDA:429,39,1,0
BRDA:433,40,0,1
BRDA:433,40,1,0
BRDA:434,41,0,1
BRDA:434,41,1,0
BRDA:435,42,0,1
BRDA:435,42,1,0
BRDA:436,43,0,1
BRDA:436,43,1,0
BRDA:437,44,0,0
BRDA:437,44,1,1
BRDA:440,45,0,0
BRDA:440,45,1,1
BRDA:441,46,0,0
BRDA:441,46,1,1
BRDA:463,47,0,0
BRDA:463,47,1,1
BRF:99
BRH:51
end_of_record
TN:
SF:src\hooks\useStepsWebSocket.ts
FN:58,useStepsWebSocket
FN:80,(anonymous_1)
FN:91,(anonymous_2)
FN:109,(anonymous_3)
FN:117,(anonymous_4)
FN:125,(anonymous_5)
FN:127,(anonymous_6)
FN:135,(anonymous_7)
FN:145,(anonymous_8)
FN:202,(anonymous_9)
FN:216,(anonymous_10)
FN:275,(anonymous_11)
FN:293,(anonymous_12)
FN:298,(anonymous_13)
FN:334,(anonymous_14)
FN:359,(anonymous_15)
FN:368,(anonymous_16)
FN:394,(anonymous_17)
FN:419,(anonymous_18)
FN:420,(anonymous_19)
FN:436,(anonymous_20)
FN:443,(anonymous_21)
FN:444,(anonymous_22)
FN:460,(anonymous_23)
FN:467,(anonymous_24)
FN:472,(anonymous_25)
FNF:26
FNH:10
FNDA:3,useStepsWebSocket
FNDA:0,(anonymous_1)
FNDA:0,(anonymous_2)
FNDA:0,(anonymous_3)
FNDA:0,(anonymous_4)
FNDA:0,(anonymous_5)
FNDA:0,(anonymous_6)
FNDA:1,(anonymous_7)
FNDA:0,(anonymous_8)
FNDA:1,(anonymous_9)
FNDA:0,(anonymous_10)
FNDA:0,(anonymous_11)
FNDA:0,(anonymous_12)
FNDA:0,(anonymous_13)
FNDA:1,(anonymous_14)
FNDA:0,(anonymous_15)
FNDA:0,(anonymous_16)
FNDA:0,(anonymous_17)
FNDA:1,(anonymous_18)
FNDA:0,(anonymous_19)
FNDA:1,(anonymous_20)
FNDA:1,(anonymous_21)
FNDA:0,(anonymous_22)
FNDA:1,(anonymous_23)
FNDA:1,(anonymous_24)
FNDA:1,(anonymous_25)
DA:43,3
DA:47,3
DA:63,3
DA:64,3
DA:65,3
DA:66,3
DA:67,3
DA:70,3
DA:71,3
DA:72,3
DA:73,3
DA:74,3
DA:75,3
DA:80,3
DA:81,0
DA:85,0
DA:91,3
DA:92,0
DA:93,0
DA:94,0
DA:95,0
DA:96,0
DA:99,0
DA:102,0
DA:109,3
DA:110,0
DA:111,0
DA:117,3
DA:118,0
DA:119,0
DA:125,3
DA:126,0
DA:127,0
DA:128,0
DA:135,3
DA:136,1
DA:137,0
DA:138,0
DA:145,3
DA:146,0
DA:147,0
DA:149,0
DA:150,0
DA:153,0
DA:155,0
DA:156,0
DA:159,0
DA:160,0
DA:163,0
DA:164,0
DA:168,0
DA:169,0
DA:173,0
DA:174,0
DA:175,0
DA:177,0
DA:181,0
DA:182,0
DA:184,0
DA:188,0
DA:189,0
DA:192,0
DA:195,0
DA:202,3
DA:204,1
DA:206,0
DA:209,1
DA:210,1
DA:213,1
DA:214,1
DA:215,0
DA:216,0
DA:218,0
DA:219,0
DA:220,0
DA:221,0
DA:226,1
DA:227,1
DA:228,1
DA:229,1
DA:230,1
DA:235,0
DA:236,0
DA:237,0
DA:238,0
DA:242,0
DA:243,0
DA:244,0
DA:245,0
DA:246,0
DA:248,0
DA:252,0
DA:257,0
DA:258,0
DA:259,0
DA:260,0
DA:264,0
DA:270,0
DA:272,0
DA:273,0
DA:275,0
DA:276,0
DA:277,0
DA:278,0
DA:279,0
DA:282,0
DA:285,0
DA:288,0
DA:291,0
DA:293,0
DA:294,0
DA:295,0
DA:298,0
DA:299,0
DA:300,0
DA:301,0
DA:302,0
DA:305,0
DA:306,0
DA:307,0
DA:308,0
DA:310,0
DA:311,0
DA:313,0
DA:317,0
DA:319,0
DA:320,0
DA:323,0
DA:324,0
DA:325,0
DA:326,0
DA:334,3
DA:335,1
DA:337,1
DA:338,0
DA:339,0
DA:342,1
DA:344,1
DA:345,0
DA:346,0
DA:349,1
DA:350,1
DA:351,1
DA:353,1
DA:359,3
DA:360,0
DA:361,0
DA:362,0
DA:368,3
DA:369,0
DA:370,0
DA:371,0
DA:372,0
DA:375,0
DA:378,0
DA:383,0
DA:384,0
DA:386,0
DA:394,3
DA:395,0
DA:396,0
DA:398,0
DA:402,0
DA:405,0
DA:406,0
DA:409,0
DA:411,0
DA:412,0
DA:419,3
DA:420,1
DA:421,0
DA:422,0
DA:424,0
DA:426,0
DA:427,0
DA:428,0
DA:429,0
DA:431,0
DA:432,0
DA:436,1
DA:443,3
DA:444,1
DA:445,0
DA:447,0
DA:448,0
DA:449,0
DA:453,0
DA:454,0
DA:455,0
DA:460,1
DA:467,3
DA:468,1
DA:469,1
DA:472,1
DA:473,1
DA:478,3
LF:196
LH:56
BRDA:43,0,0,3
BRDA:43,0,1,0
BRDA:92,1,0,0
BRDA:92,1,1,0
BRDA:95,2,0,0
BRDA:95,2,1,0
BRDA:95,3,0,0
BRDA:95,3,1,0
BRDA:136,4,0,0
BRDA:136,4,1,1
BRDA:149,5,0,0
BRDA:149,5,1,0
BRDA:149,6,0,0
BRDA:149,6,1,0
BRDA:153,7,0,0
BRDA:153,7,1,0
BRDA:153,7,2,0
BRDA:153,7,3,0
BRDA:153,7,4,0
BRDA:153,7,5,0
BRDA:153,7,6,0
BRDA:153,7,7,0
BRDA:174,8,0,0
BRDA:174,8,1,0
BRDA:181,9,0,0
BRDA:181,9,1,0
BRDA:204,10,0,0
BRDA:204,10,1,1
BRDA:204,11,0,1
BRDA:204,11,1,1
BRDA:214,12,0,0
BRDA:214,12,1,1
BRDA:216,13,0,0
BRDA:216,13,1,0
BRDA:218,14,0,0
BRDA:218,14,1,0
BRDA:227,15,0,1
BRDA:227,15,1,0
BRDA:237,16,0,0
BRDA:237,16,1,0
BRDA:242,17,0,0
BRDA:242,17,1,0
BRDA:245,18,0,0
BRDA:245,18,1,0
BRDA:257,19,0,0
BRDA:257,19,1,0
BRDA:267,20,0,0
BRDA:267,20,1,0
BRDA:305,21,0,0
BRDA:305,21,1,0
BRDA:305,22,0,0
BRDA:305,22,1,0
BRDA:323,23,0,0
BRDA:323,23,1,0
BRDA:337,24,0,0
BRDA:337,24,1,1
BRDA:344,25,0,0
BRDA:344,25,1,1
BRDA:371,26,0,0
BRDA:371,26,1,0
BRDA:396,27,0,0
BRDA:396,27,1,0
BRDA:424,28,0,0
BRDA:424,28,1,0
BRDA:424,29,0,0
BRDA:424,29,1,0
BRDA:429,30,0,0
BRDA:429,30,1,0
BRDA:445,31,0,0
BRDA:445,31,1,0
BRDA:445,32,0,0
BRDA:445,32,1,0
BRDA:447,33,0,0
BRDA:447,33,1,0
BRDA:447,34,0,0
BRDA:447,34,1,0
BRDA:447,34,2,0
BRDA:453,35,0,0
BRDA:453,35,1,0
BRDA:468,36,0,1
BRDA:468,36,1,0
BRF:81
BRH:10
end_of_record
TN:
SF:src\hooks\useToast.ts
FN:16,useToast
FN:23,(anonymous_1)
FN:31,(anonymous_2)
FN:35,(anonymous_3)
FN:39,(anonymous_4)
FN:43,(anonymous_5)
FN:47,(anonymous_6)
FN:48,(anonymous_7)
FNF:8
FNH:1
FNDA:3,useToast
FNDA:0,(anonymous_1)
FNDA:0,(anonymous_2)
FNDA:0,(anonymous_3)
FNDA:0,(anonymous_4)
FNDA:0,(anonymous_5)
FNDA:0,(anonymous_6)
FNDA:0,(anonymous_7)
DA:17,3
DA:23,3
DA:24,0
DA:31,3
DA:32,0
DA:35,3
DA:36,0
DA:39,3
DA:40,0
DA:43,3
DA:44,0
DA:47,3
DA:48,0
DA:51,3
LF:14
LH:8
BRDA:23,0,0,0
BRF:1
BRH:0
end_of_record
TN:
SF:src\hooks\useTokenRefresh.ts
FN:37,useTokenRefresh
FN:45,(anonymous_1)
FN:99,(anonymous_2)
FN:102,(anonymous_3)
FN:117,(anonymous_4)
FN:128,(anonymous_5)
FN:129,(anonymous_6)
FN:140,(anonymous_7)
FN:146,(anonymous_8)
FN:148,(anonymous_9)
FN:163,(anonymous_10)
FNF:11
FNH:0
FNDA:0,useTokenRefresh
FNDA:0,(anonymous_1)
FNDA:0,(anonymous_2)
FNDA:0,(anonymous_3)
FNDA:0,(anonymous_4)
FNDA:0,(anonymous_5)
FNDA:0,(anonymous_6)
FNDA:0,(anonymous_7)
FNDA:0,(anonymous_8)
FNDA:0,(anonymous_9)
FNDA:0,(anonymous_10)
DA:28,3
DA:31,3
DA:38,0
DA:39,0
DA:40,0
DA:45,0
DA:46,0
DA:48,0
DA:49,0
DA:51,0
DA:52,0
DA:53,0
DA:56,0
DA:59,0
DA:65,0
DA:67,0
DA:68,0
DA:71,0
DA:73,0
DA:74,0
DA:76,0
DA:77,0
DA:80,0
DA:83,0
DA:86,0
DA:87,0
DA:88,0
DA:89,0
DA:92,0
DA:99,0
DA:100,0
DA:102,0
DA:104,0
DA:105,0
DA:107,0
DA:111,0
DA:117,0
DA:118,0
DA:119,0
DA:120,0
DA:121,0
DA:128,0
DA:129,0
DA:130,0
DA:131,0
DA:133,0
DA:135,0
DA:136,0
DA:140,0
DA:146,0
DA:148,0
DA:149,0
DA:150,0
DA:152,0
DA:155,0
DA:157,0
DA:161,0
DA:163,0
DA:164,0
LF:59
LH:2
BRDA:51,0,0,0
BRDA:51,0,1,0
BRDA:51,1,0,0
BRDA:51,1,1,0
BRDA:65,2,0,0
BRDA:65,2,1,0
BRDA:65,3,0,0
BRDA:65,3,1,0
BRDA:65,3,2,0
BRDA:86,4,0,0
BRDA:86,4,1,0
BRDA:104,5,0,0
BRDA:104,5,1,0
BRDA:118,6,0,0
BRDA:118,6,1,0
BRDA:133,7,0,0
BRDA:133,7,1,0
BRDA:133,8,0,0
BRDA:133,8,1,0
BRDA:150,9,0,0
BRDA:150,9,1,0
BRF:21
BRH:0
end_of_record
TN:
SF:src\hooks\useUndoRedo.ts
FN:57,useUndoRedo
FN:67,(anonymous_1)
FN:73,(anonymous_2)
FN:97,(anonymous_3)
FN:116,(anonymous_4)
FN:117,(anonymous_5)
FN:133,(anonymous_6)
FN:152,(anonymous_7)
FN:153,(anonymous_8)
FN:169,(anonymous_9)
FNF:10
FNH:0
FNDA:0,useUndoRedo
FNDA:0,(anonymous_1)
FNDA:0,(anonymous_2)
FNDA:0,(anonymous_3)
FNDA:0,(anonymous_4)
FNDA:0,(anonymous_5)
FNDA:0,(anonymous_6)
FNDA:0,(anonymous_7)
FNDA:0,(anonymous_8)
FNDA:0,(anonymous_9)
DA:58,0
DA:60,0
DA:61,0
DA:62,0
DA:67,0
DA:68,0
DA:73,0
DA:74,0
DA:77,0
DA:78,0
DA:81,0
DA:85,0
DA:87,0
DA:97,0
DA:98,0
DA:99,0
DA:102,0
DA:104,0
DA:105,0
DA:107,0
DA:113,0
DA:116,0
DA:117,0
DA:119,0
DA:120,0
DA:123,0
DA:124,0
DA:126,0
DA:133,0
DA:134,0
DA:135,0
DA:138,0
DA:140,0
DA:141,0
DA:143,0
DA:149,0
DA:152,0
DA:153,0
DA:155,0
DA:156,0
DA:159,0
DA:160,0
DA:162,0
DA:169,0
DA:170,0
DA:171,0
DA:172,0
DA:175,0
LF:48
LH:0
BRDA:57,0,0,0
BRDA:58,1,0,0
BRDA:77,2,0,0
BRDA:77,2,1,0
BRDA:98,3,0,0
BRDA:98,3,1,0
BRDA:98,4,0,0
BRDA:98,4,1,0
BRDA:119,5,0,0
BRDA:119,5,1,0
BRDA:134,6,0,0
BRDA:134,6,1,0
BRDA:134,7,0,0
BRDA:134,7,1,0
BRDA:155,8,0,0
BRDA:155,8,1,0
BRDA:176,9,0,0
BRDA:176,9,1,0
BRDA:177,10,0,0
BRDA:177,10,1,0
BRF:20
BRH:0
end_of_record
TN:
SF:src\screens\AdminFundsScreen.tsx
FN:15,AdminFundsScreen
FN:26,(anonymous_1)
FN:41,(anonymous_2)
FN:46,(anonymous_3)
FN:53,(anonymous_4)
FN:60,(anonymous_5)
FN:65,(anonymous_6)
FN:70,(anonymous_7)
FN:77,(anonymous_8)
FN:81,(anonymous_9)
FN:86,(anonymous_10)
FN:92,(anonymous_11)
FN:105,(anonymous_12)
FN:114,(anonymous_13)
FN:123,(anonymous_14)
FN:162,(anonymous_15)
FNF:16
FNH:6
FNDA:35,AdminFundsScreen
FNDA:0,(anonymous_1)
FNDA:0,(anonymous_2)
FNDA:0,(anonymous_3)
FNDA:0,(anonymous_4)
FNDA:0,(anonymous_5)
FNDA:0,(anonymous_6)
FNDA:0,(anonymous_7)
FNDA:0,(anonymous_8)
FNDA:0,(anonymous_9)
FNDA:0,(anonymous_10)
FNDA:4,(anonymous_11)
FNDA:3,(anonymous_12)
FNDA:3,(anonymous_13)
FNDA:1,(anonymous_14)
FNDA:1,(anonymous_15)
DA:16,35
DA:17,35
DA:18,35
DA:19,35
DA:22,35
DA:24,35
DA:27,0
DA:28,0
DA:29,0
DA:32,0
DA:40,35
DA:42,0
DA:47,0
DA:48,0
DA:49,0
DA:50,0
DA:51,0
DA:54,0
DA:55,0
DA:59,35
DA:61,0
DA:66,0
DA:67,0
DA:68,0
DA:71,0
DA:72,0
DA:76,35
DA:78,0
DA:82,0
DA:83,0
DA:84,0
DA:87,0
DA:88,0
DA:92,35
DA:93,4
DA:94,4
DA:95,0
DA:96,0
DA:98,4
DA:99,2
DA:100,2
DA:102,2
DA:105,35
DA:106,3
DA:107,3
DA:108,1
DA:109,1
DA:111,2
DA:114,35
DA:115,3
DA:123,1
DA:129,35
DA:130,1
DA:133,34
DA:134,1
DA:142,33
DA:143,1
DA:147,32
DA:148,3
DA:162,1
DA:175,29
DA:177,29
DA:210,1
LF:63
LH:37
BRDA:34,0,0,35
BRDA:34,0,1,33
BRDA:94,1,0,0
BRDA:94,1,1,4
BRDA:98,2,0,2
BRDA:98,2,1,2
BRDA:98,3,0,4
BRDA:98,3,1,3
BRDA:107,4,0,1
BRDA:107,4,1,2
BRDA:129,5,0,1
BRDA:129,5,1,34
BRDA:133,6,0,1
BRDA:133,6,1,33
BRDA:142,7,0,1
BRDA:142,7,1,32
BRDA:147,8,0,3
BRDA:147,8,1,29
BRDA:187,9,0,29
BRDA:187,9,1,0
BRF:20
BRH:18
end_of_record
TN:
SF:src\screens\AdminFundsScreenEnhanced.tsx
FN:38,AdminFundsScreenEnhanced
FN:52,(anonymous_1)
FN:59,(anonymous_2)
FN:62,(anonymous_3)
FN:76,(anonymous_4)
FN:92,(anonymous_5)
FN:101,(anonymous_6)
FN:110,(anonymous_7)
FN:128,(anonymous_8)
FN:130,(anonymous_9)
FN:131,(anonymous_10)
FN:141,(anonymous_11)
FN:143,(anonymous_12)
FN:146,(anonymous_13)
FN:147,(anonymous_14)
FN:155,(anonymous_15)
FN:157,(anonymous_16)
FN:165,(anonymous_17)
FN:172,(anonymous_18)
FN:196,(anonymous_19)
FN:205,(anonymous_20)
FN:207,(anonymous_21)
FN:210,(anonymous_22)
FN:211,(anonymous_23)
FN:216,(anonymous_24)
FN:218,(anonymous_25)
FN:226,(anonymous_26)
FN:233,(anonymous_27)
FN:255,(anonymous_28)
FN:263,(anonymous_29)
FN:276,(anonymous_30)
FN:285,(anonymous_31)
FN:294,(anonymous_32)
FN:301,(anonymous_33)
FN:302,(anonymous_34)
FN:303,(anonymous_35)
FN:307,(anonymous_36)
FN:309,(anonymous_37)
FN:313,(anonymous_38)
FN:317,(anonymous_39)
FN:320,(anonymous_40)
FN:330,(anonymous_41)
FN:345,(anonymous_42)
FN:360,(anonymous_43)
FN:363,(anonymous_44)
FN:385,(anonymous_45)
FN:410,(anonymous_46)
FN:452,(anonymous_47)
FN:489,(anonymous_48)
FN:545,(anonymous_49)
FNF:50
FNH:0
FNDA:0,AdminFundsScreenEnhanced
FNDA:0,(anonymous_1)
FNDA:0,(anonymous_2)
FNDA:0,(anonymous_3)
FNDA:0,(anonymous_4)
FNDA:0,(anonymous_5)
FNDA:0,(anonymous_6)
FNDA:0,(anonymous_7)
FNDA:0,(anonymous_8)
FNDA:0,(anonymous_9)
FNDA:0,(anonymous_10)
FNDA:0,(anonymous_11)
FNDA:0,(anonymous_12)
FNDA:0,(anonymous_13)
FNDA:0,(anonymous_14)
FNDA:0,(anonymous_15)
FNDA:0,(anonymous_16)
FNDA:0,(anonymous_17)
FNDA:0,(anonymous_18)
FNDA:0,(anonymous_19)
FNDA:0,(anonymous_20)
FNDA:0,(anonymous_21)
FNDA:0,(anonymous_22)
FNDA:0,(anonymous_23)
FNDA:0,(anonymous_24)
FNDA:0,(anonymous_25)
FNDA:0,(anonymous_26)
FNDA:0,(anonymous_27)
FNDA:0,(anonymous_28)
FNDA:0,(anonymous_29)
FNDA:0,(anonymous_30)
FNDA:0,(anonymous_31)
FNDA:0,(anonymous_32)
FNDA:0,(anonymous_33)
FNDA:0,(anonymous_34)
FNDA:0,(anonymous_35)
FNDA:0,(anonymous_36)
FNDA:0,(anonymous_37)
FNDA:0,(anonymous_38)
FNDA:0,(anonymous_39)
FNDA:0,(anonymous_40)
FNDA:0,(anonymous_41)
FNDA:0,(anonymous_42)
FNDA:0,(anonymous_43)
FNDA:0,(anonymous_44)
FNDA:0,(anonymous_45)
FNDA:0,(anonymous_46)
FNDA:0,(anonymous_47)
FNDA:0,(anonymous_48)
FNDA:0,(anonymous_49)
DA:39,0
DA:40,0
DA:41,0
DA:42,0
DA:43,0
DA:44,0
DA:47,0
DA:48,0
DA:49,0
DA:52,0
DA:53,0
DA:57,0
DA:60,0
DA:63,0
DA:68,0
DA:74,0
DA:77,0
DA:78,0
DA:79,0
DA:82,0
DA:91,0
DA:94,0
DA:95,0
DA:101,0
DA:102,0
DA:105,0
DA:111,0
DA:112,0
DA:115,0
DA:124,0
DA:125,0
DA:126,0
DA:130,0
DA:131,0
DA:134,0
DA:135,0
DA:140,0
DA:143,0
DA:146,0
DA:147,0
DA:148,0
DA:152,0
DA:155,0
DA:158,0
DA:159,0
DA:162,0
DA:163,0
DA:166,0
DA:170,0
DA:173,0
DA:177,0
DA:184,0
DA:194,0
DA:197,0
DA:198,0
DA:199,0
DA:204,0
DA:207,0
DA:210,0
DA:211,0
DA:214,0
DA:216,0
DA:219,0
DA:220,0
DA:223,0
DA:224,0
DA:227,0
DA:231,0
DA:234,0
DA:237,0
DA:244,0
DA:253,0
DA:256,0
DA:257,0
DA:258,0
DA:263,0
DA:264,0
DA:265,0
DA:266,0
DA:267,0
DA:269,0
DA:270,0
DA:271,0
DA:273,0
DA:276,0
DA:277,0
DA:278,0
DA:279,0
DA:280,0
DA:282,0
DA:285,0
DA:286,0
DA:294,0
DA:301,0
DA:302,0
DA:303,0
DA:307,0
DA:308,0
DA:309,0
DA:313,0
DA:314,0
DA:317,0
DA:318,0
DA:320,0
DA:322,0
DA:331,0
DA:333,0
DA:334,0
DA:340,0
DA:345,0
DA:348,0
DA:349,0
DA:350,0
DA:352,0
DA:360,0
DA:361,0
DA:363,0
DA:365,0
DA:366,0
DA:367,0
DA:368,0
DA:369,0
DA:376,0
DA:377,0
DA:378,0
DA:380,0
DA:385,0
DA:386,0
DA:387,0
DA:388,0
DA:395,0
DA:403,0
DA:405,0
DA:410,0
DA:411,0
DA:412,0
DA:417,0
DA:420,0
DA:421,0
DA:424,0
DA:425,0
DA:433,0
DA:434,0
DA:437,0
DA:438,0
DA:452,0
DA:461,0
DA:489,0
DA:546,0
DA:562,0
LF:150
LH:0
BRDA:84,0,0,0
BRDA:84,0,1,0
BRDA:101,1,0,0
BRDA:118,2,0,0
BRDA:118,2,1,0
BRDA:119,3,0,0
BRDA:119,3,1,0
BRDA:120,4,0,0
BRDA:120,4,1,0
BRDA:130,5,0,0
BRDA:146,6,0,0
BRDA:148,7,0,0
BRDA:148,7,1,0
BRDA:162,8,0,0
BRDA:162,8,1,0
BRDA:188,9,0,0
BRDA:188,9,1,0
BRDA:189,10,0,0
BRDA:189,10,1,0
BRDA:210,11,0,0
BRDA:223,12,0,0
BRDA:223,12,1,0
BRDA:248,13,0,0
BRDA:248,13,1,0
BRDA:249,14,0,0
BRDA:249,14,1,0
BRDA:265,15,0,0
BRDA:265,15,1,0
BRDA:269,16,0,0
BRDA:269,16,1,0
BRDA:269,17,0,0
BRDA:269,17,1,0
BRDA:278,18,0,0
BRDA:278,18,1,0
BRDA:303,19,0,0
BRDA:303,19,1,0
BRDA:308,20,0,0
BRDA:308,20,1,0
BRDA:318,21,0,0
BRDA:318,21,1,0
BRDA:320,22,0,0
BRDA:320,22,1,0
BRDA:343,23,0,0
BRDA:343,23,1,0
BRDA:344,24,0,0
BRDA:344,24,1,0
BRDA:361,25,0,0
BRDA:361,25,1,0
BRDA:363,26,0,0
BRDA:363,26,1,0
BRDA:368,27,0,0
BRDA:368,27,1,0
BRDA:398,28,0,0
BRDA:398,28,1,0
BRDA:399,29,0,0
BRDA:399,29,1,0
BRDA:420,30,0,0
BRDA:420,30,1,0
BRDA:424,31,0,0
BRDA:424,31,1,0
BRDA:433,32,0,0
BRDA:433,32,1,0
BRDA:437,33,0,0
BRDA:437,33,1,0
BRDA:493,34,0,0
BRDA:493,34,1,0
BRDA:499,35,0,0
BRDA:499,35,1,0
BRDA:502,36,0,0
BRDA:502,36,1,0
BRDA:507,37,0,0
BRDA:507,37,1,0
BRDA:513,38,0,0
BRDA:513,38,1,0
BRF:74
BRH:0
end_of_record
TN:
SF:src\screens\ChangePasswordScreen.tsx
FN:10,ChangePasswordScreen
FNF:1
FNH:1
FNDA:40,ChangePasswordScreen
DA:11,40
DA:23,40
DA:25,40
DA:54,1
LF:4
LH:4
BRF:0
BRH:0
end_of_record
TN:
SF:src\screens\DashboardScreen.tsx
FN:12,DashboardScreen
FN:26,(anonymous_1)
FN:27,(anonymous_2)
FN:54,(anonymous_3)
FN:57,(anonymous_4)
FN:58,(anonymous_5)
FN:63,(anonymous_6)
FN:70,(anonymous_7)
FN:82,(anonymous_8)
FNF:9
FNH:4
FNDA:3,DashboardScreen
FNDA:1,(anonymous_1)
FNDA:1,(anonymous_2)
FNDA:1,(anonymous_3)
FNDA:0,(anonymous_4)
FNDA:0,(anonymous_5)
FNDA:0,(anonymous_6)
FNDA:0,(anonymous_7)
FNDA:0,(anonymous_8)
DA:13,3
DA:14,3
DA:15,3
DA:16,3
DA:17,3
DA:18,3
DA:19,3
DA:20,3
DA:23,3
DA:26,3
DA:27,1
DA:28,1
DA:29,1
DA:30,0
DA:31,0
DA:32,0
DA:33,0
DA:34,0
DA:37,1
DA:41,3
DA:42,3
DA:48,3
DA:54,3
DA:55,1
DA:56,0
DA:57,0
DA:58,0
DA:63,3
DA:64,0
DA:68,3
DA:71,0
DA:78,3
DA:79,3
DA:80,3
DA:82,3
DA:83,0
DA:84,0
DA:85,0
DA:88,3
DA:89,0
DA:98,3
DA:99,0
DA:112,3
DA:113,0
DA:126,3
DA:147,1
LF:46
LH:30
BRDA:29,0,0,0
BRDA:29,0,1,1
BRDA:30,1,0,0
BRDA:30,1,1,0
BRDA:32,2,0,0
BRDA:32,2,1,0
BRDA:33,3,0,0
BRDA:33,3,1,0
BRDA:34,4,0,0
BRDA:34,4,1,0
BRDA:41,5,0,3
BRDA:41,5,1,3
BRDA:42,6,0,3
BRDA:42,6,1,3
BRDA:50,7,0,3
BRDA:50,7,1,0
BRDA:55,8,0,0
BRDA:55,8,1,1
BRDA:55,9,0,1
BRDA:55,9,1,0
BRDA:78,10,0,3
BRDA:78,10,1,3
BRDA:78,10,2,3
BRDA:79,11,0,3
BRDA:79,11,1,3
BRDA:79,11,2,3
BRDA:80,12,0,3
BRDA:80,12,1,3
BRDA:80,12,2,3
BRDA:88,13,0,0
BRDA:88,13,1,3
BRDA:88,14,0,3
BRDA:88,14,1,0
BRDA:98,15,0,0
BRDA:98,15,1,3
BRDA:102,16,0,0
BRDA:102,16,1,0
BRDA:112,17,0,0
BRDA:112,17,1,3
BRF:39
BRH:21
end_of_record
TN:
SF:src\screens\DigitalBoardScreen.tsx
FN:10,DigitalBoardScreen
FN:11,(anonymous_1)
FNF:2
FNH:2
FNDA:1,DigitalBoardScreen
FNDA:1,(anonymous_1)
DA:11,1
DA:12,1
DA:13,1
DA:16,1
DA:21,1
DA:22,1
DA:33,0
DA:58,1
LF:8
LH:7
BRDA:21,0,0,1
BRDA:21,0,1,0
BRDA:40,1,0,0
BRDA:40,1,1,0
BRDA:42,2,0,0
BRDA:42,2,1,0
BRF:6
BRH:1
end_of_record
TN:
SF:src\screens\EventManagementScreen.tsx
FN:34,EventManagementScreen
FN:46,(anonymous_1)
FN:52,(anonymous_2)
FN:58,(anonymous_3)
FN:68,(anonymous_4)
FN:77,(anonymous_5)
FN:79,(anonymous_6)
FN:127,(anonymous_7)
FN:131,(anonymous_8)
FN:132,(anonymous_9)
FN:154,EventListCard
FN:157,(anonymous_11)
FN:168,(anonymous_12)
FN:179,(anonymous_13)
FN:214,(anonymous_14)
FNF:15
FNH:0
FNDA:0,EventManagementScreen
FNDA:0,(anonymous_1)
FNDA:0,(anonymous_2)
FNDA:0,(anonymous_3)
FNDA:0,(anonymous_4)
FNDA:0,(anonymous_5)
FNDA:0,(anonymous_6)
FNDA:0,(anonymous_7)
FNDA:0,(anonymous_8)
FNDA:0,(anonymous_9)
FNDA:0,EventListCard
FNDA:0,(anonymous_11)
FNDA:0,(anonymous_12)
FNDA:0,(anonymous_13)
FNDA:0,(anonymous_14)
DA:35,0
DA:38,0
DA:44,0
DA:46,0
DA:47,0
DA:48,0
DA:49,0
DA:52,0
DA:53,0
DA:54,0
DA:59,0
DA:68,0
DA:69,0
DA:78,0
DA:80,0
DA:89,0
DA:90,0
DA:93,0
DA:94,0
DA:105,0
DA:128,0
DA:131,0
DA:132,0
DA:155,0
DA:157,0
DA:158,0
DA:159,0
DA:168,0
DA:169,0
DA:170,0
DA:171,0
DA:172,0
DA:173,0
DA:176,0
DA:179,0
DA:215,0
DA:269,0
LF:37
LH:0
BRDA:61,0,0,0
BRDA:61,0,1,0
BRDA:89,1,0,0
BRDA:89,1,1,0
BRDA:93,2,0,0
BRDA:93,2,1,0
BRDA:121,3,0,0
BRDA:121,3,1,0
BRDA:169,4,0,0
BRDA:169,4,1,0
BRDA:170,5,0,0
BRDA:170,5,1,0
BRDA:171,6,0,0
BRDA:171,6,1,0
BRDA:172,7,0,0
BRDA:172,7,1,0
BRDA:196,8,0,0
BRDA:196,8,1,0
BRDA:205,9,0,0
BRDA:205,9,1,0
BRDA:207,10,0,0
BRDA:207,10,1,0
BRDA:213,11,0,0
BRDA:213,11,1,0
BRDA:213,12,0,0
BRDA:213,12,1,0
BRDA:218,13,0,0
BRDA:218,13,1,0
BRDA:222,14,0,0
BRDA:222,14,1,0
BRDA:235,15,0,0
BRDA:235,15,1,0
BRDA:243,16,0,0
BRDA:243,16,1,0
BRF:34
BRH:0
end_of_record
TN:
SF:src\screens\GlobalDashboardScreen.tsx
FN:27,GlobalDashboardScreen
FN:50,(anonymous_1)
FN:51,(anonymous_2)
FN:61,(anonymous_3)
FN:75,(anonymous_4)
FN:88,(anonymous_5)
FN:94,(anonymous_6)
FN:101,(anonymous_7)
FN:103,(anonymous_8)
FN:112,(anonymous_9)
FN:115,(anonymous_10)
FN:121,(anonymous_11)
FN:134,(anonymous_12)
FN:137,(anonymous_13)
FN:184,(anonymous_14)
FN:251,(anonymous_15)
FN:268,(anonymous_16)
FN:295,(anonymous_17)
FNF:18
FNH:5
FNDA:43,GlobalDashboardScreen
FNDA:0,(anonymous_1)
FNDA:0,(anonymous_2)
FNDA:0,(anonymous_3)
FNDA:0,(anonymous_4)
FNDA:0,(anonymous_5)
FNDA:0,(anonymous_6)
FNDA:42,(anonymous_7)
FNDA:24,(anonymous_8)
FNDA:42,(anonymous_9)
FNDA:0,(anonymous_10)
FNDA:13,(anonymous_11)
FNDA:0,(anonymous_12)
FNDA:0,(anonymous_13)
FNDA:0,(anonymous_14)
FNDA:0,(anonymous_15)
FNDA:0,(anonymous_16)
FNDA:0,(anonymous_17)
DA:28,43
DA:29,43
DA:30,43
DA:33,42
DA:42,42
DA:45,42
DA:46,42
DA:47,42
DA:48,42
DA:50,42
DA:51,0
DA:52,0
DA:53,0
DA:55,0
DA:56,0
DA:61,42
DA:62,0
DA:63,0
DA:64,0
DA:73,42
DA:75,0
DA:86,42
DA:88,0
DA:94,42
DA:95,0
DA:96,0
DA:101,42
DA:102,42
DA:103,24
DA:112,42
DA:114,42
DA:116,0
DA:121,42
DA:122,13
DA:123,13
DA:124,13
DA:127,42
DA:130,42
DA:131,42
DA:132,42
DA:133,42
DA:134,42
DA:137,0
DA:138,0
DA:142,0
DA:143,0
DA:146,0
DA:147,0
DA:155,0
DA:156,0
DA:160,0
DA:161,0
DA:178,0
DA:179,0
DA:184,0
DA:200,0
DA:251,0
DA:268,0
DA:295,0
DA:304,1
LF:60
LH:30
BRDA:55,0,0,0
BRDA:55,0,1,0
BRDA:62,1,0,0
BRDA:62,1,1,0
BRDA:102,2,0,14
BRDA:102,2,1,28
BRDA:114,3,0,0
BRDA:114,3,1,42
BRDA:122,4,0,13
BRDA:122,4,1,0
BRDA:123,5,0,13
BRDA:123,5,1,0
BRDA:124,6,0,13
BRDA:124,6,1,0
BRDA:130,7,0,42
BRDA:130,7,1,28
BRDA:131,8,0,42
BRDA:131,8,1,28
BRDA:132,9,0,42
BRDA:132,9,1,23
BRDA:133,10,0,42
BRDA:133,10,1,39
BRDA:142,11,0,0
BRDA:142,11,1,0
BRDA:146,12,0,0
BRDA:146,12,1,0
BRDA:155,13,0,0
BRDA:155,13,1,0
BRDA:155,14,0,0
BRDA:155,14,1,0
BRDA:155,14,2,0
BRDA:160,15,0,0
BRDA:160,15,1,0
BRDA:160,16,0,0
BRDA:160,16,1,0
BRDA:160,16,2,0
BRDA:165,17,0,0
BRDA:165,17,1,0
BRDA:178,18,0,0
BRDA:178,18,1,0
BRDA:265,19,0,0
BRDA:265,19,1,0
BRF:42
BRH:14
end_of_record
TN:
SF:src\screens\LoginScreen.tsx
FN:16,LoginScreen
FN:59,(anonymous_1)
FN:65,(anonymous_2)
FN:69,(anonymous_3)
FNF:4
FNH:4
FNDA:56,LoginScreen
FNDA:2,(anonymous_1)
FNDA:1,(anonymous_2)
FNDA:1,(anonymous_3)
DA:17,56
DA:33,56
DA:35,56
DA:59,2
DA:66,1
DA:67,1
DA:70,1
DA:71,1
DA:94,1
LF:9
LH:9
BRDA:43,0,0,56
BRDA:43,0,1,0
BRF:2
BRH:1
end_of_record
TN:
SF:src\screens\ProfileScreen.tsx
FN:23,ProfileScreen
FN:31,(anonymous_1)
FN:42,(anonymous_2)
FN:46,(anonymous_3)
FN:52,(anonymous_4)
FNF:5
FNH:0
FNDA:0,ProfileScreen
FNDA:0,(anonymous_1)
FNDA:0,(anonymous_2)
FNDA:0,(anonymous_3)
FNDA:0,(anonymous_4)
DA:24,0
DA:25,0
DA:27,0
DA:28,0
DA:29,0
DA:31,0
DA:32,0
DA:33,0
DA:34,0
DA:36,0
DA:38,0
DA:42,0
DA:43,0
DA:46,0
DA:47,0
DA:48,0
DA:49,0
DA:52,0
DA:53,0
DA:56,0
DA:57,0
DA:65,0
DA:66,0
DA:79,0
DA:183,0
LF:25
LH:0
BRDA:56,0,0,0
BRDA:56,0,1,0
BRDA:65,1,0,0
BRDA:65,1,1,0
BRDA:105,2,0,0
BRDA:105,2,1,0
BRDA:134,3,0,0
BRDA:134,3,1,0
BRF:8
BRH:0
end_of_record
TN:
SF:src\screens\AdminDashboard\AdminDashboard.tsx
FN:20,AdminDashboard
FN:38,(anonymous_1)
FN:42,(anonymous_2)
FN:109,(anonymous_3)
FN:137,(anonymous_4)
FN:188,(anonymous_5)
FN:220,(anonymous_6)
FN:247,(anonymous_7)
FN:254,(anonymous_8)
FN:262,(anonymous_9)
FN:272,(anonymous_10)
FN:281,(anonymous_11)
FN:289,(anonymous_12)
FNF:13
FNH:0
FNDA:0,AdminDashboard
FNDA:0,(anonymous_1)
FNDA:0,(anonymous_2)
FNDA:0,(anonymous_3)
FNDA:0,(anonymous_4)
FNDA:0,(anonymous_5)
FNDA:0,(anonymous_6)
FNDA:0,(anonymous_7)
FNDA:0,(anonymous_8)
FNDA:0,(anonymous_9)
FNDA:0,(anonymous_10)
FNDA:0,(anonymous_11)
FNDA:0,(anonymous_12)
DA:28,0
DA:29,0
DA:32,0
DA:33,0
DA:34,0
DA:35,0
DA:36,0
DA:38,0
DA:39,0
DA:42,0
DA:43,0
DA:44,0
DA:46,0
DA:47,0
DA:50,0
DA:51,0
DA:52,0
DA:53,0
DA:55,0
DA:56,0
DA:57,0
DA:58,0
DA:59,0
DA:60,0
DA:63,0
DA:67,0
DA:68,0
DA:69,0
DA:70,0
DA:72,0
DA:73,0
DA:74,0
DA:75,0
DA:76,0
DA:79,0
DA:83,0
DA:84,0
DA:85,0
DA:86,0
DA:88,0
DA:90,0
DA:93,0
DA:97,0
DA:98,0
DA:101,0
DA:102,0
DA:104,0
DA:109,0
DA:137,0
DA:138,0
DA:139,0
DA:149,0
DA:150,0
DA:160,0
DA:182,0
DA:189,0
DA:190,0
DA:221,0
DA:247,0
DA:254,0
DA:262,0
DA:272,0
DA:281,0
DA:289,0
DA:344,1
LF:65
LH:1
BRDA:55,0,0,0
BRDA:55,0,1,0
BRDA:55,1,0,0
BRDA:55,1,1,0
BRDA:72,2,0,0
BRDA:72,2,1,0
BRDA:88,3,0,0
BRDA:88,3,1,0
BRDA:138,4,0,0
BRDA:138,4,1,0
BRDA:149,5,0,0
BRDA:149,5,1,0
BRDA:164,6,0,0
BRDA:164,6,1,0
BRDA:170,7,0,0
BRDA:170,7,1,0
BRDA:176,8,0,0
BRDA:176,8,1,0
BRDA:207,9,0,0
BRDA:207,9,1,0
BRDA:213,10,0,0
BRDA:213,10,1,0
BRDA:225,11,0,0
BRDA:225,11,1,0
BRDA:257,12,0,0
BRDA:257,12,1,0
BRDA:267,13,0,0
BRDA:267,13,1,0
BRDA:313,14,0,0
BRDA:313,14,1,0
BRF:30
BRH:0
end_of_record
TN:
SF:src\screens\AdminDashboard\index.ts
FNF:0
FNH:0
LF:0
LH:0
BRF:0
BRH:0
end_of_record
TN:
SF:src\screens\ParticipantDashboard\ParticipantDashboard.tsx
FN:35,ParticipantDashboard
FN:66,(anonymous_1)
FN:69,(anonymous_2)
FN:75,(anonymous_3)
FN:84,(anonymous_4)
FN:106,(anonymous_5)
FN:164,(anonymous_6)
FN:169,(anonymous_7)
FN:206,(anonymous_8)
FN:227,(anonymous_9)
FN:235,(anonymous_10)
FN:275,(anonymous_11)
FN:290,(anonymous_12)
FNF:13
FNH:5
FNDA:3,ParticipantDashboard
FNDA:0,(anonymous_1)
FNDA:0,(anonymous_2)
FNDA:0,(anonymous_3)
FNDA:1,(anonymous_4)
FNDA:1,(anonymous_5)
FNDA:0,(anonymous_6)
FNDA:0,(anonymous_7)
FNDA:0,(anonymous_8)
FNDA:0,(anonymous_9)
FNDA:0,(anonymous_10)
FNDA:15,(anonymous_11)
FNDA:6,(anonymous_12)
DA:49,3
DA:50,3
DA:51,3
DA:52,3
DA:55,3
DA:61,3
DA:64,3
DA:67,0
DA:70,0
DA:75,3
DA:76,0
DA:77,0
DA:80,0
DA:84,3
DA:106,3
DA:160,3
DA:164,0
DA:169,0
DA:173,3
DA:206,0
DA:227,0
DA:236,0
DA:276,15
DA:291,6
DA:325,1
LF:25
LH:15
BRDA:61,0,0,0
BRDA:61,0,1,3
BRDA:65,1,0,0
BRDA:65,1,1,3
BRDA:77,2,0,0
BRDA:77,2,1,0
BRDA:80,3,0,0
BRDA:80,3,1,0
BRDA:88,4,0,1
BRDA:88,4,1,0
BRDA:94,5,0,0
BRDA:94,5,1,1
BRDA:100,6,0,1
BRDA:100,6,1,0
BRDA:195,7,0,0
BRDA:195,7,1,3
BRDA:196,8,0,3
BRDA:196,8,1,0
BRDA:201,9,0,3
BRDA:201,9,1,3
BRDA:222,10,0,3
BRDA:222,10,1,0
BRDA:233,11,0,0
BRDA:233,11,1,0
BRDA:243,12,0,0
BRDA:243,12,1,0
BRF:26
BRH:10
end_of_record
TN:
SF:src\screens\ParticipantDashboard\index.ts
FNF:0
FNH:0
LF:0
LH:0
BRF:0
BRH:0
end_of_record
TN:
SF:src\services\api.ts
FN:27,apiFetch
FN:54,(anonymous_1)
FN:70,(anonymous_2)
FN:144,getErrorMessage
FN:176,sleep
FN:177,(anonymous_5)
FNF:6
FNH:6
FNDA:37,apiFetch
FNDA:2,(anonymous_1)
FNDA:3,(anonymous_2)
FNDA:16,getErrorMessage
FNDA:11,sleep
FNDA:11,(anonymous_5)
DA:14,9
DA:37,37
DA:39,37
DA:42,37
DA:44,37
DA:52,37
DA:53,48
DA:54,48
DA:56,48
DA:57,48
DA:63,40
DA:66,40
DA:69,40
DA:70,16
DA:71,16
DA:72,16
DA:76,24
DA:79,24
DA:82,24
DA:83,3
DA:86,3
DA:87,1
DA:91,2
DA:92,2
DA:93,2
DA:94,2
DA:98,21
DA:99,5
DA:102,5
DA:103,1
DA:107,4
DA:108,4
DA:109,4
DA:110,4
DA:114,16
DA:115,4
DA:119,12
DA:120,6
DA:121,5
DA:126,7
DA:127,2
DA:131,5
DA:132,5
DA:133,5
DA:138,0
DA:145,16
DA:147,16
DA:149,4
DA:151,3
DA:153,1
DA:155,1
DA:157,1
DA:159,0
DA:161,6
DA:163,0
DA:165,0
DA:167,0
DA:169,0
DA:177,11
LF:59
LH:53
BRDA:29,0,0,24
BRDA:30,1,0,36
BRDA:33,2,0,30
BRDA:34,3,0,33
BRDA:35,4,0,32
BRDA:42,5,0,35
BRDA:42,5,1,2
BRDA:46,6,0,35
BRDA:46,6,1,2
BRDA:47,7,0,1
BRDA:47,7,1,36
BRDA:69,8,0,16
BRDA:69,8,1,24
BRDA:82,9,0,3
BRDA:82,9,1,21
BRDA:82,10,0,24
BRDA:82,10,1,24
BRDA:86,11,0,1
BRDA:86,11,1,2
BRDA:98,12,0,5
BRDA:98,12,1,16
BRDA:98,13,0,21
BRDA:98,13,1,5
BRDA:102,14,0,1
BRDA:102,14,1,4
BRDA:114,15,0,4
BRDA:114,15,1,12
BRDA:114,16,0,16
BRDA:114,16,1,16
BRDA:119,17,0,6
BRDA:119,17,1,6
BRDA:119,18,0,12
BRDA:119,18,1,12
BRDA:120,19,0,5
BRDA:120,19,1,1
BRDA:120,20,0,6
BRDA:120,20,1,5
BRDA:126,21,0,2
BRDA:126,21,1,5
BRDA:145,22,0,16
BRDA:145,22,1,13
BRDA:147,23,0,4
BRDA:147,23,1,3
BRDA:147,23,2,1
BRDA:147,23,3,1
BRDA:147,23,4,1
BRDA:147,23,5,0
BRDA:147,23,6,6
BRDA:147,23,7,0
BRDA:147,23,8,0
BRDA:147,23,9,0
BRDA:147,23,10,0
BRDA:149,24,0,4
BRDA:149,24,1,1
BRDA:155,25,0,1
BRDA:155,25,1,1
BRDA:169,26,0,0
BRDA:169,26,1,0
BRF:58
BRH:51
end_of_record
TN:
SF:src\services\stepQueue.ts
FN:72,(anonymous_0)
FN:85,(anonymous_1)
FN:100,(anonymous_2)
FN:119,(anonymous_3)
FN:139,(anonymous_4)
FN:141,(anonymous_5)
FN:147,(anonymous_6)
FN:149,(anonymous_7)
FN:155,(anonymous_8)
FN:157,(anonymous_9)
FN:163,(anonymous_10)
FN:166,(anonymous_11)
FN:177,(anonymous_12)
FN:181,(anonymous_13)
FN:193,(anonymous_14)
FN:204,(anonymous_15)
FN:216,(anonymous_16)
FN:219,(anonymous_17)
FN:233,(anonymous_18)
FN:240,(anonymous_19)
FN:248,(anonymous_20)
FN:249,(anonymous_21)
FN:250,(anonymous_22)
FN:263,(anonymous_23)
FN:287,(anonymous_24)
FN:293,(anonymous_25)
FN:305,(anonymous_26)
FN:307,(anonymous_27)
FN:313,(anonymous_28)
FN:315,(anonymous_29)
FN:327,(anonymous_30)
FN:334,(anonymous_31)
FN:341,(anonymous_32)
FN:352,(anonymous_33)
FN:373,queueOfflineSteps
FN:384,getUnsyncedStepsTotal
FN:392,prepareSync
FN:409,(anonymous_37)
FN:437,completeSync
FN:450,(anonymous_39)
FN:468,(anonymous_40)
FN:476,syncWithRetry
FN:518,(anonymous_42)
FN:531,clearQueue
FNF:44
FNH:39
FNDA:176,(anonymous_0)
FNDA:0,(anonymous_1)
FNDA:127,(anonymous_2)
FNDA:5067,(anonymous_3)
FNDA:21,(anonymous_4)
FNDA:124,(anonymous_5)
FNDA:1,(anonymous_6)
FNDA:3,(anonymous_7)
FNDA:1,(anonymous_8)
FNDA:3,(anonymous_9)
FNDA:5,(anonymous_10)
FNDA:9,(anonymous_11)
FNDA:1,(anonymous_12)
FNDA:2,(anonymous_13)
FNDA:23,(anonymous_14)
FNDA:13,(anonymous_15)
FNDA:3,(anonymous_16)
FNDA:4,(anonymous_17)
FNDA:1,(anonymous_18)
FNDA:2,(anonymous_19)
FNDA:6,(anonymous_20)
FNDA:6,(anonymous_21)
FNDA:6,(anonymous_22)
FNDA:5,(anonymous_23)
FNDA:4,(anonymous_24)
FNDA:6,(anonymous_25)
FNDA:5,(anonymous_26)
FNDA:6,(anonymous_27)
FNDA:1,(anonymous_28)
FNDA:3,(anonymous_29)
FNDA:6,(anonymous_30)
FNDA:8,(anonymous_31)
FNDA:147,(anonymous_32)
FNDA:9,(anonymous_33)
FNDA:2,queueOfflineSteps
FNDA:0,getUnsyncedStepsTotal
FNDA:4,prepareSync
FNDA:3,(anonymous_37)
FNDA:2,completeSync
FNDA:0,(anonymous_39)
FNDA:0,(anonymous_40)
FNDA:4,syncWithRetry
FNDA:3,(anonymous_42)
FNDA:0,clearQueue
DA:19,4
DA:20,4
DA:21,4
DA:64,4
DA:65,4
DA:66,4
DA:67,4
DA:73,176
DA:75,1
DA:76,1
DA:77,1
DA:78,0
DA:79,0
DA:82,1
DA:83,1
DA:84,0
DA:85,0
DA:88,1
DA:90,0
DA:91,0
DA:92,0
DA:93,0
DA:105,127
DA:107,127
DA:116,127
DA:119,127
DA:120,5067
DA:121,5067
DA:122,5008
DA:126,127
DA:127,1
DA:129,1
DA:132,127
DA:133,127
DA:140,21
DA:141,124
DA:148,1
DA:149,3
DA:156,1
DA:157,3
DA:164,5
DA:166,5
DA:167,9
DA:170,5
DA:171,5
DA:178,1
DA:180,1
DA:181,2
DA:182,1
DA:184,1
DA:185,1
DA:186,1
DA:194,23
DA:195,23
DA:196,23
DA:197,23
DA:198,23
DA:205,13
DA:206,13
DA:207,13
DA:208,13
DA:209,13
DA:217,3
DA:218,3
DA:219,4
DA:220,3
DA:222,3
DA:223,1
DA:224,1
DA:227,3
DA:234,1
DA:246,2
DA:248,6
DA:249,6
DA:250,6
DA:252,2
DA:268,5
DA:270,5
DA:279,5
DA:280,5
DA:281,5
DA:291,4
DA:293,6
DA:294,4
DA:295,4
DA:296,4
DA:297,4
DA:298,4
DA:306,5
DA:307,6
DA:314,1
DA:315,3
DA:317,1
DA:318,3
DA:321,1
DA:328,6
DA:335,8
DA:342,147
DA:343,147
DA:345,0
DA:353,9
DA:354,9
DA:356,0
DA:364,4
DA:378,2
DA:385,0
DA:399,4
DA:400,0
DA:401,0
DA:404,4
DA:405,4
DA:406,1
DA:409,3
DA:410,3
DA:413,3
DA:416,3
DA:417,0
DA:421,0
DA:422,0
DA:424,0
DA:425,0
DA:429,3
DA:431,3
DA:441,2
DA:444,2
DA:445,0
DA:447,0
DA:448,0
DA:449,0
DA:450,0
DA:452,0
DA:455,0
DA:456,0
DA:457,0
DA:462,2
DA:465,2
DA:468,2
DA:469,0
DA:480,4
DA:482,4
DA:483,1
DA:486,3
DA:487,0
DA:492,3
DA:493,6
DA:494,6
DA:497,6
DA:498,6
DA:499,6
DA:503,6
DA:506,2
DA:508,2
DA:509,2
DA:512,4
DA:513,4
DA:515,4
DA:516,3
DA:517,3
DA:518,3
DA:523,1
DA:524,1
DA:525,1
DA:532,0
LF:163
LH:133
BRDA:73,0,0,175
BRDA:73,0,1,1
BRDA:77,1,0,0
BRDA:77,1,1,1
BRDA:77,2,0,1
BRDA:77,2,1,0
BRDA:83,3,0,0
BRDA:83,3,1,1
BRDA:83,4,0,1
BRDA:83,4,1,0
BRDA:102,5,0,0
BRDA:120,6,0,5067
BRDA:120,6,1,1278
BRDA:120,7,0,5067
BRDA:120,7,1,1328
BRDA:121,8,0,59
BRDA:121,8,1,5008
BRDA:126,9,0,1
BRDA:126,9,1,126
BRDA:147,10,0,0
BRDA:149,11,0,3
BRDA:149,11,1,3
BRDA:149,12,0,3
BRDA:149,12,1,1
BRDA:184,13,0,1
BRDA:184,13,1,0
BRDA:206,14,0,13
BRDA:206,14,1,0
BRDA:207,15,0,13
BRDA:207,15,1,5
BRDA:216,16,0,0
BRDA:219,17,0,4
BRDA:219,17,1,1
BRDA:222,18,0,1
BRDA:222,18,1,2
BRDA:294,19,0,4
BRDA:294,19,1,0
BRDA:375,20,0,1
BRDA:399,21,0,0
BRDA:399,21,1,4
BRDA:405,22,0,1
BRDA:405,22,1,3
BRDA:416,23,0,0
BRDA:416,23,1,3
BRDA:424,24,0,0
BRDA:424,24,1,0
BRDA:444,25,0,0
BRDA:444,25,1,2
BRDA:444,26,0,2
BRDA:444,26,1,2
BRDA:447,27,0,0
BRDA:447,27,1,0
BRDA:456,28,0,0
BRDA:456,28,1,0
BRDA:478,29,0,2
BRDA:482,30,0,1
BRDA:482,30,1,3
BRDA:486,31,0,0
BRDA:486,31,1,3
BRDA:512,32,0,4
BRDA:512,32,1,0
BRDA:515,33,0,3
BRDA:515,33,1,1
BRF:63
BRH:42
end_of_record
TN:
SF:src\theme\colors.ts
FN:142,(anonymous_0)
FNF:1
FNH:0
FNDA:0,(anonymous_0)
DA:7,18
DA:73,18
DA:139,18
DA:142,18
LF:4
LH:4
BRDA:142,0,0,0
BRDA:142,0,1,0
BRF:2
BRH:0
end_of_record
TN:
SF:src\theme\components.ts
FNF:0
FNH:0
DA:12,18
LF:1
LH:1
BRF:0
BRH:0
end_of_record
TN:
SF:src\theme\index.ts
FNF:0
FNH:0
DA:29,18
LF:1
LH:1
BRF:0
BRH:0
end_of_record
TN:
SF:src\theme\shadows.ts
FN:11,(anonymous_0)
FNF:1
FNH:1
FNDA:90,(anonymous_0)
DA:11,18
DA:16,90
DA:17,0
DA:21,90
DA:32,18
LF:5
LH:4
BRDA:13,0,0,0
BRDA:14,1,0,0
BRDA:16,2,0,0
BRDA:16,2,1,90
BRF:4
BRH:1
end_of_record
TN:
SF:src\theme\spacing.ts
FNF:0
FNH:0
DA:6,18
LF:1
LH:1
BRF:0
BRH:0
end_of_record
TN:
SF:src\theme\typography.ts
FNF:0
FNH:0
DA:6,18
LF:1
LH:1
BRF:0
BRH:0
end_of_record
TN:
SF:src\utils\animations.ts
FN:111,(anonymous_0)
FN:118,(anonymous_1)
FN:126,(anonymous_2)
FN:133,(anonymous_3)
FN:141,(anonymous_4)
FN:148,(anonymous_5)
FN:156,(anonymous_6)
FN:172,(anonymous_7)
FN:187,(anonymous_8)
FN:201,(anonymous_9)
FN:206,(anonymous_10)
FN:220,(anonymous_11)
FN:243,(anonymous_12)
FN:265,(anonymous_13)
FN:279,(anonymous_14)
FN:293,(anonymous_15)
FN:300,(anonymous_16)
FN:319,(anonymous_17)
FNF:18
FNH:0
FNDA:0,(anonymous_0)
FNDA:0,(anonymous_1)
FNDA:0,(anonymous_2)
FNDA:0,(anonymous_3)
FNDA:0,(anonymous_4)
FNDA:0,(anonymous_5)
FNDA:0,(anonymous_6)
FNDA:0,(anonymous_7)
FNDA:0,(anonymous_8)
FNDA:0,(anonymous_9)
FNDA:0,(anonymous_10)
FNDA:0,(anonymous_11)
FNDA:0,(anonymous_12)
FNDA:0,(anonymous_13)
FNDA:0,(anonymous_14)
FNDA:0,(anonymous_15)
FNDA:0,(anonymous_16)
FNDA:0,(anonymous_17)
DA:11,6
DA:22,6
DA:58,6
DA:94,6
DA:109,6
DA:112,0
DA:119,0
DA:127,0
DA:134,0
DA:142,0
DA:149,0
DA:157,0
DA:173,0
DA:188,0
DA:201,6
DA:206,0
DA:207,0
DA:214,0
DA:220,6
DA:225,0
DA:243,6
DA:248,0
DA:250,0
DA:257,0
DA:263,6
DA:265,0
DA:279,0
DA:293,0
DA:300,0
DA:319,6
DA:324,0
LF:31
LH:10
BRDA:203,0,0,0
BRDA:204,1,0,0
BRDA:246,2,0,0
BRF:3
BRH:0
end_of_record
TN:
SF:src\utils\apiHelpers.ts
FN:17,transformRouteFundsResponse
FN:31,(anonymous_1)
FN:64,isValidRouteFund
FN:80,sanitizeRouteFundData
FNF:4
FNH:0
FNDA:0,transformRouteFundsResponse
FNDA:0,(anonymous_1)
FNDA:0,isValidRouteFund
FNDA:0,sanitizeRouteFundData
DA:19,0
DA:20,0
DA:21,0
DA:25,0
DA:26,0
DA:27,0
DA:31,0
DA:33,0
DA:36,0
DA:39,0
DA:44,0
DA:45,0
DA:48,0
DA:55,0
DA:56,0
DA:65,0
DA:84,0
DA:85,0
DA:87,0
DA:88,0
DA:91,0
DA:92,0
DA:95,0
LF:23
LH:0
BRDA:19,0,0,0
BRDA:19,0,1,0
BRDA:25,1,0,0
BRDA:25,1,1,0
BRDA:33,2,0,0
BRDA:33,2,1,0
BRDA:33,2,2,0
BRDA:33,3,0,0
BRDA:33,3,1,0
BRDA:36,4,0,0
BRDA:36,4,1,0
BRDA:36,4,2,0
BRDA:39,5,0,0
BRDA:39,5,1,0
BRDA:41,6,0,0
BRDA:41,6,1,0
BRDA:44,7,0,0
BRDA:44,7,1,0
BRDA:44,8,0,0
BRDA:44,8,1,0
BRDA:66,9,0,0
BRDA:66,9,1,0
BRDA:66,9,2,0
BRDA:66,9,3,0
BRDA:66,9,4,0
BRDA:66,9,5,0
BRDA:84,10,0,0
BRDA:84,10,1,0
BRDA:85,11,0,0
BRDA:85,11,1,0
BRDA:87,12,0,0
BRDA:87,12,1,0
BRDA:91,13,0,0
BRDA:91,13,1,0
BRF:34
BRH:0
end_of_record
TN:
SF:src\utils\authStorage.ts
FN:44,(anonymous_0)
FN:52,(anonymous_1)
FN:59,(anonymous_2)
FN:67,(anonymous_3)
FN:78,(anonymous_4)
FN:97,(anonymous_5)
FN:108,(anonymous_6)
FN:116,(anonymous_7)
FN:124,(anonymous_8)
FN:132,(anonymous_9)
FN:146,(anonymous_10)
FN:149,(anonymous_11)
FN:158,(anonymous_12)
FN:160,(anonymous_13)
FN:161,(anonymous_14)
FN:170,(anonymous_15)
FN:172,(anonymous_16)
FN:173,(anonymous_17)
FN:181,(anonymous_18)
FN:183,(anonymous_19)
FN:189,(anonymous_20)
FN:191,(anonymous_21)
FN:192,(anonymous_22)
FN:202,(anonymous_23)
FN:209,(anonymous_24)
FN:216,(anonymous_25)
FN:229,(anonymous_26)
FN:237,(anonymous_27)
FN:245,(anonymous_28)
FN:256,(anonymous_29)
FNF:30
FNH:1
FNDA:0,(anonymous_0)
FNDA:0,(anonymous_1)
FNDA:0,(anonymous_2)
FNDA:0,(anonymous_3)
FNDA:0,(anonymous_4)
FNDA:1,(anonymous_5)
FNDA:0,(anonymous_6)
FNDA:0,(anonymous_7)
FNDA:0,(anonymous_8)
FNDA:0,(anonymous_9)
FNDA:0,(anonymous_10)
FNDA:0,(anonymous_11)
FNDA:0,(anonymous_12)
FNDA:0,(anonymous_13)
FNDA:0,(anonymous_14)
FNDA:0,(anonymous_15)
FNDA:0,(anonymous_16)
FNDA:0,(anonymous_17)
FNDA:0,(anonymous_18)
FNDA:0,(anonymous_19)
FNDA:0,(anonymous_20)
FNDA:0,(anonymous_21)
FNDA:0,(anonymous_22)
FNDA:0,(anonymous_23)
FNDA:0,(anonymous_24)
FNDA:0,(anonymous_25)
FNDA:0,(anonymous_26)
FNDA:0,(anonymous_27)
FNDA:0,(anonymous_28)
FNDA:0,(anonymous_29)
DA:23,6
DA:36,6
DA:45,0
DA:46,0
DA:53,0
DA:60,0
DA:61,0
DA:68,0
DA:79,0
DA:82,0
DA:83,0
DA:84,0
DA:85,0
DA:87,0
DA:98,1
DA:109,0
DA:110,0
DA:117,0
DA:118,0
DA:125,0
DA:126,0
DA:133,0
DA:134,0
DA:147,0
DA:148,0
DA:149,0
DA:159,0
DA:160,0
DA:161,0
DA:171,0
DA:172,0
DA:173,0
DA:182,0
DA:183,0
DA:190,0
DA:191,0
DA:192,0
DA:203,0
DA:210,0
DA:217,0
DA:218,0
DA:230,0
DA:238,0
DA:246,0
DA:257,0
DA:265,0
LF:46
LH:3
BRDA:82,0,0,0
BRDA:82,0,1,0
BRDA:110,1,0,0
BRDA:110,1,1,0
BRDA:118,2,0,0
BRDA:118,2,1,0
BRDA:126,3,0,0
BRDA:126,3,1,0
BRDA:134,4,0,0
BRDA:134,4,1,0
BRDA:149,5,0,0
BRDA:149,5,1,0
BRDA:161,6,0,0
BRDA:161,6,1,0
BRDA:173,7,0,0
BRDA:173,7,1,0
BRF:16
BRH:0
end_of_record
TN:
SF:src\utils\haptics.ts
FN:37,(anonymous_0)
FN:50,(anonymous_1)
FN:63,(anonymous_2)
FN:76,(anonymous_3)
FN:91,(anonymous_4)
FN:106,(anonymous_5)
FN:121,(anonymous_6)
FN:136,(anonymous_7)
FN:141,(anonymous_8)
FN:146,(anonymous_9)
FNF:10
FNH:10
FNDA:12,(anonymous_0)
FNDA:4,(anonymous_1)
FNDA:3,(anonymous_2)
FNDA:4,(anonymous_3)
FNDA:2,(anonymous_4)
FNDA:3,(anonymous_5)
FNDA:3,(anonymous_6)
FNDA:1,(anonymous_7)
FNDA:1,(anonymous_8)
FNDA:1,(anonymous_9)
DA:28,10
DA:33,10
DA:38,12
DA:39,12
DA:40,12
DA:51,4
DA:52,4
DA:53,4
DA:64,3
DA:65,3
DA:66,3
DA:77,4
DA:78,4
DA:79,4
DA:92,2
DA:93,2
DA:94,2
DA:107,3
DA:108,3
DA:109,3
DA:122,3
DA:123,3
DA:124,3
DA:136,10
DA:141,10
DA:146,10
LF:26
LH:26
BRDA:28,0,0,10
BRDA:28,0,1,0
BRDA:38,1,0,12
BRDA:38,1,1,0
BRDA:51,2,0,4
BRDA:51,2,1,0
BRDA:64,3,0,3
BRDA:64,3,1,0
BRDA:77,4,0,4
BRDA:77,4,1,0
BRDA:92,5,0,2
BRDA:92,5,1,0
BRDA:107,6,0,3
BRDA:107,6,1,0
BRDA:122,7,0,3
BRDA:122,7,1,0
BRF:16
BRH:8
end_of_record
TN:
SF:src\utils\logger.ts
FN:28,(anonymous_0)
FN:46,(anonymous_1)
FN:56,(anonymous_2)
FN:66,(anonymous_3)
FN:74,(anonymous_4)
FN:87,(anonymous_5)
FN:97,(anonymous_6)
FN:107,(anonymous_7)
FN:117,(anonymous_8)
FN:127,(anonymous_9)
FN:137,(anonymous_10)
FN:154,(anonymous_11)
FN:158,(anonymous_12)
FNF:13
FNH:13
FNDA:218,(anonymous_0)
FNDA:110,(anonymous_1)
FNDA:136,(anonymous_2)
FNDA:17,(anonymous_3)
FNDA:46,(anonymous_4)
FNDA:79,(anonymous_5)
FNDA:13,(anonymous_6)
FNDA:4,(anonymous_7)
FNDA:2,(anonymous_8)
FNDA:1,(anonymous_9)
FNDA:1,(anonymous_10)
FNDA:2,(anonymous_11)
FNDA:2,(anonymous_12)
DA:19,30
DA:22,30
DA:23,30
DA:28,30
DA:29,218
DA:30,218
DA:41,30
DA:47,110
DA:48,0
DA:57,136
DA:58,136
DA:67,17
DA:75,46
DA:88,79
DA:89,0
DA:98,13
DA:99,13
DA:108,4
DA:109,4
DA:118,2
DA:119,2
DA:120,1
DA:122,1
DA:128,1
DA:129,1
DA:138,1
DA:139,1
DA:155,2
DA:157,2
DA:159,2
DA:160,2
DA:161,2
LF:32
LH:30
BRDA:47,0,0,0
BRDA:47,0,1,110
BRDA:47,1,0,110
BRDA:47,1,1,110
BRDA:57,2,0,136
BRDA:57,2,1,0
BRDA:88,3,0,0
BRDA:88,3,1,79
BRDA:88,4,0,79
BRDA:88,4,1,79
BRDA:98,5,0,13
BRDA:98,5,1,0
BRDA:108,6,0,4
BRDA:108,6,1,0
BRDA:117,7,0,1
BRDA:118,8,0,2
BRDA:118,8,1,0
BRDA:119,9,0,1
BRDA:119,9,1,1
BRDA:128,10,0,1
BRDA:128,10,1,0
BRDA:138,11,0,1
BRDA:138,11,1,0
BRF:23
BRH:15
end_of_record
TN:
SF:src\utils\storage.ts
FN:49,(anonymous_0)
FN:65,(anonymous_1)
FN:81,(anonymous_2)
FN:97,(anonymous_3)
FN:114,(anonymous_4)
FN:130,(anonymous_5)
FN:134,(anonymous_6)
FN:149,(anonymous_7)
FN:153,(anonymous_8)
FN:159,(anonymous_9)
FN:166,(anonymous_10)
FN:169,(anonymous_11)
FN:182,(anonymous_12)
FN:195,(anonymous_13)
FN:208,(anonymous_14)
FN:215,(anonymous_15)
FNF:16
FNH:15
FNDA:37,(anonymous_0)
FNDA:31,(anonymous_1)
FNDA:4,(anonymous_2)
FNDA:40,(anonymous_3)
FNDA:3,(anonymous_4)
FNDA:2,(anonymous_5)
FNDA:2,(anonymous_6)
FNDA:2,(anonymous_7)
FNDA:4,(anonymous_8)
FNDA:0,(anonymous_9)
FNDA:2,(anonymous_10)
FNDA:4,(anonymous_11)
FNDA:14,(anonymous_12)
FNDA:9,(anonymous_13)
FNDA:1,(anonymous_14)
FNDA:1,(anonymous_15)
DA:27,13
DA:28,13
DA:29,13
DA:31,13
DA:33,13
DA:34,13
DA:35,13
DA:36,13
DA:38,0
DA:39,0
DA:45,13
DA:50,37
DA:51,37
DA:52,37
DA:54,0
DA:57,0
DA:58,0
DA:66,31
DA:67,31
DA:68,31
DA:70,0
DA:73,0
DA:74,0
DA:82,4
DA:83,4
DA:84,4
DA:86,0
DA:89,0
DA:90,0
DA:98,40
DA:99,40
DA:100,40
DA:102,0
DA:104,40
DA:106,0
DA:107,0
DA:115,3
DA:116,3
DA:117,3
DA:119,0
DA:122,0
DA:123,0
DA:131,2
DA:132,2
DA:134,2
DA:135,2
DA:138,0
DA:141,0
DA:142,0
DA:150,2
DA:151,2
DA:153,4
DA:155,0
DA:158,0
DA:159,0
DA:167,2
DA:168,2
DA:169,4
DA:171,0
DA:174,0
DA:175,0
DA:183,14
DA:184,14
DA:185,14
DA:187,3
DA:188,3
DA:196,9
DA:197,9
DA:198,8
DA:200,1
DA:201,1
DA:209,1
DA:216,1
LF:73
LH:47
BRDA:51,0,0,37
BRDA:51,0,1,0
BRDA:51,1,0,37
BRDA:51,1,1,37
BRDA:52,2,0,37
BRDA:52,2,1,14
BRDA:67,3,0,31
BRDA:67,3,1,0
BRDA:67,4,0,31
BRDA:67,4,1,31
BRDA:83,5,0,4
BRDA:83,5,1,0
BRDA:83,6,0,4
BRDA:83,6,1,4
BRDA:99,7,0,40
BRDA:99,7,1,0
BRDA:99,8,0,40
BRDA:99,8,1,40
BRDA:116,9,0,3
BRDA:116,9,1,0
BRDA:116,10,0,3
BRDA:116,10,1,3
BRDA:132,11,0,2
BRDA:132,11,1,0
BRDA:132,12,0,2
BRDA:132,12,1,2
BRDA:151,13,0,2
BRDA:151,13,1,0
BRDA:151,14,0,2
BRDA:151,14,1,2
BRDA:153,15,0,4
BRDA:153,15,1,2
BRDA:168,16,0,2
BRDA:168,16,1,0
BRDA:168,17,0,2
BRDA:168,17,1,2
BRDA:185,18,0,11
BRDA:185,18,1,3
BRDA:209,19,0,1
BRDA:209,19,1,0
BRF:40
BRH:31
end_of_record
