TN:
SF:src\components\ErrorBoundary.tsx
FN:24,(anonymous_0)
FN:32,(anonymous_1)
FN:40,(anonymous_2)
FN:53,(anonymous_3)
FN:60,(anonymous_4)
FNF:5
FNH:4
FNDA:32,(anonymous_0)
FNDA:26,(anonymous_1)
FNDA:13,(anonymous_2)
FNDA:0,(anonymous_3)
FNDA:58,(anonymous_4)
DA:25,32
DA:26,32
DA:34,26
DA:42,13
DA:43,13
DA:53,32
DA:54,0
DA:61,58
DA:63,26
DA:64,4
DA:68,22
DA:116,32
DA:120,1
LF:13
LH:12
BRDA:61,0,0,26
BRDA:61,0,1,32
BRDA:63,1,0,4
BRDA:63,1,1,22
BRDA:86,2,0,22
BRDA:86,2,1,22
BRDA:86,2,2,22
BRDA:91,3,0,22
BRDA:91,3,1,22
BRF:9
BRH:9
end_of_record
TN:
SF:src\components\NetworkStatusBanner.tsx
FN:19,NetworkStatusBanner
FN:26,(anonymous_1)
FNF:2
FNH:2
FNDA:14,NetworkStatusBanner
FNDA:14,(anonymous_1)
DA:20,14
DA:21,14
DA:24,14
DA:26,14
DA:27,14
DA:29,10
DA:37,4
DA:46,14
DA:47,4
DA:50,10
DA:75,1
LF:11
LH:11
BRDA:24,0,0,14
BRDA:24,0,1,5
BRDA:27,1,0,10
BRDA:27,1,1,4
BRDA:46,2,0,4
BRDA:46,2,1,10
BRF:6
BRH:6
end_of_record
TN:
SF:src\components\StepCounter.tsx
FN:27,StepCounter
FNF:1
FNH:0
FNDA:0,StepCounter
DA:43,0
DA:45,0
DA:78,0
LF:3
LH:0
BRF:0
BRH:0
end_of_record
TN:
SF:src\components\StepCounterControls.tsx
FN:31,StepCounterControls
FN:70,(anonymous_1)
FNF:2
FNH:2
FNDA:29,StepCounterControls
FNDA:1,(anonymous_1)
DA:43,29
DA:70,1
DA:100,1
LF:3
LH:3
BRDA:46,0,0,29
BRDA:46,0,1,2
BRDA:59,1,0,5
BRDA:59,1,1,24
BRDA:61,2,0,29
BRDA:61,2,1,27
BRDA:61,2,2,22
BRDA:72,3,0,29
BRDA:72,3,1,24
BRF:9
BRH:9
end_of_record
TN:
SF:src\components\StepCounterDisplay.tsx
FN:30,StepCounterDisplay
FN:41,(anonymous_1)
FN:51,(anonymous_2)
FNF:3
FNH:3
FNDA:26,StepCounterDisplay
FNDA:3,(anonymous_1)
FNDA:8,(anonymous_2)
DA:41,26
DA:42,3
DA:43,3
DA:44,3
DA:45,2
DA:46,2
DA:47,1
DA:48,1
DA:51,26
DA:53,26
DA:129,1
LF:11
LH:11
BRDA:42,0,0,0
BRDA:42,0,1,3
BRDA:44,1,0,1
BRDA:44,1,1,2
BRDA:46,2,0,1
BRDA:46,2,1,1
BRDA:62,3,0,26
BRDA:62,3,1,3
BRDA:64,4,0,3
BRDA:64,4,1,23
BRDA:72,5,0,26
BRDA:72,5,1,4
BRDA:72,5,2,3
BRDA:79,6,0,26
BRDA:79,6,1,3
BRDA:84,7,0,26
BRDA:84,7,1,1
BRDA:89,8,0,26
BRDA:89,8,1,0
BRDA:97,9,0,26
BRDA:97,9,1,2
BRDA:103,10,0,26
BRDA:103,10,1,1
BRDA:111,11,0,26
BRDA:111,11,1,2
BRDA:119,12,0,26
BRDA:119,12,1,1
BRF:27
BRH:25
end_of_record
TN:
SF:src\components\ui\Card.tsx
FN:16,Card
FNF:1
FNH:1
FNDA:21,Card
DA:17,21
LF:1
LH:1
BRDA:16,0,0,12
BRF:1
BRH:1
end_of_record
TN:
SF:src\components\ui\CustomButton.tsx
FN:20,CustomButton
FNF:1
FNH:1
FNDA:19,CustomButton
DA:29,19
DA:33,19
DA:37,19
DA:62,1
LF:4
LH:4
BRDA:23,0,0,15
BRDA:24,1,0,16
BRDA:25,2,0,16
BRDA:29,3,0,3
BRDA:29,3,1,16
BRDA:33,4,0,3
BRDA:33,4,1,16
BRDA:41,5,0,19
BRDA:41,5,1,16
BRDA:44,6,0,3
BRDA:44,6,1,16
BRF:11
BRH:11
end_of_record
TN:
SF:src\components\ui\CustomInput.tsx
FN:16,CustomInput
FNF:1
FNH:1
FNDA:29,CustomInput
DA:23,29
DA:48,1
LF:2
LH:2
BRDA:25,0,0,29
BRDA:25,0,1,1
BRDA:32,1,0,29
BRDA:32,1,1,5
BRDA:38,2,0,29
BRDA:38,2,1,5
BRF:6
BRH:6
end_of_record
TN:
SF:src\components\ui\DKLLogo.tsx
FN:48,DKLLogo
FNF:1
FNH:1
FNDA:92,DKLLogo
DA:22,5
DA:42,5
DA:49,92
LF:3
LH:3
BRDA:48,0,0,10
BRF:1
BRH:1
end_of_record
TN:
SF:src\components\ui\ErrorScreen.tsx
FN:21,ErrorScreen
FNF:1
FNH:1
FNDA:22,ErrorScreen
DA:29,22
DA:61,1
LF:2
LH:2
BRDA:22,0,0,18
BRDA:24,1,0,20
BRDA:26,2,0,20
BRDA:27,3,0,20
BRDA:31,4,0,22
BRDA:31,4,1,2
BRDA:41,5,0,22
BRDA:41,5,1,4
BRDA:45,6,0,22
BRDA:45,6,1,6
BRF:10
BRH:10
end_of_record
TN:
SF:src\components\ui\LazyLoadScreen.tsx
FN:15,LazyLoadScreen
FNF:1
FNH:0
FNDA:0,LazyLoadScreen
DA:16,0
DA:28,0
LF:2
LH:0
BRF:0
BRH:0
end_of_record
TN:
SF:src\components\ui\LoadingScreen.tsx
FN:18,LoadingScreen
FNF:1
FNH:1
FNDA:25,LoadingScreen
DA:23,25
DA:41,1
LF:2
LH:2
BRDA:19,0,0,14
BRDA:20,1,0,20
BRDA:21,2,0,21
BRDA:25,3,0,25
BRDA:25,3,1,22
BRF:5
BRH:5
end_of_record
TN:
SF:src\components\ui\ScreenHeader.tsx
FN:21,ScreenHeader
FNF:1
FNH:1
FNDA:30,ScreenHeader
DA:28,30
DA:55,1
LF:2
LH:2
BRDA:24,0,0,27
BRDA:26,1,0,26
BRDA:30,2,0,30
BRDA:30,2,1,28
BRDA:43,3,0,30
BRDA:43,3,1,6
BRDA:45,4,0,30
BRDA:45,4,1,5
BRDA:58,5,0,1
BRDA:58,5,1,0
BRF:10
BRH:9
end_of_record
TN:
SF:src\components\ui\index.ts
FNF:0
FNH:0
LF:0
LH:0
BRF:0
BRH:0
end_of_record
TN:
SF:src\hooks\index.ts
FNF:0
FNH:0
LF:0
LH:0
BRF:0
BRH:0
end_of_record
TN:
SF:src\hooks\useAccessControl.ts
FN:74,useAccessControl
FN:93,(anonymous_1)
FN:94,(anonymous_2)
FN:102,(anonymous_3)
FN:124,(anonymous_4)
FN:171,useRequireRole
FN:178,useRequireSingleRole
FN:185,useRequireAdmin
FNF:8
FNH:7
FNDA:58,useAccessControl
FNDA:46,(anonymous_1)
FNDA:46,(anonymous_2)
FNDA:60,(anonymous_3)
FNDA:0,(anonymous_4)
FNDA:3,useRequireRole
FNDA:3,useRequireSingleRole
FNDA:5,useRequireAdmin
DA:77,58
DA:78,58
DA:79,58
DA:80,58
DA:89,58
DA:93,58
DA:94,46
DA:95,46
DA:96,46
DA:97,44
DA:99,44
DA:102,60
DA:103,44
DA:105,44
DA:107,44
DA:108,22
DA:114,22
DA:118,22
DA:126,0
DA:127,0
DA:131,0
DA:133,0
DA:134,0
DA:137,0
DA:145,22
DA:151,2
DA:152,2
DA:154,46
DA:158,46
DA:161,58
DA:172,3
DA:179,3
DA:186,5
LF:33
LH:27
BRDA:85,0,0,56
BRDA:87,1,0,56
BRDA:89,2,0,49
BRDA:89,2,1,9
BRDA:97,3,0,44
BRDA:97,3,1,2
BRDA:107,4,0,22
BRDA:107,4,1,22
BRDA:114,5,0,22
BRDA:114,5,1,20
BRDA:126,6,0,0
BRDA:126,6,1,0
BRDA:131,7,0,0
BRDA:131,7,1,0
BRDA:133,8,0,0
BRDA:133,8,1,0
BRF:16
BRH:10
end_of_record
TN:
SF:src\hooks\useAuth.ts
FN:35,useAuth
FN:42,(anonymous_1)
FN:51,(anonymous_2)
FN:70,(anonymous_3)
FN:84,(anonymous_4)
FN:120,(anonymous_5)
FN:128,(anonymous_6)
FN:137,(anonymous_7)
FN:140,(anonymous_8)
FNF:9
FNH:9
FNDA:20,useAuth
FNDA:4,(anonymous_1)
FNDA:2,(anonymous_2)
FNDA:2,(anonymous_3)
FNDA:3,(anonymous_4)
FNDA:2,(anonymous_5)
FNDA:4,(anonymous_6)
FNDA:4,(anonymous_7)
FNDA:5,(anonymous_8)
DA:36,20
DA:42,20
DA:43,4
DA:52,2
DA:53,2
DA:54,2
DA:55,1
DA:57,1
DA:58,1
DA:70,20
DA:71,2
DA:72,2
DA:73,2
DA:74,1
DA:76,1
DA:84,20
DA:85,3
DA:86,3
DA:93,2
DA:100,2
DA:105,2
DA:107,1
DA:108,1
DA:120,20
DA:121,2
DA:122,2
DA:128,20
DA:129,4
DA:130,4
DA:131,4
DA:137,20
DA:138,4
DA:139,4
DA:140,5
DA:143,20
LF:35
LH:35
BRDA:94,0,0,2
BRDA:94,0,1,1
BRDA:95,1,0,2
BRDA:95,1,1,1
BRDA:97,2,0,2
BRDA:97,2,1,1
BRDA:130,3,0,4
BRDA:130,3,1,1
BRDA:139,4,0,4
BRDA:139,4,1,0
BRF:10
BRH:9
end_of_record
TN:
SF:src\hooks\useNetworkStatus.ts
FN:61,useNetworkStatus
FN:101,(anonymous_1)
FN:149,(anonymous_2)
FN:154,(anonymous_3)
FN:158,(anonymous_4)
FN:169,useIsOnline
FN:177,useNetworkListener
FNF:7
FNH:7
FNDA:64,useNetworkStatus
FNDA:57,(anonymous_1)
FNDA:42,(anonymous_2)
FNDA:42,(anonymous_3)
FNDA:42,(anonymous_4)
FNDA:6,useIsOnline
FNDA:4,useNetworkListener
DA:82,64
DA:99,64
DA:101,64
DA:102,57
DA:103,57
DA:104,57
DA:106,57
DA:119,57
DA:120,48
DA:128,57
DA:129,57
DA:130,22
DA:131,18
DA:135,22
DA:136,3
DA:137,19
DA:138,3
DA:141,22
DA:142,2
DA:146,57
DA:149,64
DA:151,42
DA:154,42
DA:155,42
DA:158,42
DA:159,42
DA:163,64
DA:170,6
DA:171,6
DA:181,4
LF:30
LH:30
BRDA:98,0,0,54
BRDA:99,1,0,64
BRDA:99,1,1,37
BRDA:102,2,0,57
BRDA:102,2,1,1
BRDA:103,3,0,57
BRDA:103,3,1,1
BRDA:104,4,0,57
BRDA:104,4,1,42
BRDA:110,5,0,57
BRDA:110,5,1,1
BRDA:112,6,0,57
BRDA:112,6,1,19
BRDA:113,7,0,57
BRDA:113,7,1,55
BRDA:114,8,0,57
BRDA:114,8,1,56
BRDA:119,9,0,48
BRDA:119,9,1,9
BRDA:129,10,0,22
BRDA:129,10,1,35
BRDA:130,11,0,18
BRDA:130,11,1,4
BRDA:131,12,0,8
BRDA:131,12,1,10
BRDA:135,13,0,3
BRDA:135,13,1,19
BRDA:135,14,0,22
BRDA:135,14,1,10
BRDA:137,15,0,3
BRDA:137,15,1,16
BRDA:137,16,0,19
BRDA:137,16,1,12
BRDA:141,17,0,2
BRDA:141,17,1,20
BRF:35
BRH:35
end_of_record
TN:
SF:src\hooks\useRefreshOnFocus.ts
FN:30,useRefreshOnFocus
FN:37,(anonymous_1)
FN:56,useRefreshOnFocusManual
FN:74,(anonymous_3)
FN:90,(anonymous_4)
FN:105,(anonymous_5)
FN:113,(anonymous_6)
FNF:7
FNH:5
FNDA:9,useRefreshOnFocus
FNDA:12,(anonymous_1)
FNDA:10,useRefreshOnFocusManual
FNDA:7,(anonymous_3)
FNDA:4,(anonymous_4)
FNDA:0,(anonymous_5)
FNDA:0,(anonymous_6)
DA:34,9
DA:36,9
DA:39,12
DA:40,7
DA:41,7
DA:44,5
DA:45,4
DA:46,4
DA:64,10
DA:65,10
DA:66,10
DA:72,10
DA:74,10
DA:76,7
DA:77,0
DA:78,0
DA:79,0
DA:80,0
DA:82,0
DA:85,7
DA:86,7
DA:89,10
DA:92,4
DA:93,2
DA:94,2
DA:97,2
DA:99,2
DA:100,0
DA:104,2
DA:105,0
DA:106,0
DA:109,2
DA:113,2
DA:114,0
DA:115,0
DA:121,10
LF:36
LH:26
BRDA:32,0,0,5
BRDA:39,1,0,7
BRDA:39,1,1,5
BRDA:44,2,0,4
BRDA:44,2,1,1
BRDA:69,3,0,8
BRDA:70,4,0,8
BRDA:71,5,0,8
BRDA:72,6,0,10
BRDA:72,6,1,5
BRDA:76,7,0,0
BRDA:76,7,1,7
BRDA:78,8,0,0
BRDA:78,8,1,0
BRDA:92,9,0,2
BRDA:92,9,1,2
BRDA:92,10,0,4
BRDA:92,10,1,2
BRDA:97,11,0,2
BRDA:97,11,1,0
BRDA:99,12,0,0
BRDA:99,12,1,2
BRDA:104,13,0,0
BRDA:104,13,1,2
BRDA:114,14,0,0
BRDA:114,14,1,0
BRF:26
BRH:18
end_of_record
TN:
SF:src\hooks\useStepTracking.ts
FN:69,useStepTracking
FN:83,(anonymous_1)
FN:151,(anonymous_2)
FN:159,(anonymous_3)
FN:171,(anonymous_4)
FN:172,(anonymous_5)
FN:197,(anonymous_6)
FN:218,(anonymous_7)
FN:220,(anonymous_8)
FN:228,(anonymous_9)
FN:230,(anonymous_10)
FN:235,(anonymous_11)
FN:249,(anonymous_12)
FN:266,(anonymous_13)
FN:273,(anonymous_14)
FN:284,(anonymous_15)
FN:292,(anonymous_16)
FN:299,(anonymous_17)
FN:328,(anonymous_18)
FN:329,(anonymous_19)
FN:336,(anonymous_20)
FNF:21
FNH:0
FNDA:0,useStepTracking
FNDA:0,(anonymous_1)
FNDA:0,(anonymous_2)
FNDA:0,(anonymous_3)
FNDA:0,(anonymous_4)
FNDA:0,(anonymous_5)
FNDA:0,(anonymous_6)
FNDA:0,(anonymous_7)
FNDA:0,(anonymous_8)
FNDA:0,(anonymous_9)
FNDA:0,(anonymous_10)
FNDA:0,(anonymous_11)
FNDA:0,(anonymous_12)
FNDA:0,(anonymous_13)
FNDA:0,(anonymous_14)
FNDA:0,(anonymous_15)
FNDA:0,(anonymous_16)
FNDA:0,(anonymous_17)
FNDA:0,(anonymous_18)
FNDA:0,(anonymous_19)
FNDA:0,(anonymous_20)
DA:39,0
DA:40,0
DA:70,0
DA:71,0
DA:72,0
DA:73,0
DA:74,0
DA:75,0
DA:76,0
DA:77,0
DA:78,0
DA:83,0
DA:84,0
DA:85,0
DA:86,0
DA:89,0
DA:90,0
DA:94,0
DA:95,0
DA:96,0
DA:99,0
DA:102,0
DA:103,0
DA:104,0
DA:105,0
DA:106,0
DA:107,0
DA:112,0
DA:113,0
DA:114,0
DA:117,0
DA:119,0
DA:120,0
DA:121,0
DA:125,0
DA:126,0
DA:127,0
DA:128,0
DA:130,0
DA:131,0
DA:133,0
DA:135,0
DA:136,0
DA:137,0
DA:138,0
DA:139,0
DA:144,0
DA:145,0
DA:146,0
DA:148,0
DA:149,0
DA:150,0
DA:151,0
DA:152,0
DA:156,0
DA:157,0
DA:158,0
DA:159,0
DA:160,0
DA:164,0
DA:171,0
DA:172,0
DA:173,0
DA:174,0
DA:175,0
DA:177,0
DA:178,0
DA:179,0
DA:180,0
DA:183,0
DA:184,0
DA:186,0
DA:187,0
DA:188,0
DA:190,0
DA:197,0
DA:200,0
DA:203,0
DA:204,0
DA:207,0
DA:208,0
DA:209,0
DA:213,0
DA:215,0
DA:217,0
DA:218,0
DA:219,0
DA:220,0
DA:221,0
DA:222,0
DA:223,0
DA:228,0
DA:229,0
DA:230,0
DA:231,0
DA:235,0
DA:236,0
DA:237,0
DA:239,0
DA:240,0
DA:241,0
DA:249,0
DA:251,0
DA:252,0
DA:253,0
DA:254,0
DA:255,0
DA:259,0
DA:260,0
DA:261,0
DA:265,0
DA:266,0
DA:267,0
DA:268,0
DA:269,0
DA:273,0
DA:274,0
DA:275,0
DA:276,0
DA:284,0
DA:285,0
DA:286,0
DA:292,0
DA:293,0
DA:299,0
DA:300,0
DA:301,0
DA:302,0
DA:303,0
DA:305,0
DA:309,0
DA:328,0
DA:329,0
DA:330,0
DA:336,0
DA:337,0
DA:346,0
LF:137
LH:0
BRDA:84,0,0,0
BRDA:84,0,1,0
BRDA:89,1,0,0
BRDA:89,1,1,0
BRDA:94,2,0,0
BRDA:94,2,1,0
BRDA:103,3,0,0
BRDA:103,3,1,0
BRDA:135,4,0,0
BRDA:135,4,1,0
BRDA:136,5,0,0
BRDA:136,5,1,0
BRDA:150,6,0,0
BRDA:150,6,1,0
BRDA:158,7,0,0
BRDA:158,7,1,0
BRDA:177,8,0,0
BRDA:177,8,1,0
BRDA:186,9,0,0
BRDA:186,9,1,0
BRDA:192,10,0,0
BRDA:192,10,1,0
BRDA:217,11,0,0
BRDA:217,11,1,0
BRDA:229,12,0,0
BRDA:229,12,1,0
BRDA:229,13,0,0
BRDA:229,13,1,0
BRDA:229,13,2,0
BRDA:236,14,0,0
BRDA:236,14,1,0
BRDA:240,15,0,0
BRDA:240,15,1,0
BRDA:251,16,0,0
BRDA:251,16,1,0
BRDA:251,17,0,0
BRDA:251,17,1,0
BRDA:251,17,2,0
BRDA:259,18,0,0
BRDA:259,18,1,0
BRDA:265,19,0,0
BRDA:265,19,1,0
BRDA:265,20,0,0
BRDA:265,20,1,0
BRDA:265,20,2,0
BRDA:274,21,0,0
BRDA:274,21,1,0
BRDA:305,22,0,0
BRDA:305,22,1,0
BRDA:311,23,0,0
BRDA:311,23,1,0
BRDA:312,24,0,0
BRDA:312,24,1,0
BRDA:313,25,0,0
BRDA:313,25,1,0
BRDA:314,26,0,0
BRDA:314,26,1,0
BRDA:315,27,0,0
BRDA:315,27,1,0
BRDA:318,28,0,0
BRDA:318,28,1,0
BRDA:339,29,0,0
BRDA:339,29,1,0
BRF:63
BRH:0
end_of_record
TN:
SF:src\screens\AdminFundsScreen.tsx
FN:13,AdminFundsScreen
FN:24,(anonymous_1)
FN:35,(anonymous_2)
FN:40,(anonymous_3)
FN:47,(anonymous_4)
FN:54,(anonymous_5)
FN:59,(anonymous_6)
FN:64,(anonymous_7)
FN:71,(anonymous_8)
FN:75,(anonymous_9)
FN:80,(anonymous_10)
FN:86,(anonymous_11)
FN:99,(anonymous_12)
FN:108,(anonymous_13)
FN:117,(anonymous_14)
FN:156,(anonymous_15)
FN:192,(anonymous_16)
FN:202,(anonymous_17)
FN:210,(anonymous_18)
FN:218,(anonymous_19)
FNF:20
FNH:0
FNDA:0,AdminFundsScreen
FNDA:0,(anonymous_1)
FNDA:0,(anonymous_2)
FNDA:0,(anonymous_3)
FNDA:0,(anonymous_4)
FNDA:0,(anonymous_5)
FNDA:0,(anonymous_6)
FNDA:0,(anonymous_7)
FNDA:0,(anonymous_8)
FNDA:0,(anonymous_9)
FNDA:0,(anonymous_10)
FNDA:0,(anonymous_11)
FNDA:0,(anonymous_12)
FNDA:0,(anonymous_13)
FNDA:0,(anonymous_14)
FNDA:0,(anonymous_15)
FNDA:0,(anonymous_16)
FNDA:0,(anonymous_17)
FNDA:0,(anonymous_18)
FNDA:0,(anonymous_19)
DA:14,0
DA:15,0
DA:16,0
DA:17,0
DA:20,0
DA:22,0
DA:25,0
DA:26,0
DA:27,0
DA:28,0
DA:34,0
DA:36,0
DA:41,0
DA:42,0
DA:43,0
DA:44,0
DA:45,0
DA:48,0
DA:49,0
DA:53,0
DA:55,0
DA:60,0
DA:61,0
DA:62,0
DA:65,0
DA:66,0
DA:70,0
DA:72,0
DA:76,0
DA:77,0
DA:78,0
DA:81,0
DA:82,0
DA:86,0
DA:87,0
DA:88,0
DA:89,0
DA:90,0
DA:92,0
DA:93,0
DA:94,0
DA:96,0
DA:99,0
DA:100,0
DA:101,0
DA:102,0
DA:103,0
DA:105,0
DA:108,0
DA:109,0
DA:117,0
DA:123,0
DA:124,0
DA:127,0
DA:128,0
DA:136,0
DA:137,0
DA:141,0
DA:142,0
DA:156,0
DA:168,0
DA:170,0
DA:193,0
DA:202,0
DA:210,0
DA:218,0
DA:263,0
LF:67
LH:0
BRDA:88,0,0,0
BRDA:88,0,1,0
BRDA:92,1,0,0
BRDA:92,1,1,0
BRDA:92,2,0,0
BRDA:92,2,1,0
BRDA:101,3,0,0
BRDA:101,3,1,0
BRDA:123,4,0,0
BRDA:123,4,1,0
BRDA:127,5,0,0
BRDA:127,5,1,0
BRDA:136,6,0,0
BRDA:136,6,1,0
BRDA:141,7,0,0
BRDA:141,7,1,0
BRDA:181,8,0,0
BRDA:181,8,1,0
BRDA:186,9,0,0
BRDA:186,9,1,0
BRDA:187,10,0,0
BRDA:187,10,1,0
BRDA:190,11,0,0
BRDA:190,11,1,0
BRDA:190,12,0,0
BRDA:190,12,1,0
BRDA:190,12,2,0
BRDA:250,13,0,0
BRDA:250,13,1,0
BRDA:252,14,0,0
BRDA:252,14,1,0
BRDA:252,14,2,0
BRF:32
BRH:0
end_of_record
TN:
SF:src\screens\ChangePasswordScreen.tsx
FN:10,ChangePasswordScreen
FN:18,(anonymous_1)
FN:61,(anonymous_2)
FNF:3
FNH:0
FNDA:0,ChangePasswordScreen
FNDA:0,(anonymous_1)
FNDA:0,(anonymous_2)
DA:11,0
DA:12,0
DA:13,0
DA:14,0
DA:15,0
DA:16,0
DA:18,0
DA:19,0
DA:22,0
DA:23,0
DA:24,0
DA:27,0
DA:28,0
DA:29,0
DA:32,0
DA:33,0
DA:34,0
DA:37,0
DA:38,0
DA:39,0
DA:42,0
DA:44,0
DA:45,0
DA:50,0
DA:55,0
DA:61,0
DA:66,0
DA:67,0
DA:69,0
DA:73,0
DA:141,0
LF:31
LH:0
BRDA:22,0,0,0
BRDA:22,0,1,0
BRDA:22,1,0,0
BRDA:22,1,1,0
BRDA:22,1,2,0
BRDA:27,2,0,0
BRDA:27,2,1,0
BRDA:32,3,0,0
BRDA:32,3,1,0
BRDA:37,4,0,0
BRDA:37,4,1,0
BRDA:67,5,0,0
BRDA:67,5,1,0
BRDA:123,6,0,0
BRDA:123,6,1,0
BRDA:127,7,0,0
BRDA:127,7,1,0
BRF:17
BRH:0
end_of_record
TN:
SF:src\screens\DashboardScreen.tsx
FN:22,DashboardScreen
FN:33,(anonymous_1)
FN:34,(anonymous_2)
FN:43,(anonymous_3)
FN:54,(anonymous_4)
FN:62,(anonymous_5)
FN:67,(anonymous_6)
FN:74,(anonymous_7)
FN:158,(anonymous_8)
FN:171,(anonymous_9)
FN:185,(anonymous_10)
FN:199,(anonymous_11)
FN:369,(anonymous_12)
FN:384,(anonymous_13)
FN:399,(anonymous_14)
FNF:15
FNH:0
FNDA:0,DashboardScreen
FNDA:0,(anonymous_1)
FNDA:0,(anonymous_2)
FNDA:0,(anonymous_3)
FNDA:0,(anonymous_4)
FNDA:0,(anonymous_5)
FNDA:0,(anonymous_6)
FNDA:0,(anonymous_7)
FNDA:0,(anonymous_8)
FNDA:0,(anonymous_9)
FNDA:0,(anonymous_10)
FNDA:0,(anonymous_11)
FNDA:0,(anonymous_12)
FNDA:0,(anonymous_13)
FNDA:0,(anonymous_14)
DA:23,0
DA:24,0
DA:25,0
DA:26,0
DA:27,0
DA:30,0
DA:33,0
DA:34,0
DA:35,0
DA:36,0
DA:37,0
DA:39,0
DA:43,0
DA:44,0
DA:48,0
DA:49,0
DA:52,0
DA:55,0
DA:62,0
DA:63,0
DA:67,0
DA:68,0
DA:74,0
DA:75,0
DA:76,0
DA:77,0
DA:80,0
DA:81,0
DA:90,0
DA:91,0
DA:158,0
DA:171,0
DA:185,0
DA:199,0
DA:231,0
DA:232,0
DA:245,0
DA:369,0
DA:384,0
DA:399,0
DA:435,0
LF:41
LH:0
BRDA:37,0,0,0
BRDA:37,0,1,0
BRDA:48,1,0,0
BRDA:48,1,1,0
BRDA:49,2,0,0
BRDA:49,2,1,0
BRDA:63,3,0,0
BRDA:63,3,1,0
BRDA:68,4,0,0
BRDA:68,4,1,0
BRDA:69,5,0,0
BRDA:69,5,1,0
BRDA:70,6,0,0
BRDA:70,6,1,0
BRDA:80,7,0,0
BRDA:80,7,1,0
BRDA:80,8,0,0
BRDA:80,8,1,0
BRDA:90,9,0,0
BRDA:90,9,1,0
BRDA:122,10,0,0
BRDA:122,10,1,0
BRDA:122,11,0,0
BRDA:122,11,1,0
BRDA:138,12,0,0
BRDA:138,12,1,0
BRDA:182,13,0,0
BRDA:182,13,1,0
BRDA:231,14,0,0
BRDA:231,14,1,0
BRDA:301,15,0,0
BRDA:301,15,1,0
BRDA:316,16,0,0
BRDA:316,16,1,0
BRDA:322,17,0,0
BRDA:322,17,1,0
BRDA:328,18,0,0
BRDA:328,18,1,0
BRDA:333,19,0,0
BRDA:333,19,1,0
BRDA:334,20,0,0
BRDA:334,20,1,0
BRDA:340,21,0,0
BRDA:340,21,1,0
BRDA:341,22,0,0
BRDA:341,22,1,0
BRDA:347,23,0,0
BRDA:347,23,1,0
BRDA:348,24,0,0
BRDA:348,24,1,0
BRDA:354,25,0,0
BRDA:354,25,1,0
BRDA:355,26,0,0
BRDA:355,26,1,0
BRDA:451,27,0,0
BRDA:451,27,1,0
BRDA:481,28,0,0
BRDA:481,28,1,0
BRF:58
BRH:0
end_of_record
TN:
SF:src\screens\DigitalBoardScreen.tsx
FN:11,DigitalBoardScreen
FN:18,(anonymous_1)
FN:19,(anonymous_2)
FN:35,(anonymous_3)
FN:49,(anonymous_4)
FN:58,(anonymous_5)
FN:80,(anonymous_6)
FNF:7
FNH:0
FNDA:0,DigitalBoardScreen
FNDA:0,(anonymous_1)
FNDA:0,(anonymous_2)
FNDA:0,(anonymous_3)
FNDA:0,(anonymous_4)
FNDA:0,(anonymous_5)
FNDA:0,(anonymous_6)
DA:12,0
DA:13,0
DA:14,0
DA:15,0
DA:16,0
DA:18,0
DA:19,0
DA:20,0
DA:21,0
DA:22,0
DA:23,0
DA:24,0
DA:25,0
DA:27,0
DA:28,0
DA:29,0
DA:30,0
DA:35,0
DA:36,0
DA:37,0
DA:40,0
DA:41,0
DA:45,0
DA:49,0
DA:50,0
DA:51,0
DA:52,0
DA:53,0
DA:58,0
DA:60,0
DA:61,0
DA:62,0
DA:65,0
DA:66,0
DA:67,0
DA:70,0
DA:74,0
DA:77,0
DA:80,0
DA:81,0
DA:82,0
DA:86,0
DA:87,0
DA:98,0
DA:156,0
LF:45
LH:0
BRDA:40,0,0,0
BRDA:40,0,1,0
BRDA:51,1,0,0
BRDA:51,1,1,0
BRDA:60,2,0,0
BRDA:60,2,1,0
BRDA:60,3,0,0
BRDA:60,3,1,0
BRDA:65,4,0,0
BRDA:65,4,1,0
BRDA:65,5,0,0
BRDA:65,5,1,0
BRDA:86,6,0,0
BRDA:86,6,1,0
BRDA:129,7,0,0
BRDA:129,7,1,0
BRF:16
BRH:0
end_of_record
TN:
SF:src\screens\GlobalDashboardScreen.tsx
FN:19,GlobalDashboardScreen
FN:33,(anonymous_1)
FN:47,(anonymous_2)
FN:60,(anonymous_3)
FN:66,(anonymous_4)
FN:73,(anonymous_5)
FN:75,(anonymous_6)
FN:84,(anonymous_7)
FN:85,(anonymous_8)
FN:190,(anonymous_9)
FN:226,(anonymous_10)
FN:232,(anonymous_11)
FN:243,(anonymous_12)
FNF:13
FNH:0
FNDA:0,GlobalDashboardScreen
FNDA:0,(anonymous_1)
FNDA:0,(anonymous_2)
FNDA:0,(anonymous_3)
FNDA:0,(anonymous_4)
FNDA:0,(anonymous_5)
FNDA:0,(anonymous_6)
FNDA:0,(anonymous_7)
FNDA:0,(anonymous_8)
FNDA:0,(anonymous_9)
FNDA:0,(anonymous_10)
FNDA:0,(anonymous_11)
FNDA:0,(anonymous_12)
DA:20,0
DA:21,0
DA:24,0
DA:30,0
DA:33,0
DA:34,0
DA:35,0
DA:36,0
DA:45,0
DA:47,0
DA:58,0
DA:60,0
DA:66,0
DA:67,0
DA:68,0
DA:73,0
DA:74,0
DA:75,0
DA:84,0
DA:85,0
DA:86,0
DA:87,0
DA:88,0
DA:93,0
DA:94,0
DA:95,0
DA:96,0
DA:99,0
DA:100,0
DA:103,0
DA:104,0
DA:112,0
DA:113,0
DA:117,0
DA:118,0
DA:135,0
DA:191,0
DA:226,0
DA:232,0
DA:243,0
DA:271,0
LF:41
LH:0
BRDA:30,0,0,0
BRDA:30,0,1,0
BRDA:34,1,0,0
BRDA:34,1,1,0
BRDA:74,2,0,0
BRDA:74,2,1,0
BRDA:86,3,0,0
BRDA:86,3,1,0
BRDA:87,4,0,0
BRDA:87,4,1,0
BRDA:93,5,0,0
BRDA:93,5,1,0
BRDA:94,6,0,0
BRDA:94,6,1,0
BRDA:95,7,0,0
BRDA:95,7,1,0
BRDA:96,8,0,0
BRDA:96,8,1,0
BRDA:99,9,0,0
BRDA:99,9,1,0
BRDA:103,10,0,0
BRDA:103,10,1,0
BRDA:112,11,0,0
BRDA:112,11,1,0
BRDA:112,12,0,0
BRDA:112,12,1,0
BRDA:112,12,2,0
BRDA:117,13,0,0
BRDA:117,13,1,0
BRDA:117,14,0,0
BRDA:117,14,1,0
BRDA:117,14,2,0
BRDA:122,15,0,0
BRDA:122,15,1,0
BRDA:183,16,0,0
BRDA:183,16,1,0
BRDA:188,17,0,0
BRDA:188,17,1,0
BRDA:214,18,0,0
BRDA:214,18,1,0
BRDA:239,19,0,0
BRDA:239,19,1,0
BRF:42
BRH:0
end_of_record
TN:
SF:src\screens\LoginScreen.tsx
FN:27,LoginScreen
FN:40,(anonymous_1)
FN:45,(anonymous_2)
FN:125,(anonymous_3)
FN:190,(anonymous_4)
FN:198,(anonymous_5)
FN:212,(anonymous_6)
FN:223,(anonymous_7)
FN:259,(anonymous_8)
FN:272,(anonymous_9)
FN:281,(anonymous_10)
FN:302,(anonymous_11)
FNF:12
FNH:0
FNDA:0,LoginScreen
FNDA:0,(anonymous_1)
FNDA:0,(anonymous_2)
FNDA:0,(anonymous_3)
FNDA:0,(anonymous_4)
FNDA:0,(anonymous_5)
FNDA:0,(anonymous_6)
FNDA:0,(anonymous_7)
FNDA:0,(anonymous_8)
FNDA:0,(anonymous_9)
FNDA:0,(anonymous_10)
FNDA:0,(anonymous_11)
DA:28,0
DA:29,0
DA:30,0
DA:31,0
DA:32,0
DA:33,0
DA:34,0
DA:35,0
DA:36,0
DA:37,0
DA:38,0
DA:40,0
DA:41,0
DA:42,0
DA:45,0
DA:47,0
DA:48,0
DA:51,0
DA:52,0
DA:53,0
DA:56,0
DA:57,0
DA:58,0
DA:61,0
DA:62,0
DA:63,0
DA:66,0
DA:67,0
DA:68,0
DA:71,0
DA:73,0
DA:75,0
DA:77,0
DA:79,0
DA:87,0
DA:94,0
DA:103,0
DA:106,0
DA:107,0
DA:110,0
DA:125,0
DA:126,0
DA:130,0
DA:133,0
DA:135,0
DA:136,0
DA:137,0
DA:138,0
DA:139,0
DA:140,0
DA:141,0
DA:142,0
DA:143,0
DA:145,0
DA:147,0
DA:148,0
DA:150,0
DA:153,0
DA:156,0
DA:158,0
DA:162,0
DA:191,0
DA:192,0
DA:198,0
DA:213,0
DA:214,0
DA:223,0
DA:260,0
DA:273,0
DA:274,0
DA:282,0
DA:283,0
DA:302,0
DA:350,0
LF:74
LH:0
BRDA:51,0,0,0
BRDA:51,0,1,0
BRDA:56,1,0,0
BRDA:56,1,1,0
BRDA:61,2,0,0
BRDA:61,2,1,0
BRDA:66,3,0,0
BRDA:66,3,1,0
BRDA:96,4,0,0
BRDA:96,4,1,0
BRDA:135,5,0,0
BRDA:135,5,1,0
BRDA:136,6,0,0
BRDA:136,6,1,0
BRDA:138,7,0,0
BRDA:138,7,1,0
BRDA:140,8,0,0
BRDA:140,8,1,0
BRDA:142,9,0,0
BRDA:142,9,1,0
BRDA:147,10,0,0
BRDA:147,10,1,0
BRDA:147,11,0,0
BRDA:147,11,1,0
BRDA:170,12,0,0
BRDA:170,12,1,0
BRDA:187,13,0,0
BRDA:187,13,1,0
BRDA:187,14,0,0
BRDA:187,14,1,0
BRDA:209,15,0,0
BRDA:209,15,1,0
BRDA:209,16,0,0
BRDA:209,16,1,0
BRDA:226,17,0,0
BRDA:226,17,1,0
BRDA:232,18,0,0
BRDA:232,18,1,0
BRDA:241,19,0,0
BRDA:241,19,1,0
BRDA:246,20,0,0
BRDA:246,20,1,0
BRDA:267,21,0,0
BRDA:267,21,1,0
BRF:44
BRH:0
end_of_record
TN:
SF:src\services\api.ts
FN:25,apiFetch
FN:52,(anonymous_1)
FN:68,(anonymous_2)
FN:142,getErrorMessage
FN:174,sleep
FN:175,(anonymous_5)
FNF:6
FNH:6
FNDA:36,apiFetch
FNDA:2,(anonymous_1)
FNDA:3,(anonymous_2)
FNDA:16,getErrorMessage
FNDA:11,sleep
FNDA:11,(anonymous_5)
DA:12,1
DA:35,36
DA:37,36
DA:40,36
DA:42,36
DA:50,36
DA:51,47
DA:52,47
DA:54,47
DA:55,47
DA:61,39
DA:64,39
DA:67,39
DA:68,16
DA:69,16
DA:70,16
DA:74,23
DA:77,24
DA:80,24
DA:81,3
DA:84,3
DA:85,1
DA:89,2
DA:90,2
DA:91,2
DA:92,2
DA:96,21
DA:97,5
DA:100,5
DA:101,1
DA:105,4
DA:106,4
DA:107,4
DA:108,4
DA:112,16
DA:113,4
DA:117,12
DA:118,6
DA:119,5
DA:124,7
DA:125,2
DA:129,5
DA:130,5
DA:131,5
DA:136,0
DA:143,16
DA:145,16
DA:147,4
DA:149,3
DA:151,1
DA:153,1
DA:155,1
DA:157,0
DA:159,6
DA:161,0
DA:163,0
DA:165,0
DA:167,0
DA:175,11
LF:59
LH:53
BRDA:12,0,0,1
BRDA:12,0,1,0
BRDA:27,1,0,23
BRDA:28,2,0,35
BRDA:31,3,0,29
BRDA:32,4,0,32
BRDA:33,5,0,31
BRDA:40,6,0,35
BRDA:40,6,1,1
BRDA:44,7,0,35
BRDA:44,7,1,1
BRDA:45,8,0,1
BRDA:45,8,1,35
BRDA:67,9,0,16
BRDA:67,9,1,23
BRDA:80,10,0,3
BRDA:80,10,1,21
BRDA:80,11,0,24
BRDA:80,11,1,24
BRDA:84,12,0,1
BRDA:84,12,1,2
BRDA:96,13,0,5
BRDA:96,13,1,16
BRDA:96,14,0,21
BRDA:96,14,1,5
BRDA:100,15,0,1
BRDA:100,15,1,4
BRDA:112,16,0,4
BRDA:112,16,1,12
BRDA:112,17,0,16
BRDA:112,17,1,16
BRDA:117,18,0,6
BRDA:117,18,1,6
BRDA:117,19,0,12
BRDA:117,19,1,12
BRDA:118,20,0,5
BRDA:118,20,1,1
BRDA:118,21,0,6
BRDA:118,21,1,5
BRDA:124,22,0,2
BRDA:124,22,1,5
BRDA:143,23,0,16
BRDA:143,23,1,13
BRDA:145,24,0,4
BRDA:145,24,1,3
BRDA:145,24,2,1
BRDA:145,24,3,1
BRDA:145,24,4,1
BRDA:145,24,5,0
BRDA:145,24,6,6
BRDA:145,24,7,0
BRDA:145,24,8,0
BRDA:145,24,9,0
BRDA:145,24,10,0
BRDA:147,25,0,4
BRDA:147,25,1,1
BRDA:153,26,0,1
BRDA:153,26,1,1
BRDA:167,27,0,0
BRDA:167,27,1,0
BRF:60
BRH:52
end_of_record
TN:
SF:src\theme\colors.ts
FNF:0
FNH:0
DA:6,10
LF:1
LH:1
BRF:0
BRH:0
end_of_record
TN:
SF:src\theme\components.ts
FNF:0
FNH:0
DA:12,10
LF:1
LH:1
BRF:0
BRH:0
end_of_record
TN:
SF:src\theme\index.ts
FNF:0
FNH:0
DA:29,10
LF:1
LH:1
BRF:0
BRH:0
end_of_record
TN:
SF:src\theme\shadows.ts
FN:11,(anonymous_0)
FNF:1
FNH:1
FNDA:50,(anonymous_0)
DA:11,10
DA:16,50
DA:17,0
DA:21,50
DA:32,10
LF:5
LH:4
BRDA:13,0,0,0
BRDA:14,1,0,0
BRDA:16,2,0,0
BRDA:16,2,1,50
BRF:4
BRH:1
end_of_record
TN:
SF:src\theme\spacing.ts
FNF:0
FNH:0
DA:6,10
LF:1
LH:1
BRF:0
BRH:0
end_of_record
TN:
SF:src\theme\typography.ts
FNF:0
FNH:0
DA:6,10
LF:1
LH:1
BRF:0
BRH:0
end_of_record
TN:
SF:src\utils\haptics.ts
FN:37,(anonymous_0)
FN:50,(anonymous_1)
FN:63,(anonymous_2)
FN:76,(anonymous_3)
FN:91,(anonymous_4)
FN:106,(anonymous_5)
FN:121,(anonymous_6)
FN:136,(anonymous_7)
FN:141,(anonymous_8)
FN:146,(anonymous_9)
FNF:10
FNH:10
FNDA:6,(anonymous_0)
FNDA:4,(anonymous_1)
FNDA:3,(anonymous_2)
FNDA:4,(anonymous_3)
FNDA:2,(anonymous_4)
FNDA:3,(anonymous_5)
FNDA:3,(anonymous_6)
FNDA:1,(anonymous_7)
FNDA:1,(anonymous_8)
FNDA:1,(anonymous_9)
DA:28,1
DA:33,1
DA:38,6
DA:39,6
DA:40,6
DA:51,4
DA:52,4
DA:53,4
DA:64,3
DA:65,3
DA:66,3
DA:77,4
DA:78,4
DA:79,4
DA:92,2
DA:93,2
DA:94,2
DA:107,3
DA:108,3
DA:109,3
DA:122,3
DA:123,3
DA:124,3
DA:136,1
DA:141,1
DA:146,1
LF:26
LH:26
BRDA:28,0,0,1
BRDA:28,0,1,0
BRDA:38,1,0,6
BRDA:38,1,1,0
BRDA:51,2,0,4
BRDA:51,2,1,0
BRDA:64,3,0,3
BRDA:64,3,1,0
BRDA:77,4,0,4
BRDA:77,4,1,0
BRDA:92,5,0,2
BRDA:92,5,1,0
BRDA:107,6,0,3
BRDA:107,6,1,0
BRDA:122,7,0,3
BRDA:122,7,1,0
BRF:16
BRH:8
end_of_record
TN:
SF:src\utils\logger.ts
FN:24,(anonymous_0)
FN:42,(anonymous_1)
FN:52,(anonymous_2)
FN:62,(anonymous_3)
FN:70,(anonymous_4)
FN:83,(anonymous_5)
FN:93,(anonymous_6)
FN:103,(anonymous_7)
FN:113,(anonymous_8)
FN:123,(anonymous_9)
FN:133,(anonymous_10)
FN:150,(anonymous_11)
FN:154,(anonymous_12)
FNF:13
FNH:13
FNDA:300,(anonymous_0)
FNDA:85,(anonymous_1)
FNDA:66,(anonymous_2)
FNDA:27,(anonymous_3)
FNDA:34,(anonymous_4)
FNDA:77,(anonymous_5)
FNDA:5,(anonymous_6)
FNDA:4,(anonymous_7)
FNDA:2,(anonymous_8)
FNDA:1,(anonymous_9)
FNDA:1,(anonymous_10)
FNDA:2,(anonymous_11)
FNDA:2,(anonymous_12)
DA:19,11
DA:24,11
DA:25,300
DA:26,300
DA:37,11
DA:43,85
DA:44,85
DA:53,66
DA:54,66
DA:63,27
DA:71,34
DA:84,77
DA:85,77
DA:94,5
DA:95,5
DA:104,4
DA:105,4
DA:114,2
DA:115,2
DA:116,1
DA:118,1
DA:124,1
DA:125,1
DA:134,1
DA:135,1
DA:151,2
DA:153,2
DA:155,2
DA:156,2
DA:157,2
LF:30
LH:30
BRDA:43,0,0,85
BRDA:43,0,1,0
BRDA:53,1,0,66
BRDA:53,1,1,0
BRDA:84,2,0,77
BRDA:84,2,1,0
BRDA:94,3,0,5
BRDA:94,3,1,0
BRDA:104,4,0,4
BRDA:104,4,1,0
BRDA:113,5,0,1
BRDA:114,6,0,2
BRDA:114,6,1,0
BRDA:115,7,0,1
BRDA:115,7,1,1
BRDA:124,8,0,1
BRDA:124,8,1,0
BRDA:134,9,0,1
BRDA:134,9,1,0
BRF:19
BRH:11
end_of_record
TN:
SF:src\utils\storage.ts
FN:49,(anonymous_0)
FN:65,(anonymous_1)
FN:81,(anonymous_2)
FN:97,(anonymous_3)
FN:114,(anonymous_4)
FN:130,(anonymous_5)
FN:134,(anonymous_6)
FN:149,(anonymous_7)
FN:153,(anonymous_8)
FN:159,(anonymous_9)
FN:166,(anonymous_10)
FN:169,(anonymous_11)
FN:182,(anonymous_12)
FN:195,(anonymous_13)
FN:208,(anonymous_14)
FN:215,(anonymous_15)
FNF:16
FNH:15
FNDA:16,(anonymous_0)
FNDA:18,(anonymous_1)
FNDA:2,(anonymous_2)
FNDA:27,(anonymous_3)
FNDA:3,(anonymous_4)
FNDA:2,(anonymous_5)
FNDA:2,(anonymous_6)
FNDA:2,(anonymous_7)
FNDA:4,(anonymous_8)
FNDA:0,(anonymous_9)
FNDA:2,(anonymous_10)
FNDA:4,(anonymous_11)
FNDA:6,(anonymous_12)
FNDA:4,(anonymous_13)
FNDA:1,(anonymous_14)
FNDA:1,(anonymous_15)
DA:27,4
DA:28,4
DA:29,4
DA:31,4
DA:33,4
DA:34,4
DA:35,4
DA:36,4
DA:38,0
DA:39,0
DA:45,4
DA:50,16
DA:51,16
DA:52,16
DA:54,0
DA:57,0
DA:58,0
DA:66,18
DA:67,18
DA:68,18
DA:70,0
DA:73,0
DA:74,0
DA:82,2
DA:83,2
DA:84,2
DA:86,0
DA:89,0
DA:90,0
DA:98,27
DA:99,27
DA:100,27
DA:102,0
DA:104,27
DA:106,0
DA:107,0
DA:115,3
DA:116,3
DA:117,3
DA:119,0
DA:122,0
DA:123,0
DA:131,2
DA:132,2
DA:134,2
DA:135,2
DA:138,0
DA:141,0
DA:142,0
DA:150,2
DA:151,2
DA:153,4
DA:155,0
DA:158,0
DA:159,0
DA:167,2
DA:168,2
DA:169,4
DA:171,0
DA:174,0
DA:175,0
DA:183,6
DA:184,6
DA:185,6
DA:187,1
DA:188,1
DA:196,4
DA:197,4
DA:198,4
DA:200,0
DA:201,0
DA:209,1
DA:216,1
LF:73
LH:45
BRDA:51,0,0,16
BRDA:51,0,1,0
BRDA:51,1,0,16
BRDA:51,1,1,16
BRDA:52,2,0,16
BRDA:52,2,1,6
BRDA:67,3,0,18
BRDA:67,3,1,0
BRDA:67,4,0,18
BRDA:67,4,1,18
BRDA:83,5,0,2
BRDA:83,5,1,0
BRDA:83,6,0,2
BRDA:83,6,1,2
BRDA:99,7,0,27
BRDA:99,7,1,0
BRDA:99,8,0,27
BRDA:99,8,1,27
BRDA:116,9,0,3
BRDA:116,9,1,0
BRDA:116,10,0,3
BRDA:116,10,1,3
BRDA:132,11,0,2
BRDA:132,11,1,0
BRDA:132,12,0,2
BRDA:132,12,1,2
BRDA:151,13,0,2
BRDA:151,13,1,0
BRDA:151,14,0,2
BRDA:151,14,1,2
BRDA:153,15,0,4
BRDA:153,15,1,2
BRDA:168,16,0,2
BRDA:168,16,1,0
BRDA:168,17,0,2
BRDA:168,17,1,2
BRDA:185,18,0,5
BRDA:185,18,1,1
BRDA:209,19,0,1
BRDA:209,19,1,0
BRF:40
BRH:31
end_of_record
